2018-03-26 10:13:30.510572: I tensorflow/core/platform/cpu_feature_guard.cc:137] Your CPU supports instructions that this TensorFlow binary was not compiled to use: SSE4.1 SSE4.2 AVX AVX2 FMA
2018-03-26 10:13:30.768463: I tensorflow/core/common_runtime/gpu/gpu_device.cc:1030] Found device 0 with properties: 
name: GeForce GTX TITAN X major: 5 minor: 2 memoryClockRate(GHz): 1.076
pciBusID: 0000:82:00.0
totalMemory: 11.92GiB freeMemory: 11.80GiB
2018-03-26 10:13:30.768540: I tensorflow/core/common_runtime/gpu/gpu_device.cc:1120] Creating TensorFlow device (/device:GPU:0) -> (device: 0, name: GeForce GTX TITAN X, pci bus id: 0000:82:00.0, compute capability: 5.2)
Using TensorFlow backend.
tcn_tripletloss_test.py:50: UserWarning: Update your `Model` call to the Keras 2 API: `Model(inputs=Tensor("in..., outputs=Tensor("de...)`
  model = Model(input = inception_model.input, output = x)
tcn_tripletloss_test.py:74: UserWarning: Update your `Model` call to the Keras 2 API: `Model(inputs=Tensor("in..., outputs=Tensor("mo...)`
  return Model(input=input_img, output=out)
epoch 01
13 13
0 3 0.5296874046325684
1 0 0.6380377411842346
2 10 0.39888671040534973
3 3 0.5125501155853271
4 4 0.4043235182762146
5 1 0.5191258192062378
6 9 0.3061150908470154
7 4 0.3956638276576996
8 1 0.2196277379989624
9 5 0.5556372404098511
10 10 0.6297739148139954
11 2 0.3332059383392334
12 3 0.5658245086669922
13 files, 3 corrects, accuracy = 0.23076923076923078
epoch 02
13 13
0 3 0.6392699480056763
1 0 0.48080796003341675
2 10 0.47788411378860474
3 12 0.6394640207290649
4 4 0.7539145946502686
5 3 0.6591310501098633
6 4 0.44386979937553406
7 12 0.6646801233291626
8 2 0.5724300742149353
9 5 0.5541419982910156
10 10 0.5681952238082886
11 12 0.5119246244430542
12 5 0.35441040992736816
13 files, 2 corrects, accuracy = 0.15384615384615385
epoch 03
13 13
0 5 0.41509151458740234
1 0 0.4657067060470581
2 10 0.5487226247787476
3 2 0.5058795809745789
4 4 0.30880603194236755
5 5 0.2972829341888428
6 8 0.4182555675506592
7 12 0.5972281694412231
8 0 0.3795939087867737
9 8 0.6047649383544922
10 10 0.39005935192108154
11 11 0.3539606034755707
12 8 0.6098386645317078
13 files, 4 corrects, accuracy = 0.3076923076923077
epoch 04
13 13
0 1 0.44194552302360535
1 8 0.6123279333114624
2 10 0.6019684076309204
3 3 0.777508556842804
4 4 0.32650166749954224
5 5 0.5103897452354431
6 6 0.3981264531612396
7 11 0.4164213240146637
8 5 0.28872135281562805
9 5 0.4550614058971405
10 2 0.6762824058532715
11 12 0.3937969505786896
12 1 0.6144201159477234
13 files, 4 corrects, accuracy = 0.3076923076923077
epoch 05
13 13
0 1 0.4650474488735199
1 7 0.7750867009162903
2 10 0.672637403011322
3 12 0.3822172284126282
4 5 0.40424731373786926
5 5 0.5980571508407593
6 6 0.4612880051136017
7 12 0.6427651047706604
8 9 0.4042365252971649
9 6 0.6469812989234924
10 10 0.7028990387916565
11 10 0.3759419620037079
12 1 0.5057443380355835
13 files, 3 corrects, accuracy = 0.23076923076923078
epoch 06
13 13
0 3 0.6100854873657227
1 0 0.604218065738678
2 10 0.6031801104545593
3 3 0.6213886141777039
4 4 0.4185979962348938
5 5 0.6507881283760071
6 8 0.3855655789375305
7 5 0.6264306902885437
8 0 0.2610376179218292
9 6 0.8012344837188721
10 10 0.7860623598098755
11 12 0.7416532635688782
12 0 0.6547417044639587
13 files, 4 corrects, accuracy = 0.3076923076923077
epoch 07
13 13
0 3 0.6635910272598267
1 11 0.6089593172073364
2 10 0.5200702548027039
3 3 0.5296357870101929
4 4 0.6515234708786011
5 5 0.6423549652099609
6 8 0.3413470983505249
7 12 0.7131816148757935
8 0 0.32735827565193176
9 9 0.8374104499816895
10 10 1.5222358703613281
11 11 0.48296409845352173
12 9 0.9205465912818909
13 files, 6 corrects, accuracy = 0.46153846153846156
epoch 08
13 13
0 5 0.6808286905288696
1 12 0.757161021232605
2 10 0.5471117496490479
3 3 0.6122694611549377
4 4 0.5043496489524841
5 5 0.5362778306007385
6 8 0.31194207072257996
7 12 0.7753122448921204
8 0 0.5127850770950317
9 8 0.40885722637176514
10 10 3.429594039916992
11 10 0.49184665083885193
12 0 0.4728032946586609
13 files, 4 corrects, accuracy = 0.3076923076923077
epoch 09
13 13
0 0 0.738349437713623
1 2 0.5251736640930176
2 7 0.5457016229629517
3 3 0.5335775017738342
4 4 0.32057029008865356
5 5 0.5472283363342285
6 8 0.48098182678222656
7 11 0.7596017718315125
8 0 0.23321940004825592
9 8 0.5798800587654114
10 10 3.9316303730010986
11 11 0.7093424797058105
12 1 0.4036977291107178
13 files, 6 corrects, accuracy = 0.46153846153846156
epoch 10
13 13
0 5 0.6611626744270325
1 0 0.508667528629303
2 7 0.4571102559566498
3 3 0.4349220097064972
4 4 0.7139938473701477
5 5 0.4917036294937134
6 6 0.33008185029029846
7 0 0.6823249459266663
8 8 0.5365221500396729
9 8 0.5534279346466064
10 10 1.9128600358963013
11 11 0.5514115691184998
12 0 0.5479246377944946
13 files, 7 corrects, accuracy = 0.5384615384615384
epoch 11
13 13
0 5 0.6632871031761169
1 0 0.7660368084907532
2 9 0.6372482180595398
3 3 0.34303513169288635
4 4 0.6493585109710693
5 5 0.3470771014690399
6 8 0.3219800293445587
7 11 0.46068987250328064
8 0 0.4071955680847168
9 5 0.5427492260932922
10 10 3.720811605453491
11 10 0.6845394968986511
12 0 0.6050806641578674
13 files, 4 corrects, accuracy = 0.3076923076923077
epoch 12
13 13
0 5 0.6218684315681458
1 7 0.38981378078460693
2 10 0.4113648533821106
3 3 0.2627812922000885
4 4 0.44447270035743713
5 5 0.32862821221351624
6 6 0.34939053654670715
7 6 0.6337934732437134
8 12 0.25691336393356323
9 9 0.369926780462265
10 5 4.839272975921631
11 7 0.7533912658691406
12 8 0.2583979666233063
13 files, 5 corrects, accuracy = 0.38461538461538464
epoch 13
13 13
0 0 0.6472365260124207
1 2 0.24243468046188354
2 3 0.8524219989776611
3 3 0.2683301866054535
4 4 0.4407211244106293
5 4 0.4092201888561249
6 6 0.3979123830795288
7 6 0.4426637589931488
8 0 0.30198538303375244
9 8 0.43976277112960815
10 4 4.221651554107666
11 10 0.4522128701210022
12 7 0.427957147359848
13 files, 4 corrects, accuracy = 0.3076923076923077
epoch 14
13 13
0 5 0.7776886224746704
1 2 0.7934545278549194
2 7 0.8577345013618469
3 2 0.6432518362998962
4 4 0.3133818805217743
5 5 0.5368242859840393
6 9 0.4167655408382416
7 6 0.44469353556632996
8 2 0.5628519654273987
9 9 0.993848443031311
10 4 3.941894054412842
11 11 0.6529867053031921
12 0 0.4343116879463196
13 files, 4 corrects, accuracy = 0.3076923076923077
epoch 15
13 13
0 0 1.0208228826522827
1 8 0.6969690322875977
2 1 0.44015979766845703
3 3 0.42680469155311584
4 4 0.7196019291877747
5 5 0.5488274097442627
6 8 0.23316167294979095
7 12 0.4275035858154297
8 0 0.44361433386802673
9 9 0.776901364326477
10 10 3.698291778564453
11 10 0.6564263105392456
12 0 0.6873525381088257
13 files, 6 corrects, accuracy = 0.46153846153846156
epoch 16
13 13
0 3 0.6618196368217468
1 2 0.5214582085609436
2 11 0.6310863494873047
3 3 0.41854044795036316
4 4 0.3990700840950012
5 5 0.4129592776298523
6 9 0.2589431405067444
7 6 0.4332740604877472
8 3 0.3917289674282074
9 9 0.6189190149307251
10 4 3.2451274394989014
11 11 0.8050932288169861
12 0 0.5674986243247986
13 files, 5 corrects, accuracy = 0.38461538461538464
epoch 17
13 13
0 3 0.6867690086364746
1 2 0.46069207787513733
2 11 0.3302607238292694
3 3 0.33078110218048096
4 4 0.31379273533821106
5 0 0.48783034086227417
6 8 0.15974020957946777
7 8 0.4914843440055847
8 5 0.5284531712532043
9 8 0.6342370510101318
10 6 2.7967827320098877
11 10 0.6586237549781799
12 3 0.4679478704929352
13 files, 2 corrects, accuracy = 0.15384615384615385
epoch 18
13 13
0 1 0.6910669803619385
1 11 0.6090722680091858
2 10 0.7535028457641602
3 3 0.34311139583587646
4 4 0.3487837314605713
5 0 0.46112939715385437
6 6 0.21065042912960052
7 11 0.733102560043335
8 0 0.37782976031303406
9 8 0.581533670425415
10 0 2.976679563522339
11 2 0.829668402671814
12 2 0.5899670124053955
13 files, 3 corrects, accuracy = 0.23076923076923078
epoch 19
13 13
0 0 0.6456222534179688
1 7 0.3329596519470215
2 3 0.6850047707557678
3 3 0.5200983881950378
4 4 0.5773156881332397
5 0 0.35336583852767944
6 8 0.16314567625522614
7 6 0.6175694465637207
8 0 0.48486340045928955
9 8 0.5511488318443298
10 10 5.431757926940918
11 10 0.8461008071899414
12 2 0.5731711387634277
13 files, 4 corrects, accuracy = 0.3076923076923077
epoch 20
13 13
0 0 0.5302860736846924
1 2 0.3084641993045807
2 10 0.6301959753036499
3 3 0.28637900948524475
4 4 0.4406664967536926
5 0 0.2324123978614807
6 6 0.28347164392471313
7 11 0.21921972930431366
8 0 0.2059159129858017
9 8 0.585031270980835
10 9 4.0594305992126465
11 7 0.6528130769729614
12 9 0.6101316213607788
13 files, 4 corrects, accuracy = 0.3076923076923077
epoch 21
13 13
0 0 0.8284932971000671
1 0 0.39828798174858093
2 10 0.7688620686531067
3 3 0.44476810097694397
4 4 0.6295285224914551
5 0 0.437492698431015
6 8 0.32876765727996826
7 8 0.546629011631012
8 0 0.23231887817382812
9 9 0.5203545093536377
10 10 2.967489719390869
11 10 0.7173421382904053
12 3 0.3711757957935333
13 files, 5 corrects, accuracy = 0.38461538461538464
epoch 22
13 13
0 1 0.8563991785049438
1 12 0.4278847277164459
2 7 0.9639620780944824
3 2 0.5391852259635925
4 4 0.45774587988853455
5 5 0.7305847406387329
6 8 0.616237223148346
7 11 0.5602284073829651
8 0 0.3060380220413208
9 9 0.9077585935592651
10 10 4.8002095222473145
11 10 0.6171154379844666
12 0 0.6739975810050964
13 files, 4 corrects, accuracy = 0.3076923076923077
epoch 23
13 13
0 1 0.5448169112205505
1 11 0.35477983951568604
2 7 1.0166199207305908
3 11 0.6031298637390137
4 4 0.3356246054172516
5 0 0.5717930793762207
6 6 0.4432466924190521
7 11 0.5602008700370789
8 11 0.2789684236049652
9 5 0.6042185425758362
10 10 1.1051597595214844
11 10 0.30876585841178894
12 1 0.533596932888031
13 files, 3 corrects, accuracy = 0.23076923076923078
epoch 24
13 13
0 1 0.6964475512504578
1 7 0.6194397807121277
2 10 1.034509301185608
3 3 0.6816713809967041
4 4 0.5404717326164246
5 5 0.6035346388816833
6 8 0.5231943726539612
7 6 0.6309790015220642
8 0 0.3381084203720093
9 8 1.0352221727371216
10 4 3.4696927070617676
11 10 0.7214244604110718
12 8 0.7042028307914734
13 files, 3 corrects, accuracy = 0.23076923076923078
epoch 25
13 13
0 3 0.4470783472061157
1 0 0.23013506829738617
2 7 0.6152212023735046
3 3 0.5010679364204407
4 4 0.6940836310386658
5 9 0.4869377613067627
6 8 0.3753167688846588
7 12 0.29668301343917847
8 12 0.16564810276031494
9 9 0.8439598083496094
10 10 3.667670726776123
11 10 0.9734212160110474
12 2 0.6169815063476562
13 files, 4 corrects, accuracy = 0.3076923076923077
epoch 26
13 13
0 1 0.469151109457016
1 7 0.41989749670028687
2 10 0.6650110483169556
3 2 0.3563298285007477
4 4 0.7440856695175171
5 8 0.5129714012145996
6 6 0.3719315826892853
7 6 0.5158470273017883
8 0 0.200007826089859
9 5 1.0259944200515747
10 8 3.790938377380371
11 11 0.4768731892108917
12 7 0.35004428029060364
13 files, 3 corrects, accuracy = 0.23076923076923078
epoch 27
13 13
0 0 0.617402195930481
1 12 0.3818672001361847
2 9 1.041718602180481
3 12 0.3673366606235504
4 4 0.9784525632858276
5 0 0.635020911693573
6 6 0.20292998850345612
7 12 0.8247284293174744
8 0 0.25143131613731384
9 6 0.6282793283462524
10 10 4.423831462860107
11 10 0.687598705291748
12 7 0.3608585000038147
13 files, 4 corrects, accuracy = 0.3076923076923077
epoch 28
13 13
0 1 0.6489681601524353
1 11 0.4969559907913208
2 9 0.7940300703048706
3 12 0.5767934322357178
4 4 0.4848632216453552
5 1 0.7448607087135315
6 6 0.40797314047813416
7 11 0.9576463103294373
8 0 0.33965975046157837
9 8 0.5305160880088806
10 6 6.169969081878662
11 10 0.8099021911621094
12 8 0.5820552110671997
13 files, 2 corrects, accuracy = 0.15384615384615385
epoch 29
13 13
0 0 0.6939436197280884
1 0 0.49751850962638855
2 7 0.8061206340789795
3 12 0.284053236246109
4 4 1.1023591756820679
5 9 0.6128965020179749
6 6 0.40082043409347534
7 0 0.8304613828659058
8 9 0.17933492362499237
9 8 0.6697324514389038
10 10 4.6017351150512695
11 10 0.7393975257873535
12 9 0.49467653036117554
13 files, 4 corrects, accuracy = 0.3076923076923077
epoch 30
13 13
0 3 0.5520920157432556
1 2 0.5186901092529297
2 7 0.6342825889587402
3 2 0.4930795133113861
4 4 0.5380221009254456
5 9 0.4055708050727844
6 6 0.36087003350257874
7 11 0.6795876026153564
8 12 0.22981789708137512
9 8 0.47211992740631104
10 10 3.900806188583374
11 10 0.7703855037689209
12 0 0.4083803594112396
13 files, 3 corrects, accuracy = 0.23076923076923078
epoch 31
13 13
0 2 0.6210999488830566
1 11 0.4448380768299103
2 7 0.6667259931564331
3 2 0.5543292164802551
4 4 1.2081557512283325
5 8 0.5846381187438965
6 8 0.4624379277229309
7 11 0.6347159743309021
8 8 0.3758457601070404
9 8 0.45729199051856995
10 10 6.945960521697998
11 10 0.9471449851989746
12 9 0.6196033954620361
13 files, 3 corrects, accuracy = 0.23076923076923078
epoch 32
13 13
0 7 0.8596544861793518
1 11 0.6238304376602173
2 9 0.5964526534080505
3 2 0.6050283908843994
4 4 0.6728829145431519
5 9 0.6880851984024048
6 6 0.5428226590156555
7 11 0.7516282200813293
8 0 0.22756284475326538
9 9 0.8643254637718201
10 10 4.901243686676025
11 10 0.9171479344367981
12 8 0.3615431785583496
13 files, 4 corrects, accuracy = 0.3076923076923077
epoch 33
13 13
0 3 0.7499143481254578
1 11 0.5055730938911438
2 9 0.9025716185569763
3 3 0.6173521876335144
4 4 0.7590040564537048
5 0 0.8479471802711487
6 6 0.33696261048316956
7 11 0.9931266903877258
8 0 0.5284786224365234
9 5 1.002446174621582
10 10 7.305891036987305
11 10 1.161182165145874
12 7 0.3509597182273865
13 files, 4 corrects, accuracy = 0.3076923076923077
epoch 34
13 13
0 3 0.6603229641914368
1 9 0.4431746006011963
2 8 0.8073796033859253
3 12 0.41570478677749634
4 4 1.2852009534835815
5 0 0.505873441696167
6 6 0.3758818209171295
7 11 0.6662564277648926
8 0 0.2888624370098114
9 5 0.5664076805114746
10 10 6.54878568649292
11 4 0.6005985140800476
12 8 0.5752819776535034
13 files, 3 corrects, accuracy = 0.23076923076923078
epoch 35
13 13
0 0 0.7335023880004883
1 11 0.5170537829399109
2 2 0.6582619547843933
3 3 0.49975448846817017
4 4 0.9449969530105591
5 5 0.49514874815940857
6 8 0.3691795766353607
7 9 0.81354820728302
8 0 0.36972498893737793
9 5 0.7226746678352356
10 10 2.5822675228118896
11 11 0.6201999187469482
12 1 0.4209502935409546
13 files, 7 corrects, accuracy = 0.5384615384615384
epoch 36
13 13
0 3 0.8136725425720215
1 7 0.44218361377716064
2 8 0.9706630110740662
3 10 0.4135109484195709
4 4 0.7193933725357056
5 5 0.7632261514663696
6 6 0.4301450550556183
7 11 0.485477477312088
8 0 0.32703521847724915
9 1 1.072922945022583
10 7 5.424927711486816
11 7 0.7406345009803772
12 8 0.6640886664390564
13 files, 3 corrects, accuracy = 0.23076923076923078
epoch 37
13 13
0 3 0.5491751432418823
1 11 0.5273395776748657
2 10 0.47180959582328796
3 11 0.4018805921077728
4 4 0.36965590715408325
5 0 0.5007556676864624
6 6 0.2805038392543793
7 5 0.6877222657203674
8 0 0.21356713771820068
9 8 0.4497012495994568
10 10 3.1738810539245605
11 9 0.5340778231620789
12 1 0.3796141743659973
13 files, 3 corrects, accuracy = 0.23076923076923078
epoch 38
13 13
0 1 0.8348273038864136
1 9 0.5211188793182373
2 7 0.8154892921447754
3 12 0.4108922481536865
4 4 1.4759787321090698
5 0 0.570988118648529
6 9 0.33988532423973083
7 9 0.6016327142715454
8 0 0.3236173689365387
9 8 0.6316057443618774
10 6 5.568544864654541
11 9 1.0680798292160034
12 0 0.35723307728767395
13 files, 1 corrects, accuracy = 0.07692307692307693
epoch 39
13 13
0 0 0.8385948538780212
1 12 0.7849900722503662
2 7 1.0068328380584717
3 2 0.4223109185695648
4 4 0.9120374917984009
5 9 0.3766981363296509
6 9 0.5855110287666321
7 4 0.8567910194396973
8 0 0.37724193930625916
9 9 0.7213792204856873
10 10 3.7842352390289307
11 11 0.9747724533081055
12 7 0.4852965176105499
13 files, 5 corrects, accuracy = 0.38461538461538464
epoch 40
13 13
0 1 0.6138820052146912
1 5 0.6453301310539246
2 7 0.8546727299690247
3 12 0.4771260917186737
4 4 2.5550341606140137
5 11 0.31942155957221985
6 9 0.2069421410560608
7 4 0.8001110553741455
8 0 0.3510473668575287
9 8 0.5445597171783447
10 10 4.841854095458984
11 9 0.5365877151489258
12 7 0.3022591471672058
13 files, 2 corrects, accuracy = 0.15384615384615385
epoch 41
13 13
0 1 0.5538245439529419
1 11 0.62815922498703
2 7 0.6826136708259583
3 3 0.4387825131416321
4 4 0.5468859076499939
5 9 0.4358920156955719
6 9 0.38564085960388184
7 11 0.7150718569755554
8 11 0.35642868280410767
9 6 0.6546611189842224
10 10 5.165268421173096
11 10 0.61492520570755
12 0 0.3710635304450989
13 files, 3 corrects, accuracy = 0.23076923076923078
epoch 42
13 13
0 3 0.8635092377662659
1 8 0.6437817811965942
2 7 0.6584852337837219
3 12 0.6250595450401306
4 4 1.1235926151275635
5 5 0.5329486131668091
6 8 0.32419857382774353
7 5 0.848133385181427
8 0 0.3287668526172638
9 9 0.6635564565658569
10 10 3.1067137718200684
11 11 0.8549341559410095
12 9 0.6878679394721985
13 files, 5 corrects, accuracy = 0.38461538461538464
epoch 43
13 13
0 3 0.8010775446891785
1 8 0.3768479526042938
2 1 0.7516420483589172
3 3 0.41259440779685974
4 4 1.450619101524353
5 8 0.5662620663642883
6 6 0.38867223262786865
7 6 0.6721716523170471
8 0 0.40441393852233887
9 6 0.8274467587471008
10 10 4.189891338348389
11 12 0.48929086327552795
12 0 0.22717124223709106
13 files, 4 corrects, accuracy = 0.3076923076923077
epoch 44
13 13
0 2 0.8361305594444275
1 8 0.35599926114082336
2 10 1.1259571313858032
3 2 0.34738242626190186
4 4 0.7196860909461975
5 9 0.6567619442939758
6 8 0.47480958700180054
7 8 0.6755883097648621
8 9 0.43141019344329834
9 6 0.7273340225219727
10 10 5.972535133361816
11 10 0.7189957499504089
12 0 0.3254040479660034
13 files, 2 corrects, accuracy = 0.15384615384615385
epoch 45
13 13
0 0 0.659227728843689
1 8 0.4051828980445862
2 10 0.7599267959594727
3 1 0.5490583777427673
4 4 0.944988489151001
5 0 0.6007305383682251
6 9 0.3058684766292572
7 2 0.6697515845298767
8 0 0.32075855135917664
9 6 0.6495697498321533
10 10 2.9434680938720703
11 10 0.6675985455513
12 3 0.5388449430465698
13 files, 3 corrects, accuracy = 0.23076923076923078
epoch 46
13 13
0 3 0.7687369585037231
1 8 0.4918845295906067
2 7 0.7139039039611816
3 2 0.6634203791618347
4 4 0.9376545548439026
5 2 0.6511054635047913
6 8 0.309871107339859
7 11 0.6423227787017822
8 12 0.20735757052898407
9 8 0.4567388594150543
10 10 7.905080795288086
11 10 0.9398289918899536
12 0 0.5102353096008301
13 files, 2 corrects, accuracy = 0.15384615384615385
epoch 47
13 13
0 3 0.7549083828926086
1 0 0.45555001497268677
2 1 1.0028659105300903
3 3 0.431176096200943
4 4 0.8945359587669373
5 2 0.7054545283317566
6 9 0.49874207377433777
7 11 0.7127401828765869
8 12 0.4086504280567169
9 6 0.7036796808242798
10 3 6.182828903198242
11 12 1.0532878637313843
12 7 0.25070786476135254
13 files, 2 corrects, accuracy = 0.15384615384615385
epoch 48
13 13
0 11 0.7992261052131653
1 8 0.398017019033432
2 7 0.5202937126159668
3 11 0.4443170428276062
4 4 0.8151161670684814
5 5 0.6144796013832092
6 9 0.3393253684043884
7 8 0.7011165618896484
8 8 0.3837669789791107
9 9 0.46328094601631165
10 11 7.520143508911133
11 11 0.6512959599494934
12 0 0.315326452255249
13 files, 5 corrects, accuracy = 0.38461538461538464
epoch 49
13 13
0 5 0.9566853642463684
1 0 0.5501015186309814
2 7 0.6768532991409302
3 1 0.5382611751556396
4 4 2.3516032695770264
5 5 0.6044543385505676
6 9 0.3300193250179291
7 9 0.8979572653770447
8 9 0.3709261119365692
9 8 0.7615385055541992
10 10 6.964080333709717
11 10 0.7749135494232178
12 0 0.3119868338108063
13 files, 3 corrects, accuracy = 0.23076923076923078
epoch 50
13 13
0 1 0.6061397790908813
1 2 0.5243785977363586
2 7 0.951082170009613
3 2 0.7947461009025574
4 4 0.6974292397499084
5 1 0.4142826497554779
6 9 0.4200747311115265
7 11 0.5762850642204285
8 0 0.35457319021224976
9 9 0.8550408482551575
10 10 6.149885654449463
11 10 1.3715345859527588
12 3 0.343417227268219
13 files, 3 corrects, accuracy = 0.23076923076923078
epoch 51
13 13
0 0 0.8021703362464905
1 2 0.45545151829719543
2 7 1.1109782457351685
3 2 0.7672557830810547
4 4 0.8811012506484985
5 0 0.5466307997703552
6 11 0.24223554134368896
7 6 0.8094350695610046
8 11 0.4174983501434326
9 9 0.9136946797370911
10 10 5.671324253082275
11 10 0.8800195455551147
12 3 0.3428185284137726
13 files, 4 corrects, accuracy = 0.3076923076923077
epoch 52
13 13
0 3 0.6665000915527344
1 11 0.6969608664512634
2 7 0.9428060054779053
3 11 0.6092787981033325
4 4 0.7546316981315613
5 5 0.516534149646759
6 9 0.44783923029899597
7 11 0.7033681869506836
8 11 0.29623451828956604
9 5 0.869773268699646
10 10 3.141223669052124
11 12 0.7892963886260986
12 3 0.33741307258605957
13 files, 3 corrects, accuracy = 0.23076923076923078
epoch 53
13 13
0 5 0.8374211192131042
1 2 0.6154757738113403
2 7 0.970853328704834
3 1 0.5745258927345276
4 4 0.7506822943687439
5 5 0.4269823729991913
6 6 0.43044689297676086
7 6 0.6935719847679138
8 0 0.3426162004470825
9 9 0.9623232483863831
10 10 4.142362594604492
11 11 0.7338573336601257
12 3 0.46265679597854614
13 files, 6 corrects, accuracy = 0.46153846153846156
epoch 54
13 13
0 2 0.7249552011489868
1 2 0.8096409440040588
2 7 0.8230206966400146
3 2 0.895401120185852
4 4 0.5801111459732056
5 2 0.5886926054954529
6 12 0.321428507566452
7 6 0.895668089389801
8 2 0.300648033618927
9 5 0.6580836176872253
10 10 5.6140618324279785
11 11 0.7577148079872131
12 3 0.5465477108955383
13 files, 3 corrects, accuracy = 0.23076923076923078
epoch 55
13 13
0 3 0.734739363193512
1 6 0.6728400588035583
2 1 0.7589200139045715
3 3 0.5262138247489929
4 4 2.56311297416687
5 0 0.5196369886398315
6 0 0.43687331676483154
7 6 0.999626100063324
8 0 0.30131614208221436
9 9 0.3246581554412842
10 10 1.3967088460922241
11 11 0.6280002593994141
12 9 0.31677550077438354
13 files, 5 corrects, accuracy = 0.38461538461538464
epoch 56
13 13
0 3 0.7679332494735718
1 0 0.6660222411155701
2 7 0.5751352310180664
3 1 0.5217998623847961
4 4 1.7998991012573242
5 9 0.542739987373352
6 8 0.18800869584083557
7 0 0.6539035439491272
8 0 0.2334260493516922
9 9 0.4721730351448059
10 10 7.048917770385742
11 10 0.8628546595573425
12 3 0.4682694971561432
13 files, 3 corrects, accuracy = 0.23076923076923078
epoch 57
13 13
0 0 0.4808480441570282
1 12 0.40415477752685547
2 7 0.7293921113014221
3 1 0.4619496762752533
4 5 1.6548103094100952
5 0 0.3748858869075775
6 7 0.35459908843040466
7 4 0.6180319786071777
8 0 0.2782757878303528
9 9 0.6456758975982666
10 10 4.019813060760498
11 10 0.8938406109809875
12 0 0.3420337736606598
13 files, 3 corrects, accuracy = 0.23076923076923078
epoch 58
13 13
0 4 0.7342727780342102
1 0 0.46645548939704895
2 7 0.46023574471473694
3 1 0.5722767114639282
4 5 2.055833578109741
5 0 0.5038930177688599
6 8 0.42576199769973755
7 11 0.5257771015167236
8 0 0.2642313241958618
9 9 0.6824266910552979
10 10 4.789992809295654
11 10 0.7134938836097717
12 7 0.46126410365104675
13 files, 2 corrects, accuracy = 0.15384615384615385
epoch 59
13 13
0 2 0.5370889902114868
1 11 0.7074864506721497
2 1 0.8687463402748108
3 3 0.598343551158905
4 2 3.1359786987304688
5 0 0.3741796612739563
6 6 0.42741644382476807
7 4 0.45773962140083313
8 11 0.3041324317455292
9 8 0.6134450435638428
10 10 3.425733804702759
11 10 0.5873294472694397
12 8 0.363901287317276
13 files, 3 corrects, accuracy = 0.23076923076923078
epoch 60
13 13
0 3 0.5781315565109253
1 8 0.7837194800376892
2 7 0.7567849159240723
3 3 0.6254968643188477
4 4 1.5660628080368042
5 0 0.34443989396095276
6 9 0.3292984068393707
7 2 0.6691123247146606
8 0 0.3012954592704773
9 9 0.5938665270805359
10 10 5.8297200202941895
11 10 0.7152796387672424
12 8 0.4006366431713104
13 files, 4 corrects, accuracy = 0.3076923076923077
epoch 61
13 13
0 0 0.7566028237342834
1 7 0.8661779761314392
2 3 0.5757108926773071
3 7 0.8633180856704712
4 4 2.196603298187256
5 0 0.3820513188838959
6 6 0.5405203700065613
7 11 0.5076180100440979
8 0 0.6385332942008972
9 9 0.7929694652557373
10 10 4.712636470794678
11 10 0.5830575823783875
12 7 0.39566442370414734
13 files, 5 corrects, accuracy = 0.38461538461538464
epoch 62
13 13
0 1 0.7180388569831848
1 11 0.4250243008136749
2 7 0.4360419511795044
3 1 0.5224657654762268
4 4 0.9169806838035583
5 0 0.3960684835910797
6 2 0.4003150165081024
7 11 0.5405362248420715
8 0 0.36763253808021545
9 6 0.5851553082466125
10 7 4.894543170928955
11 10 1.1347094774246216
12 7 0.2914693355560303
13 files, 1 corrects, accuracy = 0.07692307692307693
epoch 63
13 13
0 0 0.7966020107269287
1 12 0.6243475675582886
2 3 0.5049205422401428
3 1 0.7443407773971558
4 4 0.6083868145942688
5 0 0.27092689275741577
6 6 0.36133724451065063
7 11 0.8133674263954163
8 0 0.2833467423915863
9 5 0.5478300452232361
10 1 2.233180284500122
11 12 0.6914495229721069
12 3 0.6516599655151367
13 files, 3 corrects, accuracy = 0.23076923076923078
epoch 64
13 13
0 0 0.8795998096466064
1 0 0.8630250096321106
2 7 0.5582220554351807
3 1 1.0149732828140259
4 4 0.5680250525474548
5 0 0.5118324756622314
6 8 0.59974205493927
7 6 0.9588363170623779
8 0 0.46002689003944397
9 5 0.7330350279808044
10 10 3.1742231845855713
11 10 1.2721104621887207
12 3 0.5086528658866882
13 files, 3 corrects, accuracy = 0.23076923076923078
epoch 65
13 13
0 2 0.7271031737327576
1 11 0.7126042246818542
2 7 0.752271831035614
3 3 0.6976633667945862
4 4 0.7896168231964111
5 2 0.35737401247024536
6 8 0.4392137825489044
7 11 0.7188071608543396
8 0 0.33027711510658264
9 8 0.5157655477523804
10 9 3.7402143478393555
11 5 0.8934051990509033
12 7 0.3816417455673218
13 files, 2 corrects, accuracy = 0.15384615384615385
epoch 66
13 13
0 2 0.712154746055603
1 11 0.6501079797744751
2 7 0.6084402203559875
3 11 0.5082246661186218
4 4 0.7681853175163269
5 2 0.3651513457298279
6 8 0.39821869134902954
7 11 0.707683801651001
8 2 0.3730417490005493
9 0 0.8379916548728943
10 5 3.3817262649536133
11 12 0.6952642202377319
12 0 0.43176671862602234
13 files, 1 corrects, accuracy = 0.07692307692307693
epoch 67
13 13
0 3 0.4071741998195648
1 12 0.6508921384811401
2 7 0.6085812449455261
3 1 0.5601748824119568
4 4 1.7062175273895264
5 11 0.324372261762619
6 8 0.45236727595329285
7 4 0.5672338008880615
8 0 0.3877376914024353
9 5 0.4480903446674347
10 10 2.7144217491149902
11 10 0.6380062699317932
12 2 0.40222370624542236
13 files, 2 corrects, accuracy = 0.15384615384615385
epoch 68
13 13
0 3 0.46147048473358154
1 6 0.5482204556465149
2 7 0.6522107720375061
3 7 0.45374977588653564
4 4 0.8972610235214233
5 0 0.4764533042907715
6 6 0.5073220729827881
7 6 0.607864260673523
8 8 0.2562364935874939
9 5 0.7306012511253357
10 0 2.918095827102661
11 11 0.8724165558815002
12 9 0.5098476409912109
13 files, 4 corrects, accuracy = 0.3076923076923077
epoch 69
13 13
0 3 0.7173693180084229
1 8 0.5285301208496094
2 7 0.5116081237792969
3 2 0.5195827484130859
4 4 0.9746956825256348
5 1 0.45438650250434875
6 6 0.5671302080154419
7 6 0.35720446705818176
8 0 0.20861035585403442
9 5 0.9877508282661438
10 10 6.632781505584717
11 7 1.689328670501709
12 0 0.5343522429466248
13 files, 3 corrects, accuracy = 0.23076923076923078
epoch 70
13 13
0 0 0.8155022859573364
1 0 0.6694796085357666
2 7 0.3774130940437317
3 2 0.5744244456291199
4 4 0.6277197599411011
5 0 0.3962491750717163
6 6 0.38114461302757263
7 2 0.6629602313041687
8 0 0.2975276708602905
9 5 0.758281946182251
10 1 5.709875583648682
11 1 1.328720211982727
12 0 0.43662789463996887
13 files, 3 corrects, accuracy = 0.23076923076923078
epoch 71
13 13
0 1 0.38538041710853577
1 0 0.39572110772132874
2 9 0.5527651309967041
3 3 0.46468204259872437
4 4 2.2312145233154297
5 1 0.2856843173503876
6 6 0.47283101081848145
7 11 0.38586851954460144
8 0 0.3708019256591797
9 9 0.7413488030433655
10 9 4.263869285583496
11 7 1.103228211402893
12 9 0.4838818609714508
13 files, 4 corrects, accuracy = 0.3076923076923077
epoch 72
13 13
0 3 0.5570734143257141
1 0 0.5822784304618835
2 9 0.5419815182685852
3 11 0.3993019163608551
4 4 0.7465857863426208
5 9 0.3994210660457611
6 6 0.3982963263988495
7 6 0.6718926429748535
8 0 0.49032482504844666
9 9 0.6680274605751038
10 10 5.579870700836182
11 10 1.316182255744934
12 9 0.4199696183204651
13 files, 4 corrects, accuracy = 0.3076923076923077
epoch 73
13 13
0 3 0.7553974390029907
1 8 0.6588351130485535
2 9 0.756027340888977
3 2 0.7473876476287842
4 4 0.6376283168792725
5 0 0.4141223728656769
6 6 0.3234765827655792
7 11 0.48125800490379333
8 2 0.5139508843421936
9 6 0.7528122663497925
10 10 4.357662677764893
11 12 1.5520366430282593
12 8 0.6572669148445129
13 files, 3 corrects, accuracy = 0.23076923076923078
epoch 74
13 13
0 1 0.6532682776451111
1 0 0.5272007584571838
2 7 0.8172749280929565
3 11 0.6680399775505066
4 4 0.43340376019477844
5 1 0.457003653049469
6 8 0.3209516406059265
7 11 0.4471147358417511
8 11 0.50047367811203
9 9 0.5199451446533203
10 6 2.5498154163360596
11 7 0.9356813430786133
12 3 0.5817887187004089
13 files, 2 corrects, accuracy = 0.15384615384615385
epoch 75
13 13
0 1 1.0607383251190186
1 0 0.41724175214767456
2 3 0.4647364616394043
3 7 0.5443166494369507
4 5 1.1371203660964966
5 1 0.5363197326660156
6 9 0.18123529851436615
7 6 0.42116472125053406
8 4 0.8205495476722717
9 1 0.4763655662536621
10 10 4.89906120300293
11 10 1.3273563385009766
12 3 0.5663692355155945
13 files, 1 corrects, accuracy = 0.07692307692307693
epoch 76
13 13
0 3 1.0241187810897827
1 11 0.683634340763092
2 1 0.6322156190872192
3 3 0.5654942989349365
4 4 0.6794045567512512
5 3 0.6127507090568542
6 6 0.3834660053253174
7 11 0.7111902236938477
8 0 0.3811383843421936
9 5 0.62323397397995
10 9 5.9084062576293945
11 11 1.3076525926589966
12 3 0.6248800754547119
13 files, 4 corrects, accuracy = 0.3076923076923077
epoch 77
13 13
0 0 0.8384381532669067
1 8 0.39848628640174866
2 1 0.6839803457260132
3 3 0.5298077464103699
4 4 2.0083703994750977
5 0 0.335246741771698
6 6 0.2707615792751312
7 11 0.6694002747535706
8 0 0.3747221827507019
9 5 0.9829187989234924
10 10 4.13198184967041
11 10 0.4731866717338562
12 7 0.7745764255523682
13 files, 5 corrects, accuracy = 0.38461538461538464
epoch 78
13 13
0 3 1.2350220680236816
1 12 0.38367336988449097
2 7 0.6704762578010559
3 3 0.5422553420066833
4 4 1.1429365873336792
5 3 0.5972974896430969
6 9 0.25713062286376953
7 2 0.5587887167930603
8 2 0.3080930709838867
9 8 0.47382852435112
10 3 3.635324001312256
11 10 0.8008174896240234
12 3 0.42414093017578125
13 files, 2 corrects, accuracy = 0.15384615384615385
epoch 79
13 13
0 3 0.9460181593894958
1 8 0.4341767728328705
2 1 0.6712436079978943
3 3 0.853099524974823
4 4 1.4120292663574219
5 3 0.3410903513431549
6 2 0.3955843150615692
7 6 0.7284306287765503
8 0 0.4528482258319855
9 5 0.6630539298057556
10 10 3.60843825340271
11 10 0.5641814470291138
12 3 0.40714478492736816
13 files, 3 corrects, accuracy = 0.23076923076923078
epoch 80
13 13
0 3 0.8173630237579346
1 8 0.434841126203537
2 7 0.7322118878364563
3 2 0.45298057794570923
4 4 1.6424309015274048
5 3 0.42498746514320374
6 7 0.3585088551044464
7 6 0.5907292366027832
8 3 0.5561364889144897
9 5 0.7466487288475037
10 10 5.440310001373291
11 10 0.7914221882820129
12 3 0.45528289675712585
13 files, 2 corrects, accuracy = 0.15384615384615385
epoch 81
13 13
0 5 0.920252799987793
1 8 0.42519763112068176
2 1 0.7281199097633362
3 3 0.5903867483139038
4 4 1.8147491216659546
5 5 0.4139609932899475
6 7 0.34610220789909363
7 0 0.7166598439216614
8 8 0.4376067519187927
9 8 0.7915579080581665
10 7 3.11361026763916
11 11 0.897524356842041
12 3 0.7679399847984314
13 files, 5 corrects, accuracy = 0.38461538461538464
epoch 82
13 13
0 3 0.708351731300354
1 11 0.34919318556785583
2 7 0.7402426600456238
3 3 0.6910895705223083
4 4 0.5636882185935974
5 5 0.3971218466758728
6 11 0.3393081724643707
7 11 0.5210915803909302
8 5 0.3813702464103699
9 5 0.4389703571796417
10 7 2.4454147815704346
11 10 0.7748232483863831
12 3 0.4731961488723755
13 files, 3 corrects, accuracy = 0.23076923076923078
epoch 83
13 13
0 5 0.8367612957954407
1 11 0.43236997723579407
2 7 0.6596705317497253
3 2 0.6216153502464294
4 4 1.384178876876831
5 5 0.5958871245384216
6 9 0.4672206938266754
7 5 0.6438472867012024
8 0 0.4610353112220764
9 8 0.7694137692451477
10 10 3.840585231781006
11 10 1.2845425605773926
12 8 0.4380306601524353
13 files, 3 corrects, accuracy = 0.23076923076923078
epoch 84
13 13
0 5 0.700513482093811
1 11 0.5047821402549744
2 7 0.6949109435081482
3 0 0.7101085186004639
4 4 0.7048879265785217
5 5 0.4972590506076813
6 7 0.4385695159435272
7 11 0.669821560382843
8 0 0.580605149269104
9 5 0.5562734603881836
10 10 4.9866180419921875
11 10 1.3266117572784424
12 8 0.6105729341506958
13 files, 3 corrects, accuracy = 0.23076923076923078
epoch 85
13 13
0 5 0.955808162689209
1 0 0.7653158903121948
2 3 1.0833078622817993
3 12 1.2413926124572754
4 4 1.93802809715271
5 11 0.6021847724914551
6 7 0.5875560641288757
7 11 0.8289971947669983
8 0 0.3251015543937683
9 9 0.6038225889205933
10 10 5.4882707595825195
11 10 1.7884303331375122
12 3 0.7029720544815063
13 files, 3 corrects, accuracy = 0.23076923076923078
epoch 86
13 13
0 0 0.6919928193092346
1 9 0.5233808755874634
2 3 0.9511198997497559
3 12 0.7798208594322205
4 4 0.9798840284347534
5 0 0.48433101177215576
6 7 0.45336687564849854
7 0 0.6243383884429932
8 0 0.27141934633255005
9 5 0.7700521349906921
10 10 5.431629180908203
11 10 1.4302302598953247
12 2 0.5974969863891602
13 files, 3 corrects, accuracy = 0.23076923076923078
epoch 87
13 13
0 3 0.5669141411781311
1 0 0.5909061431884766
2 9 0.5069504380226135
3 11 0.5626367330551147
4 4 1.2795199155807495
5 5 0.354643851518631
6 8 0.33911624550819397
7 4 0.7025666832923889
8 0 0.2955125570297241
9 5 0.23407398164272308
10 11 5.325078964233398
11 11 1.2746636867523193
12 3 0.4523545801639557
13 files, 3 corrects, accuracy = 0.23076923076923078
epoch 88
13 13
0 8 0.5277078747749329
1 11 0.8378813862800598
2 3 1.2501449584960938
3 2 0.5685939192771912
4 4 0.8793261051177979
5 5 0.43249714374542236
6 6 0.49290528893470764
7 11 0.6436378359794617
8 0 0.35429567098617554
9 8 0.5083497762680054
10 2 8.321697235107422
11 2 1.7327048778533936
12 3 0.7180168628692627
13 files, 3 corrects, accuracy = 0.23076923076923078
epoch 89
13 13
0 5 0.529519259929657
1 0 0.5959837436676025
2 1 0.876664400100708
3 2 0.6151922345161438
4 4 2.7406535148620605
5 5 0.404968798160553
6 7 0.5046998858451843
7 2 0.5469631552696228
8 0 0.2750990390777588
9 8 0.6436051726341248
10 11 5.676379203796387
11 11 1.767913579940796
12 3 0.561665415763855
13 files, 3 corrects, accuracy = 0.23076923076923078
epoch 90
13 13
0 0 0.8036779165267944
1 0 0.6492186784744263
2 7 0.6155188679695129
3 2 0.713407039642334
4 4 0.40599846839904785
5 0 0.4414975345134735
6 7 0.44423699378967285
7 12 0.7331888675689697
8 0 0.18320994079113007
9 6 0.51569664478302
10 10 5.585084915161133
11 10 1.6580519676208496
12 9 0.7587425708770752
13 files, 3 corrects, accuracy = 0.23076923076923078
epoch 91
13 13
0 3 0.8261661529541016
1 12 0.8257266283035278
2 7 0.8914498686790466
3 3 1.5171916484832764
4 4 0.8208549618721008
5 0 0.41326844692230225
6 9 0.49335238337516785
7 12 0.8388097882270813
8 0 0.4085700213909149
9 6 0.7857161164283752
10 10 4.855525016784668
11 10 1.334537386894226
12 3 0.8877769708633423
13 files, 3 corrects, accuracy = 0.23076923076923078
epoch 92
13 13
0 3 0.7687539458274841
1 0 0.5585559010505676
2 7 0.6657155156135559
3 3 1.2310872077941895
4 4 0.9960454702377319
5 5 0.49775224924087524
6 6 0.2814379036426544
7 12 0.518578052520752
8 0 0.3255365788936615
9 8 0.9452652335166931
10 10 3.742492914199829
11 10 1.2323920726776123
12 3 0.7715150117874146
13 files, 5 corrects, accuracy = 0.38461538461538464
epoch 93
13 13
0 2 0.5622875094413757
1 9 0.4759991466999054
2 7 0.719106137752533
3 2 0.871599555015564
4 4 1.5418256521224976
5 5 0.5151230096817017
6 6 0.34123367071151733
7 11 0.5962435007095337
8 0 0.2492787092924118
9 8 0.7100428342819214
10 5 4.039306640625
11 0 1.2291194200515747
12 3 0.5586194396018982
13 files, 3 corrects, accuracy = 0.23076923076923078
epoch 94
13 13
0 0 0.5380591154098511
1 9 0.45625796914100647
2 7 0.9260637760162354
3 2 0.7111823558807373
4 4 0.2800040543079376
5 0 0.4293849468231201
6 8 0.5556102991104126
7 11 0.7200445532798767
8 0 0.3444969058036804
9 5 0.9501904249191284
10 10 6.160216331481934
11 10 1.9609613418579102
12 7 0.6580241918563843
13 files, 3 corrects, accuracy = 0.23076923076923078
epoch 95
13 13
0 5 0.8134035468101501
1 11 0.5963135361671448
2 3 0.8051519393920898
3 2 0.8686683773994446
4 4 0.5932244658470154
5 5 0.5112951993942261
6 12 0.6889126896858215
7 12 0.6055519580841064
8 0 0.2111191600561142
9 8 0.7390823364257812
10 3 6.241504192352295
11 9 0.8914123773574829
12 8 0.5066774487495422
13 files, 2 corrects, accuracy = 0.15384615384615385
epoch 96
13 13
0 5 1.2802040576934814
1 12 0.5608143210411072
2 7 1.0826740264892578
3 3 0.7141802906990051
4 4 0.481845885515213
5 5 0.7827916741371155
6 2 0.5843503475189209
7 5 0.9102558493614197
8 0 0.4755204916000366
9 8 0.6347399353981018
10 10 6.365023136138916
11 10 1.7745304107666016
12 3 0.49557945132255554
13 files, 4 corrects, accuracy = 0.3076923076923077
epoch 97
13 13
0 0 0.607003927230835
1 9 0.40035444498062134
2 7 0.6311368346214294
3 0 0.676211416721344
4 4 0.44014641642570496
5 2 0.4468815326690674
6 9 0.5003818869590759
7 11 0.5130783915519714
8 8 0.6109503507614136
9 8 0.691046953201294
10 10 5.491866111755371
11 10 1.331809639930725
12 8 0.42837807536125183
13 files, 4 corrects, accuracy = 0.3076923076923077
epoch 98
13 13
0 3 0.5294243097305298
1 0 0.5483254790306091
2 9 0.8756692409515381
3 3 0.7625308036804199
4 4 2.0443813800811768
5 1 0.45913755893707275
6 9 0.6405253410339355
7 11 0.46986737847328186
8 5 0.6263050436973572
9 8 1.1697113513946533
10 10 4.347960948944092
11 9 1.220866084098816
12 7 0.7192800045013428
13 files, 3 corrects, accuracy = 0.23076923076923078
epoch 99
13 13
0 11 0.8240906596183777
1 0 0.45472657680511475
2 3 0.6566857099533081
3 11 0.5477486252784729
4 4 1.2512621879577637
5 0 0.6168516874313354
6 6 0.573318600654602
7 12 0.6333667039871216
8 0 0.5759514570236206
9 5 0.5919822454452515
10 10 3.538466215133667
11 10 0.9848964214324951
12 7 0.6710911393165588
13 files, 3 corrects, accuracy = 0.23076923076923078
epoch 100
13 13
0 0 0.7930508852005005
1 7 0.40682166814804077
2 3 0.6249920129776001
3 11 0.5788747072219849
4 4 1.2502881288528442
5 0 0.5805214047431946
6 6 0.4845847487449646
7 0 0.542153537273407
8 0 0.4783398509025574
9 5 0.6387400031089783
10 10 5.639582633972168
11 10 1.0185444355010986
12 3 0.5211676955223083
13 files, 4 corrects, accuracy = 0.3076923076923077
[0.23076923076923078, 0.15384615384615385, 0.3076923076923077, 0.3076923076923077, 0.23076923076923078, 0.3076923076923077, 0.46153846153846156, 0.3076923076923077, 0.46153846153846156, 0.5384615384615384, 0.3076923076923077, 0.38461538461538464, 0.3076923076923077, 0.3076923076923077, 0.46153846153846156, 0.38461538461538464, 0.15384615384615385, 0.23076923076923078, 0.3076923076923077, 0.3076923076923077, 0.38461538461538464, 0.3076923076923077, 0.23076923076923078, 0.23076923076923078, 0.3076923076923077, 0.23076923076923078, 0.3076923076923077, 0.15384615384615385, 0.3076923076923077, 0.23076923076923078, 0.23076923076923078, 0.3076923076923077, 0.3076923076923077, 0.23076923076923078, 0.5384615384615384, 0.23076923076923078, 0.23076923076923078, 0.07692307692307693, 0.38461538461538464, 0.15384615384615385, 0.23076923076923078, 0.38461538461538464, 0.3076923076923077, 0.15384615384615385, 0.23076923076923078, 0.15384615384615385, 0.15384615384615385, 0.38461538461538464, 0.23076923076923078, 0.23076923076923078, 0.3076923076923077, 0.23076923076923078, 0.46153846153846156, 0.23076923076923078, 0.38461538461538464, 0.23076923076923078, 0.23076923076923078, 0.15384615384615385, 0.23076923076923078, 0.3076923076923077, 0.38461538461538464, 0.07692307692307693, 0.23076923076923078, 0.23076923076923078, 0.15384615384615385, 0.07692307692307693, 0.15384615384615385, 0.3076923076923077, 0.23076923076923078, 0.23076923076923078, 0.3076923076923077, 0.3076923076923077, 0.23076923076923078, 0.15384615384615385, 0.07692307692307693, 0.3076923076923077, 0.38461538461538464, 0.15384615384615385, 0.23076923076923078, 0.15384615384615385, 0.38461538461538464, 0.23076923076923078, 0.23076923076923078, 0.23076923076923078, 0.23076923076923078, 0.23076923076923078, 0.23076923076923078, 0.23076923076923078, 0.23076923076923078, 0.23076923076923078, 0.23076923076923078, 0.38461538461538464, 0.23076923076923078, 0.23076923076923078, 0.15384615384615385, 0.3076923076923077, 0.3076923076923077, 0.23076923076923078, 0.23076923076923078, 0.3076923076923077]
_________________________________________________________________
Layer (type)                 Output Shape              Param #   
=================================================================
input_2 (InputLayer)         (None, 224, 224, 3)       0         
_________________________________________________________________
model_1 (Model)              (None, 128)               6057312   
=================================================================
Total params: 6,057,312
Trainable params: 6,045,792
Non-trainable params: 11,520
_________________________________________________________________
epoch  01
epoch  02
epoch  03
epoch  04
epoch  05
epoch  06
epoch  07
epoch  08
epoch  09
epoch  10
epoch  11
epoch  12
epoch  13
epoch  14
epoch  15
epoch  16
epoch  17
epoch  18
epoch  19
epoch  20
epoch  21
epoch  22
epoch  23
epoch  24
epoch  25
epoch  26
epoch  27
epoch  28
epoch  29
epoch  30
epoch  31
epoch  32
epoch  33
epoch  34
epoch  35
epoch  36
epoch  37
epoch  38
epoch  39
epoch  40
epoch  41
epoch  42
epoch  43
epoch  44
epoch  45
epoch  46
epoch  47
epoch  48
epoch  49
epoch  50
epoch  51
epoch  52
epoch  53
epoch  54
epoch  55
epoch  56
epoch  57
epoch  58
epoch  59
epoch  60
epoch  61
epoch  62
epoch  63
epoch  64
epoch  65
epoch  66
epoch  67
epoch  68
epoch  69
epoch  70
epoch  71
epoch  72
epoch  73
epoch  74
epoch  75
epoch  76
epoch  77
epoch  78
epoch  79
epoch  80
epoch  81
epoch  82
epoch  83
epoch  84
epoch  85
epoch  86
epoch  87
epoch  88
epoch  89
epoch  90
epoch  91
epoch  92
epoch  93
epoch  94
epoch  95
epoch  96
epoch  97
epoch  98
epoch  99
epoch  100
