2018-03-11 22:15:43.447029: I tensorflow/core/platform/cpu_feature_guard.cc:137] Your CPU supports instructions that this TensorFlow binary was not compiled to use: SSE4.1 SSE4.2 AVX AVX2 FMA
2018-03-11 22:15:43.705593: I tensorflow/core/common_runtime/gpu/gpu_device.cc:1030] Found device 0 with properties: 
name: GeForce GTX TITAN X major: 5 minor: 2 memoryClockRate(GHz): 1.076
pciBusID: 0000:82:00.0
totalMemory: 11.92GiB freeMemory: 11.80GiB
2018-03-11 22:15:43.705664: I tensorflow/core/common_runtime/gpu/gpu_device.cc:1120] Creating TensorFlow device (/device:GPU:0) -> (device: 0, name: GeForce GTX TITAN X, pci bus id: 0000:82:00.0, compute capability: 5.2)
Using TensorFlow backend.
tcn_tripletloss_test.py:50: UserWarning: Update your `Model` call to the Keras 2 API: `Model(outputs=Tensor("de..., inputs=Tensor("in...)`
  model = Model(input = inception_model.input, output = x)
tcn_tripletloss_test.py:74: UserWarning: Update your `Model` call to the Keras 2 API: `Model(outputs=Tensor("mo..., inputs=Tensor("in...)`
  return Model(input=input_img, output=out)
epoch 01
5 5
0 2 0.328033447265625
1 1 0.7347201108932495
2 2 0.5483740568161011
3 3 0.296658992767334
4 3 0.6109704375267029
5 files, 3 corrects, accuracy = 0.6
epoch 02
5 5
0 2 0.5068338513374329
1 1 0.8462094664573669
2 2 0.6767280697822571
3 0 0.3096213638782501
4 4 0.6620631217956543
5 files, 3 corrects, accuracy = 0.6
epoch 03
5 5
0 0 0.57137531042099
1 2 0.9464820027351379
2 2 0.6505681872367859
3 4 0.35956212878227234
4 4 0.7741129994392395
5 files, 3 corrects, accuracy = 0.6
epoch 04
5 5
0 2 0.4626956284046173
1 1 0.7215980291366577
2 2 0.9064760208129883
3 0 0.36021214723587036
4 4 0.8303675055503845
5 files, 3 corrects, accuracy = 0.6
epoch 05
5 5
0 2 0.4885237216949463
1 1 0.6885606050491333
2 2 1.09670090675354
3 0 0.20941561460494995
4 3 0.7654833793640137
5 files, 2 corrects, accuracy = 0.4
epoch 06
5 5
0 2 0.8827605843544006
1 1 1.2880663871765137
2 2 0.7815051674842834
3 0 0.4849162995815277
4 4 0.6852096319198608
5 files, 3 corrects, accuracy = 0.6
epoch 07
5 5
0 2 0.5185394287109375
1 1 0.9917123317718506
2 2 1.0970948934555054
3 0 0.586109459400177
4 3 0.4774828553199768
5 files, 2 corrects, accuracy = 0.4
epoch 08
5 5
0 2 0.770709753036499
1 1 0.6063913702964783
2 2 0.8635221719741821
3 0 0.8049660921096802
4 4 0.4587388038635254
5 files, 3 corrects, accuracy = 0.6
epoch 09
5 5
0 2 0.5193369388580322
1 1 0.7061966061592102
2 2 2.078721046447754
3 0 0.5684574246406555
4 1 0.8519120216369629
5 files, 2 corrects, accuracy = 0.4
epoch 10
5 5
0 2 0.721321702003479
1 2 0.9073473215103149
2 2 0.9324274659156799
3 0 0.5623477697372437
4 4 0.8217473030090332
5 files, 2 corrects, accuracy = 0.4
epoch 11
5 5
0 0 0.601027250289917
1 0 0.7260598540306091
2 2 2.2107796669006348
3 4 0.6787127256393433
4 4 0.8607418537139893
5 files, 3 corrects, accuracy = 0.6
epoch 12
5 5
0 4 0.5863825678825378
1 1 0.6199164986610413
2 0 1.5829832553863525
3 0 0.3574818968772888
4 3 0.7002242207527161
5 files, 1 corrects, accuracy = 0.2
epoch 13
5 5
0 2 0.9331335425376892
1 1 0.42823320627212524
2 2 1.6142404079437256
3 0 0.4633757174015045
4 3 0.8917948007583618
5 files, 2 corrects, accuracy = 0.4
epoch 14
5 5
0 2 0.6523199081420898
1 3 1.0491869449615479
2 2 1.7255990505218506
3 1 0.6253486275672913
4 3 1.17318856716156
5 files, 1 corrects, accuracy = 0.2
epoch 15
5 5
0 2 1.2267155647277832
1 1 0.4772486388683319
2 1 1.5530720949172974
3 0 0.7204210758209229
4 3 0.820734977722168
5 files, 1 corrects, accuracy = 0.2
epoch 16
5 5
0 2 0.6018436551094055
1 1 0.8498950004577637
2 2 1.2460850477218628
3 3 0.6488874554634094
4 3 0.7179439067840576
5 files, 3 corrects, accuracy = 0.6
epoch 17
5 5
0 2 0.8926597833633423
1 1 0.7686744332313538
2 1 1.8922605514526367
3 1 0.461430162191391
4 0 0.6382491588592529
5 files, 1 corrects, accuracy = 0.2
epoch 18
5 5
0 2 0.6745634078979492
1 1 1.046371340751648
2 0 1.4705368280410767
3 0 0.4795890748500824
4 3 0.8425624966621399
5 files, 1 corrects, accuracy = 0.2
epoch 19
5 5
0 0 0.539137065410614
1 1 0.5744705200195312
2 2 3.7560267448425293
3 3 0.4996964931488037
4 4 0.9111990928649902
5 files, 5 corrects, accuracy = 1.0
epoch 20
5 5
0 2 0.6443896293640137
1 1 0.8092882633209229
2 0 2.651501178741455
3 0 0.3276238441467285
4 1 0.6292258501052856
5 files, 1 corrects, accuracy = 0.2
epoch 21
5 5
0 2 0.862666130065918
1 1 0.6706803441047668
2 4 1.6657441854476929
3 0 0.3642103970050812
4 3 0.8442272543907166
5 files, 1 corrects, accuracy = 0.2
epoch 22
5 5
0 2 0.9632862210273743
1 1 0.9503124356269836
2 1 1.9209682941436768
3 0 0.5500242710113525
4 4 0.7397561073303223
5 files, 2 corrects, accuracy = 0.4
epoch 23
5 5
0 0 0.7519229054450989
1 1 0.9366985559463501
2 2 2.108037233352661
3 3 0.3961169719696045
4 3 0.7382625937461853
5 files, 4 corrects, accuracy = 0.8
epoch 24
5 5
0 2 0.710563063621521
1 1 0.9519044160842896
2 2 2.8253512382507324
3 3 0.4188327491283417
4 3 0.9521806836128235
5 files, 3 corrects, accuracy = 0.6
epoch 25
5 5
0 0 0.49171707034111023
1 1 0.5792282223701477
2 2 3.322554349899292
3 3 0.33144325017929077
4 1 0.6842387318611145
5 files, 4 corrects, accuracy = 0.8
epoch 26
5 5
0 2 0.7070587873458862
1 1 0.6181461811065674
2 2 2.7028281688690186
3 4 0.2800195515155792
4 4 0.49819856882095337
5 files, 3 corrects, accuracy = 0.6
epoch 27
5 5
0 2 0.6856921911239624
1 2 0.6923184394836426
2 1 1.973176121711731
3 4 0.4069456458091736
4 1 0.5290003418922424
5 files, 0 corrects, accuracy = zero divided
epoch 28
5 5
0 0 0.8827790021896362
1 1 0.904350996017456
2 2 2.6363625526428223
3 3 0.4347020387649536
4 3 0.8718577027320862
5 files, 4 corrects, accuracy = 0.8
epoch 29
5 5
0 2 1.0516899824142456
1 1 0.8201625347137451
2 1 3.258549451828003
3 0 0.39065611362457275
4 1 0.4337207078933716
5 files, 1 corrects, accuracy = 0.2
epoch 30
5 5
0 2 0.8198257684707642
1 1 0.7890126705169678
2 2 2.911630153656006
3 4 0.572573721408844
4 4 0.638472318649292
5 files, 3 corrects, accuracy = 0.6
epoch 31
5 5
0 2 0.8974241614341736
1 1 0.821494996547699
2 2 3.536052942276001
3 0 0.6416977643966675
4 3 0.8182820081710815
5 files, 2 corrects, accuracy = 0.4
epoch 32
5 5
0 0 1.0086761713027954
1 1 0.6067107319831848
2 2 2.9459755420684814
3 4 0.7682983875274658
4 4 1.1884845495224
5 files, 4 corrects, accuracy = 0.8
epoch 33
5 5
0 2 0.8324896693229675
1 1 1.0174775123596191
2 2 5.2564826011657715
3 0 0.5923908352851868
4 3 0.721773087978363
5 files, 2 corrects, accuracy = 0.4
epoch 34
5 5
0 2 0.5046952366828918
1 1 1.3426249027252197
2 2 2.7244322299957275
3 0 0.4806866943836212
4 1 0.4836517572402954
5 files, 2 corrects, accuracy = 0.4
epoch 35
5 5
0 0 0.5124718546867371
1 1 0.9664260745048523
2 2 3.1683502197265625
3 0 0.41666147112846375
4 3 0.7226154804229736
5 files, 3 corrects, accuracy = 0.6
epoch 36
5 5
0 2 0.6512234210968018
1 1 0.7687762379646301
2 1 3.1273605823516846
3 4 0.5373285412788391
4 1 0.7174142003059387
5 files, 1 corrects, accuracy = 0.2
epoch 37
5 5
0 2 0.516528844833374
1 1 0.738574743270874
2 2 2.4357335567474365
3 0 0.5087108016014099
4 1 0.5006889700889587
5 files, 2 corrects, accuracy = 0.4
epoch 38
5 5
0 0 0.766785740852356
1 1 0.6621367335319519
2 2 4.772739887237549
3 4 0.5871706604957581
4 1 0.4262291491031647
5 files, 3 corrects, accuracy = 0.6
epoch 39
5 5
0 0 0.8050934076309204
1 2 0.7129459977149963
2 2 2.4984235763549805
3 4 0.6353286504745483
4 3 0.6556726694107056
5 files, 2 corrects, accuracy = 0.4
epoch 40
5 5
0 0 0.5283291935920715
1 1 0.48381781578063965
2 2 2.9524741172790527
3 1 0.7448376417160034
4 1 0.6873718500137329
5 files, 3 corrects, accuracy = 0.6
epoch 41
5 5
0 2 0.6887566447257996
1 1 0.9182277321815491
2 1 2.397773265838623
3 4 0.608681857585907
4 1 0.6357324123382568
5 files, 1 corrects, accuracy = 0.2
epoch 42
5 5
0 0 0.5985386371612549
1 1 1.2577276229858398
2 4 3.8192880153656006
3 4 0.5279524922370911
4 1 0.5266209244728088
5 files, 2 corrects, accuracy = 0.4
epoch 43
5 5
0 0 0.5851609706878662
1 1 0.7450433373451233
2 0 2.825662136077881
3 0 0.5925939083099365
4 3 0.43051767349243164
5 files, 2 corrects, accuracy = 0.4
epoch 44
5 5
0 0 0.4346511960029602
1 1 0.873305082321167
2 4 3.214722156524658
3 4 0.5025870203971863
4 3 0.4901488721370697
5 files, 2 corrects, accuracy = 0.4
epoch 45
5 5
0 0 0.9276801347732544
1 1 0.6728099584579468
2 3 2.5749998092651367
3 0 0.2759001553058624
4 3 0.7193086743354797
5 files, 2 corrects, accuracy = 0.4
epoch 46
5 5
0 2 0.782833993434906
1 1 1.6345239877700806
2 4 5.509403228759766
3 4 0.5723169445991516
4 0 1.0966644287109375
5 files, 1 corrects, accuracy = 0.2
epoch 47
5 5
0 1 0.9275520443916321
1 1 1.0108052492141724
2 4 2.5878686904907227
3 4 0.4125937521457672
4 4 0.5667205452919006
5 files, 2 corrects, accuracy = 0.4
epoch 48
5 5
0 2 0.579574704170227
1 1 0.7058702111244202
2 4 3.9496703147888184
3 1 0.44816747307777405
4 3 0.5149868726730347
5 files, 1 corrects, accuracy = 0.2
epoch 49
5 5
0 2 0.5668774843215942
1 1 0.9403864145278931
2 4 5.0197062492370605
3 4 0.5599788427352905
4 4 0.5404770970344543
5 files, 2 corrects, accuracy = 0.4
epoch 50
5 5
0 2 0.6368327736854553
1 1 1.2527432441711426
2 3 3.952718734741211
3 3 0.5291334986686707
4 0 0.9370944499969482
5 files, 2 corrects, accuracy = 0.4
epoch 51
5 5
0 2 0.5738461017608643
1 3 1.2977182865142822
2 4 4.450403690338135
3 1 0.6668270230293274
4 3 0.8252514600753784
5 files, 0 corrects, accuracy = zero divided
epoch 52
5 5
0 2 0.7389374375343323
1 0 0.6653656959533691
2 3 3.1292216777801514
3 4 0.5105658173561096
4 1 0.5675152540206909
5 files, 0 corrects, accuracy = zero divided
epoch 53
5 5
0 2 0.4891759157180786
1 1 0.9274178147315979
2 1 2.6205132007598877
3 4 0.5812082886695862
4 3 0.6615066528320312
5 files, 1 corrects, accuracy = 0.2
epoch 54
5 5
0 3 0.6557655334472656
1 3 0.8616446852684021
2 2 4.593283176422119
3 1 0.6307162046432495
4 1 0.949013888835907
5 files, 1 corrects, accuracy = 0.2
epoch 55
5 5
0 0 0.724177896976471
1 0 0.73617023229599
2 2 2.8595967292785645
3 3 0.5789932608604431
4 3 0.5285639762878418
5 files, 3 corrects, accuracy = 0.6
epoch 56
5 5
0 2 0.6714572310447693
1 1 0.6911262273788452
2 0 4.779463768005371
3 0 0.5216438174247742
4 4 0.3707486093044281
5 files, 2 corrects, accuracy = 0.4
epoch 57
5 5
0 2 0.6645435094833374
1 1 0.7055910229682922
2 4 3.299567222595215
3 3 0.45458051562309265
4 4 0.44439786672592163
5 files, 3 corrects, accuracy = 0.6
epoch 58
5 5
0 2 0.47766536474227905
1 1 0.5150895118713379
2 4 3.4684174060821533
3 0 0.39907193183898926
4 3 0.5767331719398499
5 files, 1 corrects, accuracy = 0.2
epoch 59
5 5
0 2 0.5526991486549377
1 1 0.5938345193862915
2 3 3.3464176654815674
3 1 0.7821663022041321
4 4 0.6519753932952881
5 files, 2 corrects, accuracy = 0.4
epoch 60
5 5
0 0 0.5665302872657776
1 1 0.532964825630188
2 3 5.903655529022217
3 0 0.9392175078392029
4 4 0.6969135403633118
5 files, 3 corrects, accuracy = 0.6
epoch 61
5 5
0 0 0.985985517501831
1 0 0.6663342118263245
2 4 2.8269410133361816
3 1 0.7993612289428711
4 3 0.6125556826591492
5 files, 1 corrects, accuracy = 0.2
epoch 62
5 5
0 0 0.6312952637672424
1 1 0.5670673847198486
2 0 3.984766960144043
3 1 0.42407307028770447
4 4 0.7602124214172363
5 files, 3 corrects, accuracy = 0.6
epoch 63
5 5
0 2 0.5766823291778564
1 1 0.7300875186920166
2 2 2.5404367446899414
3 0 0.5768023729324341
4 3 0.7246923446655273
5 files, 2 corrects, accuracy = 0.4
epoch 64
5 5
0 0 0.9260864853858948
1 1 0.4651377201080322
2 2 3.336832284927368
3 0 0.685233473777771
4 4 0.6205748915672302
5 files, 4 corrects, accuracy = 0.8
epoch 65
5 5
0 0 0.8203384280204773
1 1 0.781682550907135
2 4 1.7609665393829346
3 1 0.8573122024536133
4 0 0.8128169178962708
5 files, 2 corrects, accuracy = 0.4
epoch 66
5 5
0 2 0.7434208989143372
1 1 0.9469717144966125
2 2 1.9523802995681763
3 4 0.528748095035553
4 3 0.558881402015686
5 files, 2 corrects, accuracy = 0.4
epoch 67
5 5
0 0 0.5760881900787354
1 1 0.5952789187431335
2 0 3.0597875118255615
3 3 0.5217351317405701
4 4 0.6399155855178833
5 files, 4 corrects, accuracy = 0.8
epoch 68
5 5
0 2 0.738323450088501
1 1 0.8116607069969177
2 2 2.9495644569396973
3 1 0.47931617498397827
4 4 0.8400027751922607
5 files, 3 corrects, accuracy = 0.6
epoch 69
5 5
0 2 0.6738504767417908
1 1 0.5974305272102356
2 2 4.514203071594238
3 0 0.5596655011177063
4 1 0.7339744567871094
5 files, 2 corrects, accuracy = 0.4
epoch 70
5 5
0 2 0.6588109731674194
1 1 0.8380459547042847
2 2 1.950528621673584
3 3 0.4069902002811432
4 4 0.7488963603973389
5 files, 4 corrects, accuracy = 0.8
epoch 71
5 5
0 2 0.6054942011833191
1 2 1.122697114944458
2 2 3.3038649559020996
3 0 0.43920883536338806
4 0 0.6644827127456665
5 files, 1 corrects, accuracy = 0.2
epoch 72
5 5
0 2 0.6854713559150696
1 1 0.7484955191612244
2 3 4.063090801239014
3 4 0.4931945502758026
4 0 0.7098399996757507
5 files, 1 corrects, accuracy = 0.2
epoch 73
5 5
0 0 0.9983865022659302
1 1 0.7907460927963257
2 2 3.6910598278045654
3 4 0.6090807318687439
4 3 0.8467118740081787
5 files, 3 corrects, accuracy = 0.6
epoch 74
5 5
0 3 0.9532008767127991
1 1 0.49031320214271545
2 1 3.1610004901885986
3 4 0.580737829208374
4 4 0.7668622732162476
5 files, 2 corrects, accuracy = 0.4
epoch 75
5 5
0 2 1.3802694082260132
1 3 0.43707162141799927
2 2 7.842372894287109
3 4 0.5115728974342346
4 0 0.8701363205909729
5 files, 1 corrects, accuracy = 0.2
epoch 76
5 5
0 2 0.9848147630691528
1 1 0.9208205938339233
2 2 3.786320447921753
3 0 0.5446213483810425
4 3 0.7941870093345642
5 files, 2 corrects, accuracy = 0.4
epoch 77
5 5
0 2 0.8218241333961487
1 1 0.9264975786209106
2 2 3.9028992652893066
3 0 0.3587592840194702
4 3 0.9024941325187683
5 files, 2 corrects, accuracy = 0.4
epoch 78
5 5
0 2 0.5517153739929199
1 1 1.2977275848388672
2 2 3.42602276802063
3 4 0.3027803599834442
4 4 1.0683820247650146
5 files, 3 corrects, accuracy = 0.6
epoch 79
5 5
0 2 0.655685305595398
1 1 1.3041173219680786
2 2 3.561483383178711
3 1 0.5393380522727966
4 3 0.5831723213195801
5 files, 2 corrects, accuracy = 0.4
epoch 80
5 5
0 2 0.6602070331573486
1 1 0.9475173354148865
2 2 3.279054880142212
3 0 0.2702946960926056
4 4 0.7924171686172485
5 files, 3 corrects, accuracy = 0.6
epoch 81
5 5
0 2 0.512423038482666
1 1 1.0618470907211304
2 2 4.395082473754883
3 0 0.4866463243961334
4 4 0.6103595495223999
5 files, 3 corrects, accuracy = 0.6
epoch 82
5 5
0 2 0.5043888092041016
1 1 0.7323773503303528
2 1 3.0008153915405273
3 4 0.41688185930252075
4 0 0.7165513634681702
5 files, 1 corrects, accuracy = 0.2
epoch 83
5 5
0 2 0.5516754984855652
1 1 0.7876411080360413
2 0 6.281552791595459
3 3 0.44937705993652344
4 4 0.6557629704475403
5 files, 3 corrects, accuracy = 0.6
epoch 84
5 5
0 2 0.7722017168998718
1 1 0.6444234848022461
2 2 4.198958396911621
3 0 0.7238609194755554
4 0 0.9068241119384766
5 files, 2 corrects, accuracy = 0.4
epoch 85
5 5
0 2 0.8287251591682434
1 1 1.2937047481536865
2 2 7.88673210144043
3 0 0.482897013425827
4 3 1.7324007749557495
5 files, 2 corrects, accuracy = 0.4
epoch 86
5 5
0 2 0.9681413173675537
1 1 0.8909386396408081
2 1 4.719311714172363
3 0 0.6292378902435303
4 3 1.0832029581069946
5 files, 1 corrects, accuracy = 0.2
epoch 87
5 5
0 2 0.7103062272071838
1 1 0.7476644515991211
2 2 4.277781963348389
3 0 0.3255111575126648
4 4 0.6996687650680542
5 files, 3 corrects, accuracy = 0.6
epoch 88
5 5
0 2 0.7625046968460083
1 1 1.2000550031661987
2 2 3.974076747894287
3 4 0.6589394211769104
4 4 0.9496607780456543
5 files, 3 corrects, accuracy = 0.6
epoch 89
5 5
0 0 1.3857024908065796
1 1 0.8279053568840027
2 4 3.5334250926971436
3 0 0.43731746077537537
4 4 0.7725580930709839
5 files, 3 corrects, accuracy = 0.6
epoch 90
5 5
0 0 1.1857279539108276
1 1 0.7572757601737976
2 4 3.4790210723876953
3 0 0.5891218781471252
4 4 0.88863605260849
5 files, 3 corrects, accuracy = 0.6
epoch 91
5 5
0 2 1.2906428575515747
1 1 0.8166537284851074
2 2 4.420527458190918
3 4 0.90595543384552
4 4 0.5636617541313171
5 files, 3 corrects, accuracy = 0.6
epoch 92
5 5
0 2 1.0871405601501465
1 1 0.907916247844696
2 2 4.756011962890625
3 0 0.41841641068458557
4 4 0.8899213671684265
5 files, 3 corrects, accuracy = 0.6
epoch 93
5 5
0 2 0.5775042772293091
1 1 0.5788499712944031
2 2 4.215851783752441
3 0 0.5962002873420715
4 4 0.6457162499427795
5 files, 3 corrects, accuracy = 0.6
epoch 94
5 5
0 2 0.9621917605400085
1 2 0.9302343130111694
2 0 4.8859453201293945
3 0 0.6338614225387573
4 4 0.46382462978363037
5 files, 1 corrects, accuracy = 0.2
epoch 95
5 5
0 2 0.9088700413703918
1 1 0.5285112857818604
2 0 8.05068302154541
3 3 0.738340437412262
4 4 0.7794674634933472
5 files, 3 corrects, accuracy = 0.6
epoch 96
5 5
0 2 1.2509026527404785
1 1 0.9585764408111572
2 0 7.37169075012207
3 0 0.8703297972679138
4 4 0.7695744037628174
5 files, 2 corrects, accuracy = 0.4
epoch 97
5 5
0 2 1.105088472366333
1 1 0.7408095002174377
2 0 6.6359663009643555
3 3 0.6210787296295166
4 3 0.9520494937896729
5 files, 2 corrects, accuracy = 0.4
epoch 98
5 5
0 2 1.104011058807373
1 1 0.873940110206604
2 2 3.9010515213012695
3 0 0.35945409536361694
4 3 1.0499924421310425
5 files, 2 corrects, accuracy = 0.4
epoch 99
5 5
0 2 0.6005062460899353
1 1 0.6883029341697693
2 2 5.095847129821777
3 0 0.3831759989261627
4 0 0.837595522403717
5 files, 2 corrects, accuracy = 0.4
epoch 100
5 5
0 2 0.7292194962501526
1 1 0.8849092125892639
2 2 4.715367794036865
3 0 0.3271619379520416
4 4 0.7047534584999084
5 files, 3 corrects, accuracy = 0.6
[0.6, 0.6, 0.6, 0.6, 0.4, 0.6, 0.4, 0.6, 0.4, 0.4, 0.6, 0.2, 0.4, 0.2, 0.2, 0.6, 0.2, 0.2, 1.0, 0.2, 0.2, 0.4, 0.8, 0.6, 0.8, 0.6, 0, 0.8, 0.2, 0.6, 0.4, 0.8, 0.4, 0.4, 0.6, 0.2, 0.4, 0.6, 0.4, 0.6, 0.2, 0.4, 0.4, 0.4, 0.4, 0.2, 0.4, 0.2, 0.4, 0.4, 0, 0, 0.2, 0.2, 0.6, 0.4, 0.6, 0.2, 0.4, 0.6, 0.2, 0.6, 0.4, 0.8, 0.4, 0.4, 0.8, 0.6, 0.4, 0.8, 0.2, 0.2, 0.6, 0.4, 0.2, 0.4, 0.4, 0.6, 0.4, 0.6, 0.6, 0.2, 0.6, 0.4, 0.4, 0.2, 0.6, 0.6, 0.6, 0.6, 0.6, 0.6, 0.6, 0.2, 0.6, 0.4, 0.4, 0.4, 0.4, 0.6]
_________________________________________________________________
Layer (type)                 Output Shape              Param #   
=================================================================
input_2 (InputLayer)         (None, 224, 224, 3)       0         
_________________________________________________________________
model_1 (Model)              (None, 128)               6057312   
=================================================================
Total params: 6,057,312
Trainable params: 6,045,792
Non-trainable params: 11,520
_________________________________________________________________
epoch  01
epoch  02
epoch  03
epoch  04
epoch  05
epoch  06
epoch  07
epoch  08
epoch  09
epoch  10
epoch  11
epoch  12
epoch  13
epoch  14
epoch  15
epoch  16
epoch  17
epoch  18
epoch  19
epoch  20
epoch  21
epoch  22
epoch  23
epoch  24
epoch  25
epoch  26
epoch  27
epoch  28
epoch  29
epoch  30
epoch  31
epoch  32
epoch  33
epoch  34
epoch  35
epoch  36
epoch  37
epoch  38
epoch  39
epoch  40
epoch  41
epoch  42
epoch  43
epoch  44
epoch  45
epoch  46
epoch  47
epoch  48
epoch  49
epoch  50
epoch  51
epoch  52
epoch  53
epoch  54
epoch  55
epoch  56
epoch  57
epoch  58
epoch  59
epoch  60
epoch  61
epoch  62
epoch  63
epoch  64
epoch  65
epoch  66
epoch  67
epoch  68
epoch  69
epoch  70
epoch  71
epoch  72
epoch  73
epoch  74
epoch  75
epoch  76
epoch  77
epoch  78
epoch  79
epoch  80
epoch  81
epoch  82
epoch  83
epoch  84
epoch  85
epoch  86
epoch  87
epoch  88
epoch  89
epoch  90
epoch  91
epoch  92
epoch  93
epoch  94
epoch  95
epoch  96
epoch  97
epoch  98
epoch  99
epoch  100
2018-03-26 10:04:49.943173: I tensorflow/core/platform/cpu_feature_guard.cc:137] Your CPU supports instructions that this TensorFlow binary was not compiled to use: SSE4.1 SSE4.2 AVX AVX2 FMA
2018-03-26 10:04:50.324312: I tensorflow/core/common_runtime/gpu/gpu_device.cc:1030] Found device 0 with properties: 
name: GeForce GTX TITAN X major: 5 minor: 2 memoryClockRate(GHz): 1.076
pciBusID: 0000:03:00.0
totalMemory: 11.92GiB freeMemory: 11.78GiB
2018-03-26 10:04:50.324427: I tensorflow/core/common_runtime/gpu/gpu_device.cc:1120] Creating TensorFlow device (/device:GPU:0) -> (device: 0, name: GeForce GTX TITAN X, pci bus id: 0000:03:00.0, compute capability: 5.2)
Using TensorFlow backend.
tcn_tripletloss_value2.py:102: UserWarning: Update your `Model` call to the Keras 2 API: `Model(outputs=Tensor("de..., inputs=Tensor("in...)`
  model = Model(input = inception_model.input, output = x)
tcn_tripletloss_value2.py:126: UserWarning: Update your `Model` call to the Keras 2 API: `Model(outputs=Tensor("mo..., inputs=Tensor("in...)`
  return Model(input=input_img, output=out)
epoch 01
13 2499
flist_v2 0
flist_v2 100
flist_v2 200
flist_v2 300
flist_v2 400
flist_v2 500
flist_v2 600
flist_v2 700
flist_v2 800
flist_v2 900
flist_v2 1000
