epoch 01
13 2600
flist_v2 0
flist_v2 100
flist_v2 200
flist_v2 300
flist_v2 400
flist_v2 500
flist_v2 600
flist_v2 700
flist_v2 800
flist_v2 900
flist_v2 1000
flist_v2 1100
flist_v2 1200
flist_v2 1300
flist_v2 1400
flist_v2 1500
flist_v2 1600
flist_v2 1700
flist_v2 1800
flist_v2 1900
flist_v2 2000
flist_v2 2100
flist_v2 2200
flist_v2 2300
flist_v2 2400
flist_v2 2500
<function shape at 0x7efef9752f28>
0 1275 0.05005868151783943
file_index = 31800
../../dataset/RakutenDS/triplet/input/test_anchor/1860001109/1.png
../../dataset/RakutenDS/triplet/Hamburg_mitsuru/hamburg_myattention/31800.png
0 rank_dist = [0.05005868151783943, 0.059162311255931854, 0.060168638825416565, 0.062116917222738266, 0.06475693732500076] rank_index = [1275, 2371, 1821, 1754, 2128]
<function shape at 0x7efef9752f28>
1 999 0.08411376923322678
file_index = 23520
../../dataset/RakutenDS/triplet/input/test_anchor/1860001109/10.png
../../dataset/RakutenDS/triplet/Hamburg_mitsuru/hamburg_myattention/23520.png
1 rank_dist = [0.10053091496229172, 0.10461588948965073, 0.10736211389303207, 0.11157935857772827, 0.11268941313028336] rank_index = [1015, 2568, 1204, 1090, 2315]
<function shape at 0x7efef9752f28>
2 2490 0.05859532579779625
file_index = 68250
../../dataset/RakutenDS/triplet/input/test_anchor/1860001109/11.png
../../dataset/RakutenDS/triplet/Hamburg_mitsuru/hamburg_myattention/68250.png
2 rank_dist = [0.05859532579779625, 0.06937428563833237, 0.07146790623664856, 0.07249021530151367, 0.07311750948429108] rank_index = [2490, 2524, 1576, 663, 2400]
<function shape at 0x7efef9752f28>
3 1000 0.13351354002952576
file_index = 23550
../../dataset/RakutenDS/triplet/input/test_anchor/1860001109/12.png
../../dataset/RakutenDS/triplet/Hamburg_mitsuru/hamburg_myattention/23550.png
3 rank_dist = [0.15889857709407806, 0.16418695449829102, 0.19742175936698914, 0.19967997074127197, 0.20233528316020966] rank_index = [2569, 1015, 1191, 892, 1090]
<function shape at 0x7efef9752f28>
4 2586 0.12330348044633865
file_index = 71130
../../dataset/RakutenDS/triplet/input/test_anchor/1860001109/13.png
../../dataset/RakutenDS/triplet/Hamburg_mitsuru/hamburg_myattention/71130.png
4 rank_dist = [0.14113520085811615, 0.144332155585289, 0.14488652348518372, 0.14559306204319, 0.1514432728290558] rank_index = [2566, 1193, 1067, 2315, 1097]
<function shape at 0x7efef9752f28>
5 369 0.05509602278470993
file_index = 04620
../../dataset/RakutenDS/triplet/input/test_anchor/1860001109/2.png
../../dataset/RakutenDS/triplet/Hamburg_mitsuru/hamburg_myattention/04620.png
5 rank_dist = [0.06267459690570831, 0.06425643712282181, 0.06588279455900192, 0.06612762063741684, 0.06617582589387894] rank_index = [990, 1242, 1212, 860, 1821]
<function shape at 0x7efef9752f28>
6 992 0.06848345696926117
file_index = 23310
../../dataset/RakutenDS/triplet/input/test_anchor/1860001109/3.png
../../dataset/RakutenDS/triplet/Hamburg_mitsuru/hamburg_myattention/23310.png
6 rank_dist = [0.07626887410879135, 0.07999898493289948, 0.08595459908246994, 0.08952289074659348, 0.09241148084402084] rank_index = [1160, 1003, 1093, 2568, 809]
<function shape at 0x7efef9752f28>
7 892 0.13925136625766754
file_index = 20310
../../dataset/RakutenDS/triplet/input/test_anchor/1860001109/4.png
../../dataset/RakutenDS/triplet/Hamburg_mitsuru/hamburg_myattention/20310.png
7 rank_dist = [0.13925136625766754, 0.18486356735229492, 0.18795433640480042, 0.18881402909755707, 0.19141548871994019] rank_index = [892, 2587, 1197, 961, 1031]
<function shape at 0x7efef9752f28>
8 2343 0.13269902765750885
file_index = 63840
../../dataset/RakutenDS/triplet/input/test_anchor/1860001109/5.png
../../dataset/RakutenDS/triplet/Hamburg_mitsuru/hamburg_myattention/63840.png
8 rank_dist = [0.14278247952461243, 0.14418168365955353, 0.1484019011259079, 0.15392790734767914, 0.1580686718225479] rank_index = [2348, 2524, 2587, 2482, 1576]
<function shape at 0x7efef9752f28>
9 2340 0.057393111288547516
file_index = 63750
../../dataset/RakutenDS/triplet/input/test_anchor/1860001109/6.png
../../dataset/RakutenDS/triplet/Hamburg_mitsuru/hamburg_myattention/63750.png
9 rank_dist = [0.08314177393913269, 0.08614833652973175, 0.08731929212808609, 0.08811181038618088, 0.09001646190881729] rank_index = [629, 2286, 1043, 2401, 2319]
<function shape at 0x7efef9752f28>
10 1821 0.09084223210811615
file_index = 48180
../../dataset/RakutenDS/triplet/input/test_anchor/1860001109/7.png
../../dataset/RakutenDS/triplet/Hamburg_mitsuru/hamburg_myattention/48180.png
10 rank_dist = [0.09084223210811615, 0.09911804646253586, 0.10184165090322495, 0.10212122648954391, 0.10306907445192337] rank_index = [1821, 1230, 2388, 1260, 2322]
<function shape at 0x7efef9752f28>
11 2330 0.05815158411860466
file_index = 63450
../../dataset/RakutenDS/triplet/input/test_anchor/1860001109/8.png
../../dataset/RakutenDS/triplet/Hamburg_mitsuru/hamburg_myattention/63450.png
11 rank_dist = [0.061991240829229355, 0.06743161380290985, 0.06809606403112411, 0.06997715681791306, 0.07055199891328812] rank_index = [981, 1144, 2316, 629, 2354]
<function shape at 0x7efef9752f28>
12 985 0.06042105704545975
file_index = 23100
../../dataset/RakutenDS/triplet/input/test_anchor/1860001109/9.png
../../dataset/RakutenDS/triplet/Hamburg_mitsuru/hamburg_myattention/23100.png
12 rank_dist = [0.06042105704545975, 0.08410292118787766, 0.0883471667766571, 0.08899207413196564, 0.09031416475772858] rank_index = [985, 1097, 2487, 2116, 2322]
key_indexs = [31800, 23520, 68250, 23550, 71130, 4620, 23310, 20310, 63840, 63750, 48180, 63450, 23100]
[]
epoch 02
13 2600
flist_v2 0
flist_v2 100
flist_v2 200
flist_v2 300
flist_v2 400
flist_v2 500
flist_v2 600
flist_v2 700
flist_v2 800
flist_v2 900
flist_v2 1000
flist_v2 1100
flist_v2 1200
flist_v2 1300
flist_v2 1400
flist_v2 1500
flist_v2 1600
flist_v2 1700
flist_v2 1800
flist_v2 1900
flist_v2 2000
flist_v2 2100
flist_v2 2200
flist_v2 2300
flist_v2 2400
flist_v2 2500
<function shape at 0x7efef9752f28>
0 361 0.05173882097005844
file_index = 04380
../../dataset/RakutenDS/triplet/input/test_anchor/1860001109/1.png
../../dataset/RakutenDS/triplet/Hamburg_mitsuru/hamburg_myattention/04380.png
0 rank_dist = [0.05524720251560211, 0.055847518146038055, 0.06343817710876465, 0.0647168979048729, 0.07182972878217697] rank_index = [1183, 630, 2342, 270, 1085]
<function shape at 0x7efef9752f28>
1 2339 0.08407386392354965
file_index = 63720
../../dataset/RakutenDS/triplet/input/test_anchor/1860001109/10.png
../../dataset/RakutenDS/triplet/Hamburg_mitsuru/hamburg_myattention/63720.png
1 rank_dist = [0.10909207910299301, 0.10947012901306152, 0.11394517123699188, 0.1145586147904396, 0.11462045460939407] rank_index = [2498, 2320, 2421, 2464, 2366]
<function shape at 0x7efef9752f28>
2 605 0.07404458522796631
file_index = 11700
../../dataset/RakutenDS/triplet/input/test_anchor/1860001109/11.png
../../dataset/RakutenDS/triplet/Hamburg_mitsuru/hamburg_myattention/11700.png
2 rank_dist = [0.07916524261236191, 0.07928156852722168, 0.08271780610084534, 0.0833216980099678, 0.08362043648958206] rank_index = [739, 2598, 120, 2345, 773]
<function shape at 0x7efef9752f28>
3 966 0.04311145097017288
file_index = 22530
../../dataset/RakutenDS/triplet/input/test_anchor/1860001109/12.png
../../dataset/RakutenDS/triplet/Hamburg_mitsuru/hamburg_myattention/22530.png
3 rank_dist = [0.05615020543336868, 0.057506632059812546, 0.058153387159109116, 0.05860438197851181, 0.060206104069948196] rank_index = [923, 983, 1199, 2315, 1158]
<function shape at 0x7efef9752f28>
4 2318 0.11105731129646301
file_index = 63090
../../dataset/RakutenDS/triplet/input/test_anchor/1860001109/13.png
../../dataset/RakutenDS/triplet/Hamburg_mitsuru/hamburg_myattention/63090.png
4 rank_dist = [0.13686491549015045, 0.1383611261844635, 0.1417144387960434, 0.14274311065673828, 0.14407113194465637] rank_index = [2348, 629, 2581, 2317, 1179]
<function shape at 0x7efef9752f28>
5 528 0.04475225508213043
file_index = 09390
../../dataset/RakutenDS/triplet/input/test_anchor/1860001109/2.png
../../dataset/RakutenDS/triplet/Hamburg_mitsuru/hamburg_myattention/09390.png
5 rank_dist = [0.04888246953487396, 0.049719229340553284, 0.05390862002968788, 0.055425819009542465, 0.05806596577167511] rank_index = [565, 1212, 1242, 2564, 1272]
<function shape at 0x7efef9752f28>
6 600 0.0358266606926918
file_index = 11550
../../dataset/RakutenDS/triplet/input/test_anchor/1860001109/3.png
../../dataset/RakutenDS/triplet/Hamburg_mitsuru/hamburg_myattention/11550.png
6 rank_dist = [0.048189926892519, 0.049849748611450195, 0.050982385873794556, 0.05108742043375969, 0.05203098803758621] rank_index = [1130, 1040, 332, 2570, 2347]
<function shape at 0x7efef9752f28>
7 2487 0.07490573078393936
file_index = 68160
../../dataset/RakutenDS/triplet/input/test_anchor/1860001109/4.png
../../dataset/RakutenDS/triplet/Hamburg_mitsuru/hamburg_myattention/68160.png
7 rank_dist = [0.09815897792577744, 0.1040719747543335, 0.10696807503700256, 0.1076124906539917, 0.10913660377264023] rank_index = [2484, 1905, 2439, 993, 2366]
<function shape at 0x7efef9752f28>
8 1028 0.05500040203332901
file_index = 24390
../../dataset/RakutenDS/triplet/input/test_anchor/1860001109/5.png
../../dataset/RakutenDS/triplet/Hamburg_mitsuru/hamburg_myattention/24390.png
8 rank_dist = [0.07740705460309982, 0.0836935043334961, 0.0872814878821373, 0.08781976252794266, 0.0913173258304596] rank_index = [983, 923, 2331, 1158, 628]
<function shape at 0x7efef9752f28>
9 360 0.04355378448963165
file_index = 04350
../../dataset/RakutenDS/triplet/input/test_anchor/1860001109/6.png
../../dataset/RakutenDS/triplet/Hamburg_mitsuru/hamburg_myattention/04350.png
9 rank_dist = [0.04809325933456421, 0.04949236288666725, 0.05122501775622368, 0.05154002830386162, 0.05204242467880249] rank_index = [1040, 332, 1100, 259, 2351]
<function shape at 0x7efef9752f28>
10 2340 0.04711035266518593
file_index = 63750
../../dataset/RakutenDS/triplet/input/test_anchor/1860001109/7.png
../../dataset/RakutenDS/triplet/Hamburg_mitsuru/hamburg_myattention/63750.png
10 rank_dist = [0.05014422908425331, 0.05453262850642204, 0.054582346230745316, 0.054751258343458176, 0.05551156774163246] rank_index = [2315, 2562, 2491, 1035, 2527]
<function shape at 0x7efef9752f28>
11 2568 0.04864068701863289
file_index = 70590
../../dataset/RakutenDS/triplet/input/test_anchor/1860001109/8.png
../../dataset/RakutenDS/triplet/Hamburg_mitsuru/hamburg_myattention/70590.png
11 rank_dist = [0.04864068701863289, 0.05010257661342621, 0.05831988528370857, 0.06006337329745293, 0.060670945793390274] rank_index = [2568, 1097, 945, 521, 1021]
<function shape at 0x7efef9752f28>
12 1274 0.060509998351335526
file_index = 31770
../../dataset/RakutenDS/triplet/input/test_anchor/1860001109/9.png
../../dataset/RakutenDS/triplet/Hamburg_mitsuru/hamburg_myattention/31770.png
12 rank_dist = [0.06231343001127243, 0.06624710559844971, 0.0667668879032135, 0.06711355596780777, 0.07058723270893097] rank_index = [892, 1212, 1242, 1272, 2543]
key_indexs = [31800, 23520, 68250, 23550, 71130, 4620, 23310, 20310, 63840, 63750, 48180, 63450, 23100, 4380, 63720, 11700, 22530, 63090, 9390, 11550, 68160, 24390, 4350, 63750, 70590, 31770]
[]
epoch 03
13 2600
flist_v2 0
flist_v2 100
flist_v2 200
flist_v2 300
flist_v2 400
flist_v2 500
flist_v2 600
flist_v2 700
flist_v2 800
flist_v2 900
flist_v2 1000
