epoch 01
13 2600
flist_v2 0
flist_v2 100
flist_v2 200
flist_v2 300
flist_v2 400
flist_v2 500
flist_v2 600
flist_v2 700
flist_v2 800
flist_v2 900
flist_v2 1000
flist_v2 1100
flist_v2 1200
flist_v2 1300
flist_v2 1400
flist_v2 1500
flist_v2 1600
flist_v2 1700
flist_v2 1800
flist_v2 1900
flist_v2 2000
flist_v2 2100
flist_v2 2200
flist_v2 2300
flist_v2 2400
flist_v2 2500
<function shape at 0x7f2085b11d90>
0 0 0.0
file_index = 00001
../../dataset/RakutenDS/triplet/input/test_anchor/1860001109/1.png
../../dataset/RakutenDS/triplet/Hamburg_mitsuru/hamburg_myattention/00001.png
<function shape at 0x7f2085b11d90>
1 0 0.0
file_index = 00001
../../dataset/RakutenDS/triplet/input/test_anchor/1860001109/10.png
../../dataset/RakutenDS/triplet/Hamburg_mitsuru/hamburg_myattention/00001.png
<function shape at 0x7f2085b11d90>
2 0 0.0
file_index = 00001
../../dataset/RakutenDS/triplet/input/test_anchor/1860001109/11.png
../../dataset/RakutenDS/triplet/Hamburg_mitsuru/hamburg_myattention/00001.png
<function shape at 0x7f2085b11d90>
3 0 0.0
file_index = 00001
../../dataset/RakutenDS/triplet/input/test_anchor/1860001109/12.png
../../dataset/RakutenDS/triplet/Hamburg_mitsuru/hamburg_myattention/00001.png
<function shape at 0x7f2085b11d90>
4 0 0.0
file_index = 00001
../../dataset/RakutenDS/triplet/input/test_anchor/1860001109/13.png
../../dataset/RakutenDS/triplet/Hamburg_mitsuru/hamburg_myattention/00001.png
<function shape at 0x7f2085b11d90>
5 0 0.0
file_index = 00001
../../dataset/RakutenDS/triplet/input/test_anchor/1860001109/2.png
../../dataset/RakutenDS/triplet/Hamburg_mitsuru/hamburg_myattention/00001.png
<function shape at 0x7f2085b11d90>
6 0 0.0
file_index = 00001
../../dataset/RakutenDS/triplet/input/test_anchor/1860001109/3.png
../../dataset/RakutenDS/triplet/Hamburg_mitsuru/hamburg_myattention/00001.png
<function shape at 0x7f2085b11d90>
7 0 0.0
file_index = 00001
../../dataset/RakutenDS/triplet/input/test_anchor/1860001109/4.png
../../dataset/RakutenDS/triplet/Hamburg_mitsuru/hamburg_myattention/00001.png
<function shape at 0x7f2085b11d90>
8 0 0.0
file_index = 00001
../../dataset/RakutenDS/triplet/input/test_anchor/1860001109/5.png
../../dataset/RakutenDS/triplet/Hamburg_mitsuru/hamburg_myattention/00001.png
<function shape at 0x7f2085b11d90>
9 0 0.0
file_index = 00001
../../dataset/RakutenDS/triplet/input/test_anchor/1860001109/6.png
../../dataset/RakutenDS/triplet/Hamburg_mitsuru/hamburg_myattention/00001.png
<function shape at 0x7f2085b11d90>
10 0 0.0
file_index = 00001
../../dataset/RakutenDS/triplet/input/test_anchor/1860001109/7.png
../../dataset/RakutenDS/triplet/Hamburg_mitsuru/hamburg_myattention/00001.png
<function shape at 0x7f2085b11d90>
11 0 0.0
file_index = 00001
../../dataset/RakutenDS/triplet/input/test_anchor/1860001109/8.png
../../dataset/RakutenDS/triplet/Hamburg_mitsuru/hamburg_myattention/00001.png
<function shape at 0x7f2085b11d90>
12 0 0.0
file_index = 00001
../../dataset/RakutenDS/triplet/input/test_anchor/1860001109/9.png
../../dataset/RakutenDS/triplet/Hamburg_mitsuru/hamburg_myattention/00001.png
13 files, 1 corrects, accuracy = 0.07692307692307693
[0.07692307692307693]
epoch 02
13 2600
flist_v2 0
flist_v2 100
flist_v2 200
flist_v2 300
flist_v2 400
flist_v2 500
flist_v2 600
flist_v2 700
flist_v2 800
flist_v2 900
flist_v2 1000
flist_v2 1100
flist_v2 1200
flist_v2 1300
flist_v2 1400
flist_v2 1500
flist_v2 1600
flist_v2 1700
flist_v2 1800
flist_v2 1900
flist_v2 2000
flist_v2 2100
flist_v2 2200
flist_v2 2300
flist_v2 2400
flist_v2 2500
<function shape at 0x7f2085b11d90>
0 0 0.0
file_index = 00001
../../dataset/RakutenDS/triplet/input/test_anchor/1860001109/1.png
../../dataset/RakutenDS/triplet/Hamburg_mitsuru/hamburg_myattention/00001.png
<function shape at 0x7f2085b11d90>
1 0 0.0
file_index = 00001
../../dataset/RakutenDS/triplet/input/test_anchor/1860001109/10.png
../../dataset/RakutenDS/triplet/Hamburg_mitsuru/hamburg_myattention/00001.png
<function shape at 0x7f2085b11d90>
2 0 0.0
file_index = 00001
../../dataset/RakutenDS/triplet/input/test_anchor/1860001109/11.png
../../dataset/RakutenDS/triplet/Hamburg_mitsuru/hamburg_myattention/00001.png
<function shape at 0x7f2085b11d90>
3 0 0.0
file_index = 00001
../../dataset/RakutenDS/triplet/input/test_anchor/1860001109/12.png
../../dataset/RakutenDS/triplet/Hamburg_mitsuru/hamburg_myattention/00001.png
<function shape at 0x7f2085b11d90>
4 0 0.0
file_index = 00001
../../dataset/RakutenDS/triplet/input/test_anchor/1860001109/13.png
../../dataset/RakutenDS/triplet/Hamburg_mitsuru/hamburg_myattention/00001.png
<function shape at 0x7f2085b11d90>
5 0 0.0
file_index = 00001
../../dataset/RakutenDS/triplet/input/test_anchor/1860001109/2.png
../../dataset/RakutenDS/triplet/Hamburg_mitsuru/hamburg_myattention/00001.png
<function shape at 0x7f2085b11d90>
6 0 0.0
file_index = 00001
../../dataset/RakutenDS/triplet/input/test_anchor/1860001109/3.png
../../dataset/RakutenDS/triplet/Hamburg_mitsuru/hamburg_myattention/00001.png
<function shape at 0x7f2085b11d90>
7 0 0.0
file_index = 00001
../../dataset/RakutenDS/triplet/input/test_anchor/1860001109/4.png
../../dataset/RakutenDS/triplet/Hamburg_mitsuru/hamburg_myattention/00001.png
<function shape at 0x7f2085b11d90>
8 0 0.0
file_index = 00001
../../dataset/RakutenDS/triplet/input/test_anchor/1860001109/5.png
../../dataset/RakutenDS/triplet/Hamburg_mitsuru/hamburg_myattention/00001.png
<function shape at 0x7f2085b11d90>
9 0 0.0
file_index = 00001
../../dataset/RakutenDS/triplet/input/test_anchor/1860001109/6.png
../../dataset/RakutenDS/triplet/Hamburg_mitsuru/hamburg_myattention/00001.png
<function shape at 0x7f2085b11d90>
10 0 0.0
file_index = 00001
../../dataset/RakutenDS/triplet/input/test_anchor/1860001109/7.png
../../dataset/RakutenDS/triplet/Hamburg_mitsuru/hamburg_myattention/00001.png
<function shape at 0x7f2085b11d90>
11 0 0.0
file_index = 00001
../../dataset/RakutenDS/triplet/input/test_anchor/1860001109/8.png
../../dataset/RakutenDS/triplet/Hamburg_mitsuru/hamburg_myattention/00001.png
<function shape at 0x7f2085b11d90>
12 0 0.0
file_index = 00001
../../dataset/RakutenDS/triplet/input/test_anchor/1860001109/9.png
../../dataset/RakutenDS/triplet/Hamburg_mitsuru/hamburg_myattention/00001.png
13 files, 1 corrects, accuracy = 0.07692307692307693
[0.07692307692307693, 0.07692307692307693]
epoch 03
13 2600
flist_v2 0
flist_v2 100
flist_v2 200
flist_v2 300
flist_v2 400
flist_v2 500
flist_v2 600
flist_v2 700
flist_v2 800
flist_v2 900
flist_v2 1000
flist_v2 1100
flist_v2 1200
flist_v2 1300
flist_v2 1400
flist_v2 1500
flist_v2 1600
flist_v2 1700
flist_v2 1800
flist_v2 1900
flist_v2 2000
flist_v2 2100
flist_v2 2200
flist_v2 2300
flist_v2 2400
flist_v2 2500
<function shape at 0x7f2085b11d90>
0 0 0.0
file_index = 00001
../../dataset/RakutenDS/triplet/input/test_anchor/1860001109/1.png
../../dataset/RakutenDS/triplet/Hamburg_mitsuru/hamburg_myattention/00001.png
<function shape at 0x7f2085b11d90>
1 0 0.0
file_index = 00001
../../dataset/RakutenDS/triplet/input/test_anchor/1860001109/10.png
../../dataset/RakutenDS/triplet/Hamburg_mitsuru/hamburg_myattention/00001.png
<function shape at 0x7f2085b11d90>
2 0 0.0
file_index = 00001
../../dataset/RakutenDS/triplet/input/test_anchor/1860001109/11.png
../../dataset/RakutenDS/triplet/Hamburg_mitsuru/hamburg_myattention/00001.png
<function shape at 0x7f2085b11d90>
3 0 0.0
file_index = 00001
../../dataset/RakutenDS/triplet/input/test_anchor/1860001109/12.png
../../dataset/RakutenDS/triplet/Hamburg_mitsuru/hamburg_myattention/00001.png
<function shape at 0x7f2085b11d90>
4 0 0.0
file_index = 00001
../../dataset/RakutenDS/triplet/input/test_anchor/1860001109/13.png
../../dataset/RakutenDS/triplet/Hamburg_mitsuru/hamburg_myattention/00001.png
<function shape at 0x7f2085b11d90>
5 0 0.0
file_index = 00001
../../dataset/RakutenDS/triplet/input/test_anchor/1860001109/2.png
../../dataset/RakutenDS/triplet/Hamburg_mitsuru/hamburg_myattention/00001.png
<function shape at 0x7f2085b11d90>
6 0 0.0
file_index = 00001
../../dataset/RakutenDS/triplet/input/test_anchor/1860001109/3.png
../../dataset/RakutenDS/triplet/Hamburg_mitsuru/hamburg_myattention/00001.png
<function shape at 0x7f2085b11d90>
7 0 0.0
file_index = 00001
../../dataset/RakutenDS/triplet/input/test_anchor/1860001109/4.png
../../dataset/RakutenDS/triplet/Hamburg_mitsuru/hamburg_myattention/00001.png
<function shape at 0x7f2085b11d90>
8 0 0.0
file_index = 00001
../../dataset/RakutenDS/triplet/input/test_anchor/1860001109/5.png
../../dataset/RakutenDS/triplet/Hamburg_mitsuru/hamburg_myattention/00001.png
<function shape at 0x7f2085b11d90>
9 0 0.0
file_index = 00001
../../dataset/RakutenDS/triplet/input/test_anchor/1860001109/6.png
../../dataset/RakutenDS/triplet/Hamburg_mitsuru/hamburg_myattention/00001.png
<function shape at 0x7f2085b11d90>
10 0 0.0
file_index = 00001
../../dataset/RakutenDS/triplet/input/test_anchor/1860001109/7.png
../../dataset/RakutenDS/triplet/Hamburg_mitsuru/hamburg_myattention/00001.png
<function shape at 0x7f2085b11d90>
11 0 0.0
file_index = 00001
../../dataset/RakutenDS/triplet/input/test_anchor/1860001109/8.png
../../dataset/RakutenDS/triplet/Hamburg_mitsuru/hamburg_myattention/00001.png
<function shape at 0x7f2085b11d90>
12 0 0.0
file_index = 00001
../../dataset/RakutenDS/triplet/input/test_anchor/1860001109/9.png
../../dataset/RakutenDS/triplet/Hamburg_mitsuru/hamburg_myattention/00001.png
13 files, 1 corrects, accuracy = 0.07692307692307693
[0.07692307692307693, 0.07692307692307693, 0.07692307692307693]
epoch 04
13 2600
flist_v2 0
flist_v2 100
flist_v2 200
flist_v2 300
flist_v2 400
flist_v2 500
flist_v2 600
flist_v2 700
flist_v2 800
flist_v2 900
flist_v2 1000
flist_v2 1100
flist_v2 1200
flist_v2 1300
flist_v2 1400
flist_v2 1500
flist_v2 1600
flist_v2 1700
flist_v2 1800
flist_v2 1900
flist_v2 2000
flist_v2 2100
flist_v2 2200
flist_v2 2300
flist_v2 2400
flist_v2 2500
<function shape at 0x7f2085b11d90>
0 0 0.0
file_index = 00001
../../dataset/RakutenDS/triplet/input/test_anchor/1860001109/1.png
../../dataset/RakutenDS/triplet/Hamburg_mitsuru/hamburg_myattention/00001.png
<function shape at 0x7f2085b11d90>
1 0 0.0
file_index = 00001
../../dataset/RakutenDS/triplet/input/test_anchor/1860001109/10.png
../../dataset/RakutenDS/triplet/Hamburg_mitsuru/hamburg_myattention/00001.png
<function shape at 0x7f2085b11d90>
2 0 0.0
file_index = 00001
../../dataset/RakutenDS/triplet/input/test_anchor/1860001109/11.png
../../dataset/RakutenDS/triplet/Hamburg_mitsuru/hamburg_myattention/00001.png
<function shape at 0x7f2085b11d90>
3 0 0.0
file_index = 00001
../../dataset/RakutenDS/triplet/input/test_anchor/1860001109/12.png
../../dataset/RakutenDS/triplet/Hamburg_mitsuru/hamburg_myattention/00001.png
<function shape at 0x7f2085b11d90>
4 0 0.0
file_index = 00001
../../dataset/RakutenDS/triplet/input/test_anchor/1860001109/13.png
../../dataset/RakutenDS/triplet/Hamburg_mitsuru/hamburg_myattention/00001.png
<function shape at 0x7f2085b11d90>
5 0 0.0
file_index = 00001
../../dataset/RakutenDS/triplet/input/test_anchor/1860001109/2.png
../../dataset/RakutenDS/triplet/Hamburg_mitsuru/hamburg_myattention/00001.png
<function shape at 0x7f2085b11d90>
6 0 0.0
file_index = 00001
../../dataset/RakutenDS/triplet/input/test_anchor/1860001109/3.png
../../dataset/RakutenDS/triplet/Hamburg_mitsuru/hamburg_myattention/00001.png
<function shape at 0x7f2085b11d90>
7 0 0.0
file_index = 00001
../../dataset/RakutenDS/triplet/input/test_anchor/1860001109/4.png
../../dataset/RakutenDS/triplet/Hamburg_mitsuru/hamburg_myattention/00001.png
<function shape at 0x7f2085b11d90>
8 0 0.0
file_index = 00001
../../dataset/RakutenDS/triplet/input/test_anchor/1860001109/5.png
../../dataset/RakutenDS/triplet/Hamburg_mitsuru/hamburg_myattention/00001.png
<function shape at 0x7f2085b11d90>
9 0 0.0
file_index = 00001
../../dataset/RakutenDS/triplet/input/test_anchor/1860001109/6.png
../../dataset/RakutenDS/triplet/Hamburg_mitsuru/hamburg_myattention/00001.png
<function shape at 0x7f2085b11d90>
10 0 0.0
file_index = 00001
../../dataset/RakutenDS/triplet/input/test_anchor/1860001109/7.png
../../dataset/RakutenDS/triplet/Hamburg_mitsuru/hamburg_myattention/00001.png
<function shape at 0x7f2085b11d90>
11 0 0.0
file_index = 00001
../../dataset/RakutenDS/triplet/input/test_anchor/1860001109/8.png
../../dataset/RakutenDS/triplet/Hamburg_mitsuru/hamburg_myattention/00001.png
<function shape at 0x7f2085b11d90>
12 0 0.0
file_index = 00001
../../dataset/RakutenDS/triplet/input/test_anchor/1860001109/9.png
../../dataset/RakutenDS/triplet/Hamburg_mitsuru/hamburg_myattention/00001.png
13 files, 1 corrects, accuracy = 0.07692307692307693
[0.07692307692307693, 0.07692307692307693, 0.07692307692307693, 0.07692307692307693]
epoch 05
13 2600
flist_v2 0
flist_v2 100
flist_v2 200
flist_v2 300
flist_v2 400
flist_v2 500
flist_v2 600
flist_v2 700
flist_v2 800
flist_v2 900
flist_v2 1000
flist_v2 1100
flist_v2 1200
flist_v2 1300
flist_v2 1400
flist_v2 1500
flist_v2 1600
flist_v2 1700
flist_v2 1800
flist_v2 1900
flist_v2 2000
flist_v2 2100
flist_v2 2200
flist_v2 2300
flist_v2 2400
flist_v2 2500
<function shape at 0x7f2085b11d90>
0 0 0.0
file_index = 00001
../../dataset/RakutenDS/triplet/input/test_anchor/1860001109/1.png
../../dataset/RakutenDS/triplet/Hamburg_mitsuru/hamburg_myattention/00001.png
<function shape at 0x7f2085b11d90>
1 0 0.0
file_index = 00001
../../dataset/RakutenDS/triplet/input/test_anchor/1860001109/10.png
../../dataset/RakutenDS/triplet/Hamburg_mitsuru/hamburg_myattention/00001.png
<function shape at 0x7f2085b11d90>
2 0 0.0
file_index = 00001
../../dataset/RakutenDS/triplet/input/test_anchor/1860001109/11.png
../../dataset/RakutenDS/triplet/Hamburg_mitsuru/hamburg_myattention/00001.png
<function shape at 0x7f2085b11d90>
3 0 0.0
file_index = 00001
../../dataset/RakutenDS/triplet/input/test_anchor/1860001109/12.png
../../dataset/RakutenDS/triplet/Hamburg_mitsuru/hamburg_myattention/00001.png
<function shape at 0x7f2085b11d90>
4 0 0.0
file_index = 00001
../../dataset/RakutenDS/triplet/input/test_anchor/1860001109/13.png
../../dataset/RakutenDS/triplet/Hamburg_mitsuru/hamburg_myattention/00001.png
<function shape at 0x7f2085b11d90>
5 0 0.0
file_index = 00001
../../dataset/RakutenDS/triplet/input/test_anchor/1860001109/2.png
../../dataset/RakutenDS/triplet/Hamburg_mitsuru/hamburg_myattention/00001.png
<function shape at 0x7f2085b11d90>
6 0 0.0
file_index = 00001
../../dataset/RakutenDS/triplet/input/test_anchor/1860001109/3.png
../../dataset/RakutenDS/triplet/Hamburg_mitsuru/hamburg_myattention/00001.png
<function shape at 0x7f2085b11d90>
7 0 0.0
file_index = 00001
../../dataset/RakutenDS/triplet/input/test_anchor/1860001109/4.png
../../dataset/RakutenDS/triplet/Hamburg_mitsuru/hamburg_myattention/00001.png
<function shape at 0x7f2085b11d90>
8 0 0.0
file_index = 00001
../../dataset/RakutenDS/triplet/input/test_anchor/1860001109/5.png
../../dataset/RakutenDS/triplet/Hamburg_mitsuru/hamburg_myattention/00001.png
<function shape at 0x7f2085b11d90>
9 0 0.0
file_index = 00001
../../dataset/RakutenDS/triplet/input/test_anchor/1860001109/6.png
../../dataset/RakutenDS/triplet/Hamburg_mitsuru/hamburg_myattention/00001.png
<function shape at 0x7f2085b11d90>
10 0 0.0
file_index = 00001
../../dataset/RakutenDS/triplet/input/test_anchor/1860001109/7.png
../../dataset/RakutenDS/triplet/Hamburg_mitsuru/hamburg_myattention/00001.png
<function shape at 0x7f2085b11d90>
11 0 0.0
file_index = 00001
../../dataset/RakutenDS/triplet/input/test_anchor/1860001109/8.png
../../dataset/RakutenDS/triplet/Hamburg_mitsuru/hamburg_myattention/00001.png
<function shape at 0x7f2085b11d90>
12 0 0.0
file_index = 00001
../../dataset/RakutenDS/triplet/input/test_anchor/1860001109/9.png
../../dataset/RakutenDS/triplet/Hamburg_mitsuru/hamburg_myattention/00001.png
13 files, 1 corrects, accuracy = 0.07692307692307693
[0.07692307692307693, 0.07692307692307693, 0.07692307692307693, 0.07692307692307693, 0.07692307692307693]
epoch 06
13 2600
flist_v2 0
flist_v2 100
flist_v2 200
flist_v2 300
flist_v2 400
flist_v2 500
flist_v2 600
flist_v2 700
flist_v2 800
flist_v2 900
flist_v2 1000
flist_v2 1100
flist_v2 1200
flist_v2 1300
flist_v2 1400
flist_v2 1500
flist_v2 1600
flist_v2 1700
flist_v2 1800
flist_v2 1900
flist_v2 2000
flist_v2 2100
flist_v2 2200
flist_v2 2300
flist_v2 2400
flist_v2 2500
<function shape at 0x7f2085b11d90>
0 0 0.0
file_index = 00001
../../dataset/RakutenDS/triplet/input/test_anchor/1860001109/1.png
../../dataset/RakutenDS/triplet/Hamburg_mitsuru/hamburg_myattention/00001.png
<function shape at 0x7f2085b11d90>
1 0 0.0
file_index = 00001
../../dataset/RakutenDS/triplet/input/test_anchor/1860001109/10.png
../../dataset/RakutenDS/triplet/Hamburg_mitsuru/hamburg_myattention/00001.png
<function shape at 0x7f2085b11d90>
2 0 0.0
file_index = 00001
../../dataset/RakutenDS/triplet/input/test_anchor/1860001109/11.png
../../dataset/RakutenDS/triplet/Hamburg_mitsuru/hamburg_myattention/00001.png
<function shape at 0x7f2085b11d90>
3 0 0.0
file_index = 00001
../../dataset/RakutenDS/triplet/input/test_anchor/1860001109/12.png
../../dataset/RakutenDS/triplet/Hamburg_mitsuru/hamburg_myattention/00001.png
<function shape at 0x7f2085b11d90>
4 0 0.0
file_index = 00001
../../dataset/RakutenDS/triplet/input/test_anchor/1860001109/13.png
../../dataset/RakutenDS/triplet/Hamburg_mitsuru/hamburg_myattention/00001.png
<function shape at 0x7f2085b11d90>
5 0 0.0
file_index = 00001
../../dataset/RakutenDS/triplet/input/test_anchor/1860001109/2.png
../../dataset/RakutenDS/triplet/Hamburg_mitsuru/hamburg_myattention/00001.png
<function shape at 0x7f2085b11d90>
6 0 0.0
file_index = 00001
../../dataset/RakutenDS/triplet/input/test_anchor/1860001109/3.png
../../dataset/RakutenDS/triplet/Hamburg_mitsuru/hamburg_myattention/00001.png
<function shape at 0x7f2085b11d90>
7 0 0.0
file_index = 00001
../../dataset/RakutenDS/triplet/input/test_anchor/1860001109/4.png
../../dataset/RakutenDS/triplet/Hamburg_mitsuru/hamburg_myattention/00001.png
<function shape at 0x7f2085b11d90>
8 0 0.0
file_index = 00001
../../dataset/RakutenDS/triplet/input/test_anchor/1860001109/5.png
../../dataset/RakutenDS/triplet/Hamburg_mitsuru/hamburg_myattention/00001.png
<function shape at 0x7f2085b11d90>
9 0 0.0
file_index = 00001
../../dataset/RakutenDS/triplet/input/test_anchor/1860001109/6.png
../../dataset/RakutenDS/triplet/Hamburg_mitsuru/hamburg_myattention/00001.png
<function shape at 0x7f2085b11d90>
10 0 0.0
file_index = 00001
../../dataset/RakutenDS/triplet/input/test_anchor/1860001109/7.png
../../dataset/RakutenDS/triplet/Hamburg_mitsuru/hamburg_myattention/00001.png
<function shape at 0x7f2085b11d90>
11 0 0.0
file_index = 00001
../../dataset/RakutenDS/triplet/input/test_anchor/1860001109/8.png
../../dataset/RakutenDS/triplet/Hamburg_mitsuru/hamburg_myattention/00001.png
<function shape at 0x7f2085b11d90>
12 0 0.0
file_index = 00001
../../dataset/RakutenDS/triplet/input/test_anchor/1860001109/9.png
../../dataset/RakutenDS/triplet/Hamburg_mitsuru/hamburg_myattention/00001.png
13 files, 1 corrects, accuracy = 0.07692307692307693
[0.07692307692307693, 0.07692307692307693, 0.07692307692307693, 0.07692307692307693, 0.07692307692307693, 0.07692307692307693]
epoch 07
13 2600
flist_v2 0
flist_v2 100
flist_v2 200
flist_v2 300
flist_v2 400
flist_v2 500
flist_v2 600
flist_v2 700
flist_v2 800
flist_v2 900
flist_v2 1000
flist_v2 1100
flist_v2 1200
flist_v2 1300
flist_v2 1400
flist_v2 1500
flist_v2 1600
flist_v2 1700
flist_v2 1800
flist_v2 1900
