epoch 01
5 2600
flist_v2 0
flist_v2 100
flist_v2 200
flist_v2 300
flist_v2 400
flist_v2 500
flist_v2 600
flist_v2 700
flist_v2 800
flist_v2 900
flist_v2 1000
flist_v2 1100
flist_v2 1200
flist_v2 1300
flist_v2 1400
flist_v2 1500
flist_v2 1600
flist_v2 1700
flist_v2 1800
flist_v2 1900
flist_v2 2000
flist_v2 2100
flist_v2 2200
flist_v2 2300
flist_v2 2400
flist_v2 2500
<function shape at 0x7fc7e2029f28>
0 2591 0.16942287981510162
file_index = 71280
../../dataset/RakutenDS/triplet/input/test_anchor/1120005769/1.png
../../dataset/RakutenDS/triplet/Hamburg_mitsuru/hamburg_myattention/71280.png
0 rank_dist = [0.2251558154821396, 0.2470513880252838, 0.24985268712043762, 0.26232486963272095, 0.2634519040584564] rank_index = [2565, 450, 1200, 2318, 600]
<function shape at 0x7fc7e2029f28>
1 1665 0.11335233598947525
file_index = 43500
../../dataset/RakutenDS/triplet/input/test_anchor/1120005769/3.png
../../dataset/RakutenDS/triplet/Hamburg_mitsuru/hamburg_myattention/43500.png
1 rank_dist = [0.14583280682563782, 0.153708815574646, 0.15399593114852905, 0.1550952047109604, 0.16104565560817719] rank_index = [1653, 1953, 2269, 2465, 1803]
<function shape at 0x7fc7e2029f28>
2 1147 0.08910971879959106
file_index = 27960
../../dataset/RakutenDS/triplet/input/test_anchor/1120005769/4.png
../../dataset/RakutenDS/triplet/Hamburg_mitsuru/hamburg_myattention/27960.png
2 rank_dist = [0.1659601479768753, 0.17759495973587036, 0.18472479283809662, 0.18785877525806427, 0.1921311467885971] rank_index = [750, 1800, 1950, 2295, 2489]
<function shape at 0x7fc7e2029f28>
3 2364 0.23438610136508942
file_index = 64470
../../dataset/RakutenDS/triplet/input/test_anchor/1120005769/5.png
../../dataset/RakutenDS/triplet/Hamburg_mitsuru/hamburg_myattention/64470.png
3 rank_dist = [0.27966248989105225, 0.28537794947624207, 0.30013179779052734, 0.3044200837612152, 0.30787819623947144] rank_index = [1800, 1950, 1650, 2489, 2273]
<function shape at 0x7fc7e2029f28>
4 1129 0.16981881856918335
file_index = 27420
../../dataset/RakutenDS/triplet/input/test_anchor/1120005769/6.png
../../dataset/RakutenDS/triplet/Hamburg_mitsuru/hamburg_myattention/27420.png
4 rank_dist = [0.20130908489227295, 0.20864708721637726, 0.21166077256202698, 0.21214981377124786, 0.21292158961296082] rank_index = [1800, 2572, 1650, 2303, 2111]
key_indexs = [71280, 43500, 27960, 64470, 27420]
[]
epoch 02
5 2600
flist_v2 0
flist_v2 100
flist_v2 200
flist_v2 300
flist_v2 400
flist_v2 500
flist_v2 600
flist_v2 700
flist_v2 800
flist_v2 900
flist_v2 1000
flist_v2 1100
flist_v2 1200
flist_v2 1300
flist_v2 1400
flist_v2 1500
flist_v2 1600
flist_v2 1700
flist_v2 1800
flist_v2 1900
flist_v2 2000
flist_v2 2100
flist_v2 2200
flist_v2 2300
flist_v2 2400
flist_v2 2500
<function shape at 0x7fc7e2029f28>
0 2487 0.12050730735063553
file_index = 68160
../../dataset/RakutenDS/triplet/input/test_anchor/1120005769/1.png
../../dataset/RakutenDS/triplet/Hamburg_mitsuru/hamburg_myattention/68160.png
0 rank_dist = [0.16843092441558838, 0.17191968858242035, 0.17223897576332092, 0.17527280747890472, 0.18660874664783478] rank_index = [2420, 1200, 2593, 1350, 2100]
<function shape at 0x7fc7e2029f28>
1 2581 0.05708165094256401
file_index = 70980
../../dataset/RakutenDS/triplet/input/test_anchor/1120005769/3.png
../../dataset/RakutenDS/triplet/Hamburg_mitsuru/hamburg_myattention/70980.png
1 rank_dist = [0.08436344563961029, 0.09027305990457535, 0.09616865962743759, 0.11181256920099258, 0.113706573843956] rank_index = [900, 150, 600, 2567, 2323]
<function shape at 0x7fc7e2029f28>
2 2574 0.046455156058073044
file_index = 70770
../../dataset/RakutenDS/triplet/input/test_anchor/1120005769/4.png
../../dataset/RakutenDS/triplet/Hamburg_mitsuru/hamburg_myattention/70770.png
2 rank_dist = [0.08016113936901093, 0.08545183390378952, 0.08977214246988297, 0.10136069357395172, 0.10296230018138885] rank_index = [150, 900, 1201, 1050, 2566]
<function shape at 0x7fc7e2029f28>
3 973 0.04837670177221298
file_index = 22740
../../dataset/RakutenDS/triplet/input/test_anchor/1120005769/5.png
../../dataset/RakutenDS/triplet/Hamburg_mitsuru/hamburg_myattention/22740.png
3 rank_dist = [0.07692135870456696, 0.08682730793952942, 0.0976661741733551, 0.11074557900428772, 0.11338967084884644] rank_index = [2315, 1200, 1050, 1350, 2489]
<function shape at 0x7fc7e2029f28>
4 929 0.04492427408695221
file_index = 21420
../../dataset/RakutenDS/triplet/input/test_anchor/1120005769/6.png
../../dataset/RakutenDS/triplet/Hamburg_mitsuru/hamburg_myattention/21420.png
4 rank_dist = [0.07014095038175583, 0.07750389724969864, 0.07760633528232574, 0.08738235384225845, 0.09180300682783127] rank_index = [1201, 1050, 2315, 150, 2567]
key_indexs = [71280, 43500, 27960, 64470, 27420, 68160, 70980, 70770, 22740, 21420]
[]
epoch 03
5 2600
flist_v2 0
flist_v2 100
flist_v2 200
flist_v2 300
flist_v2 400
flist_v2 500
flist_v2 600
flist_v2 700
flist_v2 800
flist_v2 900
flist_v2 1000
flist_v2 1100
flist_v2 1200
flist_v2 1300
flist_v2 1400
flist_v2 1500
flist_v2 1600
flist_v2 1700
flist_v2 1800
flist_v2 1900
flist_v2 2000
flist_v2 2100
flist_v2 2200
flist_v2 2300
flist_v2 2400
flist_v2 2500
<function shape at 0x7fc7e2029f28>
0 1103 0.08634443581104279
file_index = 26640
../../dataset/RakutenDS/triplet/input/test_anchor/1120005769/1.png
../../dataset/RakutenDS/triplet/Hamburg_mitsuru/hamburg_myattention/26640.png
0 rank_dist = [0.10360268503427505, 0.12060781568288803, 0.13343217968940735, 0.1346857100725174, 0.13610650599002838] rank_index = [1200, 900, 300, 2368, 2552]
<function shape at 0x7fc7e2029f28>
1 915 0.06842437386512756
file_index = 21000
../../dataset/RakutenDS/triplet/input/test_anchor/1120005769/3.png
../../dataset/RakutenDS/triplet/Hamburg_mitsuru/hamburg_myattention/21000.png
1 rank_dist = [0.09574641287326813, 0.09919470548629761, 0.11249025166034698, 0.11339783668518066, 0.11715062707662582] rank_index = [900, 1050, 2542, 2117, 2368]
<function shape at 0x7fc7e2029f28>
2 1113 0.06521954387426376
file_index = 26940
../../dataset/RakutenDS/triplet/input/test_anchor/1120005769/4.png
../../dataset/RakutenDS/triplet/Hamburg_mitsuru/hamburg_myattention/26940.png
2 rank_dist = [0.09265878796577454, 0.09276401251554489, 0.09414459019899368, 0.09715959429740906, 0.09935854375362396] rank_index = [1802, 2320, 1352, 1502, 1954]
<function shape at 0x7fc7e2029f28>
3 929 0.08808661252260208
file_index = 21420
../../dataset/RakutenDS/triplet/input/test_anchor/1120005769/5.png
../../dataset/RakutenDS/triplet/Hamburg_mitsuru/hamburg_myattention/21420.png
3 rank_dist = [0.12654277682304382, 0.1428017020225525, 0.1515059918165207, 0.1525515913963318, 0.15681199729442596] rank_index = [900, 1200, 1566, 1050, 2368]
<function shape at 0x7fc7e2029f28>
4 1125 0.05100773274898529
file_index = 27300
../../dataset/RakutenDS/triplet/input/test_anchor/1120005769/6.png
../../dataset/RakutenDS/triplet/Hamburg_mitsuru/hamburg_myattention/27300.png
4 rank_dist = [0.0842117965221405, 0.09220241755247116, 0.09575887769460678, 0.09628503024578094, 0.09719700366258621] rank_index = [1050, 900, 2542, 1500, 1800]
key_indexs = [71280, 43500, 27960, 64470, 27420, 68160, 70980, 70770, 22740, 21420, 26640, 21000, 26940, 21420, 27300]
[]
epoch 04
5 2600
flist_v2 0
flist_v2 100
flist_v2 200
flist_v2 300
flist_v2 400
flist_v2 500
flist_v2 600
flist_v2 700
flist_v2 800
flist_v2 900
flist_v2 1000
flist_v2 1100
flist_v2 1200
flist_v2 1300
flist_v2 1400
flist_v2 1500
flist_v2 1600
flist_v2 1700
flist_v2 1800
flist_v2 1900
flist_v2 2000
flist_v2 2100
flist_v2 2200
flist_v2 2300
flist_v2 2400
flist_v2 2500
<function shape at 0x7fc7e2029f28>
0 1131 0.06019796058535576
file_index = 27480
../../dataset/RakutenDS/triplet/input/test_anchor/1120005769/1.png
../../dataset/RakutenDS/triplet/Hamburg_mitsuru/hamburg_myattention/27480.png
0 rank_dist = [0.12240517884492874, 0.14864768087863922, 0.1486491709947586, 0.15569248795509338, 0.1563890427350998] rank_index = [2564, 750, 300, 2316, 450]
<function shape at 0x7fc7e2029f28>
1 611 0.12108705192804337
file_index = 11880
../../dataset/RakutenDS/triplet/input/test_anchor/1120005769/3.png
../../dataset/RakutenDS/triplet/Hamburg_mitsuru/hamburg_myattention/11880.png
1 rank_dist = [0.19363558292388916, 0.21236050128936768, 0.24219006299972534, 0.27235209941864014, 0.28020504117012024] rank_index = [1051, 750, 2564, 450, 2317]
<function shape at 0x7fc7e2029f28>
2 1039 0.07501144707202911
file_index = 24720
../../dataset/RakutenDS/triplet/input/test_anchor/1120005769/4.png
../../dataset/RakutenDS/triplet/Hamburg_mitsuru/hamburg_myattention/24720.png
2 rank_dist = [0.13966386020183563, 0.17772583663463593, 0.19286397099494934, 0.2366652488708496, 0.23884785175323486] rank_index = [1051, 750, 2564, 1202, 450]
<function shape at 0x7fc7e2029f28>
3 1035 0.0882977545261383
file_index = 24600
../../dataset/RakutenDS/triplet/input/test_anchor/1120005769/5.png
../../dataset/RakutenDS/triplet/Hamburg_mitsuru/hamburg_myattention/24600.png
3 rank_dist = [0.16116103529930115, 0.18303896486759186, 0.20916792750358582, 0.24560850858688354, 0.24968136847019196] rank_index = [1051, 750, 2564, 450, 2317]
<function shape at 0x7fc7e2029f28>
4 1199 0.07775936275720596
file_index = 29520
../../dataset/RakutenDS/triplet/input/test_anchor/1120005769/6.png
../../dataset/RakutenDS/triplet/Hamburg_mitsuru/hamburg_myattention/29520.png
4 rank_dist = [0.10474275052547455, 0.11302822828292847, 0.11604664474725723, 0.1644795686006546, 0.18353690207004547] rank_index = [750, 1051, 2564, 1202, 2316]
key_indexs = [71280, 43500, 27960, 64470, 27420, 68160, 70980, 70770, 22740, 21420, 26640, 21000, 26940, 21420, 27300, 27480, 11880, 24720, 24600, 29520]
[]
epoch 05
5 2600
flist_v2 0
flist_v2 100
flist_v2 200
flist_v2 300
flist_v2 400
flist_v2 500
flist_v2 600
flist_v2 700
flist_v2 800
flist_v2 900
flist_v2 1000
flist_v2 1100
flist_v2 1200
flist_v2 1300
flist_v2 1400
flist_v2 1500
flist_v2 1600
flist_v2 1700
flist_v2 1800
flist_v2 1900
flist_v2 2000
flist_v2 2100
flist_v2 2200
flist_v2 2300
flist_v2 2400
flist_v2 2500
<function shape at 0x7fc7e2029f28>
0 978 0.06748437136411667
file_index = 22890
../../dataset/RakutenDS/triplet/input/test_anchor/1120005769/1.png
../../dataset/RakutenDS/triplet/Hamburg_mitsuru/hamburg_myattention/22890.png
0 rank_dist = [0.10004314035177231, 0.1301184892654419, 0.14175361394882202, 0.15921077132225037, 0.15970252454280853] rank_index = [900, 1651, 750, 2575, 1350]
<function shape at 0x7fc7e2029f28>
1 907 0.11184871941804886
file_index = 20760
../../dataset/RakutenDS/triplet/input/test_anchor/1120005769/3.png
../../dataset/RakutenDS/triplet/Hamburg_mitsuru/hamburg_myattention/20760.png
1 rank_dist = [0.12185386568307877, 0.13186335563659668, 0.16280919313430786, 0.16847532987594604, 0.1709044873714447] rank_index = [900, 750, 2316, 2564, 1200]
<function shape at 0x7fc7e2029f28>
2 636 0.04198301210999489
file_index = 12630
../../dataset/RakutenDS/triplet/input/test_anchor/1120005769/4.png
../../dataset/RakutenDS/triplet/Hamburg_mitsuru/hamburg_myattention/12630.png
2 rank_dist = [0.0957045927643776, 0.10166893154382706, 0.10624463856220245, 0.11000435799360275, 0.11318054795265198] rank_index = [1352, 2563, 1652, 1502, 2120]
<function shape at 0x7fc7e2029f28>
3 927 0.07420123368501663
file_index = 21360
../../dataset/RakutenDS/triplet/input/test_anchor/1120005769/5.png
../../dataset/RakutenDS/triplet/Hamburg_mitsuru/hamburg_myattention/21360.png
3 rank_dist = [0.08084459602832794, 0.10635876655578613, 0.11247837543487549, 0.1196117028594017, 0.12261947244405746] rank_index = [1200, 1050, 900, 2575, 2307]
<function shape at 0x7fc7e2029f28>
4 804 0.05902063846588135
file_index = 17670
../../dataset/RakutenDS/triplet/input/test_anchor/1120005769/6.png
../../dataset/RakutenDS/triplet/Hamburg_mitsuru/hamburg_myattention/17670.png
4 rank_dist = [0.0898604542016983, 0.10347890853881836, 0.10467801988124847, 0.10736896842718124, 0.11125266551971436] rank_index = [1050, 2568, 1200, 300, 900]
key_indexs = [71280, 43500, 27960, 64470, 27420, 68160, 70980, 70770, 22740, 21420, 26640, 21000, 26940, 21420, 27300, 27480, 11880, 24720, 24600, 29520, 22890, 20760, 12630, 21360, 17670]
[]
epoch 06
5 2600
flist_v2 0
flist_v2 100
flist_v2 200
flist_v2 300
flist_v2 400
flist_v2 500
flist_v2 600
flist_v2 700
flist_v2 800
flist_v2 900
flist_v2 1000
flist_v2 1100
flist_v2 1200
flist_v2 1300
flist_v2 1400
flist_v2 1500
flist_v2 1600
flist_v2 1700
flist_v2 1800
flist_v2 1900
flist_v2 2000
flist_v2 2100
flist_v2 2200
flist_v2 2300
flist_v2 2400
flist_v2 2500
<function shape at 0x7fc7e2029f28>
0 1029 0.07162458449602127
file_index = 24420
../../dataset/RakutenDS/triplet/input/test_anchor/1120005769/1.png
../../dataset/RakutenDS/triplet/Hamburg_mitsuru/hamburg_myattention/24420.png
0 rank_dist = [0.10678298026323318, 0.1241893544793129, 0.13329797983169556, 0.13999290764331818, 0.15062828361988068] rank_index = [1650, 2393, 2208, 1350, 1500]
<function shape at 0x7fc7e2029f28>
1 796 0.09210161864757538
file_index = 17430
../../dataset/RakutenDS/triplet/input/test_anchor/1120005769/3.png
../../dataset/RakutenDS/triplet/Hamburg_mitsuru/hamburg_myattention/17430.png
1 rank_dist = [0.12407092750072479, 0.13010063767433167, 0.18903319537639618, 0.18922780454158783, 0.2024839222431183] rank_index = [900, 750, 2592, 300, 2425]
<function shape at 0x7fc7e2029f28>
2 744 0.07786291092634201
file_index = 15870
../../dataset/RakutenDS/triplet/input/test_anchor/1120005769/4.png
../../dataset/RakutenDS/triplet/Hamburg_mitsuru/hamburg_myattention/15870.png
2 rank_dist = [0.08566499501466751, 0.11335761100053787, 0.13143520057201385, 0.13604921102523804, 0.14624471962451935] rank_index = [750, 900, 2363, 300, 2516]
<function shape at 0x7fc7e2029f28>
3 1018 0.09442855417728424
file_index = 24090
../../dataset/RakutenDS/triplet/input/test_anchor/1120005769/5.png
../../dataset/RakutenDS/triplet/Hamburg_mitsuru/hamburg_myattention/24090.png
3 rank_dist = [0.15445740520954132, 0.19515179097652435, 0.23610363900661469, 0.24199214577674866, 0.24607661366462708] rank_index = [150, 300, 1743, 2537, 2295]
<function shape at 0x7fc7e2029f28>
4 910 0.10183100402355194
file_index = 20850
../../dataset/RakutenDS/triplet/input/test_anchor/1120005769/6.png
../../dataset/RakutenDS/triplet/Hamburg_mitsuru/hamburg_myattention/20850.png
4 rank_dist = [0.12152127176523209, 0.14903737604618073, 0.1611437201499939, 0.16412432491779327, 0.16438040137290955] rank_index = [300, 1893, 2506, 900, 2269]
key_indexs = [71280, 43500, 27960, 64470, 27420, 68160, 70980, 70770, 22740, 21420, 26640, 21000, 26940, 21420, 27300, 27480, 11880, 24720, 24600, 29520, 22890, 20760, 12630, 21360, 17670, 24420, 17430, 15870, 24090, 20850]
[]
epoch 07
5 2600
flist_v2 0
flist_v2 100
flist_v2 200
flist_v2 300
flist_v2 400
flist_v2 500
flist_v2 600
flist_v2 700
flist_v2 800
flist_v2 900
flist_v2 1000
flist_v2 1100
flist_v2 1200
flist_v2 1300
flist_v2 1400
flist_v2 1500
flist_v2 1600
flist_v2 1700
flist_v2 1800
flist_v2 1900
flist_v2 2000
flist_v2 2100
flist_v2 2200
flist_v2 2300
flist_v2 2400
flist_v2 2500
<function shape at 0x7fc7e2029f28>
0 684 0.05262366682291031
file_index = 14070
../../dataset/RakutenDS/triplet/input/test_anchor/1120005769/1.png
../../dataset/RakutenDS/triplet/Hamburg_mitsuru/hamburg_myattention/14070.png
0 rank_dist = [0.07991909980773926, 0.08072101324796677, 0.08079376816749573, 0.0874795913696289, 0.08772674202919006] rank_index = [1200, 750, 2568, 1825, 2295]
<function shape at 0x7fc7e2029f28>
1 796 0.10021083056926727
file_index = 17430
../../dataset/RakutenDS/triplet/input/test_anchor/1120005769/3.png
../../dataset/RakutenDS/triplet/Hamburg_mitsuru/hamburg_myattention/17430.png
1 rank_dist = [0.17715923488140106, 0.17881855368614197, 0.21094748377799988, 0.2215801626443863, 0.2243337333202362] rank_index = [900, 750, 2570, 1907, 2348]
<function shape at 0x7fc7e2029f28>
2 810 0.052800361067056656
file_index = 17850
../../dataset/RakutenDS/triplet/input/test_anchor/1120005769/4.png
../../dataset/RakutenDS/triplet/Hamburg_mitsuru/hamburg_myattention/17850.png
2 rank_dist = [0.059844713658094406, 0.06553008407354355, 0.09011359512805939, 0.1069241613149643, 0.109769806265831] rank_index = [900, 750, 1503, 1353, 2570]
<function shape at 0x7fc7e2029f28>
3 971 0.0536925382912159
file_index = 22680
../../dataset/RakutenDS/triplet/input/test_anchor/1120005769/5.png
../../dataset/RakutenDS/triplet/Hamburg_mitsuru/hamburg_myattention/22680.png
3 rank_dist = [0.10482126474380493, 0.10777337849140167, 0.11601345986127853, 0.11632490158081055, 0.1166585236787796] rank_index = [750, 2320, 900, 1203, 2570]
<function shape at 0x7fc7e2029f28>
4 800 0.038524094969034195
file_index = 17550
../../dataset/RakutenDS/triplet/input/test_anchor/1120005769/6.png
../../dataset/RakutenDS/triplet/Hamburg_mitsuru/hamburg_myattention/17550.png
4 rank_dist = [0.0661131739616394, 0.07326057553291321, 0.0878504142165184, 0.10048898309469223, 0.10537048429250717] rank_index = [750, 900, 2570, 1503, 2348]
key_indexs = [71280, 43500, 27960, 64470, 27420, 68160, 70980, 70770, 22740, 21420, 26640, 21000, 26940, 21420, 27300, 27480, 11880, 24720, 24600, 29520, 22890, 20760, 12630, 21360, 17670, 24420, 17430, 15870, 24090, 20850, 14070, 17430, 17850, 22680, 17550]
[]
epoch 08
5 2600
flist_v2 0
flist_v2 100
flist_v2 200
flist_v2 300
flist_v2 400
flist_v2 500
flist_v2 600
flist_v2 700
flist_v2 800
flist_v2 900
flist_v2 1000
flist_v2 1100
flist_v2 1200
flist_v2 1300
flist_v2 1400
flist_v2 1500
flist_v2 1600
flist_v2 1700
flist_v2 1800
flist_v2 1900
flist_v2 2000
flist_v2 2100
flist_v2 2200
flist_v2 2300
flist_v2 2400
flist_v2 2500
<function shape at 0x7fc7e2029f28>
0 1012 0.04772549495100975
file_index = 23910
../../dataset/RakutenDS/triplet/input/test_anchor/1120005769/1.png
../../dataset/RakutenDS/triplet/Hamburg_mitsuru/hamburg_myattention/23910.png
0 rank_dist = [0.06308995187282562, 0.0662582516670227, 0.09950299561023712, 0.10404019057750702, 0.10465653240680695] rank_index = [1200, 1050, 600, 2566, 2303]
<function shape at 0x7fc7e2029f28>
1 925 0.0488896407186985
file_index = 21300
../../dataset/RakutenDS/triplet/input/test_anchor/1120005769/3.png
../../dataset/RakutenDS/triplet/Hamburg_mitsuru/hamburg_myattention/21300.png
1 rank_dist = [0.061733439564704895, 0.09426909685134888, 0.0956847295165062, 0.09641522914171219, 0.10013093054294586] rank_index = [900, 1200, 2391, 450, 2552]
<function shape at 0x7fc7e2029f28>
2 903 0.03901953995227814
file_index = 20640
../../dataset/RakutenDS/triplet/input/test_anchor/1120005769/4.png
../../dataset/RakutenDS/triplet/Hamburg_mitsuru/hamburg_myattention/20640.png
2 rank_dist = [0.05423853173851967, 0.09797447919845581, 0.09842395037412643, 0.10244856774806976, 0.10359324514865875] rank_index = [900, 1456, 2352, 1606, 2560]
<function shape at 0x7fc7e2029f28>
3 923 0.06707985699176788
file_index = 21240
../../dataset/RakutenDS/triplet/input/test_anchor/1120005769/5.png
../../dataset/RakutenDS/triplet/Hamburg_mitsuru/hamburg_myattention/21240.png
3 rank_dist = [0.08712499588727951, 0.08886366337537766, 0.08940974622964859, 0.09689227491617203, 0.09986375272274017] rank_index = [1651, 1350, 1200, 2532, 2118]
<function shape at 0x7fc7e2029f28>
4 1023 0.047819677740335464
file_index = 24240
../../dataset/RakutenDS/triplet/input/test_anchor/1120005769/6.png
../../dataset/RakutenDS/triplet/Hamburg_mitsuru/hamburg_myattention/24240.png
4 rank_dist = [0.07818523794412613, 0.08823800086975098, 0.10386957228183746, 0.10865694284439087, 0.10936306416988373] rank_index = [900, 1200, 2391, 2552, 450]
key_indexs = [71280, 43500, 27960, 64470, 27420, 68160, 70980, 70770, 22740, 21420, 26640, 21000, 26940, 21420, 27300, 27480, 11880, 24720, 24600, 29520, 22890, 20760, 12630, 21360, 17670, 24420, 17430, 15870, 24090, 20850, 14070, 17430, 17850, 22680, 17550, 23910, 21300, 20640, 21240, 24240]
[]
epoch 09
5 2600
flist_v2 0
flist_v2 100
flist_v2 200
flist_v2 300
flist_v2 400
flist_v2 500
flist_v2 600
flist_v2 700
flist_v2 800
flist_v2 900
flist_v2 1000
flist_v2 1100
flist_v2 1200
flist_v2 1300
flist_v2 1400
flist_v2 1500
flist_v2 1600
flist_v2 1700
flist_v2 1800
flist_v2 1900
flist_v2 2000
flist_v2 2100
flist_v2 2200
flist_v2 2300
flist_v2 2400
flist_v2 2500
<function shape at 0x7fc7e2029f28>
0 753 0.0389217883348465
file_index = 16140
../../dataset/RakutenDS/triplet/input/test_anchor/1120005769/1.png
../../dataset/RakutenDS/triplet/Hamburg_mitsuru/hamburg_myattention/16140.png
0 rank_dist = [0.10234557837247849, 0.11439810693264008, 0.1157456561923027, 0.11577346175909042, 0.1433095633983612] rank_index = [2518, 900, 2217, 1425, 450]
<function shape at 0x7fc7e2029f28>
1 736 0.06105596572160721
file_index = 15630
../../dataset/RakutenDS/triplet/input/test_anchor/1120005769/3.png
../../dataset/RakutenDS/triplet/Hamburg_mitsuru/hamburg_myattention/15630.png
1 rank_dist = [0.06936631351709366, 0.097945936024189, 0.19889459013938904, 0.23373602330684662, 0.23974326252937317] rank_index = [750, 900, 450, 2525, 1907]
<function shape at 0x7fc7e2029f28>
2 907 0.045640699565410614
file_index = 20760
../../dataset/RakutenDS/triplet/input/test_anchor/1120005769/4.png
../../dataset/RakutenDS/triplet/Hamburg_mitsuru/hamburg_myattention/20760.png
2 rank_dist = [0.055970389395952225, 0.11582591384649277, 0.1702033132314682, 0.1915120631456375, 0.19775399565696716] rank_index = [900, 750, 2431, 450, 2581]
<function shape at 0x7fc7e2029f28>
3 760 0.05029352754354477
file_index = 16350
../../dataset/RakutenDS/triplet/input/test_anchor/1120005769/5.png
../../dataset/RakutenDS/triplet/Hamburg_mitsuru/hamburg_myattention/16350.png
3 rank_dist = [0.06672745198011398, 0.10746517032384872, 0.14917176961898804, 0.1499784290790558, 0.1631266474723816] rank_index = [900, 750, 2431, 2585, 1754]
<function shape at 0x7fc7e2029f28>
4 751 0.042934197932481766
file_index = 16080
../../dataset/RakutenDS/triplet/input/test_anchor/1120005769/6.png
../../dataset/RakutenDS/triplet/Hamburg_mitsuru/hamburg_myattention/16080.png
4 rank_dist = [0.06759669631719589, 0.12542444467544556, 0.1315707415342331, 0.1523175686597824, 0.15429352223873138] rank_index = [900, 2431, 750, 1754, 2584]
key_indexs = [71280, 43500, 27960, 64470, 27420, 68160, 70980, 70770, 22740, 21420, 26640, 21000, 26940, 21420, 27300, 27480, 11880, 24720, 24600, 29520, 22890, 20760, 12630, 21360, 17670, 24420, 17430, 15870, 24090, 20850, 14070, 17430, 17850, 22680, 17550, 23910, 21300, 20640, 21240, 24240, 16140, 15630, 20760, 16350, 16080]
[]
epoch 10
5 2600
flist_v2 0
flist_v2 100
flist_v2 200
flist_v2 300
flist_v2 400
flist_v2 500
flist_v2 600
flist_v2 700
flist_v2 800
flist_v2 900
flist_v2 1000
flist_v2 1100
flist_v2 1200
flist_v2 1300
flist_v2 1400
flist_v2 1500
flist_v2 1600
flist_v2 1700
flist_v2 1800
flist_v2 1900
flist_v2 2000
flist_v2 2100
flist_v2 2200
flist_v2 2300
flist_v2 2400
flist_v2 2500
<function shape at 0x7fc7e2029f28>
0 315 0.06949907541275024
file_index = 03000
../../dataset/RakutenDS/triplet/input/test_anchor/1120005769/1.png
../../dataset/RakutenDS/triplet/Hamburg_mitsuru/hamburg_myattention/03000.png
0 rank_dist = [0.08716171979904175, 0.0975598394870758, 0.10055772960186005, 0.11245037615299225, 0.12360098958015442] rank_index = [2368, 1202, 2518, 300, 1741]
<function shape at 0x7fc7e2029f28>
1 941 0.04780524969100952
file_index = 21780
../../dataset/RakutenDS/triplet/input/test_anchor/1120005769/3.png
../../dataset/RakutenDS/triplet/Hamburg_mitsuru/hamburg_myattention/21780.png
1 rank_dist = [0.0862286314368248, 0.08733073621988297, 0.09490162879228592, 0.09804461151361465, 0.10797910392284393] rank_index = [1050, 1201, 750, 150, 2497]
<function shape at 0x7fc7e2029f28>
2 1033 0.043396301567554474
file_index = 24540
../../dataset/RakutenDS/triplet/input/test_anchor/1120005769/4.png
../../dataset/RakutenDS/triplet/Hamburg_mitsuru/hamburg_myattention/24540.png
2 rank_dist = [0.06367762386798859, 0.08415073156356812, 0.10391341894865036, 0.10680605471134186, 0.11666645109653473] rank_index = [1050, 750, 900, 1200, 2583]
<function shape at 0x7fc7e2029f28>
3 929 0.04411192983388901
file_index = 21420
../../dataset/RakutenDS/triplet/input/test_anchor/1120005769/5.png
../../dataset/RakutenDS/triplet/Hamburg_mitsuru/hamburg_myattention/21420.png
3 rank_dist = [0.06209880858659744, 0.09154484421014786, 0.0921793058514595, 0.09640126675367355, 0.10066057741641998] rank_index = [750, 1904, 2432, 900, 300]
<function shape at 0x7fc7e2029f28>
4 1131 0.038550298660993576
file_index = 27480
../../dataset/RakutenDS/triplet/input/test_anchor/1120005769/6.png
../../dataset/RakutenDS/triplet/Hamburg_mitsuru/hamburg_myattention/27480.png
4 rank_dist = [0.07421626150608063, 0.09003342688083649, 0.10160986334085464, 0.10851363837718964, 0.10885290056467056] rank_index = [2590, 1050, 150, 2432, 1201]
key_indexs = [71280, 43500, 27960, 64470, 27420, 68160, 70980, 70770, 22740, 21420, 26640, 21000, 26940, 21420, 27300, 27480, 11880, 24720, 24600, 29520, 22890, 20760, 12630, 21360, 17670, 24420, 17430, 15870, 24090, 20850, 14070, 17430, 17850, 22680, 17550, 23910, 21300, 20640, 21240, 24240, 16140, 15630, 20760, 16350, 16080, 3000, 21780, 24540, 21420, 27480]
[]
epoch 11
5 2600
flist_v2 0
flist_v2 100
flist_v2 200
flist_v2 300
flist_v2 400
flist_v2 500
flist_v2 600
flist_v2 700
flist_v2 800
flist_v2 900
flist_v2 1000
flist_v2 1100
flist_v2 1200
flist_v2 1300
flist_v2 1400
flist_v2 1500
flist_v2 1600
flist_v2 1700
flist_v2 1800
flist_v2 1900
flist_v2 2000
flist_v2 2100
flist_v2 2200
flist_v2 2300
flist_v2 2400
flist_v2 2500
<function shape at 0x7fc7e2029f28>
0 1199 0.04811980947852135
file_index = 29520
../../dataset/RakutenDS/triplet/input/test_anchor/1120005769/1.png
../../dataset/RakutenDS/triplet/Hamburg_mitsuru/hamburg_myattention/29520.png
0 rank_dist = [0.07666663080453873, 0.07914632558822632, 0.09237951040267944, 0.09394212812185287, 0.09928935766220093] rank_index = [2567, 1200, 1050, 450, 900]
<function shape at 0x7fc7e2029f28>
1 1021 0.09737370908260345
file_index = 24180
../../dataset/RakutenDS/triplet/input/test_anchor/1120005769/3.png
../../dataset/RakutenDS/triplet/Hamburg_mitsuru/hamburg_myattention/24180.png
1 rank_dist = [0.12287033349275589, 0.1246485635638237, 0.1250298023223877, 0.14378678798675537, 0.14967869222164154] rank_index = [2567, 1200, 900, 750, 1500]
<function shape at 0x7fc7e2029f28>
2 786 0.042365726083517075
file_index = 17130
../../dataset/RakutenDS/triplet/input/test_anchor/1120005769/4.png
../../dataset/RakutenDS/triplet/Hamburg_mitsuru/hamburg_myattention/17130.png
2 rank_dist = [0.0548696368932724, 0.057193003594875336, 0.07605500519275665, 0.08650173246860504, 0.08656182140111923] rank_index = [1200, 900, 750, 1906, 2547]
<function shape at 0x7fc7e2029f28>
3 1199 0.04684297740459442
file_index = 29520
../../dataset/RakutenDS/triplet/input/test_anchor/1120005769/5.png
../../dataset/RakutenDS/triplet/Hamburg_mitsuru/hamburg_myattention/29520.png
3 rank_dist = [0.07698312401771545, 0.07955055683851242, 0.09370623528957367, 0.09682010859251022, 0.10089282691478729] rank_index = [1200, 2567, 900, 2398, 1050]
<function shape at 0x7fc7e2029f28>
4 944 0.06882858276367188
file_index = 21870
../../dataset/RakutenDS/triplet/input/test_anchor/1120005769/6.png
../../dataset/RakutenDS/triplet/Hamburg_mitsuru/hamburg_myattention/21870.png
4 rank_dist = [0.08560676127672195, 0.09330187737941742, 0.10018600523471832, 0.12253827601671219, 0.12563291192054749] rank_index = [2567, 1200, 900, 750, 2398]
key_indexs = [71280, 43500, 27960, 64470, 27420, 68160, 70980, 70770, 22740, 21420, 26640, 21000, 26940, 21420, 27300, 27480, 11880, 24720, 24600, 29520, 22890, 20760, 12630, 21360, 17670, 24420, 17430, 15870, 24090, 20850, 14070, 17430, 17850, 22680, 17550, 23910, 21300, 20640, 21240, 24240, 16140, 15630, 20760, 16350, 16080, 3000, 21780, 24540, 21420, 27480, 29520, 24180, 17130, 29520, 21870]
[]
epoch 12
5 2600
flist_v2 0
flist_v2 100
flist_v2 200
flist_v2 300
flist_v2 400
flist_v2 500
flist_v2 600
flist_v2 700
flist_v2 800
flist_v2 900
flist_v2 1000
flist_v2 1100
flist_v2 1200
flist_v2 1300
flist_v2 1400
flist_v2 1500
flist_v2 1600
flist_v2 1700
flist_v2 1800
flist_v2 1900
flist_v2 2000
flist_v2 2100
flist_v2 2200
flist_v2 2300
flist_v2 2400
flist_v2 2500
<function shape at 0x7fc7e2029f28>
0 1199 0.04791778326034546
file_index = 29520
../../dataset/RakutenDS/triplet/input/test_anchor/1120005769/1.png
../../dataset/RakutenDS/triplet/Hamburg_mitsuru/hamburg_myattention/29520.png
0 rank_dist = [0.07642003148794174, 0.08307082206010818, 0.09077620506286621, 0.09270978718996048, 0.09750872105360031] rank_index = [2567, 1200, 1050, 2398, 450]
<function shape at 0x7fc7e2029f28>
1 1021 0.09534604102373123
file_index = 24180
../../dataset/RakutenDS/triplet/input/test_anchor/1120005769/3.png
../../dataset/RakutenDS/triplet/Hamburg_mitsuru/hamburg_myattention/24180.png
1 rank_dist = [0.11986391246318817, 0.12306876480579376, 0.1241963803768158, 0.1422024965286255, 0.14737947285175323] rank_index = [2567, 1200, 900, 750, 1500]
<function shape at 0x7fc7e2029f28>
2 1199 0.04192366451025009
file_index = 29520
../../dataset/RakutenDS/triplet/input/test_anchor/1120005769/4.png
../../dataset/RakutenDS/triplet/Hamburg_mitsuru/hamburg_myattention/29520.png
2 rank_dist = [0.04967673867940903, 0.058787751942873, 0.06105481833219528, 0.07939420640468597, 0.08424711972475052] rank_index = [2567, 1200, 900, 750, 1906]
<function shape at 0x7fc7e2029f28>
3 1199 0.046580102294683456
file_index = 29520
../../dataset/RakutenDS/triplet/input/test_anchor/1120005769/5.png
../../dataset/RakutenDS/triplet/Hamburg_mitsuru/hamburg_myattention/29520.png
3 rank_dist = [0.08002873510122299, 0.08044709265232086, 0.09444908052682877, 0.09665349870920181, 0.09720929712057114] rank_index = [2567, 1200, 900, 2398, 1050]
<function shape at 0x7fc7e2029f28>
4 944 0.06743722409009933
file_index = 21870
../../dataset/RakutenDS/triplet/input/test_anchor/1120005769/6.png
../../dataset/RakutenDS/triplet/Hamburg_mitsuru/hamburg_myattention/21870.png
4 rank_dist = [0.08481296896934509, 0.09493128955364227, 0.10047804564237595, 0.12188085913658142, 0.12366888672113419] rank_index = [2567, 1200, 900, 750, 2398]
key_indexs = [71280, 43500, 27960, 64470, 27420, 68160, 70980, 70770, 22740, 21420, 26640, 21000, 26940, 21420, 27300, 27480, 11880, 24720, 24600, 29520, 22890, 20760, 12630, 21360, 17670, 24420, 17430, 15870, 24090, 20850, 14070, 17430, 17850, 22680, 17550, 23910, 21300, 20640, 21240, 24240, 16140, 15630, 20760, 16350, 16080, 3000, 21780, 24540, 21420, 27480, 29520, 24180, 17130, 29520, 21870, 29520, 24180, 29520, 29520, 21870]
[]
epoch 13
5 2600
flist_v2 0
flist_v2 100
flist_v2 200
flist_v2 300
flist_v2 400
flist_v2 500
flist_v2 600
flist_v2 700
flist_v2 800
flist_v2 900
flist_v2 1000
flist_v2 1100
flist_v2 1200
flist_v2 1300
flist_v2 1400
flist_v2 1500
flist_v2 1600
flist_v2 1700
flist_v2 1800
flist_v2 1900
flist_v2 2000
flist_v2 2100
flist_v2 2200
flist_v2 2300
flist_v2 2400
flist_v2 2500
<function shape at 0x7fc7e2029f28>
0 1199 0.04820726811885834
file_index = 29520
../../dataset/RakutenDS/triplet/input/test_anchor/1120005769/1.png
../../dataset/RakutenDS/triplet/Hamburg_mitsuru/hamburg_myattention/29520.png
0 rank_dist = [0.0773516595363617, 0.08139453828334808, 0.0923236757516861, 0.09325874596834183, 0.09645387530326843] rank_index = [2567, 1200, 1050, 2398, 450]
<function shape at 0x7fc7e2029f28>
1 1021 0.0954727903008461
file_index = 24180
../../dataset/RakutenDS/triplet/input/test_anchor/1120005769/3.png
../../dataset/RakutenDS/triplet/Hamburg_mitsuru/hamburg_myattention/24180.png
1 rank_dist = [0.12059608846902847, 0.1227818951010704, 0.12401916086673737, 0.14222769439220428, 0.1476234346628189] rank_index = [2567, 1200, 900, 750, 1500]
<function shape at 0x7fc7e2029f28>
2 1199 0.04263131320476532
file_index = 29520
../../dataset/RakutenDS/triplet/input/test_anchor/1120005769/4.png
../../dataset/RakutenDS/triplet/Hamburg_mitsuru/hamburg_myattention/29520.png
2 rank_dist = [0.04956997558474541, 0.05664372071623802, 0.05957915261387825, 0.07768215239048004, 0.08497900515794754] rank_index = [2567, 1200, 900, 750, 1906]
<function shape at 0x7fc7e2029f28>
3 1199 0.04644199460744858
file_index = 29520
../../dataset/RakutenDS/triplet/input/test_anchor/1120005769/5.png
../../dataset/RakutenDS/triplet/Hamburg_mitsuru/hamburg_myattention/29520.png
3 rank_dist = [0.07827532291412354, 0.07999329268932343, 0.0939687192440033, 0.09687788784503937, 0.09923764318227768] rank_index = [1200, 2567, 900, 2398, 1050]
<function shape at 0x7fc7e2029f28>
4 944 0.06747330725193024
file_index = 21870
../../dataset/RakutenDS/triplet/input/test_anchor/1120005769/6.png
../../dataset/RakutenDS/triplet/Hamburg_mitsuru/hamburg_myattention/21870.png
4 rank_dist = [0.08508948981761932, 0.0931999459862709, 0.09975159168243408, 0.12121617794036865, 0.12385449558496475] rank_index = [2567, 1200, 900, 750, 2398]
key_indexs = [71280, 43500, 27960, 64470, 27420, 68160, 70980, 70770, 22740, 21420, 26640, 21000, 26940, 21420, 27300, 27480, 11880, 24720, 24600, 29520, 22890, 20760, 12630, 21360, 17670, 24420, 17430, 15870, 24090, 20850, 14070, 17430, 17850, 22680, 17550, 23910, 21300, 20640, 21240, 24240, 16140, 15630, 20760, 16350, 16080, 3000, 21780, 24540, 21420, 27480, 29520, 24180, 17130, 29520, 21870, 29520, 24180, 29520, 29520, 21870, 29520, 24180, 29520, 29520, 21870]
[]
epoch 14
5 2600
flist_v2 0
flist_v2 100
flist_v2 200
flist_v2 300
flist_v2 400
flist_v2 500
flist_v2 600
flist_v2 700
flist_v2 800
flist_v2 900
flist_v2 1000
flist_v2 1100
flist_v2 1200
flist_v2 1300
flist_v2 1400
flist_v2 1500
flist_v2 1600
flist_v2 1700
flist_v2 1800
flist_v2 1900
flist_v2 2000
flist_v2 2100
flist_v2 2200
flist_v2 2300
flist_v2 2400
flist_v2 2500
<function shape at 0x7fc7e2029f28>
0 1199 0.04768536984920502
file_index = 29520
../../dataset/RakutenDS/triplet/input/test_anchor/1120005769/1.png
../../dataset/RakutenDS/triplet/Hamburg_mitsuru/hamburg_myattention/29520.png
0 rank_dist = [0.07654611021280289, 0.0813574492931366, 0.0908227413892746, 0.09319909662008286, 0.0966077595949173] rank_index = [2567, 1200, 1050, 2398, 450]
<function shape at 0x7fc7e2029f28>
1 1021 0.09520208090543747
file_index = 24180
../../dataset/RakutenDS/triplet/input/test_anchor/1120005769/3.png
../../dataset/RakutenDS/triplet/Hamburg_mitsuru/hamburg_myattention/24180.png
1 rank_dist = [0.12013374269008636, 0.12282935529947281, 0.1238086074590683, 0.14217223227024078, 0.1475462168455124] rank_index = [2567, 1200, 900, 750, 1500]
<function shape at 0x7fc7e2029f28>
2 1199 0.0423116609454155
file_index = 29520
../../dataset/RakutenDS/triplet/input/test_anchor/1120005769/4.png
../../dataset/RakutenDS/triplet/Hamburg_mitsuru/hamburg_myattention/29520.png
2 rank_dist = [0.04944593831896782, 0.05724061280488968, 0.059161894023418427, 0.07807361334562302, 0.07821644842624664] rank_index = [2567, 1200, 900, 750, 2398]
<function shape at 0x7fc7e2029f28>
3 1199 0.046949371695518494
file_index = 29520
../../dataset/RakutenDS/triplet/input/test_anchor/1120005769/5.png
../../dataset/RakutenDS/triplet/Hamburg_mitsuru/hamburg_myattention/29520.png
3 rank_dist = [0.078872911632061, 0.08023142069578171, 0.09358900785446167, 0.0975034311413765, 0.09813034534454346] rank_index = [1200, 2567, 900, 2398, 1050]
<function shape at 0x7fc7e2029f28>
4 944 0.06731380522251129
file_index = 21870
../../dataset/RakutenDS/triplet/input/test_anchor/1120005769/6.png
../../dataset/RakutenDS/triplet/Hamburg_mitsuru/hamburg_myattention/21870.png
4 rank_dist = [0.08465152978897095, 0.0935092642903328, 0.099443219602108, 0.12124942988157272, 0.12421217560768127] rank_index = [2567, 1200, 900, 750, 1651]
key_indexs = [71280, 43500, 27960, 64470, 27420, 68160, 70980, 70770, 22740, 21420, 26640, 21000, 26940, 21420, 27300, 27480, 11880, 24720, 24600, 29520, 22890, 20760, 12630, 21360, 17670, 24420, 17430, 15870, 24090, 20850, 14070, 17430, 17850, 22680, 17550, 23910, 21300, 20640, 21240, 24240, 16140, 15630, 20760, 16350, 16080, 3000, 21780, 24540, 21420, 27480, 29520, 24180, 17130, 29520, 21870, 29520, 24180, 29520, 29520, 21870, 29520, 24180, 29520, 29520, 21870, 29520, 24180, 29520, 29520, 21870]
[]
epoch 15
5 2600
flist_v2 0
flist_v2 100
flist_v2 200
flist_v2 300
flist_v2 400
flist_v2 500
flist_v2 600
flist_v2 700
flist_v2 800
flist_v2 900
flist_v2 1000
flist_v2 1100
flist_v2 1200
flist_v2 1300
flist_v2 1400
flist_v2 1500
flist_v2 1600
flist_v2 1700
flist_v2 1800
flist_v2 1900
flist_v2 2000
flist_v2 2100
flist_v2 2200
flist_v2 2300
flist_v2 2400
flist_v2 2500
<function shape at 0x7fc7e2029f28>
0 1199 0.047022297978401184
file_index = 29520
../../dataset/RakutenDS/triplet/input/test_anchor/1120005769/1.png
../../dataset/RakutenDS/triplet/Hamburg_mitsuru/hamburg_myattention/29520.png
0 rank_dist = [0.07508570700883865, 0.0788591131567955, 0.09105405956506729, 0.0929175615310669, 0.09652793407440186] rank_index = [2567, 1200, 1050, 2398, 450]
<function shape at 0x7fc7e2029f28>
1 1021 0.09534373134374619
file_index = 24180
../../dataset/RakutenDS/triplet/input/test_anchor/1120005769/3.png
../../dataset/RakutenDS/triplet/Hamburg_mitsuru/hamburg_myattention/24180.png
1 rank_dist = [0.12064959108829498, 0.1229020431637764, 0.12336066365242004, 0.14146213233470917, 0.14760056138038635] rank_index = [2567, 1200, 900, 750, 1500]
<function shape at 0x7fc7e2029f28>
2 1199 0.042838845402002335
file_index = 29520
../../dataset/RakutenDS/triplet/input/test_anchor/1120005769/4.png
../../dataset/RakutenDS/triplet/Hamburg_mitsuru/hamburg_myattention/29520.png
2 rank_dist = [0.048719074577093124, 0.05553865432739258, 0.05794309824705124, 0.07596101611852646, 0.07730837166309357] rank_index = [2567, 1200, 900, 750, 2398]
<function shape at 0x7fc7e2029f28>
3 1199 0.046491220593452454
file_index = 29520
../../dataset/RakutenDS/triplet/input/test_anchor/1120005769/5.png
../../dataset/RakutenDS/triplet/Hamburg_mitsuru/hamburg_myattention/29520.png
3 rank_dist = [0.07688802480697632, 0.07900678366422653, 0.09286699444055557, 0.09725647419691086, 0.0981726199388504] rank_index = [1200, 2567, 900, 2398, 1050]
<function shape at 0x7fc7e2029f28>
4 944 0.06675676256418228
file_index = 21870
../../dataset/RakutenDS/triplet/input/test_anchor/1120005769/6.png
../../dataset/RakutenDS/triplet/Hamburg_mitsuru/hamburg_myattention/21870.png
4 rank_dist = [0.08392699062824249, 0.09204843640327454, 0.09828019887208939, 0.11963912844657898, 0.12390104681253433] rank_index = [2567, 1200, 900, 750, 2398]
key_indexs = [71280, 43500, 27960, 64470, 27420, 68160, 70980, 70770, 22740, 21420, 26640, 21000, 26940, 21420, 27300, 27480, 11880, 24720, 24600, 29520, 22890, 20760, 12630, 21360, 17670, 24420, 17430, 15870, 24090, 20850, 14070, 17430, 17850, 22680, 17550, 23910, 21300, 20640, 21240, 24240, 16140, 15630, 20760, 16350, 16080, 3000, 21780, 24540, 21420, 27480, 29520, 24180, 17130, 29520, 21870, 29520, 24180, 29520, 29520, 21870, 29520, 24180, 29520, 29520, 21870, 29520, 24180, 29520, 29520, 21870, 29520, 24180, 29520, 29520, 21870]
[]
epoch 16
5 2600
flist_v2 0
flist_v2 100
flist_v2 200
flist_v2 300
flist_v2 400
flist_v2 500
flist_v2 600
flist_v2 700
flist_v2 800
flist_v2 900
flist_v2 1000
flist_v2 1100
flist_v2 1200
flist_v2 1300
flist_v2 1400
flist_v2 1500
flist_v2 1600
flist_v2 1700
flist_v2 1800
flist_v2 1900
flist_v2 2000
flist_v2 2100
flist_v2 2200
flist_v2 2300
flist_v2 2400
flist_v2 2500
<function shape at 0x7fc7e2029f28>
0 1199 0.04807163402438164
file_index = 29520
../../dataset/RakutenDS/triplet/input/test_anchor/1120005769/1.png
../../dataset/RakutenDS/triplet/Hamburg_mitsuru/hamburg_myattention/29520.png
0 rank_dist = [0.07581321150064468, 0.0779370442032814, 0.09084412455558777, 0.09244967997074127, 0.09562470763921738] rank_index = [2567, 1200, 1050, 2398, 450]
<function shape at 0x7fc7e2029f28>
1 1021 0.09464438259601593
file_index = 24180
../../dataset/RakutenDS/triplet/input/test_anchor/1120005769/3.png
../../dataset/RakutenDS/triplet/Hamburg_mitsuru/hamburg_myattention/24180.png
1 rank_dist = [0.1197546198964119, 0.12090867012739182, 0.12232842296361923, 0.140096515417099, 0.1459553986787796] rank_index = [2567, 1200, 900, 750, 1500]
<function shape at 0x7fc7e2029f28>
2 786 0.042177408933639526
file_index = 17130
../../dataset/RakutenDS/triplet/input/test_anchor/1120005769/4.png
../../dataset/RakutenDS/triplet/Hamburg_mitsuru/hamburg_myattention/17130.png
2 rank_dist = [0.048718538135290146, 0.0539684034883976, 0.05743778496980667, 0.07548066228628159, 0.07610471546649933] rank_index = [2567, 1200, 900, 750, 2398]
<function shape at 0x7fc7e2029f28>
3 1199 0.046917010098695755
file_index = 29520
../../dataset/RakutenDS/triplet/input/test_anchor/1120005769/5.png
../../dataset/RakutenDS/triplet/Hamburg_mitsuru/hamburg_myattention/29520.png
3 rank_dist = [0.07535359263420105, 0.07963068038225174, 0.09283371269702911, 0.09617246687412262, 0.09720183163881302] rank_index = [1200, 2567, 900, 2398, 1050]
<function shape at 0x7fc7e2029f28>
4 944 0.06516532599925995
file_index = 21870
../../dataset/RakutenDS/triplet/input/test_anchor/1120005769/6.png
../../dataset/RakutenDS/triplet/Hamburg_mitsuru/hamburg_myattention/21870.png
4 rank_dist = [0.08378445357084274, 0.09009183943271637, 0.09778937697410583, 0.11910715699195862, 0.12241196632385254] rank_index = [2567, 1200, 900, 750, 2398]
key_indexs = [71280, 43500, 27960, 64470, 27420, 68160, 70980, 70770, 22740, 21420, 26640, 21000, 26940, 21420, 27300, 27480, 11880, 24720, 24600, 29520, 22890, 20760, 12630, 21360, 17670, 24420, 17430, 15870, 24090, 20850, 14070, 17430, 17850, 22680, 17550, 23910, 21300, 20640, 21240, 24240, 16140, 15630, 20760, 16350, 16080, 3000, 21780, 24540, 21420, 27480, 29520, 24180, 17130, 29520, 21870, 29520, 24180, 29520, 29520, 21870, 29520, 24180, 29520, 29520, 21870, 29520, 24180, 29520, 29520, 21870, 29520, 24180, 29520, 29520, 21870, 29520, 24180, 17130, 29520, 21870]
[]
epoch 17
5 2600
flist_v2 0
flist_v2 100
flist_v2 200
flist_v2 300
flist_v2 400
flist_v2 500
flist_v2 600
flist_v2 700
flist_v2 800
flist_v2 900
flist_v2 1000
flist_v2 1100
flist_v2 1200
flist_v2 1300
flist_v2 1400
flist_v2 1500
flist_v2 1600
flist_v2 1700
flist_v2 1800
flist_v2 1900
flist_v2 2000
flist_v2 2100
flist_v2 2200
flist_v2 2300
flist_v2 2400
flist_v2 2500
<function shape at 0x7fc7e2029f28>
0 1199 0.04818382114171982
file_index = 29520
../../dataset/RakutenDS/triplet/input/test_anchor/1120005769/1.png
../../dataset/RakutenDS/triplet/Hamburg_mitsuru/hamburg_myattention/29520.png
0 rank_dist = [0.0775880217552185, 0.07996119558811188, 0.09160882234573364, 0.09486989676952362, 0.10041247308254242] rank_index = [2567, 1200, 1050, 450, 900]
<function shape at 0x7fc7e2029f28>
1 1021 0.09607861936092377
file_index = 24180
../../dataset/RakutenDS/triplet/input/test_anchor/1120005769/3.png
../../dataset/RakutenDS/triplet/Hamburg_mitsuru/hamburg_myattention/24180.png
1 rank_dist = [0.12136555463075638, 0.12238038331270218, 0.12409862875938416, 0.1420084834098816, 0.1473684012889862] rank_index = [2567, 1200, 900, 750, 1500]
<function shape at 0x7fc7e2029f28>
2 786 0.04300105571746826
file_index = 17130
../../dataset/RakutenDS/triplet/input/test_anchor/1120005769/4.png
../../dataset/RakutenDS/triplet/Hamburg_mitsuru/hamburg_myattention/17130.png
2 rank_dist = [0.04940332472324371, 0.05493871495127678, 0.058215539902448654, 0.07608124613761902, 0.0766124352812767] rank_index = [2567, 1200, 900, 750, 2398]
<function shape at 0x7fc7e2029f28>
3 1199 0.046374667435884476
file_index = 29520
../../dataset/RakutenDS/triplet/input/test_anchor/1120005769/5.png
../../dataset/RakutenDS/triplet/Hamburg_mitsuru/hamburg_myattention/29520.png
3 rank_dist = [0.07642185688018799, 0.08001740276813507, 0.09376306086778641, 0.09602075815200806, 0.09944867342710495] rank_index = [1200, 2567, 900, 2398, 1050]
<function shape at 0x7fc7e2029f28>
4 944 0.06612998247146606
file_index = 21870
../../dataset/RakutenDS/triplet/input/test_anchor/1120005769/6.png
../../dataset/RakutenDS/triplet/Hamburg_mitsuru/hamburg_myattention/21870.png
4 rank_dist = [0.08474955707788467, 0.09117203950881958, 0.09909264743328094, 0.12039008736610413, 0.1228012666106224] rank_index = [2567, 1200, 900, 750, 2398]
key_indexs = [71280, 43500, 27960, 64470, 27420, 68160, 70980, 70770, 22740, 21420, 26640, 21000, 26940, 21420, 27300, 27480, 11880, 24720, 24600, 29520, 22890, 20760, 12630, 21360, 17670, 24420, 17430, 15870, 24090, 20850, 14070, 17430, 17850, 22680, 17550, 23910, 21300, 20640, 21240, 24240, 16140, 15630, 20760, 16350, 16080, 3000, 21780, 24540, 21420, 27480, 29520, 24180, 17130, 29520, 21870, 29520, 24180, 29520, 29520, 21870, 29520, 24180, 29520, 29520, 21870, 29520, 24180, 29520, 29520, 21870, 29520, 24180, 29520, 29520, 21870, 29520, 24180, 17130, 29520, 21870, 29520, 24180, 17130, 29520, 21870]
[]
epoch 18
5 2600
flist_v2 0
flist_v2 100
flist_v2 200
flist_v2 300
flist_v2 400
flist_v2 500
flist_v2 600
flist_v2 700
flist_v2 800
flist_v2 900
flist_v2 1000
flist_v2 1100
flist_v2 1200
flist_v2 1300
flist_v2 1400
flist_v2 1500
flist_v2 1600
flist_v2 1700
flist_v2 1800
flist_v2 1900
flist_v2 2000
flist_v2 2100
flist_v2 2200
flist_v2 2300
flist_v2 2400
flist_v2 2500
<function shape at 0x7fc7e2029f28>
0 929 0.06504735350608826
file_index = 21420
../../dataset/RakutenDS/triplet/input/test_anchor/1120005769/1.png
../../dataset/RakutenDS/triplet/Hamburg_mitsuru/hamburg_myattention/21420.png
0 rank_dist = [0.10250207036733627, 0.10737212002277374, 0.10861293226480484, 0.10974578559398651, 0.110549695789814] rank_index = [2589, 1200, 2109, 2423, 1800]
<function shape at 0x7fc7e2029f28>
1 2596 0.08198028057813644
file_index = 71430
../../dataset/RakutenDS/triplet/input/test_anchor/1120005769/3.png
../../dataset/RakutenDS/triplet/Hamburg_mitsuru/hamburg_myattention/71430.png
1 rank_dist = [0.14684200286865234, 0.15467357635498047, 0.16422922909259796, 0.18736013770103455, 0.18841709196567535] rank_index = [600, 1275, 450, 2467, 2304]
<function shape at 0x7fc7e2029f28>
2 978 0.0470389798283577
file_index = 22890
../../dataset/RakutenDS/triplet/input/test_anchor/1120005769/4.png
../../dataset/RakutenDS/triplet/Hamburg_mitsuru/hamburg_myattention/22890.png
2 rank_dist = [0.06958404928445816, 0.07919425517320633, 0.08741578459739685, 0.09269403666257858, 0.09290247410535812] rank_index = [2420, 2270, 1051, 2579, 2120]
<function shape at 0x7fc7e2029f28>
3 1032 0.07327534258365631
file_index = 24510
../../dataset/RakutenDS/triplet/input/test_anchor/1120005769/5.png
../../dataset/RakutenDS/triplet/Hamburg_mitsuru/hamburg_myattention/24510.png
3 rank_dist = [0.10447389632463455, 0.11604063212871552, 0.11991670727729797, 0.12187039852142334, 0.12353719025850296] rank_index = [2492, 450, 2342, 1500, 2188]
<function shape at 0x7fc7e2029f28>
4 2324 0.0942692682147026
file_index = 63270
../../dataset/RakutenDS/triplet/input/test_anchor/1120005769/6.png
../../dataset/RakutenDS/triplet/Hamburg_mitsuru/hamburg_myattention/63270.png
4 rank_dist = [0.14037765562534332, 0.14656540751457214, 0.1499238759279251, 0.15028661489486694, 0.15388348698616028] rank_index = [600, 2589, 1275, 1904, 2404]
key_indexs = [71280, 43500, 27960, 64470, 27420, 68160, 70980, 70770, 22740, 21420, 26640, 21000, 26940, 21420, 27300, 27480, 11880, 24720, 24600, 29520, 22890, 20760, 12630, 21360, 17670, 24420, 17430, 15870, 24090, 20850, 14070, 17430, 17850, 22680, 17550, 23910, 21300, 20640, 21240, 24240, 16140, 15630, 20760, 16350, 16080, 3000, 21780, 24540, 21420, 27480, 29520, 24180, 17130, 29520, 21870, 29520, 24180, 29520, 29520, 21870, 29520, 24180, 29520, 29520, 21870, 29520, 24180, 29520, 29520, 21870, 29520, 24180, 29520, 29520, 21870, 29520, 24180, 17130, 29520, 21870, 29520, 24180, 17130, 29520, 21870, 21420, 71430, 22890, 24510, 63270]
[]
epoch 19
5 2600
flist_v2 0
flist_v2 100
flist_v2 200
flist_v2 300
flist_v2 400
flist_v2 500
flist_v2 600
flist_v2 700
flist_v2 800
flist_v2 900
flist_v2 1000
flist_v2 1100
flist_v2 1200
flist_v2 1300
flist_v2 1400
flist_v2 1500
flist_v2 1600
flist_v2 1700
flist_v2 1800
flist_v2 1900
flist_v2 2000
flist_v2 2100
flist_v2 2200
flist_v2 2300
flist_v2 2400
flist_v2 2500
<function shape at 0x7fc7e2029f28>
0 927 0.1333824098110199
file_index = 21360
../../dataset/RakutenDS/triplet/input/test_anchor/1120005769/1.png
../../dataset/RakutenDS/triplet/Hamburg_mitsuru/hamburg_myattention/21360.png
0 rank_dist = [0.24114659428596497, 0.2638832926750183, 0.26404449343681335, 0.2672165036201477, 0.26802858710289] rank_index = [450, 300, 900, 2492, 2289]
<function shape at 0x7fc7e2029f28>
1 927 0.2117568701505661
file_index = 21360
../../dataset/RakutenDS/triplet/input/test_anchor/1120005769/3.png
../../dataset/RakutenDS/triplet/Hamburg_mitsuru/hamburg_myattention/21360.png
1 rank_dist = [0.32702094316482544, 0.34843024611473083, 0.36142271757125854, 0.36199161410331726, 0.36630627512931824] rank_index = [450, 900, 1200, 2488, 2289]
<function shape at 0x7fc7e2029f28>
2 1023 0.1365250200033188
file_index = 24240
../../dataset/RakutenDS/triplet/input/test_anchor/1120005769/4.png
../../dataset/RakutenDS/triplet/Hamburg_mitsuru/hamburg_myattention/24240.png
2 rank_dist = [0.16634412109851837, 0.1951717734336853, 0.2062930166721344, 0.20829804241657257, 0.21491573750972748] rank_index = [2368, 900, 1597, 2536, 1297]
<function shape at 0x7fc7e2029f28>
3 1009 0.056228164583444595
file_index = 23820
../../dataset/RakutenDS/triplet/input/test_anchor/1120005769/5.png
../../dataset/RakutenDS/triplet/Hamburg_mitsuru/hamburg_myattention/23820.png
3 rank_dist = [0.0936972126364708, 0.119930200278759, 0.12366621196269989, 0.12478647381067276, 0.12735415995121002] rank_index = [900, 1504, 2348, 2549, 2115]
<function shape at 0x7fc7e2029f28>
4 927 0.08230529725551605
file_index = 21360
../../dataset/RakutenDS/triplet/input/test_anchor/1120005769/6.png
../../dataset/RakutenDS/triplet/Hamburg_mitsuru/hamburg_myattention/21360.png
4 rank_dist = [0.18783123791217804, 0.1884581446647644, 0.20706555247306824, 0.20754216611385345, 0.20953388512134552] rank_index = [450, 900, 1769, 2488, 2283]
key_indexs = [71280, 43500, 27960, 64470, 27420, 68160, 70980, 70770, 22740, 21420, 26640, 21000, 26940, 21420, 27300, 27480, 11880, 24720, 24600, 29520, 22890, 20760, 12630, 21360, 17670, 24420, 17430, 15870, 24090, 20850, 14070, 17430, 17850, 22680, 17550, 23910, 21300, 20640, 21240, 24240, 16140, 15630, 20760, 16350, 16080, 3000, 21780, 24540, 21420, 27480, 29520, 24180, 17130, 29520, 21870, 29520, 24180, 29520, 29520, 21870, 29520, 24180, 29520, 29520, 21870, 29520, 24180, 29520, 29520, 21870, 29520, 24180, 29520, 29520, 21870, 29520, 24180, 17130, 29520, 21870, 29520, 24180, 17130, 29520, 21870, 21420, 71430, 22890, 24510, 63270, 21360, 21360, 24240, 23820, 21360]
[]
epoch 20
5 2600
flist_v2 0
flist_v2 100
flist_v2 200
flist_v2 300
flist_v2 400
flist_v2 500
flist_v2 600
flist_v2 700
flist_v2 800
flist_v2 900
flist_v2 1000
flist_v2 1100
flist_v2 1200
flist_v2 1300
flist_v2 1400
flist_v2 1500
flist_v2 1600
flist_v2 1700
flist_v2 1800
flist_v2 1900
flist_v2 2000
flist_v2 2100
flist_v2 2200
flist_v2 2300
flist_v2 2400
flist_v2 2500
<function shape at 0x7fc7e2029f28>
0 1019 0.12141849845647812
file_index = 24120
../../dataset/RakutenDS/triplet/input/test_anchor/1120005769/1.png
../../dataset/RakutenDS/triplet/Hamburg_mitsuru/hamburg_myattention/24120.png
0 rank_dist = [0.16505566239356995, 0.18009796738624573, 0.18084904551506042, 0.18103531002998352, 0.18186409771442413] rank_index = [900, 2344, 1800, 2495, 750]
<function shape at 0x7fc7e2029f28>
1 1200 0.3673264980316162
file_index = 29550
../../dataset/RakutenDS/triplet/input/test_anchor/1120005769/3.png
../../dataset/RakutenDS/triplet/Hamburg_mitsuru/hamburg_myattention/29550.png
1 rank_dist = [0.3673264980316162, 0.40635576844215393, 0.4218592345714569, 0.44466933608055115, 0.4472741484642029] rank_index = [1200, 150, 900, 750, 2566]
<function shape at 0x7fc7e2029f28>
2 1200 0.11243394762277603
file_index = 29550
../../dataset/RakutenDS/triplet/input/test_anchor/1120005769/4.png
../../dataset/RakutenDS/triplet/Hamburg_mitsuru/hamburg_myattention/29550.png
2 rank_dist = [0.11243394762277603, 0.15562333166599274, 0.1557084023952484, 0.19083614647388458, 0.19192980229854584] rank_index = [1200, 900, 150, 750, 2567]
<function shape at 0x7fc7e2029f28>
3 989 0.05496418476104736
file_index = 23220
../../dataset/RakutenDS/triplet/input/test_anchor/1120005769/5.png
../../dataset/RakutenDS/triplet/Hamburg_mitsuru/hamburg_myattention/23220.png
3 rank_dist = [0.0597970150411129, 0.08393304795026779, 0.11080462485551834, 0.11876796185970306, 0.12101598083972931] rank_index = [900, 750, 1200, 2157, 2481]
<function shape at 0x7fc7e2029f28>
4 995 0.09930391609668732
file_index = 23400
../../dataset/RakutenDS/triplet/input/test_anchor/1120005769/6.png
../../dataset/RakutenDS/triplet/Hamburg_mitsuru/hamburg_myattention/23400.png
4 rank_dist = [0.13099415600299835, 0.13792836666107178, 0.14127151668071747, 0.16397474706172943, 0.16429519653320312] rank_index = [150, 900, 750, 2567, 1200]
key_indexs = [71280, 43500, 27960, 64470, 27420, 68160, 70980, 70770, 22740, 21420, 26640, 21000, 26940, 21420, 27300, 27480, 11880, 24720, 24600, 29520, 22890, 20760, 12630, 21360, 17670, 24420, 17430, 15870, 24090, 20850, 14070, 17430, 17850, 22680, 17550, 23910, 21300, 20640, 21240, 24240, 16140, 15630, 20760, 16350, 16080, 3000, 21780, 24540, 21420, 27480, 29520, 24180, 17130, 29520, 21870, 29520, 24180, 29520, 29520, 21870, 29520, 24180, 29520, 29520, 21870, 29520, 24180, 29520, 29520, 21870, 29520, 24180, 29520, 29520, 21870, 29520, 24180, 17130, 29520, 21870, 29520, 24180, 17130, 29520, 21870, 21420, 71430, 22890, 24510, 63270, 21360, 21360, 24240, 23820, 21360, 24120, 29550, 29550, 23220, 23400]
[]
epoch 21
5 2600
flist_v2 0
flist_v2 100
flist_v2 200
flist_v2 300
flist_v2 400
flist_v2 500
flist_v2 600
flist_v2 700
flist_v2 800
flist_v2 900
flist_v2 1000
flist_v2 1100
flist_v2 1200
flist_v2 1300
flist_v2 1400
flist_v2 1500
flist_v2 1600
flist_v2 1700
flist_v2 1800
flist_v2 1900
flist_v2 2000
flist_v2 2100
flist_v2 2200
flist_v2 2300
flist_v2 2400
flist_v2 2500
<function shape at 0x7fc7e2029f28>
0 1019 0.12427029758691788
file_index = 24120
../../dataset/RakutenDS/triplet/input/test_anchor/1120005769/1.png
../../dataset/RakutenDS/triplet/Hamburg_mitsuru/hamburg_myattention/24120.png
0 rank_dist = [0.16835135221481323, 0.1831110268831253, 0.18530234694480896, 0.18677768111228943, 0.18795844912528992] rank_index = [900, 2344, 1800, 2495, 750]
<function shape at 0x7fc7e2029f28>
1 1200 0.3785221576690674
file_index = 29550
../../dataset/RakutenDS/triplet/input/test_anchor/1120005769/3.png
../../dataset/RakutenDS/triplet/Hamburg_mitsuru/hamburg_myattention/29550.png
1 rank_dist = [0.3785221576690674, 0.4176861643791199, 0.4321143627166748, 0.45610177516937256, 0.45947176218032837] rank_index = [1200, 150, 900, 750, 2566]
<function shape at 0x7fc7e2029f28>
2 1200 0.11482241749763489
file_index = 29550
../../dataset/RakutenDS/triplet/input/test_anchor/1120005769/4.png
../../dataset/RakutenDS/triplet/Hamburg_mitsuru/hamburg_myattention/29550.png
2 rank_dist = [0.11482241749763489, 0.15912695229053497, 0.16059981286525726, 0.19659316539764404, 0.24067509174346924] rank_index = [1200, 900, 150, 750, 2560]
<function shape at 0x7fc7e2029f28>
3 989 0.05510250851511955
file_index = 23220
../../dataset/RakutenDS/triplet/input/test_anchor/1120005769/5.png
../../dataset/RakutenDS/triplet/Hamburg_mitsuru/hamburg_myattention/23220.png
3 rank_dist = [0.059713415801525116, 0.08520656824111938, 0.11328443139791489, 0.11938820779323578, 0.11957269161939621] rank_index = [900, 750, 1200, 2157, 2495]
<function shape at 0x7fc7e2029f28>
4 995 0.10231354087591171
file_index = 23400
../../dataset/RakutenDS/triplet/input/test_anchor/1120005769/6.png
../../dataset/RakutenDS/triplet/Hamburg_mitsuru/hamburg_myattention/23400.png
4 rank_dist = [0.1332537978887558, 0.1396789252758026, 0.14431260526180267, 0.16602203249931335, 0.20789110660552979] rank_index = [150, 900, 750, 1200, 2495]
key_indexs = [71280, 43500, 27960, 64470, 27420, 68160, 70980, 70770, 22740, 21420, 26640, 21000, 26940, 21420, 27300, 27480, 11880, 24720, 24600, 29520, 22890, 20760, 12630, 21360, 17670, 24420, 17430, 15870, 24090, 20850, 14070, 17430, 17850, 22680, 17550, 23910, 21300, 20640, 21240, 24240, 16140, 15630, 20760, 16350, 16080, 3000, 21780, 24540, 21420, 27480, 29520, 24180, 17130, 29520, 21870, 29520, 24180, 29520, 29520, 21870, 29520, 24180, 29520, 29520, 21870, 29520, 24180, 29520, 29520, 21870, 29520, 24180, 29520, 29520, 21870, 29520, 24180, 17130, 29520, 21870, 29520, 24180, 17130, 29520, 21870, 21420, 71430, 22890, 24510, 63270, 21360, 21360, 24240, 23820, 21360, 24120, 29550, 29550, 23220, 23400, 24120, 29550, 29550, 23220, 23400]
[]
epoch 22
5 2600
flist_v2 0
flist_v2 100
flist_v2 200
flist_v2 300
flist_v2 400
flist_v2 500
flist_v2 600
flist_v2 700
flist_v2 800
flist_v2 900
flist_v2 1000
flist_v2 1100
flist_v2 1200
flist_v2 1300
flist_v2 1400
flist_v2 1500
flist_v2 1600
flist_v2 1700
flist_v2 1800
flist_v2 1900
flist_v2 2000
flist_v2 2100
flist_v2 2200
flist_v2 2300
flist_v2 2400
flist_v2 2500
<function shape at 0x7fc7e2029f28>
0 1200 0.26784369349479675
file_index = 29550
../../dataset/RakutenDS/triplet/input/test_anchor/1120005769/1.png
../../dataset/RakutenDS/triplet/Hamburg_mitsuru/hamburg_myattention/29550.png
0 rank_dist = [0.26784369349479675, 0.4247173070907593, 0.4259813129901886, 0.4506630599498749, 0.4693410396575928] rank_index = [1200, 750, 900, 2567, 2220]
<function shape at 0x7fc7e2029f28>
1 1200 0.08311830461025238
file_index = 29550
../../dataset/RakutenDS/triplet/input/test_anchor/1120005769/3.png
../../dataset/RakutenDS/triplet/Hamburg_mitsuru/hamburg_myattention/29550.png
1 rank_dist = [0.15415050089359283, 0.15637099742889404, 0.18291963636875153, 0.19287583231925964, 0.20088733732700348] rank_index = [750, 900, 1204, 2567, 2220]
<function shape at 0x7fc7e2029f28>
2 1200 0.0882226973772049
file_index = 29550
../../dataset/RakutenDS/triplet/input/test_anchor/1120005769/4.png
../../dataset/RakutenDS/triplet/Hamburg_mitsuru/hamburg_myattention/29550.png
2 rank_dist = [0.0882226973772049, 0.20798832178115845, 0.20819391310214996, 0.23020648956298828, 0.2573148012161255] rank_index = [1200, 900, 750, 2567, 150]
<function shape at 0x7fc7e2029f28>
3 1200 0.07061664015054703
file_index = 29550
../../dataset/RakutenDS/triplet/input/test_anchor/1120005769/5.png
../../dataset/RakutenDS/triplet/Hamburg_mitsuru/hamburg_myattention/29550.png
3 rank_dist = [0.07061664015054703, 0.20162393152713776, 0.20397165417671204, 0.21880187094211578, 0.25634583830833435] rank_index = [1200, 900, 750, 2567, 2370]
<function shape at 0x7fc7e2029f28>
4 796 0.05732682719826698
file_index = 17430
../../dataset/RakutenDS/triplet/input/test_anchor/1120005769/6.png
../../dataset/RakutenDS/triplet/Hamburg_mitsuru/hamburg_myattention/17430.png
4 rank_dist = [0.06459454447031021, 0.06909365952014923, 0.10455431044101715, 0.10926155745983124, 0.1218721941113472] rank_index = [750, 900, 1567, 2570, 1267]
key_indexs = [71280, 43500, 27960, 64470, 27420, 68160, 70980, 70770, 22740, 21420, 26640, 21000, 26940, 21420, 27300, 27480, 11880, 24720, 24600, 29520, 22890, 20760, 12630, 21360, 17670, 24420, 17430, 15870, 24090, 20850, 14070, 17430, 17850, 22680, 17550, 23910, 21300, 20640, 21240, 24240, 16140, 15630, 20760, 16350, 16080, 3000, 21780, 24540, 21420, 27480, 29520, 24180, 17130, 29520, 21870, 29520, 24180, 29520, 29520, 21870, 29520, 24180, 29520, 29520, 21870, 29520, 24180, 29520, 29520, 21870, 29520, 24180, 29520, 29520, 21870, 29520, 24180, 17130, 29520, 21870, 29520, 24180, 17130, 29520, 21870, 21420, 71430, 22890, 24510, 63270, 21360, 21360, 24240, 23820, 21360, 24120, 29550, 29550, 23220, 23400, 24120, 29550, 29550, 23220, 23400, 29550, 29550, 29550, 29550, 17430]
[]
epoch 23
