epoch 01
5 356
flist_v2 0
flist_v2 100
flist_v2 200
flist_v2 300
<function shape at 0x7f0edab1cf28>
0 217 0.17085862159729004
file_index = 06540
../../dataset/RakutenDS/triplet/input/test_anchor/1120005769/1.png
../../dataset/RakutenDS/triplet/017/frame30/06540.png
0 rank_dist = [0.19777126610279083, 0.34966713190078735, 100, 100, 100] rank_index = [300, 150, 0, 0, 0]
<function shape at 0x7f0edab1cf28>
1 32 0.07720506936311722
file_index = 00990
../../dataset/RakutenDS/triplet/input/test_anchor/1120005769/3.png
../../dataset/RakutenDS/triplet/017/frame30/00990.png
1 rank_dist = [0.20657390356063843, 0.2362123429775238, 100, 100, 100] rank_index = [300, 150, 0, 0, 0]
<function shape at 0x7f0edab1cf28>
2 0 0.12998776137828827
file_index = 00030
../../dataset/RakutenDS/triplet/input/test_anchor/1120005769/4.png
../../dataset/RakutenDS/triplet/017/frame30/00030.png
2 rank_dist = [0.24129484593868256, 0.25737449526786804, 100, 100, 100] rank_index = [300, 150, 0, 0, 0]
<function shape at 0x7f0edab1cf28>
3 33 0.22770456969738007
file_index = 01020
../../dataset/RakutenDS/triplet/input/test_anchor/1120005769/5.png
../../dataset/RakutenDS/triplet/017/frame30/01020.png
3 rank_dist = [0.3636978268623352, 0.4102790057659149, 100, 100, 100] rank_index = [300, 150, 0, 0, 0]
<function shape at 0x7f0edab1cf28>
4 345 0.1932632178068161
file_index = 10380
../../dataset/RakutenDS/triplet/input/test_anchor/1120005769/6.png
../../dataset/RakutenDS/triplet/017/frame30/10380.png
4 rank_dist = [0.29833143949508667, 0.3464679718017578, 100, 100, 100] rank_index = [150, 300, 0, 0, 0]
key_indexs = [6540, 990, 30, 1020, 10380]
[]
epoch 02
5 356
flist_v2 0
flist_v2 100
flist_v2 200
flist_v2 300
<function shape at 0x7f0edab1cf28>
0 354 0.13334384560585022
file_index = 10650
../../dataset/RakutenDS/triplet/input/test_anchor/1120005769/1.png
../../dataset/RakutenDS/triplet/017/frame30/10650.png
0 rank_dist = [0.1963357925415039, 0.2503702938556671, 100, 100, 100] rank_index = [300, 150, 0, 0, 0]
<function shape at 0x7f0edab1cf28>
1 113 0.043612994253635406
file_index = 03420
../../dataset/RakutenDS/triplet/input/test_anchor/1120005769/3.png
../../dataset/RakutenDS/triplet/017/frame30/03420.png
1 rank_dist = [0.10687912255525589, 0.14214687049388885, 100, 100, 100] rank_index = [150, 300, 0, 0, 0]
<function shape at 0x7f0edab1cf28>
2 169 0.04824261739850044
file_index = 05100
../../dataset/RakutenDS/triplet/input/test_anchor/1120005769/4.png
../../dataset/RakutenDS/triplet/017/frame30/05100.png
2 rank_dist = [0.051101524382829666, 0.12217216938734055, 100, 100, 100] rank_index = [150, 300, 0, 0, 0]
<function shape at 0x7f0edab1cf28>
3 14 0.06232580915093422
file_index = 00450
../../dataset/RakutenDS/triplet/input/test_anchor/1120005769/5.png
../../dataset/RakutenDS/triplet/017/frame30/00450.png
3 rank_dist = [0.10077030211687088, 0.11265457421541214, 100, 100, 100] rank_index = [150, 300, 0, 0, 0]
<function shape at 0x7f0edab1cf28>
4 137 0.0398620069026947
file_index = 04140
../../dataset/RakutenDS/triplet/input/test_anchor/1120005769/6.png
../../dataset/RakutenDS/triplet/017/frame30/04140.png
4 rank_dist = [0.06095302477478981, 0.09360354393720627, 100, 100, 100] rank_index = [150, 300, 0, 0, 0]
key_indexs = [6540, 990, 30, 1020, 10380, 10650, 3420, 5100, 450, 4140]
[]
epoch 03
5 356
flist_v2 0
flist_v2 100
flist_v2 200
flist_v2 300
<function shape at 0x7f0edab1cf28>
0 354 0.08764491975307465
file_index = 10650
../../dataset/RakutenDS/triplet/input/test_anchor/1120005769/1.png
../../dataset/RakutenDS/triplet/017/frame30/10650.png
0 rank_dist = [0.1208086833357811, 0.18385756015777588, 100, 100, 100] rank_index = [150, 300, 0, 0, 0]
<function shape at 0x7f0edab1cf28>
1 355 0.049359146505594254
file_index = 10680
../../dataset/RakutenDS/triplet/input/test_anchor/1120005769/3.png
../../dataset/RakutenDS/triplet/017/frame30/10680.png
1 rank_dist = [0.09212341159582138, 0.17799200117588043, 100, 100, 100] rank_index = [150, 300, 0, 0, 0]
<function shape at 0x7f0edab1cf28>
2 104 0.07826367020606995
file_index = 03150
../../dataset/RakutenDS/triplet/input/test_anchor/1120005769/4.png
../../dataset/RakutenDS/triplet/017/frame30/03150.png
2 rank_dist = [0.11500924080610275, 0.18265879154205322, 100, 100, 100] rank_index = [150, 300, 0, 0, 0]
<function shape at 0x7f0edab1cf28>
3 355 0.10471415519714355
file_index = 10680
../../dataset/RakutenDS/triplet/input/test_anchor/1120005769/5.png
../../dataset/RakutenDS/triplet/017/frame30/10680.png
3 rank_dist = [0.14410819113254547, 0.23416174948215485, 100, 100, 100] rank_index = [150, 300, 0, 0, 0]
<function shape at 0x7f0edab1cf28>
4 149 0.06657321751117706
file_index = 04500
../../dataset/RakutenDS/triplet/input/test_anchor/1120005769/6.png
../../dataset/RakutenDS/triplet/017/frame30/04500.png
4 rank_dist = [0.08573992550373077, 0.17613478004932404, 100, 100, 100] rank_index = [150, 300, 0, 0, 0]
key_indexs = [6540, 990, 30, 1020, 10380, 10650, 3420, 5100, 450, 4140, 10650, 10680, 3150, 10680, 4500]
[]
epoch 04
5 356
flist_v2 0
flist_v2 100
flist_v2 200
flist_v2 300
<function shape at 0x7f0edab1cf28>
0 179 0.07709220796823502
file_index = 05400
../../dataset/RakutenDS/triplet/input/test_anchor/1120005769/1.png
../../dataset/RakutenDS/triplet/017/frame30/05400.png
0 rank_dist = [0.14544332027435303, 0.1986793875694275, 100, 100, 100] rank_index = [150, 300, 0, 0, 0]
<function shape at 0x7f0edab1cf28>
1 96 0.05679572746157646
file_index = 02910
../../dataset/RakutenDS/triplet/input/test_anchor/1120005769/3.png
../../dataset/RakutenDS/triplet/017/frame30/02910.png
1 rank_dist = [0.1445443034172058, 0.3053101599216461, 100, 100, 100] rank_index = [300, 150, 0, 0, 0]
<function shape at 0x7f0edab1cf28>
2 110 0.07522469758987427
file_index = 03330
../../dataset/RakutenDS/triplet/input/test_anchor/1120005769/4.png
../../dataset/RakutenDS/triplet/017/frame30/03330.png
2 rank_dist = [0.11070194095373154, 0.27034881711006165, 100, 100, 100] rank_index = [300, 150, 0, 0, 0]
<function shape at 0x7f0edab1cf28>
3 97 0.05211465433239937
file_index = 02940
../../dataset/RakutenDS/triplet/input/test_anchor/1120005769/5.png
../../dataset/RakutenDS/triplet/017/frame30/02940.png
3 rank_dist = [0.12589401006698608, 0.27023041248321533, 100, 100, 100] rank_index = [300, 150, 0, 0, 0]
<function shape at 0x7f0edab1cf28>
4 162 0.06273408979177475
file_index = 04890
../../dataset/RakutenDS/triplet/input/test_anchor/1120005769/6.png
../../dataset/RakutenDS/triplet/017/frame30/04890.png
4 rank_dist = [0.15657268464565277, 0.18385106325149536, 100, 100, 100] rank_index = [300, 150, 0, 0, 0]
key_indexs = [6540, 990, 30, 1020, 10380, 10650, 3420, 5100, 450, 4140, 10650, 10680, 3150, 10680, 4500, 5400, 2910, 3330, 2940, 4890]
[]
epoch 05
5 356
flist_v2 0
flist_v2 100
flist_v2 200
flist_v2 300
<function shape at 0x7f0edab1cf28>
0 255 0.07887429744005203
file_index = 07680
../../dataset/RakutenDS/triplet/input/test_anchor/1120005769/1.png
../../dataset/RakutenDS/triplet/017/frame30/07680.png
0 rank_dist = [0.18495847284793854, 0.23829197883605957, 100, 100, 100] rank_index = [150, 300, 0, 0, 0]
<function shape at 0x7f0edab1cf28>
1 324 0.12125636637210846
file_index = 09750
../../dataset/RakutenDS/triplet/input/test_anchor/1120005769/3.png
../../dataset/RakutenDS/triplet/017/frame30/09750.png
1 rank_dist = [0.19836805760860443, 0.21337297558784485, 100, 100, 100] rank_index = [300, 150, 0, 0, 0]
<function shape at 0x7f0edab1cf28>
2 169 0.0589047335088253
file_index = 05100
../../dataset/RakutenDS/triplet/input/test_anchor/1120005769/4.png
../../dataset/RakutenDS/triplet/017/frame30/05100.png
2 rank_dist = [0.09521836787462234, 0.23062272369861603, 100, 100, 100] rank_index = [150, 300, 0, 0, 0]
<function shape at 0x7f0edab1cf28>
3 256 0.10191205143928528
file_index = 07710
../../dataset/RakutenDS/triplet/input/test_anchor/1120005769/5.png
../../dataset/RakutenDS/triplet/017/frame30/07710.png
3 rank_dist = [0.15073521435260773, 0.2421262115240097, 100, 100, 100] rank_index = [150, 300, 0, 0, 0]
<function shape at 0x7f0edab1cf28>
4 153 0.07697369158267975
file_index = 04620
../../dataset/RakutenDS/triplet/input/test_anchor/1120005769/6.png
../../dataset/RakutenDS/triplet/017/frame30/04620.png
4 rank_dist = [0.1193806454539299, 0.22916217148303986, 100, 100, 100] rank_index = [150, 300, 0, 0, 0]
key_indexs = [6540, 990, 30, 1020, 10380, 10650, 3420, 5100, 450, 4140, 10650, 10680, 3150, 10680, 4500, 5400, 2910, 3330, 2940, 4890, 7680, 9750, 5100, 7710, 4620]
[]
epoch 06
5 356
flist_v2 0
flist_v2 100
flist_v2 200
flist_v2 300
<function shape at 0x7f0edab1cf28>
0 336 0.10492000728845596
file_index = 10110
../../dataset/RakutenDS/triplet/input/test_anchor/1120005769/1.png
../../dataset/RakutenDS/triplet/017/frame30/10110.png
0 rank_dist = [0.12933124601840973, 0.7608561515808105, 100, 100, 100] rank_index = [150, 300, 0, 0, 0]
<function shape at 0x7f0edab1cf28>
1 2 0.13466714322566986
file_index = 00090
../../dataset/RakutenDS/triplet/input/test_anchor/1120005769/3.png
../../dataset/RakutenDS/triplet/017/frame30/00090.png
1 rank_dist = [0.2562481760978699, 0.7273862361907959, 100, 100, 100] rank_index = [150, 300, 0, 0, 0]
<function shape at 0x7f0edab1cf28>
2 1 0.10297045856714249
file_index = 00060
../../dataset/RakutenDS/triplet/input/test_anchor/1120005769/4.png
../../dataset/RakutenDS/triplet/017/frame30/00060.png
2 rank_dist = [0.19904454052448273, 0.6429046988487244, 100, 100, 100] rank_index = [150, 300, 0, 0, 0]
<function shape at 0x7f0edab1cf28>
3 254 0.13852573931217194
file_index = 07650
../../dataset/RakutenDS/triplet/input/test_anchor/1120005769/5.png
../../dataset/RakutenDS/triplet/017/frame30/07650.png
3 rank_dist = [0.40941619873046875, 0.6231316924095154, 100, 100, 100] rank_index = [150, 300, 0, 0, 0]
<function shape at 0x7f0edab1cf28>
4 147 0.1284085363149643
file_index = 04440
../../dataset/RakutenDS/triplet/input/test_anchor/1120005769/6.png
../../dataset/RakutenDS/triplet/017/frame30/04440.png
4 rank_dist = [0.2621832489967346, 0.6814553141593933, 100, 100, 100] rank_index = [150, 300, 0, 0, 0]
key_indexs = [6540, 990, 30, 1020, 10380, 10650, 3420, 5100, 450, 4140, 10650, 10680, 3150, 10680, 4500, 5400, 2910, 3330, 2940, 4890, 7680, 9750, 5100, 7710, 4620, 10110, 90, 60, 7650, 4440]
[]
epoch 07
5 356
flist_v2 0
flist_v2 100
flist_v2 200
flist_v2 300
<function shape at 0x7f0edab1cf28>
0 150 0.053457945585250854
file_index = 04530
../../dataset/RakutenDS/triplet/input/test_anchor/1120005769/1.png
../../dataset/RakutenDS/triplet/017/frame30/04530.png
0 rank_dist = [0.053457945585250854, 0.35260504484176636, 100, 100, 100] rank_index = [150, 300, 0, 0, 0]
<function shape at 0x7f0edab1cf28>
1 6 0.14436012506484985
file_index = 00210
../../dataset/RakutenDS/triplet/input/test_anchor/1120005769/3.png
../../dataset/RakutenDS/triplet/017/frame30/00210.png
1 rank_dist = [0.22636155784130096, 0.37408924102783203, 100, 100, 100] rank_index = [150, 300, 0, 0, 0]
<function shape at 0x7f0edab1cf28>
2 6 0.0645231381058693
file_index = 00210
../../dataset/RakutenDS/triplet/input/test_anchor/1120005769/4.png
../../dataset/RakutenDS/triplet/017/frame30/00210.png
2 rank_dist = [0.1149696409702301, 0.39267095923423767, 100, 100, 100] rank_index = [150, 300, 0, 0, 0]
<function shape at 0x7f0edab1cf28>
3 82 0.057529326528310776
file_index = 02490
../../dataset/RakutenDS/triplet/input/test_anchor/1120005769/5.png
../../dataset/RakutenDS/triplet/017/frame30/02490.png
3 rank_dist = [0.11049013584852219, 0.34626439213752747, 100, 100, 100] rank_index = [150, 300, 0, 0, 0]
<function shape at 0x7f0edab1cf28>
4 82 0.05450828745961189
file_index = 02490
../../dataset/RakutenDS/triplet/input/test_anchor/1120005769/6.png
../../dataset/RakutenDS/triplet/017/frame30/02490.png
4 rank_dist = [0.09456461668014526, 0.3497200608253479, 100, 100, 100] rank_index = [150, 300, 0, 0, 0]
key_indexs = [6540, 990, 30, 1020, 10380, 10650, 3420, 5100, 450, 4140, 10650, 10680, 3150, 10680, 4500, 5400, 2910, 3330, 2940, 4890, 7680, 9750, 5100, 7710, 4620, 10110, 90, 60, 7650, 4440, 4530, 210, 210, 2490, 2490]
[]
epoch 08
5 356
flist_v2 0
flist_v2 100
flist_v2 200
flist_v2 300
<function shape at 0x7f0edab1cf28>
0 336 0.0474642775952816
file_index = 10110
../../dataset/RakutenDS/triplet/input/test_anchor/1120005769/1.png
../../dataset/RakutenDS/triplet/017/frame30/10110.png
0 rank_dist = [0.07240960747003555, 0.3518396019935608, 100, 100, 100] rank_index = [150, 300, 0, 0, 0]
<function shape at 0x7f0edab1cf28>
1 13 0.07293765246868134
file_index = 00420
../../dataset/RakutenDS/triplet/input/test_anchor/1120005769/3.png
../../dataset/RakutenDS/triplet/017/frame30/00420.png
1 rank_dist = [0.1519099622964859, 0.3649083077907562, 100, 100, 100] rank_index = [150, 300, 0, 0, 0]
<function shape at 0x7f0edab1cf28>
2 338 0.08960440009832382
file_index = 10170
../../dataset/RakutenDS/triplet/input/test_anchor/1120005769/4.png
../../dataset/RakutenDS/triplet/017/frame30/10170.png
2 rank_dist = [0.1493961215019226, 0.3905978798866272, 100, 100, 100] rank_index = [150, 300, 0, 0, 0]
<function shape at 0x7f0edab1cf28>
3 14 0.08295021206140518
file_index = 00450
../../dataset/RakutenDS/triplet/input/test_anchor/1120005769/5.png
../../dataset/RakutenDS/triplet/017/frame30/00450.png
3 rank_dist = [0.1566605567932129, 0.3648833632469177, 100, 100, 100] rank_index = [150, 300, 0, 0, 0]
<function shape at 0x7f0edab1cf28>
4 13 0.07774586230516434
file_index = 00420
../../dataset/RakutenDS/triplet/input/test_anchor/1120005769/6.png
../../dataset/RakutenDS/triplet/017/frame30/00420.png
4 rank_dist = [0.13973218202590942, 0.35365110635757446, 100, 100, 100] rank_index = [150, 300, 0, 0, 0]
key_indexs = [6540, 990, 30, 1020, 10380, 10650, 3420, 5100, 450, 4140, 10650, 10680, 3150, 10680, 4500, 5400, 2910, 3330, 2940, 4890, 7680, 9750, 5100, 7710, 4620, 10110, 90, 60, 7650, 4440, 4530, 210, 210, 2490, 2490, 10110, 420, 10170, 450, 420]
[]
epoch 09
5 356
flist_v2 0
flist_v2 100
flist_v2 200
flist_v2 300
<function shape at 0x7f0edab1cf28>
0 109 0.03478517010807991
file_index = 03300
../../dataset/RakutenDS/triplet/input/test_anchor/1120005769/1.png
../../dataset/RakutenDS/triplet/017/frame30/03300.png
0 rank_dist = [0.11389929056167603, 0.1931915283203125, 100, 100, 100] rank_index = [150, 300, 0, 0, 0]
<function shape at 0x7f0edab1cf28>
1 355 0.06980904191732407
file_index = 10680
../../dataset/RakutenDS/triplet/input/test_anchor/1120005769/3.png
../../dataset/RakutenDS/triplet/017/frame30/10680.png
1 rank_dist = [0.2513955533504486, 0.26293256878852844, 100, 100, 100] rank_index = [300, 150, 0, 0, 0]
<function shape at 0x7f0edab1cf28>
2 103 0.0650492012500763
file_index = 03120
../../dataset/RakutenDS/triplet/input/test_anchor/1120005769/4.png
../../dataset/RakutenDS/triplet/017/frame30/03120.png
2 rank_dist = [0.17859254777431488, 0.2621418535709381, 100, 100, 100] rank_index = [150, 300, 0, 0, 0]
<function shape at 0x7f0edab1cf28>
3 100 0.05653727054595947
file_index = 03030
../../dataset/RakutenDS/triplet/input/test_anchor/1120005769/5.png
../../dataset/RakutenDS/triplet/017/frame30/03030.png
3 rank_dist = [0.16831229627132416, 0.21749627590179443, 100, 100, 100] rank_index = [150, 300, 0, 0, 0]
<function shape at 0x7f0edab1cf28>
4 101 0.04130229353904724
file_index = 03060
../../dataset/RakutenDS/triplet/input/test_anchor/1120005769/6.png
../../dataset/RakutenDS/triplet/017/frame30/03060.png
4 rank_dist = [0.1469111144542694, 0.21622072160243988, 100, 100, 100] rank_index = [150, 300, 0, 0, 0]
key_indexs = [6540, 990, 30, 1020, 10380, 10650, 3420, 5100, 450, 4140, 10650, 10680, 3150, 10680, 4500, 5400, 2910, 3330, 2940, 4890, 7680, 9750, 5100, 7710, 4620, 10110, 90, 60, 7650, 4440, 4530, 210, 210, 2490, 2490, 10110, 420, 10170, 450, 420, 3300, 10680, 3120, 3030, 3060]
[]
epoch 10
5 356
flist_v2 0
flist_v2 100
flist_v2 200
flist_v2 300
<function shape at 0x7f0edab1cf28>
0 139 0.08469631522893906
file_index = 04200
../../dataset/RakutenDS/triplet/input/test_anchor/1120005769/1.png
../../dataset/RakutenDS/triplet/017/frame30/04200.png
0 rank_dist = [0.17233799397945404, 0.19614845514297485, 100, 100, 100] rank_index = [300, 150, 0, 0, 0]
<function shape at 0x7f0edab1cf28>
1 336 0.0540875643491745
file_index = 10110
../../dataset/RakutenDS/triplet/input/test_anchor/1120005769/3.png
../../dataset/RakutenDS/triplet/017/frame30/10110.png
1 rank_dist = [0.11092744022607803, 0.20861370861530304, 100, 100, 100] rank_index = [150, 300, 0, 0, 0]
<function shape at 0x7f0edab1cf28>
2 355 0.06285062432289124
file_index = 10680
../../dataset/RakutenDS/triplet/input/test_anchor/1120005769/4.png
../../dataset/RakutenDS/triplet/017/frame30/10680.png
2 rank_dist = [0.0833221897482872, 0.2226359099149704, 100, 100, 100] rank_index = [150, 300, 0, 0, 0]
<function shape at 0x7f0edab1cf28>
3 86 0.059331972151994705
file_index = 02610
../../dataset/RakutenDS/triplet/input/test_anchor/1120005769/5.png
../../dataset/RakutenDS/triplet/017/frame30/02610.png
3 rank_dist = [0.11416751146316528, 0.1811034083366394, 100, 100, 100] rank_index = [150, 300, 0, 0, 0]
<function shape at 0x7f0edab1cf28>
4 1 0.055917199701070786
file_index = 00060
../../dataset/RakutenDS/triplet/input/test_anchor/1120005769/6.png
../../dataset/RakutenDS/triplet/017/frame30/00060.png
4 rank_dist = [0.12610092759132385, 0.20371222496032715, 100, 100, 100] rank_index = [150, 300, 0, 0, 0]
key_indexs = [6540, 990, 30, 1020, 10380, 10650, 3420, 5100, 450, 4140, 10650, 10680, 3150, 10680, 4500, 5400, 2910, 3330, 2940, 4890, 7680, 9750, 5100, 7710, 4620, 10110, 90, 60, 7650, 4440, 4530, 210, 210, 2490, 2490, 10110, 420, 10170, 450, 420, 3300, 10680, 3120, 3030, 3060, 4200, 10110, 10680, 2610, 60]
[]
epoch 11
5 356
flist_v2 0
flist_v2 100
flist_v2 200
flist_v2 300
<function shape at 0x7f0edab1cf28>
0 353 0.0377400740981102
file_index = 10620
../../dataset/RakutenDS/triplet/input/test_anchor/1120005769/1.png
../../dataset/RakutenDS/triplet/017/frame30/10620.png
0 rank_dist = [0.051543645560741425, 0.15551480650901794, 100, 100, 100] rank_index = [150, 300, 0, 0, 0]
<function shape at 0x7f0edab1cf28>
1 346 0.09773033112287521
file_index = 10410
../../dataset/RakutenDS/triplet/input/test_anchor/1120005769/3.png
../../dataset/RakutenDS/triplet/017/frame30/10410.png
1 rank_dist = [0.1471232771873474, 0.16418378055095673, 100, 100, 100] rank_index = [150, 300, 0, 0, 0]
<function shape at 0x7f0edab1cf28>
2 148 0.039863865822553635
file_index = 04470
../../dataset/RakutenDS/triplet/input/test_anchor/1120005769/4.png
../../dataset/RakutenDS/triplet/017/frame30/04470.png
2 rank_dist = [0.07681528478860855, 0.12168624252080917, 100, 100, 100] rank_index = [150, 300, 0, 0, 0]
<function shape at 0x7f0edab1cf28>
3 354 0.053945209830999374
file_index = 10650
../../dataset/RakutenDS/triplet/input/test_anchor/1120005769/5.png
../../dataset/RakutenDS/triplet/017/frame30/10650.png
3 rank_dist = [0.06252463907003403, 0.14774060249328613, 100, 100, 100] rank_index = [150, 300, 0, 0, 0]
<function shape at 0x7f0edab1cf28>
4 355 0.06224637106060982
file_index = 10680
../../dataset/RakutenDS/triplet/input/test_anchor/1120005769/6.png
../../dataset/RakutenDS/triplet/017/frame30/10680.png
4 rank_dist = [0.09263912588357925, 0.1633920669555664, 100, 100, 100] rank_index = [150, 300, 0, 0, 0]
key_indexs = [6540, 990, 30, 1020, 10380, 10650, 3420, 5100, 450, 4140, 10650, 10680, 3150, 10680, 4500, 5400, 2910, 3330, 2940, 4890, 7680, 9750, 5100, 7710, 4620, 10110, 90, 60, 7650, 4440, 4530, 210, 210, 2490, 2490, 10110, 420, 10170, 450, 420, 3300, 10680, 3120, 3030, 3060, 4200, 10110, 10680, 2610, 60, 10620, 10410, 4470, 10650, 10680]
[]
epoch 12
5 356
flist_v2 0
flist_v2 100
flist_v2 200
flist_v2 300
<function shape at 0x7f0edab1cf28>
0 353 0.038831956684589386
file_index = 10620
../../dataset/RakutenDS/triplet/input/test_anchor/1120005769/1.png
../../dataset/RakutenDS/triplet/017/frame30/10620.png
0 rank_dist = [0.049988631159067154, 0.1516329050064087, 100, 100, 100] rank_index = [150, 300, 0, 0, 0]
<function shape at 0x7f0edab1cf28>
1 346 0.09479162842035294
file_index = 10410
../../dataset/RakutenDS/triplet/input/test_anchor/1120005769/3.png
../../dataset/RakutenDS/triplet/017/frame30/10410.png
1 rank_dist = [0.14120055735111237, 0.16230101883411407, 100, 100, 100] rank_index = [150, 300, 0, 0, 0]
<function shape at 0x7f0edab1cf28>
2 148 0.04065946489572525
file_index = 04470
../../dataset/RakutenDS/triplet/input/test_anchor/1120005769/4.png
../../dataset/RakutenDS/triplet/017/frame30/04470.png
2 rank_dist = [0.0713178962469101, 0.12049191445112228, 100, 100, 100] rank_index = [150, 300, 0, 0, 0]
<function shape at 0x7f0edab1cf28>
3 354 0.05421493202447891
file_index = 10650
../../dataset/RakutenDS/triplet/input/test_anchor/1120005769/5.png
../../dataset/RakutenDS/triplet/017/frame30/10650.png
3 rank_dist = [0.060019172728061676, 0.14421392977237701, 100, 100, 100] rank_index = [150, 300, 0, 0, 0]
<function shape at 0x7f0edab1cf28>
4 355 0.05944487825036049
file_index = 10680
../../dataset/RakutenDS/triplet/input/test_anchor/1120005769/6.png
../../dataset/RakutenDS/triplet/017/frame30/10680.png
4 rank_dist = [0.08768206089735031, 0.16107450425624847, 100, 100, 100] rank_index = [150, 300, 0, 0, 0]
key_indexs = [6540, 990, 30, 1020, 10380, 10650, 3420, 5100, 450, 4140, 10650, 10680, 3150, 10680, 4500, 5400, 2910, 3330, 2940, 4890, 7680, 9750, 5100, 7710, 4620, 10110, 90, 60, 7650, 4440, 4530, 210, 210, 2490, 2490, 10110, 420, 10170, 450, 420, 3300, 10680, 3120, 3030, 3060, 4200, 10110, 10680, 2610, 60, 10620, 10410, 4470, 10650, 10680, 10620, 10410, 4470, 10650, 10680]
[]
epoch 13
5 356
flist_v2 0
flist_v2 100
flist_v2 200
flist_v2 300
<function shape at 0x7f0edab1cf28>
0 353 0.03849934786558151
file_index = 10620
../../dataset/RakutenDS/triplet/input/test_anchor/1120005769/1.png
../../dataset/RakutenDS/triplet/017/frame30/10620.png
0 rank_dist = [0.049994248896837234, 0.1539141684770584, 100, 100, 100] rank_index = [150, 300, 0, 0, 0]
<function shape at 0x7f0edab1cf28>
1 346 0.09546535462141037
file_index = 10410
../../dataset/RakutenDS/triplet/input/test_anchor/1120005769/3.png
../../dataset/RakutenDS/triplet/017/frame30/10410.png
1 rank_dist = [0.1428133100271225, 0.16297651827335358, 100, 100, 100] rank_index = [150, 300, 0, 0, 0]
<function shape at 0x7f0edab1cf28>
2 148 0.04022669419646263
file_index = 04470
../../dataset/RakutenDS/triplet/input/test_anchor/1120005769/4.png
../../dataset/RakutenDS/triplet/017/frame30/04470.png
2 rank_dist = [0.07350341230630875, 0.12081076204776764, 100, 100, 100] rank_index = [150, 300, 0, 0, 0]
<function shape at 0x7f0edab1cf28>
3 354 0.05426401644945145
file_index = 10650
../../dataset/RakutenDS/triplet/input/test_anchor/1120005769/5.png
../../dataset/RakutenDS/triplet/017/frame30/10650.png
3 rank_dist = [0.06076658517122269, 0.14568325877189636, 100, 100, 100] rank_index = [150, 300, 0, 0, 0]
<function shape at 0x7f0edab1cf28>
4 355 0.06122451275587082
file_index = 10680
../../dataset/RakutenDS/triplet/input/test_anchor/1120005769/6.png
../../dataset/RakutenDS/triplet/017/frame30/10680.png
4 rank_dist = [0.08965680748224258, 0.16155855357646942, 100, 100, 100] rank_index = [150, 300, 0, 0, 0]
key_indexs = [6540, 990, 30, 1020, 10380, 10650, 3420, 5100, 450, 4140, 10650, 10680, 3150, 10680, 4500, 5400, 2910, 3330, 2940, 4890, 7680, 9750, 5100, 7710, 4620, 10110, 90, 60, 7650, 4440, 4530, 210, 210, 2490, 2490, 10110, 420, 10170, 450, 420, 3300, 10680, 3120, 3030, 3060, 4200, 10110, 10680, 2610, 60, 10620, 10410, 4470, 10650, 10680, 10620, 10410, 4470, 10650, 10680, 10620, 10410, 4470, 10650, 10680]
[]
epoch 14
5 356
flist_v2 0
flist_v2 100
flist_v2 200
flist_v2 300
<function shape at 0x7f0edab1cf28>
0 353 0.03863810747861862
file_index = 10620
../../dataset/RakutenDS/triplet/input/test_anchor/1120005769/1.png
../../dataset/RakutenDS/triplet/017/frame30/10620.png
0 rank_dist = [0.049772974103689194, 0.1517963856458664, 100, 100, 100] rank_index = [150, 300, 0, 0, 0]
<function shape at 0x7f0edab1cf28>
1 346 0.09510262310504913
file_index = 10410
../../dataset/RakutenDS/triplet/input/test_anchor/1120005769/3.png
../../dataset/RakutenDS/triplet/017/frame30/10410.png
1 rank_dist = [0.14096449315547943, 0.16220508515834808, 100, 100, 100] rank_index = [150, 300, 0, 0, 0]
<function shape at 0x7f0edab1cf28>
2 148 0.0400477834045887
file_index = 04470
../../dataset/RakutenDS/triplet/input/test_anchor/1120005769/4.png
../../dataset/RakutenDS/triplet/017/frame30/04470.png
2 rank_dist = [0.07193756848573685, 0.12035191059112549, 100, 100, 100] rank_index = [150, 300, 0, 0, 0]
<function shape at 0x7f0edab1cf28>
3 354 0.05431894212961197
file_index = 10650
../../dataset/RakutenDS/triplet/input/test_anchor/1120005769/5.png
../../dataset/RakutenDS/triplet/017/frame30/10650.png
3 rank_dist = [0.060730114579200745, 0.144302099943161, 100, 100, 100] rank_index = [150, 300, 0, 0, 0]
<function shape at 0x7f0edab1cf28>
4 355 0.05985626205801964
file_index = 10680
../../dataset/RakutenDS/triplet/input/test_anchor/1120005769/6.png
../../dataset/RakutenDS/triplet/017/frame30/10680.png
4 rank_dist = [0.08804308623075485, 0.16063253581523895, 100, 100, 100] rank_index = [150, 300, 0, 0, 0]
key_indexs = [6540, 990, 30, 1020, 10380, 10650, 3420, 5100, 450, 4140, 10650, 10680, 3150, 10680, 4500, 5400, 2910, 3330, 2940, 4890, 7680, 9750, 5100, 7710, 4620, 10110, 90, 60, 7650, 4440, 4530, 210, 210, 2490, 2490, 10110, 420, 10170, 450, 420, 3300, 10680, 3120, 3030, 3060, 4200, 10110, 10680, 2610, 60, 10620, 10410, 4470, 10650, 10680, 10620, 10410, 4470, 10650, 10680, 10620, 10410, 4470, 10650, 10680, 10620, 10410, 4470, 10650, 10680]
[]
epoch 15
5 356
flist_v2 0
flist_v2 100
flist_v2 200
flist_v2 300
<function shape at 0x7f0edab1cf28>
0 353 0.038269054144620895
file_index = 10620
../../dataset/RakutenDS/triplet/input/test_anchor/1120005769/1.png
../../dataset/RakutenDS/triplet/017/frame30/10620.png
0 rank_dist = [0.04987788945436478, 0.1520642787218094, 100, 100, 100] rank_index = [150, 300, 0, 0, 0]
<function shape at 0x7f0edab1cf28>
1 346 0.09541049599647522
file_index = 10410
../../dataset/RakutenDS/triplet/input/test_anchor/1120005769/3.png
../../dataset/RakutenDS/triplet/017/frame30/10410.png
1 rank_dist = [0.1423543393611908, 0.16236141324043274, 100, 100, 100] rank_index = [150, 300, 0, 0, 0]
<function shape at 0x7f0edab1cf28>
2 148 0.04002736508846283
file_index = 04470
../../dataset/RakutenDS/triplet/input/test_anchor/1120005769/4.png
../../dataset/RakutenDS/triplet/017/frame30/04470.png
2 rank_dist = [0.07267587631940842, 0.11994513124227524, 100, 100, 100] rank_index = [150, 300, 0, 0, 0]
<function shape at 0x7f0edab1cf28>
3 354 0.054195187985897064
file_index = 10650
../../dataset/RakutenDS/triplet/input/test_anchor/1120005769/5.png
../../dataset/RakutenDS/triplet/017/frame30/10650.png
3 rank_dist = [0.06052960082888603, 0.14472000300884247, 100, 100, 100] rank_index = [150, 300, 0, 0, 0]
<function shape at 0x7f0edab1cf28>
4 355 0.06076878309249878
file_index = 10680
../../dataset/RakutenDS/triplet/input/test_anchor/1120005769/6.png
../../dataset/RakutenDS/triplet/017/frame30/10680.png
4 rank_dist = [0.08873318135738373, 0.16033001244068146, 100, 100, 100] rank_index = [150, 300, 0, 0, 0]
key_indexs = [6540, 990, 30, 1020, 10380, 10650, 3420, 5100, 450, 4140, 10650, 10680, 3150, 10680, 4500, 5400, 2910, 3330, 2940, 4890, 7680, 9750, 5100, 7710, 4620, 10110, 90, 60, 7650, 4440, 4530, 210, 210, 2490, 2490, 10110, 420, 10170, 450, 420, 3300, 10680, 3120, 3030, 3060, 4200, 10110, 10680, 2610, 60, 10620, 10410, 4470, 10650, 10680, 10620, 10410, 4470, 10650, 10680, 10620, 10410, 4470, 10650, 10680, 10620, 10410, 4470, 10650, 10680, 10620, 10410, 4470, 10650, 10680]
[]
epoch 16
5 356
flist_v2 0
flist_v2 100
flist_v2 200
flist_v2 300
<function shape at 0x7f0edab1cf28>
0 353 0.03812159225344658
file_index = 10620
../../dataset/RakutenDS/triplet/input/test_anchor/1120005769/1.png
../../dataset/RakutenDS/triplet/017/frame30/10620.png
0 rank_dist = [0.050037868320941925, 0.15238244831562042, 100, 100, 100] rank_index = [150, 300, 0, 0, 0]
<function shape at 0x7f0edab1cf28>
1 346 0.09449894726276398
file_index = 10410
../../dataset/RakutenDS/triplet/input/test_anchor/1120005769/3.png
../../dataset/RakutenDS/triplet/017/frame30/10410.png
1 rank_dist = [0.1410709023475647, 0.1613202542066574, 100, 100, 100] rank_index = [150, 300, 0, 0, 0]
<function shape at 0x7f0edab1cf28>
2 148 0.040093306452035904
file_index = 04470
../../dataset/RakutenDS/triplet/input/test_anchor/1120005769/4.png
../../dataset/RakutenDS/triplet/017/frame30/04470.png
2 rank_dist = [0.07297863066196442, 0.1194181740283966, 100, 100, 100] rank_index = [150, 300, 0, 0, 0]
<function shape at 0x7f0edab1cf28>
3 354 0.05431356281042099
file_index = 10650
../../dataset/RakutenDS/triplet/input/test_anchor/1120005769/5.png
../../dataset/RakutenDS/triplet/017/frame30/10650.png
3 rank_dist = [0.06094799190759659, 0.14438751339912415, 100, 100, 100] rank_index = [150, 300, 0, 0, 0]
<function shape at 0x7f0edab1cf28>
4 355 0.05960427224636078
file_index = 10680
../../dataset/RakutenDS/triplet/input/test_anchor/1120005769/6.png
../../dataset/RakutenDS/triplet/017/frame30/10680.png
4 rank_dist = [0.08778676390647888, 0.16016896069049835, 100, 100, 100] rank_index = [150, 300, 0, 0, 0]
key_indexs = [6540, 990, 30, 1020, 10380, 10650, 3420, 5100, 450, 4140, 10650, 10680, 3150, 10680, 4500, 5400, 2910, 3330, 2940, 4890, 7680, 9750, 5100, 7710, 4620, 10110, 90, 60, 7650, 4440, 4530, 210, 210, 2490, 2490, 10110, 420, 10170, 450, 420, 3300, 10680, 3120, 3030, 3060, 4200, 10110, 10680, 2610, 60, 10620, 10410, 4470, 10650, 10680, 10620, 10410, 4470, 10650, 10680, 10620, 10410, 4470, 10650, 10680, 10620, 10410, 4470, 10650, 10680, 10620, 10410, 4470, 10650, 10680, 10620, 10410, 4470, 10650, 10680]
[]
epoch 17
5 356
flist_v2 0
flist_v2 100
flist_v2 200
flist_v2 300
<function shape at 0x7f0edab1cf28>
0 353 0.03818157687783241
file_index = 10620
../../dataset/RakutenDS/triplet/input/test_anchor/1120005769/1.png
../../dataset/RakutenDS/triplet/017/frame30/10620.png
0 rank_dist = [0.050034042447805405, 0.15477772057056427, 100, 100, 100] rank_index = [150, 300, 0, 0, 0]
<function shape at 0x7f0edab1cf28>
1 346 0.09565024822950363
file_index = 10410
../../dataset/RakutenDS/triplet/input/test_anchor/1120005769/3.png
../../dataset/RakutenDS/triplet/017/frame30/10410.png
1 rank_dist = [0.1440000832080841, 0.16206267476081848, 100, 100, 100] rank_index = [150, 300, 0, 0, 0]
<function shape at 0x7f0edab1cf28>
2 148 0.0402025505900383
file_index = 04470
../../dataset/RakutenDS/triplet/input/test_anchor/1120005769/4.png
../../dataset/RakutenDS/triplet/017/frame30/04470.png
2 rank_dist = [0.07518322020769119, 0.12073620408773422, 100, 100, 100] rank_index = [150, 300, 0, 0, 0]
<function shape at 0x7f0edab1cf28>
3 354 0.054577089846134186
file_index = 10650
../../dataset/RakutenDS/triplet/input/test_anchor/1120005769/5.png
../../dataset/RakutenDS/triplet/017/frame30/10650.png
3 rank_dist = [0.0616195909678936, 0.14611494541168213, 100, 100, 100] rank_index = [150, 300, 0, 0, 0]
<function shape at 0x7f0edab1cf28>
4 355 0.061769191175699234
file_index = 10680
../../dataset/RakutenDS/triplet/input/test_anchor/1120005769/6.png
../../dataset/RakutenDS/triplet/017/frame30/10680.png
4 rank_dist = [0.08973796665668488, 0.16107308864593506, 100, 100, 100] rank_index = [150, 300, 0, 0, 0]
key_indexs = [6540, 990, 30, 1020, 10380, 10650, 3420, 5100, 450, 4140, 10650, 10680, 3150, 10680, 4500, 5400, 2910, 3330, 2940, 4890, 7680, 9750, 5100, 7710, 4620, 10110, 90, 60, 7650, 4440, 4530, 210, 210, 2490, 2490, 10110, 420, 10170, 450, 420, 3300, 10680, 3120, 3030, 3060, 4200, 10110, 10680, 2610, 60, 10620, 10410, 4470, 10650, 10680, 10620, 10410, 4470, 10650, 10680, 10620, 10410, 4470, 10650, 10680, 10620, 10410, 4470, 10650, 10680, 10620, 10410, 4470, 10650, 10680, 10620, 10410, 4470, 10650, 10680, 10620, 10410, 4470, 10650, 10680]
[]
epoch 18
5 356
flist_v2 0
flist_v2 100
flist_v2 200
flist_v2 300
<function shape at 0x7f0edab1cf28>
0 141 0.08033694326877594
file_index = 04260
../../dataset/RakutenDS/triplet/input/test_anchor/1120005769/1.png
../../dataset/RakutenDS/triplet/017/frame30/04260.png
0 rank_dist = [0.13738329708576202, 0.1915985643863678, 100, 100, 100] rank_index = [300, 150, 0, 0, 0]
<function shape at 0x7f0edab1cf28>
1 291 0.1351698935031891
file_index = 08760
../../dataset/RakutenDS/triplet/input/test_anchor/1120005769/3.png
../../dataset/RakutenDS/triplet/017/frame30/08760.png
1 rank_dist = [0.1438463032245636, 0.3400292992591858, 100, 100, 100] rank_index = [300, 150, 0, 0, 0]
<function shape at 0x7f0edab1cf28>
2 354 0.03794652968645096
file_index = 10650
../../dataset/RakutenDS/triplet/input/test_anchor/1120005769/4.png
../../dataset/RakutenDS/triplet/017/frame30/10650.png
2 rank_dist = [0.0764489397406578, 0.21022456884384155, 100, 100, 100] rank_index = [300, 150, 0, 0, 0]
<function shape at 0x7f0edab1cf28>
3 354 0.06494709104299545
file_index = 10650
../../dataset/RakutenDS/triplet/input/test_anchor/1120005769/5.png
../../dataset/RakutenDS/triplet/017/frame30/10650.png
3 rank_dist = [0.09706111997365952, 0.24809366464614868, 100, 100, 100] rank_index = [300, 150, 0, 0, 0]
<function shape at 0x7f0edab1cf28>
4 336 0.1089063435792923
file_index = 10110
../../dataset/RakutenDS/triplet/input/test_anchor/1120005769/6.png
../../dataset/RakutenDS/triplet/017/frame30/10110.png
4 rank_dist = [0.1343112289905548, 0.29551953077316284, 100, 100, 100] rank_index = [300, 150, 0, 0, 0]
key_indexs = [6540, 990, 30, 1020, 10380, 10650, 3420, 5100, 450, 4140, 10650, 10680, 3150, 10680, 4500, 5400, 2910, 3330, 2940, 4890, 7680, 9750, 5100, 7710, 4620, 10110, 90, 60, 7650, 4440, 4530, 210, 210, 2490, 2490, 10110, 420, 10170, 450, 420, 3300, 10680, 3120, 3030, 3060, 4200, 10110, 10680, 2610, 60, 10620, 10410, 4470, 10650, 10680, 10620, 10410, 4470, 10650, 10680, 10620, 10410, 4470, 10650, 10680, 10620, 10410, 4470, 10650, 10680, 10620, 10410, 4470, 10650, 10680, 10620, 10410, 4470, 10650, 10680, 10620, 10410, 4470, 10650, 10680, 4260, 8760, 10650, 10650, 10110]
[]
epoch 19
5 356
flist_v2 0
flist_v2 100
flist_v2 200
flist_v2 300
<function shape at 0x7f0edab1cf28>
0 348 0.16789992153644562
file_index = 10470
../../dataset/RakutenDS/triplet/input/test_anchor/1120005769/1.png
../../dataset/RakutenDS/triplet/017/frame30/10470.png
0 rank_dist = [0.2099209576845169, 0.34535813331604004, 100, 100, 100] rank_index = [300, 150, 0, 0, 0]
<function shape at 0x7f0edab1cf28>
1 348 0.25851476192474365
file_index = 10470
../../dataset/RakutenDS/triplet/input/test_anchor/1120005769/3.png
../../dataset/RakutenDS/triplet/017/frame30/10470.png
1 rank_dist = [0.2645778954029083, 0.4294843077659607, 100, 100, 100] rank_index = [300, 150, 0, 0, 0]
<function shape at 0x7f0edab1cf28>
2 3 0.1205286979675293
file_index = 00120
../../dataset/RakutenDS/triplet/input/test_anchor/1120005769/4.png
../../dataset/RakutenDS/triplet/017/frame30/00120.png
2 rank_dist = [0.2448420524597168, 0.30564022064208984, 100, 100, 100] rank_index = [150, 300, 0, 0, 0]
<function shape at 0x7f0edab1cf28>
3 343 0.07610347867012024
file_index = 10320
../../dataset/RakutenDS/triplet/input/test_anchor/1120005769/5.png
../../dataset/RakutenDS/triplet/017/frame30/10320.png
3 rank_dist = [0.14686286449432373, 0.3069024980068207, 100, 100, 100] rank_index = [150, 300, 0, 0, 0]
<function shape at 0x7f0edab1cf28>
4 346 0.11220596730709076
file_index = 10410
../../dataset/RakutenDS/triplet/input/test_anchor/1120005769/6.png
../../dataset/RakutenDS/triplet/017/frame30/10410.png
4 rank_dist = [0.248170405626297, 0.2634197473526001, 100, 100, 100] rank_index = [300, 150, 0, 0, 0]
key_indexs = [6540, 990, 30, 1020, 10380, 10650, 3420, 5100, 450, 4140, 10650, 10680, 3150, 10680, 4500, 5400, 2910, 3330, 2940, 4890, 7680, 9750, 5100, 7710, 4620, 10110, 90, 60, 7650, 4440, 4530, 210, 210, 2490, 2490, 10110, 420, 10170, 450, 420, 3300, 10680, 3120, 3030, 3060, 4200, 10110, 10680, 2610, 60, 10620, 10410, 4470, 10650, 10680, 10620, 10410, 4470, 10650, 10680, 10620, 10410, 4470, 10650, 10680, 10620, 10410, 4470, 10650, 10680, 10620, 10410, 4470, 10650, 10680, 10620, 10410, 4470, 10650, 10680, 10620, 10410, 4470, 10650, 10680, 4260, 8760, 10650, 10650, 10110, 10470, 10470, 120, 10320, 10410]
[]
epoch 20
5 356
flist_v2 0
flist_v2 100
flist_v2 200
flist_v2 300
<function shape at 0x7f0edab1cf28>
0 95 0.0859423577785492
file_index = 02880
../../dataset/RakutenDS/triplet/input/test_anchor/1120005769/1.png
../../dataset/RakutenDS/triplet/017/frame30/02880.png
0 rank_dist = [0.19488070905208588, 0.20734229683876038, 100, 100, 100] rank_index = [150, 300, 0, 0, 0]
<function shape at 0x7f0edab1cf28>
1 84 0.31625494360923767
file_index = 02550
../../dataset/RakutenDS/triplet/input/test_anchor/1120005769/3.png
../../dataset/RakutenDS/triplet/017/frame30/02550.png
1 rank_dist = [0.4437393844127655, 0.4718327224254608, 100, 100, 100] rank_index = [150, 300, 0, 0, 0]
<function shape at 0x7f0edab1cf28>
2 84 0.10245222598314285
file_index = 02550
../../dataset/RakutenDS/triplet/input/test_anchor/1120005769/4.png
../../dataset/RakutenDS/triplet/017/frame30/02550.png
2 rank_dist = [0.18348348140716553, 0.3148319125175476, 100, 100, 100] rank_index = [150, 300, 0, 0, 0]
<function shape at 0x7f0edab1cf28>
3 98 0.06114790216088295
file_index = 02970
../../dataset/RakutenDS/triplet/input/test_anchor/1120005769/5.png
../../dataset/RakutenDS/triplet/017/frame30/02970.png
3 rank_dist = [0.10501869022846222, 0.24629999697208405, 100, 100, 100] rank_index = [150, 300, 0, 0, 0]
<function shape at 0x7f0edab1cf28>
4 157 0.1029045507311821
file_index = 04740
../../dataset/RakutenDS/triplet/input/test_anchor/1120005769/6.png
../../dataset/RakutenDS/triplet/017/frame30/04740.png
4 rank_dist = [0.12775491178035736, 0.2778402268886566, 100, 100, 100] rank_index = [150, 300, 0, 0, 0]
key_indexs = [6540, 990, 30, 1020, 10380, 10650, 3420, 5100, 450, 4140, 10650, 10680, 3150, 10680, 4500, 5400, 2910, 3330, 2940, 4890, 7680, 9750, 5100, 7710, 4620, 10110, 90, 60, 7650, 4440, 4530, 210, 210, 2490, 2490, 10110, 420, 10170, 450, 420, 3300, 10680, 3120, 3030, 3060, 4200, 10110, 10680, 2610, 60, 10620, 10410, 4470, 10650, 10680, 10620, 10410, 4470, 10650, 10680, 10620, 10410, 4470, 10650, 10680, 10620, 10410, 4470, 10650, 10680, 10620, 10410, 4470, 10650, 10680, 10620, 10410, 4470, 10650, 10680, 10620, 10410, 4470, 10650, 10680, 4260, 8760, 10650, 10650, 10110, 10470, 10470, 120, 10320, 10410, 2880, 2550, 2550, 2970, 4740]
[]
epoch 21
5 356
flist_v2 0
flist_v2 100
flist_v2 200
flist_v2 300
<function shape at 0x7f0edab1cf28>
0 95 0.08770021051168442
file_index = 02880
../../dataset/RakutenDS/triplet/input/test_anchor/1120005769/1.png
../../dataset/RakutenDS/triplet/017/frame30/02880.png
0 rank_dist = [0.20348288118839264, 0.21202118694782257, 100, 100, 100] rank_index = [150, 300, 0, 0, 0]
<function shape at 0x7f0edab1cf28>
1 84 0.32228121161460876
file_index = 02550
../../dataset/RakutenDS/triplet/input/test_anchor/1120005769/3.png
../../dataset/RakutenDS/triplet/017/frame30/02550.png
1 rank_dist = [0.45594522356987, 0.48193126916885376, 100, 100, 100] rank_index = [150, 300, 0, 0, 0]
<function shape at 0x7f0edab1cf28>
2 84 0.10299143940210342
file_index = 02550
../../dataset/RakutenDS/triplet/input/test_anchor/1120005769/4.png
../../dataset/RakutenDS/triplet/017/frame30/02550.png
2 rank_dist = [0.19092905521392822, 0.32049238681793213, 100, 100, 100] rank_index = [150, 300, 0, 0, 0]
<function shape at 0x7f0edab1cf28>
3 98 0.061390869319438934
file_index = 02970
../../dataset/RakutenDS/triplet/input/test_anchor/1120005769/5.png
../../dataset/RakutenDS/triplet/017/frame30/02970.png
3 rank_dist = [0.10962126404047012, 0.25017082691192627, 100, 100, 100] rank_index = [150, 300, 0, 0, 0]
<function shape at 0x7f0edab1cf28>
4 157 0.10516858845949173
file_index = 04740
../../dataset/RakutenDS/triplet/input/test_anchor/1120005769/6.png
../../dataset/RakutenDS/triplet/017/frame30/04740.png
4 rank_dist = [0.1317046880722046, 0.28230512142181396, 100, 100, 100] rank_index = [150, 300, 0, 0, 0]
key_indexs = [6540, 990, 30, 1020, 10380, 10650, 3420, 5100, 450, 4140, 10650, 10680, 3150, 10680, 4500, 5400, 2910, 3330, 2940, 4890, 7680, 9750, 5100, 7710, 4620, 10110, 90, 60, 7650, 4440, 4530, 210, 210, 2490, 2490, 10110, 420, 10170, 450, 420, 3300, 10680, 3120, 3030, 3060, 4200, 10110, 10680, 2610, 60, 10620, 10410, 4470, 10650, 10680, 10620, 10410, 4470, 10650, 10680, 10620, 10410, 4470, 10650, 10680, 10620, 10410, 4470, 10650, 10680, 10620, 10410, 4470, 10650, 10680, 10620, 10410, 4470, 10650, 10680, 10620, 10410, 4470, 10650, 10680, 4260, 8760, 10650, 10650, 10110, 10470, 10470, 120, 10320, 10410, 2880, 2550, 2550, 2970, 4740, 2880, 2550, 2550, 2970, 4740]
[]
epoch 22
5 356
flist_v2 0
flist_v2 100
flist_v2 200
flist_v2 300
<function shape at 0x7f0edab1cf28>
0 355 0.243337020277977
file_index = 10680
../../dataset/RakutenDS/triplet/input/test_anchor/1120005769/1.png
../../dataset/RakutenDS/triplet/017/frame30/10680.png
0 rank_dist = [0.39904436469078064, 0.6602537631988525, 100, 100, 100] rank_index = [150, 300, 0, 0, 0]
<function shape at 0x7f0edab1cf28>
1 152 0.07646095752716064
file_index = 04590
../../dataset/RakutenDS/triplet/input/test_anchor/1120005769/3.png
../../dataset/RakutenDS/triplet/017/frame30/04590.png
1 rank_dist = [0.14805690944194794, 0.3921257257461548, 100, 100, 100] rank_index = [150, 300, 0, 0, 0]
<function shape at 0x7f0edab1cf28>
2 355 0.0883568823337555
file_index = 10680
../../dataset/RakutenDS/triplet/input/test_anchor/1120005769/4.png
../../dataset/RakutenDS/triplet/017/frame30/10680.png
2 rank_dist = [0.17818067967891693, 0.45955634117126465, 100, 100, 100] rank_index = [150, 300, 0, 0, 0]
<function shape at 0x7f0edab1cf28>
3 355 0.05787594988942146
file_index = 10680
../../dataset/RakutenDS/triplet/input/test_anchor/1120005769/5.png
../../dataset/RakutenDS/triplet/017/frame30/10680.png
3 rank_dist = [0.1661042720079422, 0.45365461707115173, 100, 100, 100] rank_index = [150, 300, 0, 0, 0]
<function shape at 0x7f0edab1cf28>
4 121 0.06633107364177704
file_index = 03660
../../dataset/RakutenDS/triplet/input/test_anchor/1120005769/6.png
../../dataset/RakutenDS/triplet/017/frame30/03660.png
4 rank_dist = [0.11380942165851593, 0.28849467635154724, 100, 100, 100] rank_index = [150, 300, 0, 0, 0]
key_indexs = [6540, 990, 30, 1020, 10380, 10650, 3420, 5100, 450, 4140, 10650, 10680, 3150, 10680, 4500, 5400, 2910, 3330, 2940, 4890, 7680, 9750, 5100, 7710, 4620, 10110, 90, 60, 7650, 4440, 4530, 210, 210, 2490, 2490, 10110, 420, 10170, 450, 420, 3300, 10680, 3120, 3030, 3060, 4200, 10110, 10680, 2610, 60, 10620, 10410, 4470, 10650, 10680, 10620, 10410, 4470, 10650, 10680, 10620, 10410, 4470, 10650, 10680, 10620, 10410, 4470, 10650, 10680, 10620, 10410, 4470, 10650, 10680, 10620, 10410, 4470, 10650, 10680, 10620, 10410, 4470, 10650, 10680, 4260, 8760, 10650, 10650, 10110, 10470, 10470, 120, 10320, 10410, 2880, 2550, 2550, 2970, 4740, 2880, 2550, 2550, 2970, 4740, 10680, 4590, 10680, 10680, 3660]
[]
epoch 23
5 356
flist_v2 0
flist_v2 100
flist_v2 200
flist_v2 300
<function shape at 0x7f0edab1cf28>
0 148 0.05548665300011635
file_index = 04470
../../dataset/RakutenDS/triplet/input/test_anchor/1120005769/1.png
../../dataset/RakutenDS/triplet/017/frame30/04470.png
0 rank_dist = [0.11028303951025009, 0.2907501757144928, 100, 100, 100] rank_index = [150, 300, 0, 0, 0]
<function shape at 0x7f0edab1cf28>
1 346 0.055734824389219284
file_index = 10410
../../dataset/RakutenDS/triplet/input/test_anchor/1120005769/3.png
../../dataset/RakutenDS/triplet/017/frame30/10410.png
1 rank_dist = [0.10414149612188339, 0.24036219716072083, 100, 100, 100] rank_index = [150, 300, 0, 0, 0]
<function shape at 0x7f0edab1cf28>
2 352 0.09300597012042999
file_index = 10590
../../dataset/RakutenDS/triplet/input/test_anchor/1120005769/4.png
../../dataset/RakutenDS/triplet/017/frame30/10590.png
2 rank_dist = [0.1578221172094345, 0.2843421697616577, 100, 100, 100] rank_index = [150, 300, 0, 0, 0]
<function shape at 0x7f0edab1cf28>
3 346 0.05438978224992752
file_index = 10410
../../dataset/RakutenDS/triplet/input/test_anchor/1120005769/5.png
../../dataset/RakutenDS/triplet/017/frame30/10410.png
3 rank_dist = [0.11309469491243362, 0.21064816415309906, 100, 100, 100] rank_index = [150, 300, 0, 0, 0]
<function shape at 0x7f0edab1cf28>
4 169 0.03900504484772682
file_index = 05100
../../dataset/RakutenDS/triplet/input/test_anchor/1120005769/6.png
../../dataset/RakutenDS/triplet/017/frame30/05100.png
4 rank_dist = [0.07987996935844421, 0.18932218849658966, 100, 100, 100] rank_index = [150, 300, 0, 0, 0]
key_indexs = [6540, 990, 30, 1020, 10380, 10650, 3420, 5100, 450, 4140, 10650, 10680, 3150, 10680, 4500, 5400, 2910, 3330, 2940, 4890, 7680, 9750, 5100, 7710, 4620, 10110, 90, 60, 7650, 4440, 4530, 210, 210, 2490, 2490, 10110, 420, 10170, 450, 420, 3300, 10680, 3120, 3030, 3060, 4200, 10110, 10680, 2610, 60, 10620, 10410, 4470, 10650, 10680, 10620, 10410, 4470, 10650, 10680, 10620, 10410, 4470, 10650, 10680, 10620, 10410, 4470, 10650, 10680, 10620, 10410, 4470, 10650, 10680, 10620, 10410, 4470, 10650, 10680, 10620, 10410, 4470, 10650, 10680, 4260, 8760, 10650, 10650, 10110, 10470, 10470, 120, 10320, 10410, 2880, 2550, 2550, 2970, 4740, 2880, 2550, 2550, 2970, 4740, 10680, 4590, 10680, 10680, 3660, 4470, 10410, 10590, 10410, 5100]
[]
epoch 24
