epoch 01
13 2600
flist_v2 0
flist_v2 100
flist_v2 200
flist_v2 300
flist_v2 400
flist_v2 500
flist_v2 600
flist_v2 700
flist_v2 800
flist_v2 900
flist_v2 1000
flist_v2 1100
flist_v2 1200
flist_v2 1300
flist_v2 1400
flist_v2 1500
flist_v2 1600
flist_v2 1700
flist_v2 1800
flist_v2 1900
flist_v2 2000
flist_v2 2100
flist_v2 2200
flist_v2 2300
flist_v2 2400
flist_v2 2500
<function shape at 0x7fabab853d90>
0 276 0.01992969959974289
file_index = 01830
../../dataset/RakutenDS/triplet/input/test_anchor/1860001109/1.png
../../dataset/RakutenDS/triplet/Hamburg_mitsuru/hamburg_myattention/01830.png
<function shape at 0x7fabab853d90>
1 1061 0.01105447020381689
file_index = 25380
../../dataset/RakutenDS/triplet/input/test_anchor/1860001109/10.png
../../dataset/RakutenDS/triplet/Hamburg_mitsuru/hamburg_myattention/25380.png
<function shape at 0x7fabab853d90>
2 2347 0.015943657606840134
file_index = 63960
../../dataset/RakutenDS/triplet/input/test_anchor/1860001109/11.png
../../dataset/RakutenDS/triplet/Hamburg_mitsuru/hamburg_myattention/63960.png
<function shape at 0x7fabab853d90>
3 941 0.01115201786160469
file_index = 21780
../../dataset/RakutenDS/triplet/input/test_anchor/1860001109/12.png
../../dataset/RakutenDS/triplet/Hamburg_mitsuru/hamburg_myattention/21780.png
<function shape at 0x7fabab853d90>
4 2578 0.015002078376710415
file_index = 70890
../../dataset/RakutenDS/triplet/input/test_anchor/1860001109/13.png
../../dataset/RakutenDS/triplet/Hamburg_mitsuru/hamburg_myattention/70890.png
<function shape at 0x7fabab853d90>
5 276 0.027839139103889465
file_index = 01830
../../dataset/RakutenDS/triplet/input/test_anchor/1860001109/2.png
../../dataset/RakutenDS/triplet/Hamburg_mitsuru/hamburg_myattention/01830.png
<function shape at 0x7fabab853d90>
6 1101 0.012085546739399433
file_index = 26580
../../dataset/RakutenDS/triplet/input/test_anchor/1860001109/3.png
../../dataset/RakutenDS/triplet/Hamburg_mitsuru/hamburg_myattention/26580.png
<function shape at 0x7fabab853d90>
7 807 0.01450631208717823
file_index = 17760
../../dataset/RakutenDS/triplet/input/test_anchor/1860001109/4.png
../../dataset/RakutenDS/triplet/Hamburg_mitsuru/hamburg_myattention/17760.png
<function shape at 0x7fabab853d90>
8 2366 0.016639674082398415
file_index = 64530
../../dataset/RakutenDS/triplet/input/test_anchor/1860001109/5.png
../../dataset/RakutenDS/triplet/Hamburg_mitsuru/hamburg_myattention/64530.png
<function shape at 0x7fabab853d90>
9 2307 0.010128731839358807
file_index = 62760
../../dataset/RakutenDS/triplet/input/test_anchor/1860001109/6.png
../../dataset/RakutenDS/triplet/Hamburg_mitsuru/hamburg_myattention/62760.png
<function shape at 0x7fabab853d90>
10 1200 0.008542163297533989
file_index = 29550
../../dataset/RakutenDS/triplet/input/test_anchor/1860001109/7.png
../../dataset/RakutenDS/triplet/Hamburg_mitsuru/hamburg_myattention/29550.png
<function shape at 0x7fabab853d90>
11 1133 0.01497088372707367
file_index = 27540
../../dataset/RakutenDS/triplet/input/test_anchor/1860001109/8.png
../../dataset/RakutenDS/triplet/Hamburg_mitsuru/hamburg_myattention/27540.png
<function shape at 0x7fabab853d90>
12 1906 0.02110428921878338
file_index = 50730
../../dataset/RakutenDS/triplet/input/test_anchor/1860001109/9.png
../../dataset/RakutenDS/triplet/Hamburg_mitsuru/hamburg_myattention/50730.png
key_indexs = [1830, 25380, 63960, 21780, 70890, 1830, 26580, 17760, 64530, 62760, 29550, 27540, 50730]
[]
epoch 02
13 2600
flist_v2 0
flist_v2 100
flist_v2 200
flist_v2 300
flist_v2 400
flist_v2 500
flist_v2 600
flist_v2 700
flist_v2 800
flist_v2 900
flist_v2 1000
flist_v2 1100
flist_v2 1200
flist_v2 1300
flist_v2 1400
flist_v2 1500
flist_v2 1600
flist_v2 1700
flist_v2 1800
flist_v2 1900
flist_v2 2000
flist_v2 2100
flist_v2 2200
flist_v2 2300
flist_v2 2400
flist_v2 2500
<function shape at 0x7fabab853d90>
0 1002 0.03309931978583336
file_index = 23610
../../dataset/RakutenDS/triplet/input/test_anchor/1860001109/1.png
../../dataset/RakutenDS/triplet/Hamburg_mitsuru/hamburg_myattention/23610.png
<function shape at 0x7fabab853d90>
1 934 0.013565262779593468
file_index = 21570
../../dataset/RakutenDS/triplet/input/test_anchor/1860001109/10.png
../../dataset/RakutenDS/triplet/Hamburg_mitsuru/hamburg_myattention/21570.png
<function shape at 0x7fabab853d90>
2 2368 0.02068169228732586
file_index = 64590
../../dataset/RakutenDS/triplet/input/test_anchor/1860001109/11.png
../../dataset/RakutenDS/triplet/Hamburg_mitsuru/hamburg_myattention/64590.png
<function shape at 0x7fabab853d90>
3 936 0.011708664707839489
file_index = 21630
../../dataset/RakutenDS/triplet/input/test_anchor/1860001109/12.png
../../dataset/RakutenDS/triplet/Hamburg_mitsuru/hamburg_myattention/21630.png
<function shape at 0x7fabab853d90>
4 313 0.023106973618268967
file_index = 02940
../../dataset/RakutenDS/triplet/input/test_anchor/1860001109/13.png
../../dataset/RakutenDS/triplet/Hamburg_mitsuru/hamburg_myattention/02940.png
<function shape at 0x7fabab853d90>
5 2177 0.024414286017417908
file_index = 58860
../../dataset/RakutenDS/triplet/input/test_anchor/1860001109/2.png
../../dataset/RakutenDS/triplet/Hamburg_mitsuru/hamburg_myattention/58860.png
<function shape at 0x7fabab853d90>
6 915 0.010904957540333271
file_index = 21000
../../dataset/RakutenDS/triplet/input/test_anchor/1860001109/3.png
../../dataset/RakutenDS/triplet/Hamburg_mitsuru/hamburg_myattention/21000.png
<function shape at 0x7fabab853d90>
7 626 0.009900396689772606
file_index = 12330
../../dataset/RakutenDS/triplet/input/test_anchor/1860001109/4.png
../../dataset/RakutenDS/triplet/Hamburg_mitsuru/hamburg_myattention/12330.png
<function shape at 0x7fabab853d90>
8 1022 0.037481315433979034
file_index = 24210
../../dataset/RakutenDS/triplet/input/test_anchor/1860001109/5.png
../../dataset/RakutenDS/triplet/Hamburg_mitsuru/hamburg_myattention/24210.png
<function shape at 0x7fabab853d90>
9 629 0.03417109325528145
file_index = 12420
../../dataset/RakutenDS/triplet/input/test_anchor/1860001109/6.png
../../dataset/RakutenDS/triplet/Hamburg_mitsuru/hamburg_myattention/12420.png
<function shape at 0x7fabab853d90>
10 869 0.013896966353058815
file_index = 19620
../../dataset/RakutenDS/triplet/input/test_anchor/1860001109/7.png
../../dataset/RakutenDS/triplet/Hamburg_mitsuru/hamburg_myattention/19620.png
<function shape at 0x7fabab853d90>
11 916 0.015607800334692001
file_index = 21030
../../dataset/RakutenDS/triplet/input/test_anchor/1860001109/8.png
../../dataset/RakutenDS/triplet/Hamburg_mitsuru/hamburg_myattention/21030.png
<function shape at 0x7fabab853d90>
12 1229 0.013755274936556816
file_index = 30420
../../dataset/RakutenDS/triplet/input/test_anchor/1860001109/9.png
../../dataset/RakutenDS/triplet/Hamburg_mitsuru/hamburg_myattention/30420.png
key_indexs = [1830, 25380, 63960, 21780, 70890, 1830, 26580, 17760, 64530, 62760, 29550, 27540, 50730, 23610, 21570, 64590, 21630, 2940, 58860, 21000, 12330, 24210, 12420, 19620, 21030, 30420]
[]
epoch 03
13 2600
flist_v2 0
flist_v2 100
flist_v2 200
flist_v2 300
flist_v2 400
flist_v2 500
flist_v2 600
flist_v2 700
flist_v2 800
flist_v2 900
flist_v2 1000
flist_v2 1100
flist_v2 1200
flist_v2 1300
flist_v2 1400
flist_v2 1500
flist_v2 1600
flist_v2 1700
flist_v2 1800
flist_v2 1900
flist_v2 2000
flist_v2 2100
flist_v2 2200
flist_v2 2300
flist_v2 2400
flist_v2 2500
<function shape at 0x7fabab853d90>
0 346 0.036583852022886276
file_index = 03930
../../dataset/RakutenDS/triplet/input/test_anchor/1860001109/1.png
../../dataset/RakutenDS/triplet/Hamburg_mitsuru/hamburg_myattention/03930.png
<function shape at 0x7fabab853d90>
1 2368 0.012927418574690819
file_index = 64590
../../dataset/RakutenDS/triplet/input/test_anchor/1860001109/10.png
../../dataset/RakutenDS/triplet/Hamburg_mitsuru/hamburg_myattention/64590.png
<function shape at 0x7fabab853d90>
2 113 0.027846086770296097
file_index = 00114
../../dataset/RakutenDS/triplet/input/test_anchor/1860001109/11.png
../../dataset/RakutenDS/triplet/Hamburg_mitsuru/hamburg_myattention/00114.png
<function shape at 0x7fabab853d90>
3 601 0.0112383384257555
file_index = 11580
../../dataset/RakutenDS/triplet/input/test_anchor/1860001109/12.png
../../dataset/RakutenDS/triplet/Hamburg_mitsuru/hamburg_myattention/11580.png
<function shape at 0x7fabab853d90>
4 1166 0.007601120974868536
file_index = 28530
../../dataset/RakutenDS/triplet/input/test_anchor/1860001109/13.png
../../dataset/RakutenDS/triplet/Hamburg_mitsuru/hamburg_myattention/28530.png
<function shape at 0x7fabab853d90>
5 371 0.06977937370538712
file_index = 04680
../../dataset/RakutenDS/triplet/input/test_anchor/1860001109/2.png
../../dataset/RakutenDS/triplet/Hamburg_mitsuru/hamburg_myattention/04680.png
<function shape at 0x7fabab853d90>
6 490 0.016622811555862427
file_index = 08250
../../dataset/RakutenDS/triplet/input/test_anchor/1860001109/3.png
../../dataset/RakutenDS/triplet/Hamburg_mitsuru/hamburg_myattention/08250.png
<function shape at 0x7fabab853d90>
7 601 0.018033001571893692
file_index = 11580
../../dataset/RakutenDS/triplet/input/test_anchor/1860001109/4.png
../../dataset/RakutenDS/triplet/Hamburg_mitsuru/hamburg_myattention/11580.png
<function shape at 0x7fabab853d90>
8 369 0.010606236755847931
file_index = 04620
../../dataset/RakutenDS/triplet/input/test_anchor/1860001109/5.png
../../dataset/RakutenDS/triplet/Hamburg_mitsuru/hamburg_myattention/04620.png
<function shape at 0x7fabab853d90>
9 490 0.026523107662796974
file_index = 08250
../../dataset/RakutenDS/triplet/input/test_anchor/1860001109/6.png
../../dataset/RakutenDS/triplet/Hamburg_mitsuru/hamburg_myattention/08250.png
<function shape at 0x7fabab853d90>
10 1209 0.017885619774460793
file_index = 29820
../../dataset/RakutenDS/triplet/input/test_anchor/1860001109/7.png
../../dataset/RakutenDS/triplet/Hamburg_mitsuru/hamburg_myattention/29820.png
<function shape at 0x7fabab853d90>
11 686 0.02763340249657631
file_index = 14130
../../dataset/RakutenDS/triplet/input/test_anchor/1860001109/8.png
../../dataset/RakutenDS/triplet/Hamburg_mitsuru/hamburg_myattention/14130.png
<function shape at 0x7fabab853d90>
12 617 0.03742508217692375
file_index = 12060
../../dataset/RakutenDS/triplet/input/test_anchor/1860001109/9.png
../../dataset/RakutenDS/triplet/Hamburg_mitsuru/hamburg_myattention/12060.png
key_indexs = [1830, 25380, 63960, 21780, 70890, 1830, 26580, 17760, 64530, 62760, 29550, 27540, 50730, 23610, 21570, 64590, 21630, 2940, 58860, 21000, 12330, 24210, 12420, 19620, 21030, 30420, 3930, 64590, 114, 11580, 28530, 4680, 8250, 11580, 4620, 8250, 29820, 14130, 12060]
[]
epoch 04
13 2600
flist_v2 0
flist_v2 100
flist_v2 200
flist_v2 300
flist_v2 400
flist_v2 500
flist_v2 600
flist_v2 700
flist_v2 800
flist_v2 900
flist_v2 1000
flist_v2 1100
flist_v2 1200
flist_v2 1300
flist_v2 1400
flist_v2 1500
flist_v2 1600
flist_v2 1700
flist_v2 1800
flist_v2 1900
flist_v2 2000
flist_v2 2100
flist_v2 2200
flist_v2 2300
flist_v2 2400
flist_v2 2500
<function shape at 0x7fabab853d90>
0 348 0.013418599031865597
file_index = 03990
../../dataset/RakutenDS/triplet/input/test_anchor/1860001109/1.png
../../dataset/RakutenDS/triplet/Hamburg_mitsuru/hamburg_myattention/03990.png
<function shape at 0x7fabab853d90>
1 626 0.017078066244721413
file_index = 12330
../../dataset/RakutenDS/triplet/input/test_anchor/1860001109/10.png
../../dataset/RakutenDS/triplet/Hamburg_mitsuru/hamburg_myattention/12330.png
<function shape at 0x7fabab853d90>
2 2591 0.01418021135032177
file_index = 71280
../../dataset/RakutenDS/triplet/input/test_anchor/1860001109/11.png
../../dataset/RakutenDS/triplet/Hamburg_mitsuru/hamburg_myattention/71280.png
<function shape at 0x7fabab853d90>
3 951 0.011520476080477238
file_index = 22080
../../dataset/RakutenDS/triplet/input/test_anchor/1860001109/12.png
../../dataset/RakutenDS/triplet/Hamburg_mitsuru/hamburg_myattention/22080.png
<function shape at 0x7fabab853d90>
4 2363 0.012537272647023201
file_index = 64440
../../dataset/RakutenDS/triplet/input/test_anchor/1860001109/13.png
../../dataset/RakutenDS/triplet/Hamburg_mitsuru/hamburg_myattention/64440.png
<function shape at 0x7fabab853d90>
5 610 0.032879650592803955
file_index = 11850
../../dataset/RakutenDS/triplet/input/test_anchor/1860001109/2.png
../../dataset/RakutenDS/triplet/Hamburg_mitsuru/hamburg_myattention/11850.png
<function shape at 0x7fabab853d90>
6 344 0.01835644245147705
file_index = 03870
../../dataset/RakutenDS/triplet/input/test_anchor/1860001109/3.png
../../dataset/RakutenDS/triplet/Hamburg_mitsuru/hamburg_myattention/03870.png
<function shape at 0x7fabab853d90>
7 911 0.007217178586870432
file_index = 20880
../../dataset/RakutenDS/triplet/input/test_anchor/1860001109/4.png
../../dataset/RakutenDS/triplet/Hamburg_mitsuru/hamburg_myattention/20880.png
<function shape at 0x7fabab853d90>
8 1088 0.00273625529371202
file_index = 26190
../../dataset/RakutenDS/triplet/input/test_anchor/1860001109/5.png
../../dataset/RakutenDS/triplet/Hamburg_mitsuru/hamburg_myattention/26190.png
<function shape at 0x7fabab853d90>
9 2589 0.021001217886805534
file_index = 71220
../../dataset/RakutenDS/triplet/input/test_anchor/1860001109/6.png
../../dataset/RakutenDS/triplet/Hamburg_mitsuru/hamburg_myattention/71220.png
<function shape at 0x7fabab853d90>
10 2591 0.00908279325813055
file_index = 71280
../../dataset/RakutenDS/triplet/input/test_anchor/1860001109/7.png
../../dataset/RakutenDS/triplet/Hamburg_mitsuru/hamburg_myattention/71280.png
<function shape at 0x7fabab853d90>
11 626 0.01727837510406971
file_index = 12330
../../dataset/RakutenDS/triplet/input/test_anchor/1860001109/8.png
../../dataset/RakutenDS/triplet/Hamburg_mitsuru/hamburg_myattention/12330.png
<function shape at 0x7fabab853d90>
12 355 0.016146745532751083
file_index = 04200
../../dataset/RakutenDS/triplet/input/test_anchor/1860001109/9.png
../../dataset/RakutenDS/triplet/Hamburg_mitsuru/hamburg_myattention/04200.png
key_indexs = [1830, 25380, 63960, 21780, 70890, 1830, 26580, 17760, 64530, 62760, 29550, 27540, 50730, 23610, 21570, 64590, 21630, 2940, 58860, 21000, 12330, 24210, 12420, 19620, 21030, 30420, 3930, 64590, 114, 11580, 28530, 4680, 8250, 11580, 4620, 8250, 29820, 14130, 12060, 3990, 12330, 71280, 22080, 64440, 11850, 3870, 20880, 26190, 71220, 71280, 12330, 4200]
[]
epoch 05
13 2600
flist_v2 0
flist_v2 100
flist_v2 200
flist_v2 300
flist_v2 400
flist_v2 500
flist_v2 600
flist_v2 700
flist_v2 800
flist_v2 900
flist_v2 1000
flist_v2 1100
flist_v2 1200
flist_v2 1300
flist_v2 1400
flist_v2 1500
flist_v2 1600
flist_v2 1700
flist_v2 1800
flist_v2 1900
flist_v2 2000
flist_v2 2100
flist_v2 2200
flist_v2 2300
flist_v2 2400
flist_v2 2500
<function shape at 0x7fabab853d90>
0 345 0.01208906527608633
file_index = 03900
../../dataset/RakutenDS/triplet/input/test_anchor/1860001109/1.png
../../dataset/RakutenDS/triplet/Hamburg_mitsuru/hamburg_myattention/03900.png
<function shape at 0x7fabab853d90>
1 958 0.013313643634319305
file_index = 22290
../../dataset/RakutenDS/triplet/input/test_anchor/1860001109/10.png
../../dataset/RakutenDS/triplet/Hamburg_mitsuru/hamburg_myattention/22290.png
<function shape at 0x7fabab853d90>
2 2597 0.027050361037254333
file_index = 71460
../../dataset/RakutenDS/triplet/input/test_anchor/1860001109/11.png
../../dataset/RakutenDS/triplet/Hamburg_mitsuru/hamburg_myattention/71460.png
<function shape at 0x7fabab853d90>
3 1061 0.023092927411198616
file_index = 25380
../../dataset/RakutenDS/triplet/input/test_anchor/1860001109/12.png
../../dataset/RakutenDS/triplet/Hamburg_mitsuru/hamburg_myattention/25380.png
<function shape at 0x7fabab853d90>
4 963 0.028089214116334915
file_index = 22440
../../dataset/RakutenDS/triplet/input/test_anchor/1860001109/13.png
../../dataset/RakutenDS/triplet/Hamburg_mitsuru/hamburg_myattention/22440.png
<function shape at 0x7fabab853d90>
5 963 0.0475059375166893
file_index = 22440
../../dataset/RakutenDS/triplet/input/test_anchor/1860001109/2.png
../../dataset/RakutenDS/triplet/Hamburg_mitsuru/hamburg_myattention/22440.png
<function shape at 0x7fabab853d90>
6 1101 0.01781472936272621
file_index = 26580
../../dataset/RakutenDS/triplet/input/test_anchor/1860001109/3.png
../../dataset/RakutenDS/triplet/Hamburg_mitsuru/hamburg_myattention/26580.png
<function shape at 0x7fabab853d90>
7 598 0.027060380205512047
file_index = 11490
../../dataset/RakutenDS/triplet/input/test_anchor/1860001109/4.png
../../dataset/RakutenDS/triplet/Hamburg_mitsuru/hamburg_myattention/11490.png
<function shape at 0x7fabab853d90>
8 1116 0.023508986458182335
file_index = 27030
../../dataset/RakutenDS/triplet/input/test_anchor/1860001109/5.png
../../dataset/RakutenDS/triplet/Hamburg_mitsuru/hamburg_myattention/27030.png
<function shape at 0x7fabab853d90>
9 1044 0.026249386370182037
file_index = 24870
../../dataset/RakutenDS/triplet/input/test_anchor/1860001109/6.png
../../dataset/RakutenDS/triplet/Hamburg_mitsuru/hamburg_myattention/24870.png
<function shape at 0x7fabab853d90>
10 1171 0.028256548568606377
file_index = 28680
../../dataset/RakutenDS/triplet/input/test_anchor/1860001109/7.png
../../dataset/RakutenDS/triplet/Hamburg_mitsuru/hamburg_myattention/28680.png
<function shape at 0x7fabab853d90>
11 354 0.028032228350639343
file_index = 04170
../../dataset/RakutenDS/triplet/input/test_anchor/1860001109/8.png
../../dataset/RakutenDS/triplet/Hamburg_mitsuru/hamburg_myattention/04170.png
<function shape at 0x7fabab853d90>
12 1138 0.019340772181749344
file_index = 27690
../../dataset/RakutenDS/triplet/input/test_anchor/1860001109/9.png
../../dataset/RakutenDS/triplet/Hamburg_mitsuru/hamburg_myattention/27690.png
key_indexs = [1830, 25380, 63960, 21780, 70890, 1830, 26580, 17760, 64530, 62760, 29550, 27540, 50730, 23610, 21570, 64590, 21630, 2940, 58860, 21000, 12330, 24210, 12420, 19620, 21030, 30420, 3930, 64590, 114, 11580, 28530, 4680, 8250, 11580, 4620, 8250, 29820, 14130, 12060, 3990, 12330, 71280, 22080, 64440, 11850, 3870, 20880, 26190, 71220, 71280, 12330, 4200, 3900, 22290, 71460, 25380, 22440, 22440, 26580, 11490, 27030, 24870, 28680, 4170, 27690]
[]
epoch 06
13 2600
flist_v2 0
flist_v2 100
flist_v2 200
flist_v2 300
flist_v2 400
flist_v2 500
flist_v2 600
flist_v2 700
flist_v2 800
flist_v2 900
flist_v2 1000
flist_v2 1100
flist_v2 1200
flist_v2 1300
flist_v2 1400
flist_v2 1500
flist_v2 1600
flist_v2 1700
flist_v2 1800
flist_v2 1900
flist_v2 2000
flist_v2 2100
flist_v2 2200
flist_v2 2300
flist_v2 2400
flist_v2 2500
<function shape at 0x7fabab853d90>
0 706 0.015639664605259895
file_index = 14730
../../dataset/RakutenDS/triplet/input/test_anchor/1860001109/1.png
../../dataset/RakutenDS/triplet/Hamburg_mitsuru/hamburg_myattention/14730.png
<function shape at 0x7fabab853d90>
1 2365 0.007507894653826952
file_index = 64500
../../dataset/RakutenDS/triplet/input/test_anchor/1860001109/10.png
../../dataset/RakutenDS/triplet/Hamburg_mitsuru/hamburg_myattention/64500.png
<function shape at 0x7fabab853d90>
2 993 0.016696413978934288
file_index = 23340
../../dataset/RakutenDS/triplet/input/test_anchor/1860001109/11.png
../../dataset/RakutenDS/triplet/Hamburg_mitsuru/hamburg_myattention/23340.png
<function shape at 0x7fabab853d90>
3 2365 0.009658620692789555
file_index = 64500
../../dataset/RakutenDS/triplet/input/test_anchor/1860001109/12.png
../../dataset/RakutenDS/triplet/Hamburg_mitsuru/hamburg_myattention/64500.png
<function shape at 0x7fabab853d90>
4 2505 0.016358669847249985
file_index = 68700
../../dataset/RakutenDS/triplet/input/test_anchor/1860001109/13.png
../../dataset/RakutenDS/triplet/Hamburg_mitsuru/hamburg_myattention/68700.png
<function shape at 0x7fabab853d90>
5 658 0.014313941821455956
file_index = 13290
../../dataset/RakutenDS/triplet/input/test_anchor/1860001109/2.png
../../dataset/RakutenDS/triplet/Hamburg_mitsuru/hamburg_myattention/13290.png
<function shape at 0x7fabab853d90>
6 343 0.01678173989057541
file_index = 03840
../../dataset/RakutenDS/triplet/input/test_anchor/1860001109/3.png
../../dataset/RakutenDS/triplet/Hamburg_mitsuru/hamburg_myattention/03840.png
<function shape at 0x7fabab853d90>
7 2493 0.009800365194678307
file_index = 68340
../../dataset/RakutenDS/triplet/input/test_anchor/1860001109/4.png
../../dataset/RakutenDS/triplet/Hamburg_mitsuru/hamburg_myattention/68340.png
<function shape at 0x7fabab853d90>
8 2563 0.01718069240450859
file_index = 70440
../../dataset/RakutenDS/triplet/input/test_anchor/1860001109/5.png
../../dataset/RakutenDS/triplet/Hamburg_mitsuru/hamburg_myattention/70440.png
<function shape at 0x7fabab853d90>
9 1115 0.016550444066524506
file_index = 27000
../../dataset/RakutenDS/triplet/input/test_anchor/1860001109/6.png
../../dataset/RakutenDS/triplet/Hamburg_mitsuru/hamburg_myattention/27000.png
<function shape at 0x7fabab853d90>
10 938 0.016229024156928062
file_index = 21690
../../dataset/RakutenDS/triplet/input/test_anchor/1860001109/7.png
../../dataset/RakutenDS/triplet/Hamburg_mitsuru/hamburg_myattention/21690.png
<function shape at 0x7fabab853d90>
11 975 0.010448883287608624
file_index = 22800
../../dataset/RakutenDS/triplet/input/test_anchor/1860001109/8.png
../../dataset/RakutenDS/triplet/Hamburg_mitsuru/hamburg_myattention/22800.png
<function shape at 0x7fabab853d90>
12 1198 0.02628086507320404
file_index = 29490
../../dataset/RakutenDS/triplet/input/test_anchor/1860001109/9.png
../../dataset/RakutenDS/triplet/Hamburg_mitsuru/hamburg_myattention/29490.png
key_indexs = [1830, 25380, 63960, 21780, 70890, 1830, 26580, 17760, 64530, 62760, 29550, 27540, 50730, 23610, 21570, 64590, 21630, 2940, 58860, 21000, 12330, 24210, 12420, 19620, 21030, 30420, 3930, 64590, 114, 11580, 28530, 4680, 8250, 11580, 4620, 8250, 29820, 14130, 12060, 3990, 12330, 71280, 22080, 64440, 11850, 3870, 20880, 26190, 71220, 71280, 12330, 4200, 3900, 22290, 71460, 25380, 22440, 22440, 26580, 11490, 27030, 24870, 28680, 4170, 27690, 14730, 64500, 23340, 64500, 68700, 13290, 3840, 68340, 70440, 27000, 21690, 22800, 29490]
[]
epoch 07
13 2600
flist_v2 0
flist_v2 100
flist_v2 200
flist_v2 300
flist_v2 400
flist_v2 500
flist_v2 600
flist_v2 700
flist_v2 800
flist_v2 900
flist_v2 1000
flist_v2 1100
flist_v2 1200
flist_v2 1300
flist_v2 1400
flist_v2 1500
flist_v2 1600
flist_v2 1700
flist_v2 1800
flist_v2 1900
flist_v2 2000
flist_v2 2100
flist_v2 2200
flist_v2 2300
flist_v2 2400
flist_v2 2500
<function shape at 0x7fabab853d90>
0 611 0.02502826415002346
file_index = 11880
../../dataset/RakutenDS/triplet/input/test_anchor/1860001109/1.png
../../dataset/RakutenDS/triplet/Hamburg_mitsuru/hamburg_myattention/11880.png
<function shape at 0x7fabab853d90>
1 1040 0.025960415601730347
file_index = 24750
../../dataset/RakutenDS/triplet/input/test_anchor/1860001109/10.png
../../dataset/RakutenDS/triplet/Hamburg_mitsuru/hamburg_myattention/24750.png
<function shape at 0x7fabab853d90>
2 351 0.032489877194166183
file_index = 04080
../../dataset/RakutenDS/triplet/input/test_anchor/1860001109/11.png
../../dataset/RakutenDS/triplet/Hamburg_mitsuru/hamburg_myattention/04080.png
<function shape at 0x7fabab853d90>
3 1040 0.010905391536653042
file_index = 24750
../../dataset/RakutenDS/triplet/input/test_anchor/1860001109/12.png
../../dataset/RakutenDS/triplet/Hamburg_mitsuru/hamburg_myattention/24750.png
<function shape at 0x7fabab853d90>
4 1090 0.017336804419755936
file_index = 26250
../../dataset/RakutenDS/triplet/input/test_anchor/1860001109/13.png
../../dataset/RakutenDS/triplet/Hamburg_mitsuru/hamburg_myattention/26250.png
<function shape at 0x7fabab853d90>
5 371 0.017255660146474838
file_index = 04680
../../dataset/RakutenDS/triplet/input/test_anchor/1860001109/2.png
../../dataset/RakutenDS/triplet/Hamburg_mitsuru/hamburg_myattention/04680.png
<function shape at 0x7fabab853d90>
6 628 0.02272038906812668
file_index = 12390
../../dataset/RakutenDS/triplet/input/test_anchor/1860001109/3.png
../../dataset/RakutenDS/triplet/Hamburg_mitsuru/hamburg_myattention/12390.png
<function shape at 0x7fabab853d90>
7 2319 0.00907647144049406
file_index = 63120
../../dataset/RakutenDS/triplet/input/test_anchor/1860001109/4.png
../../dataset/RakutenDS/triplet/Hamburg_mitsuru/hamburg_myattention/63120.png
<function shape at 0x7fabab853d90>
8 359 0.032369960099458694
file_index = 04320
../../dataset/RakutenDS/triplet/input/test_anchor/1860001109/5.png
../../dataset/RakutenDS/triplet/Hamburg_mitsuru/hamburg_myattention/04320.png
<function shape at 0x7fabab853d90>
9 1198 0.029900480061769485
file_index = 29490
../../dataset/RakutenDS/triplet/input/test_anchor/1860001109/6.png
../../dataset/RakutenDS/triplet/Hamburg_mitsuru/hamburg_myattention/29490.png
<function shape at 0x7fabab853d90>
10 2329 0.008549598045647144
file_index = 63420
../../dataset/RakutenDS/triplet/input/test_anchor/1860001109/7.png
../../dataset/RakutenDS/triplet/Hamburg_mitsuru/hamburg_myattention/63420.png
<function shape at 0x7fabab853d90>
11 2576 0.014981336891651154
file_index = 70830
../../dataset/RakutenDS/triplet/input/test_anchor/1860001109/8.png
../../dataset/RakutenDS/triplet/Hamburg_mitsuru/hamburg_myattention/70830.png
<function shape at 0x7fabab853d90>
12 664 0.014925334602594376
file_index = 13470
../../dataset/RakutenDS/triplet/input/test_anchor/1860001109/9.png
../../dataset/RakutenDS/triplet/Hamburg_mitsuru/hamburg_myattention/13470.png
key_indexs = [1830, 25380, 63960, 21780, 70890, 1830, 26580, 17760, 64530, 62760, 29550, 27540, 50730, 23610, 21570, 64590, 21630, 2940, 58860, 21000, 12330, 24210, 12420, 19620, 21030, 30420, 3930, 64590, 114, 11580, 28530, 4680, 8250, 11580, 4620, 8250, 29820, 14130, 12060, 3990, 12330, 71280, 22080, 64440, 11850, 3870, 20880, 26190, 71220, 71280, 12330, 4200, 3900, 22290, 71460, 25380, 22440, 22440, 26580, 11490, 27030, 24870, 28680, 4170, 27690, 14730, 64500, 23340, 64500, 68700, 13290, 3840, 68340, 70440, 27000, 21690, 22800, 29490, 11880, 24750, 4080, 24750, 26250, 4680, 12390, 63120, 4320, 29490, 63420, 70830, 13470]
[]
epoch 08
13 2600
flist_v2 0
flist_v2 100
flist_v2 200
flist_v2 300
flist_v2 400
flist_v2 500
flist_v2 600
flist_v2 700
flist_v2 800
flist_v2 900
flist_v2 1000
flist_v2 1100
flist_v2 1200
flist_v2 1300
flist_v2 1400
flist_v2 1500
flist_v2 1600
flist_v2 1700
flist_v2 1800
flist_v2 1900
flist_v2 2000
flist_v2 2100
flist_v2 2200
flist_v2 2300
flist_v2 2400
flist_v2 2500
<function shape at 0x7fabab853d90>
0 950 0.010731826536357403
file_index = 22050
../../dataset/RakutenDS/triplet/input/test_anchor/1860001109/1.png
../../dataset/RakutenDS/triplet/Hamburg_mitsuru/hamburg_myattention/22050.png
<function shape at 0x7fabab853d90>
1 2324 0.00391542911529541
file_index = 63270
../../dataset/RakutenDS/triplet/input/test_anchor/1860001109/10.png
../../dataset/RakutenDS/triplet/Hamburg_mitsuru/hamburg_myattention/63270.png
<function shape at 0x7fabab853d90>
2 1011 0.01492229849100113
file_index = 23880
../../dataset/RakutenDS/triplet/input/test_anchor/1860001109/11.png
../../dataset/RakutenDS/triplet/Hamburg_mitsuru/hamburg_myattention/23880.png
<function shape at 0x7fabab853d90>
3 606 0.00945320725440979
file_index = 11730
../../dataset/RakutenDS/triplet/input/test_anchor/1860001109/12.png
../../dataset/RakutenDS/triplet/Hamburg_mitsuru/hamburg_myattention/11730.png
<function shape at 0x7fabab853d90>
4 2326 0.0038864619564265013
file_index = 63330
../../dataset/RakutenDS/triplet/input/test_anchor/1860001109/13.png
../../dataset/RakutenDS/triplet/Hamburg_mitsuru/hamburg_myattention/63330.png
<function shape at 0x7fabab853d90>
5 2438 0.00420451769605279
file_index = 66690
../../dataset/RakutenDS/triplet/input/test_anchor/1860001109/2.png
../../dataset/RakutenDS/triplet/Hamburg_mitsuru/hamburg_myattention/66690.png
<function shape at 0x7fabab853d90>
6 633 0.01895390823483467
file_index = 12540
../../dataset/RakutenDS/triplet/input/test_anchor/1860001109/3.png
../../dataset/RakutenDS/triplet/Hamburg_mitsuru/hamburg_myattention/12540.png
<function shape at 0x7fabab853d90>
7 2326 0.0038969775196164846
file_index = 63330
../../dataset/RakutenDS/triplet/input/test_anchor/1860001109/4.png
../../dataset/RakutenDS/triplet/Hamburg_mitsuru/hamburg_myattention/63330.png
<function shape at 0x7fabab853d90>
8 1118 0.016202786937355995
file_index = 27090
../../dataset/RakutenDS/triplet/input/test_anchor/1860001109/5.png
../../dataset/RakutenDS/triplet/Hamburg_mitsuru/hamburg_myattention/27090.png
<function shape at 0x7fabab853d90>
9 370 0.019658641889691353
file_index = 04650
../../dataset/RakutenDS/triplet/input/test_anchor/1860001109/6.png
../../dataset/RakutenDS/triplet/Hamburg_mitsuru/hamburg_myattention/04650.png
<function shape at 0x7fabab853d90>
10 2327 0.005346408113837242
file_index = 63360
../../dataset/RakutenDS/triplet/input/test_anchor/1860001109/7.png
../../dataset/RakutenDS/triplet/Hamburg_mitsuru/hamburg_myattention/63360.png
<function shape at 0x7fabab853d90>
11 360 0.013765680603682995
file_index = 04350
../../dataset/RakutenDS/triplet/input/test_anchor/1860001109/8.png
../../dataset/RakutenDS/triplet/Hamburg_mitsuru/hamburg_myattention/04350.png
<function shape at 0x7fabab853d90>
12 631 0.01657041162252426
file_index = 12480
../../dataset/RakutenDS/triplet/input/test_anchor/1860001109/9.png
../../dataset/RakutenDS/triplet/Hamburg_mitsuru/hamburg_myattention/12480.png
key_indexs = [1830, 25380, 63960, 21780, 70890, 1830, 26580, 17760, 64530, 62760, 29550, 27540, 50730, 23610, 21570, 64590, 21630, 2940, 58860, 21000, 12330, 24210, 12420, 19620, 21030, 30420, 3930, 64590, 114, 11580, 28530, 4680, 8250, 11580, 4620, 8250, 29820, 14130, 12060, 3990, 12330, 71280, 22080, 64440, 11850, 3870, 20880, 26190, 71220, 71280, 12330, 4200, 3900, 22290, 71460, 25380, 22440, 22440, 26580, 11490, 27030, 24870, 28680, 4170, 27690, 14730, 64500, 23340, 64500, 68700, 13290, 3840, 68340, 70440, 27000, 21690, 22800, 29490, 11880, 24750, 4080, 24750, 26250, 4680, 12390, 63120, 4320, 29490, 63420, 70830, 13470, 22050, 63270, 23880, 11730, 63330, 66690, 12540, 63330, 27090, 4650, 63360, 4350, 12480]
[]
epoch 09
13 2600
flist_v2 0
flist_v2 100
flist_v2 200
flist_v2 300
flist_v2 400
flist_v2 500
flist_v2 600
flist_v2 700
flist_v2 800
flist_v2 900
flist_v2 1000
flist_v2 1100
flist_v2 1200
flist_v2 1300
flist_v2 1400
flist_v2 1500
flist_v2 1600
flist_v2 1700
flist_v2 1800
flist_v2 1900
flist_v2 2000
flist_v2 2100
flist_v2 2200
flist_v2 2300
flist_v2 2400
flist_v2 2500
<function shape at 0x7fabab853d90>
0 2541 0.006731047760695219
file_index = 69780
../../dataset/RakutenDS/triplet/input/test_anchor/1860001109/1.png
../../dataset/RakutenDS/triplet/Hamburg_mitsuru/hamburg_myattention/69780.png
<function shape at 0x7fabab853d90>
1 2368 0.019114628434181213
file_index = 64590
../../dataset/RakutenDS/triplet/input/test_anchor/1860001109/10.png
../../dataset/RakutenDS/triplet/Hamburg_mitsuru/hamburg_myattention/64590.png
<function shape at 0x7fabab853d90>
2 997 0.021694624796509743
file_index = 23460
../../dataset/RakutenDS/triplet/input/test_anchor/1860001109/11.png
../../dataset/RakutenDS/triplet/Hamburg_mitsuru/hamburg_myattention/23460.png
<function shape at 0x7fabab853d90>
3 661 0.016178810968995094
file_index = 13380
../../dataset/RakutenDS/triplet/input/test_anchor/1860001109/12.png
../../dataset/RakutenDS/triplet/Hamburg_mitsuru/hamburg_myattention/13380.png
<function shape at 0x7fabab853d90>
4 1099 0.006180972326546907
file_index = 26520
../../dataset/RakutenDS/triplet/input/test_anchor/1860001109/13.png
../../dataset/RakutenDS/triplet/Hamburg_mitsuru/hamburg_myattention/26520.png
<function shape at 0x7fabab853d90>
5 616 0.003692310769110918
file_index = 12030
../../dataset/RakutenDS/triplet/input/test_anchor/1860001109/2.png
../../dataset/RakutenDS/triplet/Hamburg_mitsuru/hamburg_myattention/12030.png
<function shape at 0x7fabab853d90>
6 1120 0.018210379406809807
file_index = 27150
../../dataset/RakutenDS/triplet/input/test_anchor/1860001109/3.png
../../dataset/RakutenDS/triplet/Hamburg_mitsuru/hamburg_myattention/27150.png
<function shape at 0x7fabab853d90>
7 2578 0.007473525125533342
file_index = 70890
../../dataset/RakutenDS/triplet/input/test_anchor/1860001109/4.png
../../dataset/RakutenDS/triplet/Hamburg_mitsuru/hamburg_myattention/70890.png
<function shape at 0x7fabab853d90>
8 1142 0.009195276536047459
file_index = 27810
../../dataset/RakutenDS/triplet/input/test_anchor/1860001109/5.png
../../dataset/RakutenDS/triplet/Hamburg_mitsuru/hamburg_myattention/27810.png
<function shape at 0x7fabab853d90>
9 2123 0.005722862668335438
file_index = 57240
../../dataset/RakutenDS/triplet/input/test_anchor/1860001109/6.png
../../dataset/RakutenDS/triplet/Hamburg_mitsuru/hamburg_myattention/57240.png
<function shape at 0x7fabab853d90>
10 897 0.02680336683988571
file_index = 20460
../../dataset/RakutenDS/triplet/input/test_anchor/1860001109/7.png
../../dataset/RakutenDS/triplet/Hamburg_mitsuru/hamburg_myattention/20460.png
<function shape at 0x7fabab853d90>
11 1196 0.00845714844763279
file_index = 29430
../../dataset/RakutenDS/triplet/input/test_anchor/1860001109/8.png
../../dataset/RakutenDS/triplet/Hamburg_mitsuru/hamburg_myattention/29430.png
<function shape at 0x7fabab853d90>
12 627 0.049211204051971436
file_index = 12360
../../dataset/RakutenDS/triplet/input/test_anchor/1860001109/9.png
../../dataset/RakutenDS/triplet/Hamburg_mitsuru/hamburg_myattention/12360.png
key_indexs = [1830, 25380, 63960, 21780, 70890, 1830, 26580, 17760, 64530, 62760, 29550, 27540, 50730, 23610, 21570, 64590, 21630, 2940, 58860, 21000, 12330, 24210, 12420, 19620, 21030, 30420, 3930, 64590, 114, 11580, 28530, 4680, 8250, 11580, 4620, 8250, 29820, 14130, 12060, 3990, 12330, 71280, 22080, 64440, 11850, 3870, 20880, 26190, 71220, 71280, 12330, 4200, 3900, 22290, 71460, 25380, 22440, 22440, 26580, 11490, 27030, 24870, 28680, 4170, 27690, 14730, 64500, 23340, 64500, 68700, 13290, 3840, 68340, 70440, 27000, 21690, 22800, 29490, 11880, 24750, 4080, 24750, 26250, 4680, 12390, 63120, 4320, 29490, 63420, 70830, 13470, 22050, 63270, 23880, 11730, 63330, 66690, 12540, 63330, 27090, 4650, 63360, 4350, 12480, 69780, 64590, 23460, 13380, 26520, 12030, 27150, 70890, 27810, 57240, 20460, 29430, 12360]
[]
epoch 10
13 2600
flist_v2 0
flist_v2 100
flist_v2 200
flist_v2 300
flist_v2 400
flist_v2 500
flist_v2 600
flist_v2 700
flist_v2 800
flist_v2 900
flist_v2 1000
flist_v2 1100
flist_v2 1200
flist_v2 1300
flist_v2 1400
flist_v2 1500
flist_v2 1600
flist_v2 1700
flist_v2 1800
flist_v2 1900
flist_v2 2000
flist_v2 2100
flist_v2 2200
flist_v2 2300
flist_v2 2400
flist_v2 2500
<function shape at 0x7fabab853d90>
0 639 0.02184092253446579
file_index = 12720
../../dataset/RakutenDS/triplet/input/test_anchor/1860001109/1.png
../../dataset/RakutenDS/triplet/Hamburg_mitsuru/hamburg_myattention/12720.png
<function shape at 0x7fabab853d90>
1 1495 0.019114887341856956
file_index = 38400
../../dataset/RakutenDS/triplet/input/test_anchor/1860001109/10.png
../../dataset/RakutenDS/triplet/Hamburg_mitsuru/hamburg_myattention/38400.png
<function shape at 0x7fabab853d90>
2 635 0.023132558912038803
file_index = 12600
../../dataset/RakutenDS/triplet/input/test_anchor/1860001109/11.png
../../dataset/RakutenDS/triplet/Hamburg_mitsuru/hamburg_myattention/12600.png
<function shape at 0x7fabab853d90>
3 599 0.015035441145300865
file_index = 11520
../../dataset/RakutenDS/triplet/input/test_anchor/1860001109/12.png
../../dataset/RakutenDS/triplet/Hamburg_mitsuru/hamburg_myattention/11520.png
<function shape at 0x7fabab853d90>
4 925 0.03513626381754875
file_index = 21300
../../dataset/RakutenDS/triplet/input/test_anchor/1860001109/13.png
../../dataset/RakutenDS/triplet/Hamburg_mitsuru/hamburg_myattention/21300.png
<function shape at 0x7fabab853d90>
5 1273 0.035043105483055115
file_index = 31740
../../dataset/RakutenDS/triplet/input/test_anchor/1860001109/2.png
../../dataset/RakutenDS/triplet/Hamburg_mitsuru/hamburg_myattention/31740.png
<function shape at 0x7fabab853d90>
6 2590 0.019896673038601875
file_index = 71250
../../dataset/RakutenDS/triplet/input/test_anchor/1860001109/3.png
../../dataset/RakutenDS/triplet/Hamburg_mitsuru/hamburg_myattention/71250.png
<function shape at 0x7fabab853d90>
7 2317 0.017034513875842094
file_index = 63060
../../dataset/RakutenDS/triplet/input/test_anchor/1860001109/4.png
../../dataset/RakutenDS/triplet/Hamburg_mitsuru/hamburg_myattention/63060.png
<function shape at 0x7fabab853d90>
8 2593 0.016523132100701332
file_index = 71340
../../dataset/RakutenDS/triplet/input/test_anchor/1860001109/5.png
../../dataset/RakutenDS/triplet/Hamburg_mitsuru/hamburg_myattention/71340.png
<function shape at 0x7fabab853d90>
9 883 0.02306401915848255
file_index = 20040
../../dataset/RakutenDS/triplet/input/test_anchor/1860001109/6.png
../../dataset/RakutenDS/triplet/Hamburg_mitsuru/hamburg_myattention/20040.png
<function shape at 0x7fabab853d90>
10 2364 0.018778888508677483
file_index = 64470
../../dataset/RakutenDS/triplet/input/test_anchor/1860001109/7.png
../../dataset/RakutenDS/triplet/Hamburg_mitsuru/hamburg_myattention/64470.png
<function shape at 0x7fabab853d90>
11 2349 0.021602967754006386
file_index = 64020
../../dataset/RakutenDS/triplet/input/test_anchor/1860001109/8.png
../../dataset/RakutenDS/triplet/Hamburg_mitsuru/hamburg_myattention/64020.png
<function shape at 0x7fabab853d90>
12 639 0.018247758969664574
file_index = 12720
../../dataset/RakutenDS/triplet/input/test_anchor/1860001109/9.png
../../dataset/RakutenDS/triplet/Hamburg_mitsuru/hamburg_myattention/12720.png
key_indexs = [1830, 25380, 63960, 21780, 70890, 1830, 26580, 17760, 64530, 62760, 29550, 27540, 50730, 23610, 21570, 64590, 21630, 2940, 58860, 21000, 12330, 24210, 12420, 19620, 21030, 30420, 3930, 64590, 114, 11580, 28530, 4680, 8250, 11580, 4620, 8250, 29820, 14130, 12060, 3990, 12330, 71280, 22080, 64440, 11850, 3870, 20880, 26190, 71220, 71280, 12330, 4200, 3900, 22290, 71460, 25380, 22440, 22440, 26580, 11490, 27030, 24870, 28680, 4170, 27690, 14730, 64500, 23340, 64500, 68700, 13290, 3840, 68340, 70440, 27000, 21690, 22800, 29490, 11880, 24750, 4080, 24750, 26250, 4680, 12390, 63120, 4320, 29490, 63420, 70830, 13470, 22050, 63270, 23880, 11730, 63330, 66690, 12540, 63330, 27090, 4650, 63360, 4350, 12480, 69780, 64590, 23460, 13380, 26520, 12030, 27150, 70890, 27810, 57240, 20460, 29430, 12360, 12720, 38400, 12600, 11520, 21300, 31740, 71250, 63060, 71340, 20040, 64470, 64020, 12720]
[]
epoch 11
13 2600
flist_v2 0
flist_v2 100
flist_v2 200
flist_v2 300
flist_v2 400
flist_v2 500
flist_v2 600
flist_v2 700
flist_v2 800
flist_v2 900
flist_v2 1000
flist_v2 1100
flist_v2 1200
flist_v2 1300
flist_v2 1400
flist_v2 1500
flist_v2 1600
flist_v2 1700
flist_v2 1800
flist_v2 1900
flist_v2 2000
flist_v2 2100
flist_v2 2200
flist_v2 2300
flist_v2 2400
flist_v2 2500
<function shape at 0x7fabab853d90>
0 2585 0.02327854372560978
file_index = 71100
../../dataset/RakutenDS/triplet/input/test_anchor/1860001109/1.png
../../dataset/RakutenDS/triplet/Hamburg_mitsuru/hamburg_myattention/71100.png
<function shape at 0x7fabab853d90>
1 917 0.01014318410307169
file_index = 21060
../../dataset/RakutenDS/triplet/input/test_anchor/1860001109/10.png
../../dataset/RakutenDS/triplet/Hamburg_mitsuru/hamburg_myattention/21060.png
<function shape at 0x7fabab853d90>
2 1008 0.024819480255246162
file_index = 23790
../../dataset/RakutenDS/triplet/input/test_anchor/1860001109/11.png
../../dataset/RakutenDS/triplet/Hamburg_mitsuru/hamburg_myattention/23790.png
<function shape at 0x7fabab853d90>
3 626 0.007373396772891283
file_index = 12330
../../dataset/RakutenDS/triplet/input/test_anchor/1860001109/12.png
../../dataset/RakutenDS/triplet/Hamburg_mitsuru/hamburg_myattention/12330.png
<function shape at 0x7fabab853d90>
4 1098 0.007230335380882025
file_index = 26490
../../dataset/RakutenDS/triplet/input/test_anchor/1860001109/13.png
../../dataset/RakutenDS/triplet/Hamburg_mitsuru/hamburg_myattention/26490.png
<function shape at 0x7fabab853d90>
5 433 0.03592010959982872
file_index = 06540
../../dataset/RakutenDS/triplet/input/test_anchor/1860001109/2.png
../../dataset/RakutenDS/triplet/Hamburg_mitsuru/hamburg_myattention/06540.png
<function shape at 0x7fabab853d90>
6 491 0.01122327707707882
file_index = 08280
../../dataset/RakutenDS/triplet/input/test_anchor/1860001109/3.png
../../dataset/RakutenDS/triplet/Hamburg_mitsuru/hamburg_myattention/08280.png
<function shape at 0x7fabab853d90>
7 2320 0.02350645326077938
file_index = 63150
../../dataset/RakutenDS/triplet/input/test_anchor/1860001109/4.png
../../dataset/RakutenDS/triplet/Hamburg_mitsuru/hamburg_myattention/63150.png
<function shape at 0x7fabab853d90>
8 625 0.013314459472894669
file_index = 12300
../../dataset/RakutenDS/triplet/input/test_anchor/1860001109/5.png
../../dataset/RakutenDS/triplet/Hamburg_mitsuru/hamburg_myattention/12300.png
<function shape at 0x7fabab853d90>
9 649 0.012714109383523464
file_index = 13020
../../dataset/RakutenDS/triplet/input/test_anchor/1860001109/6.png
../../dataset/RakutenDS/triplet/Hamburg_mitsuru/hamburg_myattention/13020.png
<function shape at 0x7fabab853d90>
10 1118 0.012170093134045601
file_index = 27090
../../dataset/RakutenDS/triplet/input/test_anchor/1860001109/7.png
../../dataset/RakutenDS/triplet/Hamburg_mitsuru/hamburg_myattention/27090.png
<function shape at 0x7fabab853d90>
11 484 0.023394998162984848
file_index = 08070
../../dataset/RakutenDS/triplet/input/test_anchor/1860001109/8.png
../../dataset/RakutenDS/triplet/Hamburg_mitsuru/hamburg_myattention/08070.png
<function shape at 0x7fabab853d90>
12 996 0.012374780140817165
file_index = 23430
../../dataset/RakutenDS/triplet/input/test_anchor/1860001109/9.png
../../dataset/RakutenDS/triplet/Hamburg_mitsuru/hamburg_myattention/23430.png
key_indexs = [1830, 25380, 63960, 21780, 70890, 1830, 26580, 17760, 64530, 62760, 29550, 27540, 50730, 23610, 21570, 64590, 21630, 2940, 58860, 21000, 12330, 24210, 12420, 19620, 21030, 30420, 3930, 64590, 114, 11580, 28530, 4680, 8250, 11580, 4620, 8250, 29820, 14130, 12060, 3990, 12330, 71280, 22080, 64440, 11850, 3870, 20880, 26190, 71220, 71280, 12330, 4200, 3900, 22290, 71460, 25380, 22440, 22440, 26580, 11490, 27030, 24870, 28680, 4170, 27690, 14730, 64500, 23340, 64500, 68700, 13290, 3840, 68340, 70440, 27000, 21690, 22800, 29490, 11880, 24750, 4080, 24750, 26250, 4680, 12390, 63120, 4320, 29490, 63420, 70830, 13470, 22050, 63270, 23880, 11730, 63330, 66690, 12540, 63330, 27090, 4650, 63360, 4350, 12480, 69780, 64590, 23460, 13380, 26520, 12030, 27150, 70890, 27810, 57240, 20460, 29430, 12360, 12720, 38400, 12600, 11520, 21300, 31740, 71250, 63060, 71340, 20040, 64470, 64020, 12720, 71100, 21060, 23790, 12330, 26490, 6540, 8280, 63150, 12300, 13020, 27090, 8070, 23430]
[]
epoch 12
13 2600
flist_v2 0
flist_v2 100
flist_v2 200
flist_v2 300
flist_v2 400
flist_v2 500
flist_v2 600
flist_v2 700
flist_v2 800
flist_v2 900
flist_v2 1000
flist_v2 1100
flist_v2 1200
flist_v2 1300
flist_v2 1400
flist_v2 1500
flist_v2 1600
flist_v2 1700
flist_v2 1800
flist_v2 1900
flist_v2 2000
flist_v2 2100
flist_v2 2200
flist_v2 2300
flist_v2 2400
flist_v2 2500
<function shape at 0x7fabab853d90>
0 970 0.009956850670278072
file_index = 22650
../../dataset/RakutenDS/triplet/input/test_anchor/1860001109/1.png
../../dataset/RakutenDS/triplet/Hamburg_mitsuru/hamburg_myattention/22650.png
<function shape at 0x7fabab853d90>
1 1095 0.02244497835636139
file_index = 26400
../../dataset/RakutenDS/triplet/input/test_anchor/1860001109/10.png
../../dataset/RakutenDS/triplet/Hamburg_mitsuru/hamburg_myattention/26400.png
<function shape at 0x7fabab853d90>
2 354 0.0155439842492342
file_index = 04170
../../dataset/RakutenDS/triplet/input/test_anchor/1860001109/11.png
../../dataset/RakutenDS/triplet/Hamburg_mitsuru/hamburg_myattention/04170.png
<function shape at 0x7fabab853d90>
3 1081 0.009575145319104195
file_index = 25980
../../dataset/RakutenDS/triplet/input/test_anchor/1860001109/12.png
../../dataset/RakutenDS/triplet/Hamburg_mitsuru/hamburg_myattention/25980.png
<function shape at 0x7fabab853d90>
4 2368 0.00754031166434288
file_index = 64590
../../dataset/RakutenDS/triplet/input/test_anchor/1860001109/13.png
../../dataset/RakutenDS/triplet/Hamburg_mitsuru/hamburg_myattention/64590.png
<function shape at 0x7fabab853d90>
5 275 0.01197909377515316
file_index = 01800
../../dataset/RakutenDS/triplet/input/test_anchor/1860001109/2.png
../../dataset/RakutenDS/triplet/Hamburg_mitsuru/hamburg_myattention/01800.png
<function shape at 0x7fabab853d90>
6 1003 0.0153954541310668
file_index = 23640
../../dataset/RakutenDS/triplet/input/test_anchor/1860001109/3.png
../../dataset/RakutenDS/triplet/Hamburg_mitsuru/hamburg_myattention/23640.png
<function shape at 0x7fabab853d90>
7 977 0.006290729623287916
file_index = 22860
../../dataset/RakutenDS/triplet/input/test_anchor/1860001109/4.png
../../dataset/RakutenDS/triplet/Hamburg_mitsuru/hamburg_myattention/22860.png
<function shape at 0x7fabab853d90>
8 238 0.04499189555644989
file_index = 00690
../../dataset/RakutenDS/triplet/input/test_anchor/1860001109/5.png
../../dataset/RakutenDS/triplet/Hamburg_mitsuru/hamburg_myattention/00690.png
<function shape at 0x7fabab853d90>
9 959 0.00871165283024311
file_index = 22320
../../dataset/RakutenDS/triplet/input/test_anchor/1860001109/6.png
../../dataset/RakutenDS/triplet/Hamburg_mitsuru/hamburg_myattention/22320.png
<function shape at 0x7fabab853d90>
10 348 0.015158126130700111
file_index = 03990
../../dataset/RakutenDS/triplet/input/test_anchor/1860001109/7.png
../../dataset/RakutenDS/triplet/Hamburg_mitsuru/hamburg_myattention/03990.png
<function shape at 0x7fabab853d90>
11 2344 0.008845536969602108
file_index = 63870
../../dataset/RakutenDS/triplet/input/test_anchor/1860001109/8.png
../../dataset/RakutenDS/triplet/Hamburg_mitsuru/hamburg_myattention/63870.png
<function shape at 0x7fabab853d90>
12 1316 0.016061561182141304
file_index = 33030
../../dataset/RakutenDS/triplet/input/test_anchor/1860001109/9.png
../../dataset/RakutenDS/triplet/Hamburg_mitsuru/hamburg_myattention/33030.png
key_indexs = [1830, 25380, 63960, 21780, 70890, 1830, 26580, 17760, 64530, 62760, 29550, 27540, 50730, 23610, 21570, 64590, 21630, 2940, 58860, 21000, 12330, 24210, 12420, 19620, 21030, 30420, 3930, 64590, 114, 11580, 28530, 4680, 8250, 11580, 4620, 8250, 29820, 14130, 12060, 3990, 12330, 71280, 22080, 64440, 11850, 3870, 20880, 26190, 71220, 71280, 12330, 4200, 3900, 22290, 71460, 25380, 22440, 22440, 26580, 11490, 27030, 24870, 28680, 4170, 27690, 14730, 64500, 23340, 64500, 68700, 13290, 3840, 68340, 70440, 27000, 21690, 22800, 29490, 11880, 24750, 4080, 24750, 26250, 4680, 12390, 63120, 4320, 29490, 63420, 70830, 13470, 22050, 63270, 23880, 11730, 63330, 66690, 12540, 63330, 27090, 4650, 63360, 4350, 12480, 69780, 64590, 23460, 13380, 26520, 12030, 27150, 70890, 27810, 57240, 20460, 29430, 12360, 12720, 38400, 12600, 11520, 21300, 31740, 71250, 63060, 71340, 20040, 64470, 64020, 12720, 71100, 21060, 23790, 12330, 26490, 6540, 8280, 63150, 12300, 13020, 27090, 8070, 23430, 22650, 26400, 4170, 25980, 64590, 1800, 23640, 22860, 690, 22320, 3990, 63870, 33030]
[]
epoch 13
13 2600
flist_v2 0
flist_v2 100
flist_v2 200
flist_v2 300
flist_v2 400
flist_v2 500
flist_v2 600
flist_v2 700
flist_v2 800
flist_v2 900
flist_v2 1000
flist_v2 1100
flist_v2 1200
flist_v2 1300
flist_v2 1400
flist_v2 1500
flist_v2 1600
flist_v2 1700
flist_v2 1800
flist_v2 1900
flist_v2 2000
flist_v2 2100
flist_v2 2200
flist_v2 2300
flist_v2 2400
flist_v2 2500
<function shape at 0x7fabab853d90>
0 911 0.0046541946940124035
file_index = 20880
../../dataset/RakutenDS/triplet/input/test_anchor/1860001109/1.png
../../dataset/RakutenDS/triplet/Hamburg_mitsuru/hamburg_myattention/20880.png
<function shape at 0x7fabab853d90>
1 1170 0.00517280213534832
file_index = 28650
../../dataset/RakutenDS/triplet/input/test_anchor/1860001109/10.png
../../dataset/RakutenDS/triplet/Hamburg_mitsuru/hamburg_myattention/28650.png
<function shape at 0x7fabab853d90>
2 350 0.006140307988971472
file_index = 04050
../../dataset/RakutenDS/triplet/input/test_anchor/1860001109/11.png
../../dataset/RakutenDS/triplet/Hamburg_mitsuru/hamburg_myattention/04050.png
<function shape at 0x7fabab853d90>
3 2307 0.006263377610594034
file_index = 62760
../../dataset/RakutenDS/triplet/input/test_anchor/1860001109/12.png
../../dataset/RakutenDS/triplet/Hamburg_mitsuru/hamburg_myattention/62760.png
<function shape at 0x7fabab853d90>
4 1170 0.004333886783570051
file_index = 28650
../../dataset/RakutenDS/triplet/input/test_anchor/1860001109/13.png
../../dataset/RakutenDS/triplet/Hamburg_mitsuru/hamburg_myattention/28650.png
<function shape at 0x7fabab853d90>
5 2508 0.004845914430916309
file_index = 68790
../../dataset/RakutenDS/triplet/input/test_anchor/1860001109/2.png
../../dataset/RakutenDS/triplet/Hamburg_mitsuru/hamburg_myattention/68790.png
<function shape at 0x7fabab853d90>
6 1045 0.006913873832672834
file_index = 24900
../../dataset/RakutenDS/triplet/input/test_anchor/1860001109/3.png
../../dataset/RakutenDS/triplet/Hamburg_mitsuru/hamburg_myattention/24900.png
<function shape at 0x7fabab853d90>
7 935 0.00639325799420476
file_index = 21600
../../dataset/RakutenDS/triplet/input/test_anchor/1860001109/4.png
../../dataset/RakutenDS/triplet/Hamburg_mitsuru/hamburg_myattention/21600.png
<function shape at 0x7fabab853d90>
8 684 0.015221408568322659
file_index = 14070
../../dataset/RakutenDS/triplet/input/test_anchor/1860001109/5.png
../../dataset/RakutenDS/triplet/Hamburg_mitsuru/hamburg_myattention/14070.png
<function shape at 0x7fabab853d90>
9 899 0.011971242725849152
file_index = 20520
../../dataset/RakutenDS/triplet/input/test_anchor/1860001109/6.png
../../dataset/RakutenDS/triplet/Hamburg_mitsuru/hamburg_myattention/20520.png
<function shape at 0x7fabab853d90>
10 1164 0.010976248420774937
file_index = 28470
../../dataset/RakutenDS/triplet/input/test_anchor/1860001109/7.png
../../dataset/RakutenDS/triplet/Hamburg_mitsuru/hamburg_myattention/28470.png
<function shape at 0x7fabab853d90>
11 1046 0.008762898854911327
file_index = 24930
../../dataset/RakutenDS/triplet/input/test_anchor/1860001109/8.png
../../dataset/RakutenDS/triplet/Hamburg_mitsuru/hamburg_myattention/24930.png
<function shape at 0x7fabab853d90>
12 2355 0.008571464568376541
file_index = 64200
../../dataset/RakutenDS/triplet/input/test_anchor/1860001109/9.png
../../dataset/RakutenDS/triplet/Hamburg_mitsuru/hamburg_myattention/64200.png
key_indexs = [1830, 25380, 63960, 21780, 70890, 1830, 26580, 17760, 64530, 62760, 29550, 27540, 50730, 23610, 21570, 64590, 21630, 2940, 58860, 21000, 12330, 24210, 12420, 19620, 21030, 30420, 3930, 64590, 114, 11580, 28530, 4680, 8250, 11580, 4620, 8250, 29820, 14130, 12060, 3990, 12330, 71280, 22080, 64440, 11850, 3870, 20880, 26190, 71220, 71280, 12330, 4200, 3900, 22290, 71460, 25380, 22440, 22440, 26580, 11490, 27030, 24870, 28680, 4170, 27690, 14730, 64500, 23340, 64500, 68700, 13290, 3840, 68340, 70440, 27000, 21690, 22800, 29490, 11880, 24750, 4080, 24750, 26250, 4680, 12390, 63120, 4320, 29490, 63420, 70830, 13470, 22050, 63270, 23880, 11730, 63330, 66690, 12540, 63330, 27090, 4650, 63360, 4350, 12480, 69780, 64590, 23460, 13380, 26520, 12030, 27150, 70890, 27810, 57240, 20460, 29430, 12360, 12720, 38400, 12600, 11520, 21300, 31740, 71250, 63060, 71340, 20040, 64470, 64020, 12720, 71100, 21060, 23790, 12330, 26490, 6540, 8280, 63150, 12300, 13020, 27090, 8070, 23430, 22650, 26400, 4170, 25980, 64590, 1800, 23640, 22860, 690, 22320, 3990, 63870, 33030, 20880, 28650, 4050, 62760, 28650, 68790, 24900, 21600, 14070, 20520, 28470, 24930, 64200]
[]
epoch 14
13 2600
flist_v2 0
flist_v2 100
flist_v2 200
flist_v2 300
flist_v2 400
flist_v2 500
flist_v2 600
flist_v2 700
flist_v2 800
flist_v2 900
flist_v2 1000
flist_v2 1100
flist_v2 1200
flist_v2 1300
flist_v2 1400
flist_v2 1500
flist_v2 1600
flist_v2 1700
flist_v2 1800
flist_v2 1900
flist_v2 2000
flist_v2 2100
flist_v2 2200
flist_v2 2300
flist_v2 2400
flist_v2 2500
<function shape at 0x7fabab853d90>
0 1033 0.007569620851427317
file_index = 24540
../../dataset/RakutenDS/triplet/input/test_anchor/1860001109/1.png
../../dataset/RakutenDS/triplet/Hamburg_mitsuru/hamburg_myattention/24540.png
<function shape at 0x7fabab853d90>
1 927 0.009326924569904804
file_index = 21360
../../dataset/RakutenDS/triplet/input/test_anchor/1860001109/10.png
../../dataset/RakutenDS/triplet/Hamburg_mitsuru/hamburg_myattention/21360.png
<function shape at 0x7fabab853d90>
2 1196 0.036791566759347916
file_index = 29430
../../dataset/RakutenDS/triplet/input/test_anchor/1860001109/11.png
../../dataset/RakutenDS/triplet/Hamburg_mitsuru/hamburg_myattention/29430.png
<function shape at 0x7fabab853d90>
3 922 0.02074779011309147
file_index = 21210
../../dataset/RakutenDS/triplet/input/test_anchor/1860001109/12.png
../../dataset/RakutenDS/triplet/Hamburg_mitsuru/hamburg_myattention/21210.png
<function shape at 0x7fabab853d90>
4 1182 0.014531491324305534
file_index = 29010
../../dataset/RakutenDS/triplet/input/test_anchor/1860001109/13.png
../../dataset/RakutenDS/triplet/Hamburg_mitsuru/hamburg_myattention/29010.png
<function shape at 0x7fabab853d90>
5 2126 0.0074103460647165775
file_index = 57330
../../dataset/RakutenDS/triplet/input/test_anchor/1860001109/2.png
../../dataset/RakutenDS/triplet/Hamburg_mitsuru/hamburg_myattention/57330.png
<function shape at 0x7fabab853d90>
6 2599 0.020224779844284058
file_index = 71520
../../dataset/RakutenDS/triplet/input/test_anchor/1860001109/3.png
../../dataset/RakutenDS/triplet/Hamburg_mitsuru/hamburg_myattention/71520.png
<function shape at 0x7fabab853d90>
7 931 0.013646389357745647
file_index = 21480
../../dataset/RakutenDS/triplet/input/test_anchor/1860001109/4.png
../../dataset/RakutenDS/triplet/Hamburg_mitsuru/hamburg_myattention/21480.png
<function shape at 0x7fabab853d90>
8 253 0.031183894723653793
file_index = 01140
../../dataset/RakutenDS/triplet/input/test_anchor/1860001109/5.png
../../dataset/RakutenDS/triplet/Hamburg_mitsuru/hamburg_myattention/01140.png
<function shape at 0x7fabab853d90>
9 659 0.01733275316655636
file_index = 13320
../../dataset/RakutenDS/triplet/input/test_anchor/1860001109/6.png
../../dataset/RakutenDS/triplet/Hamburg_mitsuru/hamburg_myattention/13320.png
<function shape at 0x7fabab853d90>
10 652 0.02765931561589241
file_index = 13110
../../dataset/RakutenDS/triplet/input/test_anchor/1860001109/7.png
../../dataset/RakutenDS/triplet/Hamburg_mitsuru/hamburg_myattention/13110.png
<function shape at 0x7fabab853d90>
11 931 0.01732436940073967
file_index = 21480
../../dataset/RakutenDS/triplet/input/test_anchor/1860001109/8.png
../../dataset/RakutenDS/triplet/Hamburg_mitsuru/hamburg_myattention/21480.png
<function shape at 0x7fabab853d90>
12 1117 0.02652616985142231
file_index = 27060
../../dataset/RakutenDS/triplet/input/test_anchor/1860001109/9.png
../../dataset/RakutenDS/triplet/Hamburg_mitsuru/hamburg_myattention/27060.png
key_indexs = [1830, 25380, 63960, 21780, 70890, 1830, 26580, 17760, 64530, 62760, 29550, 27540, 50730, 23610, 21570, 64590, 21630, 2940, 58860, 21000, 12330, 24210, 12420, 19620, 21030, 30420, 3930, 64590, 114, 11580, 28530, 4680, 8250, 11580, 4620, 8250, 29820, 14130, 12060, 3990, 12330, 71280, 22080, 64440, 11850, 3870, 20880, 26190, 71220, 71280, 12330, 4200, 3900, 22290, 71460, 25380, 22440, 22440, 26580, 11490, 27030, 24870, 28680, 4170, 27690, 14730, 64500, 23340, 64500, 68700, 13290, 3840, 68340, 70440, 27000, 21690, 22800, 29490, 11880, 24750, 4080, 24750, 26250, 4680, 12390, 63120, 4320, 29490, 63420, 70830, 13470, 22050, 63270, 23880, 11730, 63330, 66690, 12540, 63330, 27090, 4650, 63360, 4350, 12480, 69780, 64590, 23460, 13380, 26520, 12030, 27150, 70890, 27810, 57240, 20460, 29430, 12360, 12720, 38400, 12600, 11520, 21300, 31740, 71250, 63060, 71340, 20040, 64470, 64020, 12720, 71100, 21060, 23790, 12330, 26490, 6540, 8280, 63150, 12300, 13020, 27090, 8070, 23430, 22650, 26400, 4170, 25980, 64590, 1800, 23640, 22860, 690, 22320, 3990, 63870, 33030, 20880, 28650, 4050, 62760, 28650, 68790, 24900, 21600, 14070, 20520, 28470, 24930, 64200, 24540, 21360, 29430, 21210, 29010, 57330, 71520, 21480, 1140, 13320, 13110, 21480, 27060]
[]
epoch 15
13 2600
flist_v2 0
flist_v2 100
flist_v2 200
flist_v2 300
flist_v2 400
flist_v2 500
flist_v2 600
flist_v2 700
flist_v2 800
flist_v2 900
flist_v2 1000
flist_v2 1100
flist_v2 1200
flist_v2 1300
flist_v2 1400
flist_v2 1500
flist_v2 1600
flist_v2 1700
flist_v2 1800
flist_v2 1900
flist_v2 2000
flist_v2 2100
flist_v2 2200
flist_v2 2300
flist_v2 2400
flist_v2 2500
<function shape at 0x7fabab853d90>
0 2459 0.012748434208333492
file_index = 67320
../../dataset/RakutenDS/triplet/input/test_anchor/1860001109/1.png
../../dataset/RakutenDS/triplet/Hamburg_mitsuru/hamburg_myattention/67320.png
<function shape at 0x7fabab853d90>
1 1155 0.044423457235097885
file_index = 28200
../../dataset/RakutenDS/triplet/input/test_anchor/1860001109/10.png
../../dataset/RakutenDS/triplet/Hamburg_mitsuru/hamburg_myattention/28200.png
<function shape at 0x7fabab853d90>
2 2565 0.03731732442975044
file_index = 70500
../../dataset/RakutenDS/triplet/input/test_anchor/1860001109/11.png
../../dataset/RakutenDS/triplet/Hamburg_mitsuru/hamburg_myattention/70500.png
<function shape at 0x7fabab853d90>
3 365 0.02603958733379841
file_index = 04500
../../dataset/RakutenDS/triplet/input/test_anchor/1860001109/12.png
../../dataset/RakutenDS/triplet/Hamburg_mitsuru/hamburg_myattention/04500.png
<function shape at 0x7fabab853d90>
4 1200 0.013412331230938435
file_index = 29550
../../dataset/RakutenDS/triplet/input/test_anchor/1860001109/13.png
../../dataset/RakutenDS/triplet/Hamburg_mitsuru/hamburg_myattention/29550.png
<function shape at 0x7fabab853d90>
5 2508 0.02259933203458786
file_index = 68790
../../dataset/RakutenDS/triplet/input/test_anchor/1860001109/2.png
../../dataset/RakutenDS/triplet/Hamburg_mitsuru/hamburg_myattention/68790.png
<function shape at 0x7fabab853d90>
6 608 0.02869751863181591
file_index = 11790
../../dataset/RakutenDS/triplet/input/test_anchor/1860001109/3.png
../../dataset/RakutenDS/triplet/Hamburg_mitsuru/hamburg_myattention/11790.png
<function shape at 0x7fabab853d90>
7 1154 0.02731739915907383
file_index = 28170
../../dataset/RakutenDS/triplet/input/test_anchor/1860001109/4.png
../../dataset/RakutenDS/triplet/Hamburg_mitsuru/hamburg_myattention/28170.png
<function shape at 0x7fabab853d90>
8 2565 0.03460059314966202
file_index = 70500
../../dataset/RakutenDS/triplet/input/test_anchor/1860001109/5.png
../../dataset/RakutenDS/triplet/Hamburg_mitsuru/hamburg_myattention/70500.png
<function shape at 0x7fabab853d90>
9 1211 0.017708642408251762
file_index = 29880
../../dataset/RakutenDS/triplet/input/test_anchor/1860001109/6.png
../../dataset/RakutenDS/triplet/Hamburg_mitsuru/hamburg_myattention/29880.png
<function shape at 0x7fabab853d90>
10 343 0.02457733452320099
file_index = 03840
../../dataset/RakutenDS/triplet/input/test_anchor/1860001109/7.png
../../dataset/RakutenDS/triplet/Hamburg_mitsuru/hamburg_myattention/03840.png
<function shape at 0x7fabab853d90>
11 609 0.033295102417469025
file_index = 11820
../../dataset/RakutenDS/triplet/input/test_anchor/1860001109/8.png
../../dataset/RakutenDS/triplet/Hamburg_mitsuru/hamburg_myattention/11820.png
<function shape at 0x7fabab853d90>
12 1021 0.021527007222175598
file_index = 24180
../../dataset/RakutenDS/triplet/input/test_anchor/1860001109/9.png
../../dataset/RakutenDS/triplet/Hamburg_mitsuru/hamburg_myattention/24180.png
key_indexs = [1830, 25380, 63960, 21780, 70890, 1830, 26580, 17760, 64530, 62760, 29550, 27540, 50730, 23610, 21570, 64590, 21630, 2940, 58860, 21000, 12330, 24210, 12420, 19620, 21030, 30420, 3930, 64590, 114, 11580, 28530, 4680, 8250, 11580, 4620, 8250, 29820, 14130, 12060, 3990, 12330, 71280, 22080, 64440, 11850, 3870, 20880, 26190, 71220, 71280, 12330, 4200, 3900, 22290, 71460, 25380, 22440, 22440, 26580, 11490, 27030, 24870, 28680, 4170, 27690, 14730, 64500, 23340, 64500, 68700, 13290, 3840, 68340, 70440, 27000, 21690, 22800, 29490, 11880, 24750, 4080, 24750, 26250, 4680, 12390, 63120, 4320, 29490, 63420, 70830, 13470, 22050, 63270, 23880, 11730, 63330, 66690, 12540, 63330, 27090, 4650, 63360, 4350, 12480, 69780, 64590, 23460, 13380, 26520, 12030, 27150, 70890, 27810, 57240, 20460, 29430, 12360, 12720, 38400, 12600, 11520, 21300, 31740, 71250, 63060, 71340, 20040, 64470, 64020, 12720, 71100, 21060, 23790, 12330, 26490, 6540, 8280, 63150, 12300, 13020, 27090, 8070, 23430, 22650, 26400, 4170, 25980, 64590, 1800, 23640, 22860, 690, 22320, 3990, 63870, 33030, 20880, 28650, 4050, 62760, 28650, 68790, 24900, 21600, 14070, 20520, 28470, 24930, 64200, 24540, 21360, 29430, 21210, 29010, 57330, 71520, 21480, 1140, 13320, 13110, 21480, 27060, 67320, 28200, 70500, 4500, 29550, 68790, 11790, 28170, 70500, 29880, 3840, 11820, 24180]
[]
epoch 16
13 2600
flist_v2 0
flist_v2 100
flist_v2 200
flist_v2 300
flist_v2 400
flist_v2 500
flist_v2 600
flist_v2 700
flist_v2 800
flist_v2 900
flist_v2 1000
flist_v2 1100
flist_v2 1200
flist_v2 1300
flist_v2 1400
flist_v2 1500
flist_v2 1600
flist_v2 1700
flist_v2 1800
flist_v2 1900
flist_v2 2000
flist_v2 2100
flist_v2 2200
flist_v2 2300
flist_v2 2400
flist_v2 2500
<function shape at 0x7fabab853d90>
0 1272 0.0056454953737556934
file_index = 31710
../../dataset/RakutenDS/triplet/input/test_anchor/1860001109/1.png
../../dataset/RakutenDS/triplet/Hamburg_mitsuru/hamburg_myattention/31710.png
<function shape at 0x7fabab853d90>
1 1109 0.0066411118023097515
file_index = 26820
../../dataset/RakutenDS/triplet/input/test_anchor/1860001109/10.png
../../dataset/RakutenDS/triplet/Hamburg_mitsuru/hamburg_myattention/26820.png
<function shape at 0x7fabab853d90>
2 599 0.031152019277215004
file_index = 11520
../../dataset/RakutenDS/triplet/input/test_anchor/1860001109/11.png
../../dataset/RakutenDS/triplet/Hamburg_mitsuru/hamburg_myattention/11520.png
<function shape at 0x7fabab853d90>
3 634 0.009316807612776756
file_index = 12570
../../dataset/RakutenDS/triplet/input/test_anchor/1860001109/12.png
../../dataset/RakutenDS/triplet/Hamburg_mitsuru/hamburg_myattention/12570.png
<function shape at 0x7fabab853d90>
4 2125 0.005802500527352095
file_index = 57300
../../dataset/RakutenDS/triplet/input/test_anchor/1860001109/13.png
../../dataset/RakutenDS/triplet/Hamburg_mitsuru/hamburg_myattention/57300.png
<function shape at 0x7fabab853d90>
5 1193 0.005006751045584679
file_index = 29340
../../dataset/RakutenDS/triplet/input/test_anchor/1860001109/2.png
../../dataset/RakutenDS/triplet/Hamburg_mitsuru/hamburg_myattention/29340.png
<function shape at 0x7fabab853d90>
6 1031 0.010774067603051662
file_index = 24480
../../dataset/RakutenDS/triplet/input/test_anchor/1860001109/3.png
../../dataset/RakutenDS/triplet/Hamburg_mitsuru/hamburg_myattention/24480.png
<function shape at 0x7fabab853d90>
7 272 0.0052618724294006824
file_index = 01710
../../dataset/RakutenDS/triplet/input/test_anchor/1860001109/4.png
../../dataset/RakutenDS/triplet/Hamburg_mitsuru/hamburg_myattention/01710.png
<function shape at 0x7fabab853d90>
8 165 0.022217368707060814
file_index = 00166
../../dataset/RakutenDS/triplet/input/test_anchor/1860001109/5.png
../../dataset/RakutenDS/triplet/Hamburg_mitsuru/hamburg_myattention/00166.png
<function shape at 0x7fabab853d90>
9 2596 0.031146811321377754
file_index = 71430
../../dataset/RakutenDS/triplet/input/test_anchor/1860001109/6.png
../../dataset/RakutenDS/triplet/Hamburg_mitsuru/hamburg_myattention/71430.png
<function shape at 0x7fabab853d90>
10 2128 0.004961871076375246
file_index = 57390
../../dataset/RakutenDS/triplet/input/test_anchor/1860001109/7.png
../../dataset/RakutenDS/triplet/Hamburg_mitsuru/hamburg_myattention/57390.png
<function shape at 0x7fabab853d90>
11 360 0.006055518053472042
file_index = 04350
../../dataset/RakutenDS/triplet/input/test_anchor/1860001109/8.png
../../dataset/RakutenDS/triplet/Hamburg_mitsuru/hamburg_myattention/04350.png
<function shape at 0x7fabab853d90>
12 521 0.007811683230102062
file_index = 09180
../../dataset/RakutenDS/triplet/input/test_anchor/1860001109/9.png
../../dataset/RakutenDS/triplet/Hamburg_mitsuru/hamburg_myattention/09180.png
key_indexs = [1830, 25380, 63960, 21780, 70890, 1830, 26580, 17760, 64530, 62760, 29550, 27540, 50730, 23610, 21570, 64590, 21630, 2940, 58860, 21000, 12330, 24210, 12420, 19620, 21030, 30420, 3930, 64590, 114, 11580, 28530, 4680, 8250, 11580, 4620, 8250, 29820, 14130, 12060, 3990, 12330, 71280, 22080, 64440, 11850, 3870, 20880, 26190, 71220, 71280, 12330, 4200, 3900, 22290, 71460, 25380, 22440, 22440, 26580, 11490, 27030, 24870, 28680, 4170, 27690, 14730, 64500, 23340, 64500, 68700, 13290, 3840, 68340, 70440, 27000, 21690, 22800, 29490, 11880, 24750, 4080, 24750, 26250, 4680, 12390, 63120, 4320, 29490, 63420, 70830, 13470, 22050, 63270, 23880, 11730, 63330, 66690, 12540, 63330, 27090, 4650, 63360, 4350, 12480, 69780, 64590, 23460, 13380, 26520, 12030, 27150, 70890, 27810, 57240, 20460, 29430, 12360, 12720, 38400, 12600, 11520, 21300, 31740, 71250, 63060, 71340, 20040, 64470, 64020, 12720, 71100, 21060, 23790, 12330, 26490, 6540, 8280, 63150, 12300, 13020, 27090, 8070, 23430, 22650, 26400, 4170, 25980, 64590, 1800, 23640, 22860, 690, 22320, 3990, 63870, 33030, 20880, 28650, 4050, 62760, 28650, 68790, 24900, 21600, 14070, 20520, 28470, 24930, 64200, 24540, 21360, 29430, 21210, 29010, 57330, 71520, 21480, 1140, 13320, 13110, 21480, 27060, 67320, 28200, 70500, 4500, 29550, 68790, 11790, 28170, 70500, 29880, 3840, 11820, 24180, 31710, 26820, 11520, 12570, 57300, 29340, 24480, 1710, 166, 71430, 57390, 4350, 9180]
[]
epoch 17
13 2600
flist_v2 0
flist_v2 100
flist_v2 200
flist_v2 300
flist_v2 400
flist_v2 500
flist_v2 600
flist_v2 700
flist_v2 800
flist_v2 900
flist_v2 1000
flist_v2 1100
flist_v2 1200
flist_v2 1300
flist_v2 1400
flist_v2 1500
flist_v2 1600
flist_v2 1700
flist_v2 1800
flist_v2 1900
flist_v2 2000
flist_v2 2100
flist_v2 2200
flist_v2 2300
flist_v2 2400
flist_v2 2500
<function shape at 0x7fabab853d90>
0 2129 0.014563923701643944
file_index = 57420
../../dataset/RakutenDS/triplet/input/test_anchor/1860001109/1.png
../../dataset/RakutenDS/triplet/Hamburg_mitsuru/hamburg_myattention/57420.png
<function shape at 0x7fabab853d90>
1 1158 0.04277504235506058
file_index = 28290
../../dataset/RakutenDS/triplet/input/test_anchor/1860001109/10.png
../../dataset/RakutenDS/triplet/Hamburg_mitsuru/hamburg_myattention/28290.png
<function shape at 0x7fabab853d90>
2 371 0.06400781869888306
file_index = 04680
../../dataset/RakutenDS/triplet/input/test_anchor/1860001109/11.png
../../dataset/RakutenDS/triplet/Hamburg_mitsuru/hamburg_myattention/04680.png
<function shape at 0x7fabab853d90>
3 2452 0.006767474114894867
file_index = 67110
../../dataset/RakutenDS/triplet/input/test_anchor/1860001109/12.png
../../dataset/RakutenDS/triplet/Hamburg_mitsuru/hamburg_myattention/67110.png
<function shape at 0x7fabab853d90>
4 2496 0.015482405200600624
file_index = 68430
../../dataset/RakutenDS/triplet/input/test_anchor/1860001109/13.png
../../dataset/RakutenDS/triplet/Hamburg_mitsuru/hamburg_myattention/68430.png
<function shape at 0x7fabab853d90>
5 2438 0.01380727719515562
file_index = 66690
../../dataset/RakutenDS/triplet/input/test_anchor/1860001109/2.png
../../dataset/RakutenDS/triplet/Hamburg_mitsuru/hamburg_myattention/66690.png
<function shape at 0x7fabab853d90>
6 364 0.022990750148892403
file_index = 04470
../../dataset/RakutenDS/triplet/input/test_anchor/1860001109/3.png
../../dataset/RakutenDS/triplet/Hamburg_mitsuru/hamburg_myattention/04470.png
<function shape at 0x7fabab853d90>
7 1320 0.020577332004904747
file_index = 33150
../../dataset/RakutenDS/triplet/input/test_anchor/1860001109/4.png
../../dataset/RakutenDS/triplet/Hamburg_mitsuru/hamburg_myattention/33150.png
<function shape at 0x7fabab853d90>
8 2366 0.024491585791110992
file_index = 64530
../../dataset/RakutenDS/triplet/input/test_anchor/1860001109/5.png
../../dataset/RakutenDS/triplet/Hamburg_mitsuru/hamburg_myattention/64530.png
<function shape at 0x7fabab853d90>
9 1016 0.03999350965023041
file_index = 24030
../../dataset/RakutenDS/triplet/input/test_anchor/1860001109/6.png
../../dataset/RakutenDS/triplet/Hamburg_mitsuru/hamburg_myattention/24030.png
<function shape at 0x7fabab853d90>
10 2126 0.03064877912402153
file_index = 57330
../../dataset/RakutenDS/triplet/input/test_anchor/1860001109/7.png
../../dataset/RakutenDS/triplet/Hamburg_mitsuru/hamburg_myattention/57330.png
<function shape at 0x7fabab853d90>
11 2595 0.025344880297780037
file_index = 71400
../../dataset/RakutenDS/triplet/input/test_anchor/1860001109/8.png
../../dataset/RakutenDS/triplet/Hamburg_mitsuru/hamburg_myattention/71400.png
<function shape at 0x7fabab853d90>
12 1707 0.023411784321069717
file_index = 44760
../../dataset/RakutenDS/triplet/input/test_anchor/1860001109/9.png
../../dataset/RakutenDS/triplet/Hamburg_mitsuru/hamburg_myattention/44760.png
key_indexs = [1830, 25380, 63960, 21780, 70890, 1830, 26580, 17760, 64530, 62760, 29550, 27540, 50730, 23610, 21570, 64590, 21630, 2940, 58860, 21000, 12330, 24210, 12420, 19620, 21030, 30420, 3930, 64590, 114, 11580, 28530, 4680, 8250, 11580, 4620, 8250, 29820, 14130, 12060, 3990, 12330, 71280, 22080, 64440, 11850, 3870, 20880, 26190, 71220, 71280, 12330, 4200, 3900, 22290, 71460, 25380, 22440, 22440, 26580, 11490, 27030, 24870, 28680, 4170, 27690, 14730, 64500, 23340, 64500, 68700, 13290, 3840, 68340, 70440, 27000, 21690, 22800, 29490, 11880, 24750, 4080, 24750, 26250, 4680, 12390, 63120, 4320, 29490, 63420, 70830, 13470, 22050, 63270, 23880, 11730, 63330, 66690, 12540, 63330, 27090, 4650, 63360, 4350, 12480, 69780, 64590, 23460, 13380, 26520, 12030, 27150, 70890, 27810, 57240, 20460, 29430, 12360, 12720, 38400, 12600, 11520, 21300, 31740, 71250, 63060, 71340, 20040, 64470, 64020, 12720, 71100, 21060, 23790, 12330, 26490, 6540, 8280, 63150, 12300, 13020, 27090, 8070, 23430, 22650, 26400, 4170, 25980, 64590, 1800, 23640, 22860, 690, 22320, 3990, 63870, 33030, 20880, 28650, 4050, 62760, 28650, 68790, 24900, 21600, 14070, 20520, 28470, 24930, 64200, 24540, 21360, 29430, 21210, 29010, 57330, 71520, 21480, 1140, 13320, 13110, 21480, 27060, 67320, 28200, 70500, 4500, 29550, 68790, 11790, 28170, 70500, 29880, 3840, 11820, 24180, 31710, 26820, 11520, 12570, 57300, 29340, 24480, 1710, 166, 71430, 57390, 4350, 9180, 57420, 28290, 4680, 67110, 68430, 66690, 4470, 33150, 64530, 24030, 57330, 71400, 44760]
[]
epoch 18
13 2600
flist_v2 0
flist_v2 100
flist_v2 200
flist_v2 300
flist_v2 400
flist_v2 500
flist_v2 600
flist_v2 700
flist_v2 800
flist_v2 900
flist_v2 1000
flist_v2 1100
flist_v2 1200
flist_v2 1300
flist_v2 1400
flist_v2 1500
flist_v2 1600
flist_v2 1700
flist_v2 1800
flist_v2 1900
flist_v2 2000
flist_v2 2100
flist_v2 2200
flist_v2 2300
flist_v2 2400
flist_v2 2500
<function shape at 0x7fabab853d90>
0 1267 0.007523206993937492
file_index = 31560
../../dataset/RakutenDS/triplet/input/test_anchor/1860001109/1.png
../../dataset/RakutenDS/triplet/Hamburg_mitsuru/hamburg_myattention/31560.png
<function shape at 0x7fabab853d90>
1 612 0.032913509756326675
file_index = 11910
../../dataset/RakutenDS/triplet/input/test_anchor/1860001109/10.png
../../dataset/RakutenDS/triplet/Hamburg_mitsuru/hamburg_myattention/11910.png
<function shape at 0x7fabab853d90>
2 602 0.020878685638308525
file_index = 11610
../../dataset/RakutenDS/triplet/input/test_anchor/1860001109/11.png
../../dataset/RakutenDS/triplet/Hamburg_mitsuru/hamburg_myattention/11610.png
<function shape at 0x7fabab853d90>
3 1003 0.015056007541716099
file_index = 23640
../../dataset/RakutenDS/triplet/input/test_anchor/1860001109/12.png
../../dataset/RakutenDS/triplet/Hamburg_mitsuru/hamburg_myattention/23640.png
<function shape at 0x7fabab853d90>
4 991 0.016937609761953354
file_index = 23280
../../dataset/RakutenDS/triplet/input/test_anchor/1860001109/13.png
../../dataset/RakutenDS/triplet/Hamburg_mitsuru/hamburg_myattention/23280.png
<function shape at 0x7fabab853d90>
5 1003 0.019458381459116936
file_index = 23640
../../dataset/RakutenDS/triplet/input/test_anchor/1860001109/2.png
../../dataset/RakutenDS/triplet/Hamburg_mitsuru/hamburg_myattention/23640.png
<function shape at 0x7fabab853d90>
6 1576 0.015692025423049927
file_index = 40830
../../dataset/RakutenDS/triplet/input/test_anchor/1860001109/3.png
../../dataset/RakutenDS/triplet/Hamburg_mitsuru/hamburg_myattention/40830.png
<function shape at 0x7fabab853d90>
7 1701 0.012578340247273445
file_index = 44580
../../dataset/RakutenDS/triplet/input/test_anchor/1860001109/4.png
../../dataset/RakutenDS/triplet/Hamburg_mitsuru/hamburg_myattention/44580.png
<function shape at 0x7fabab853d90>
8 1299 0.030630791559815407
file_index = 32520
../../dataset/RakutenDS/triplet/input/test_anchor/1860001109/5.png
../../dataset/RakutenDS/triplet/Hamburg_mitsuru/hamburg_myattention/32520.png
<function shape at 0x7fabab853d90>
9 2488 0.01782328449189663
file_index = 68190
../../dataset/RakutenDS/triplet/input/test_anchor/1860001109/6.png
../../dataset/RakutenDS/triplet/Hamburg_mitsuru/hamburg_myattention/68190.png
<function shape at 0x7fabab853d90>
10 2436 0.028752274811267853
file_index = 66630
../../dataset/RakutenDS/triplet/input/test_anchor/1860001109/7.png
../../dataset/RakutenDS/triplet/Hamburg_mitsuru/hamburg_myattention/66630.png
<function shape at 0x7fabab853d90>
11 1708 0.030645431950688362
file_index = 44790
../../dataset/RakutenDS/triplet/input/test_anchor/1860001109/8.png
../../dataset/RakutenDS/triplet/Hamburg_mitsuru/hamburg_myattention/44790.png
<function shape at 0x7fabab853d90>
12 933 0.029194850474596024
file_index = 21540
../../dataset/RakutenDS/triplet/input/test_anchor/1860001109/9.png
../../dataset/RakutenDS/triplet/Hamburg_mitsuru/hamburg_myattention/21540.png
key_indexs = [1830, 25380, 63960, 21780, 70890, 1830, 26580, 17760, 64530, 62760, 29550, 27540, 50730, 23610, 21570, 64590, 21630, 2940, 58860, 21000, 12330, 24210, 12420, 19620, 21030, 30420, 3930, 64590, 114, 11580, 28530, 4680, 8250, 11580, 4620, 8250, 29820, 14130, 12060, 3990, 12330, 71280, 22080, 64440, 11850, 3870, 20880, 26190, 71220, 71280, 12330, 4200, 3900, 22290, 71460, 25380, 22440, 22440, 26580, 11490, 27030, 24870, 28680, 4170, 27690, 14730, 64500, 23340, 64500, 68700, 13290, 3840, 68340, 70440, 27000, 21690, 22800, 29490, 11880, 24750, 4080, 24750, 26250, 4680, 12390, 63120, 4320, 29490, 63420, 70830, 13470, 22050, 63270, 23880, 11730, 63330, 66690, 12540, 63330, 27090, 4650, 63360, 4350, 12480, 69780, 64590, 23460, 13380, 26520, 12030, 27150, 70890, 27810, 57240, 20460, 29430, 12360, 12720, 38400, 12600, 11520, 21300, 31740, 71250, 63060, 71340, 20040, 64470, 64020, 12720, 71100, 21060, 23790, 12330, 26490, 6540, 8280, 63150, 12300, 13020, 27090, 8070, 23430, 22650, 26400, 4170, 25980, 64590, 1800, 23640, 22860, 690, 22320, 3990, 63870, 33030, 20880, 28650, 4050, 62760, 28650, 68790, 24900, 21600, 14070, 20520, 28470, 24930, 64200, 24540, 21360, 29430, 21210, 29010, 57330, 71520, 21480, 1140, 13320, 13110, 21480, 27060, 67320, 28200, 70500, 4500, 29550, 68790, 11790, 28170, 70500, 29880, 3840, 11820, 24180, 31710, 26820, 11520, 12570, 57300, 29340, 24480, 1710, 166, 71430, 57390, 4350, 9180, 57420, 28290, 4680, 67110, 68430, 66690, 4470, 33150, 64530, 24030, 57330, 71400, 44760, 31560, 11910, 11610, 23640, 23280, 23640, 40830, 44580, 32520, 68190, 66630, 44790, 21540]
[]
epoch 19
13 2600
flist_v2 0
flist_v2 100
flist_v2 200
flist_v2 300
flist_v2 400
flist_v2 500
flist_v2 600
flist_v2 700
flist_v2 800
flist_v2 900
flist_v2 1000
flist_v2 1100
flist_v2 1200
flist_v2 1300
flist_v2 1400
flist_v2 1500
flist_v2 1600
flist_v2 1700
flist_v2 1800
flist_v2 1900
flist_v2 2000
flist_v2 2100
flist_v2 2200
flist_v2 2300
flist_v2 2400
flist_v2 2500
<function shape at 0x7fabab853d90>
0 2393 0.007070363033562899
file_index = 65340
../../dataset/RakutenDS/triplet/input/test_anchor/1860001109/1.png
../../dataset/RakutenDS/triplet/Hamburg_mitsuru/hamburg_myattention/65340.png
<function shape at 0x7fabab853d90>
1 879 0.007080740295350552
file_index = 19920
../../dataset/RakutenDS/triplet/input/test_anchor/1860001109/10.png
../../dataset/RakutenDS/triplet/Hamburg_mitsuru/hamburg_myattention/19920.png
<function shape at 0x7fabab853d90>
2 362 0.02294345013797283
file_index = 04410
../../dataset/RakutenDS/triplet/input/test_anchor/1860001109/11.png
../../dataset/RakutenDS/triplet/Hamburg_mitsuru/hamburg_myattention/04410.png
<function shape at 0x7fabab853d90>
3 749 0.00772436335682869
file_index = 16020
../../dataset/RakutenDS/triplet/input/test_anchor/1860001109/12.png
../../dataset/RakutenDS/triplet/Hamburg_mitsuru/hamburg_myattention/16020.png
<function shape at 0x7fabab853d90>
4 1097 0.012105932459235191
file_index = 26460
../../dataset/RakutenDS/triplet/input/test_anchor/1860001109/13.png
../../dataset/RakutenDS/triplet/Hamburg_mitsuru/hamburg_myattention/26460.png
<function shape at 0x7fabab853d90>
5 1173 0.0034069449175149202
file_index = 28740
../../dataset/RakutenDS/triplet/input/test_anchor/1860001109/2.png
../../dataset/RakutenDS/triplet/Hamburg_mitsuru/hamburg_myattention/28740.png
<function shape at 0x7fabab853d90>
6 2582 0.015444358810782433
file_index = 71010
../../dataset/RakutenDS/triplet/input/test_anchor/1860001109/3.png
../../dataset/RakutenDS/triplet/Hamburg_mitsuru/hamburg_myattention/71010.png
<function shape at 0x7fabab853d90>
7 2307 0.009362192824482918
file_index = 62760
../../dataset/RakutenDS/triplet/input/test_anchor/1860001109/4.png
../../dataset/RakutenDS/triplet/Hamburg_mitsuru/hamburg_myattention/62760.png
<function shape at 0x7fabab853d90>
8 1014 0.0458030179142952
file_index = 23970
../../dataset/RakutenDS/triplet/input/test_anchor/1860001109/5.png
../../dataset/RakutenDS/triplet/Hamburg_mitsuru/hamburg_myattention/23970.png
<function shape at 0x7fabab853d90>
9 1116 0.012481607496738434
file_index = 27030
../../dataset/RakutenDS/triplet/input/test_anchor/1860001109/6.png
../../dataset/RakutenDS/triplet/Hamburg_mitsuru/hamburg_myattention/27030.png
<function shape at 0x7fabab853d90>
10 820 0.016245877370238304
file_index = 18150
../../dataset/RakutenDS/triplet/input/test_anchor/1860001109/7.png
../../dataset/RakutenDS/triplet/Hamburg_mitsuru/hamburg_myattention/18150.png
<function shape at 0x7fabab853d90>
11 2327 0.020559120923280716
file_index = 63360
../../dataset/RakutenDS/triplet/input/test_anchor/1860001109/8.png
../../dataset/RakutenDS/triplet/Hamburg_mitsuru/hamburg_myattention/63360.png
<function shape at 0x7fabab853d90>
12 1324 0.017316941171884537
file_index = 33270
../../dataset/RakutenDS/triplet/input/test_anchor/1860001109/9.png
../../dataset/RakutenDS/triplet/Hamburg_mitsuru/hamburg_myattention/33270.png
key_indexs = [1830, 25380, 63960, 21780, 70890, 1830, 26580, 17760, 64530, 62760, 29550, 27540, 50730, 23610, 21570, 64590, 21630, 2940, 58860, 21000, 12330, 24210, 12420, 19620, 21030, 30420, 3930, 64590, 114, 11580, 28530, 4680, 8250, 11580, 4620, 8250, 29820, 14130, 12060, 3990, 12330, 71280, 22080, 64440, 11850, 3870, 20880, 26190, 71220, 71280, 12330, 4200, 3900, 22290, 71460, 25380, 22440, 22440, 26580, 11490, 27030, 24870, 28680, 4170, 27690, 14730, 64500, 23340, 64500, 68700, 13290, 3840, 68340, 70440, 27000, 21690, 22800, 29490, 11880, 24750, 4080, 24750, 26250, 4680, 12390, 63120, 4320, 29490, 63420, 70830, 13470, 22050, 63270, 23880, 11730, 63330, 66690, 12540, 63330, 27090, 4650, 63360, 4350, 12480, 69780, 64590, 23460, 13380, 26520, 12030, 27150, 70890, 27810, 57240, 20460, 29430, 12360, 12720, 38400, 12600, 11520, 21300, 31740, 71250, 63060, 71340, 20040, 64470, 64020, 12720, 71100, 21060, 23790, 12330, 26490, 6540, 8280, 63150, 12300, 13020, 27090, 8070, 23430, 22650, 26400, 4170, 25980, 64590, 1800, 23640, 22860, 690, 22320, 3990, 63870, 33030, 20880, 28650, 4050, 62760, 28650, 68790, 24900, 21600, 14070, 20520, 28470, 24930, 64200, 24540, 21360, 29430, 21210, 29010, 57330, 71520, 21480, 1140, 13320, 13110, 21480, 27060, 67320, 28200, 70500, 4500, 29550, 68790, 11790, 28170, 70500, 29880, 3840, 11820, 24180, 31710, 26820, 11520, 12570, 57300, 29340, 24480, 1710, 166, 71430, 57390, 4350, 9180, 57420, 28290, 4680, 67110, 68430, 66690, 4470, 33150, 64530, 24030, 57330, 71400, 44760, 31560, 11910, 11610, 23640, 23280, 23640, 40830, 44580, 32520, 68190, 66630, 44790, 21540, 65340, 19920, 4410, 16020, 26460, 28740, 71010, 62760, 23970, 27030, 18150, 63360, 33270]
[]
epoch 20
13 2600
flist_v2 0
flist_v2 100
flist_v2 200
flist_v2 300
flist_v2 400
flist_v2 500
flist_v2 600
flist_v2 700
flist_v2 800
flist_v2 900
flist_v2 1000
flist_v2 1100
flist_v2 1200
flist_v2 1300
flist_v2 1400
flist_v2 1500
flist_v2 1600
flist_v2 1700
flist_v2 1800
flist_v2 1900
flist_v2 2000
flist_v2 2100
flist_v2 2200
flist_v2 2300
flist_v2 2400
flist_v2 2500
<function shape at 0x7fabab853d90>
0 2443 0.0382024310529232
file_index = 66840
../../dataset/RakutenDS/triplet/input/test_anchor/1860001109/1.png
../../dataset/RakutenDS/triplet/Hamburg_mitsuru/hamburg_myattention/66840.png
<function shape at 0x7fabab853d90>
1 387 0.042410958558321
file_index = 05160
../../dataset/RakutenDS/triplet/input/test_anchor/1860001109/10.png
../../dataset/RakutenDS/triplet/Hamburg_mitsuru/hamburg_myattention/05160.png
<function shape at 0x7fabab853d90>
2 2343 0.022487090900540352
file_index = 63840
../../dataset/RakutenDS/triplet/input/test_anchor/1860001109/11.png
../../dataset/RakutenDS/triplet/Hamburg_mitsuru/hamburg_myattention/63840.png
<function shape at 0x7fabab853d90>
3 2427 0.013623980805277824
file_index = 66360
../../dataset/RakutenDS/triplet/input/test_anchor/1860001109/12.png
../../dataset/RakutenDS/triplet/Hamburg_mitsuru/hamburg_myattention/66360.png
<function shape at 0x7fabab853d90>
4 1112 0.023913798853754997
file_index = 26910
../../dataset/RakutenDS/triplet/input/test_anchor/1860001109/13.png
../../dataset/RakutenDS/triplet/Hamburg_mitsuru/hamburg_myattention/26910.png
<function shape at 0x7fabab853d90>
5 1112 0.029810519888997078
file_index = 26910
../../dataset/RakutenDS/triplet/input/test_anchor/1860001109/2.png
../../dataset/RakutenDS/triplet/Hamburg_mitsuru/hamburg_myattention/26910.png
<function shape at 0x7fabab853d90>
6 623 0.024029681459069252
file_index = 12240
../../dataset/RakutenDS/triplet/input/test_anchor/1860001109/3.png
../../dataset/RakutenDS/triplet/Hamburg_mitsuru/hamburg_myattention/12240.png
<function shape at 0x7fabab853d90>
7 1328 0.01639942079782486
file_index = 33390
../../dataset/RakutenDS/triplet/input/test_anchor/1860001109/4.png
../../dataset/RakutenDS/triplet/Hamburg_mitsuru/hamburg_myattention/33390.png
<function shape at 0x7fabab853d90>
8 277 0.028173256665468216
file_index = 01860
../../dataset/RakutenDS/triplet/input/test_anchor/1860001109/5.png
../../dataset/RakutenDS/triplet/Hamburg_mitsuru/hamburg_myattention/01860.png
<function shape at 0x7fabab853d90>
9 651 0.06908082962036133
file_index = 13080
../../dataset/RakutenDS/triplet/input/test_anchor/1860001109/6.png
../../dataset/RakutenDS/triplet/Hamburg_mitsuru/hamburg_myattention/13080.png
<function shape at 0x7fabab853d90>
10 927 0.0338989682495594
file_index = 21360
../../dataset/RakutenDS/triplet/input/test_anchor/1860001109/7.png
../../dataset/RakutenDS/triplet/Hamburg_mitsuru/hamburg_myattention/21360.png
<function shape at 0x7fabab853d90>
11 2354 0.02544309012591839
file_index = 64170
../../dataset/RakutenDS/triplet/input/test_anchor/1860001109/8.png
../../dataset/RakutenDS/triplet/Hamburg_mitsuru/hamburg_myattention/64170.png
<function shape at 0x7fabab853d90>
12 997 0.01943131722509861
file_index = 23460
../../dataset/RakutenDS/triplet/input/test_anchor/1860001109/9.png
../../dataset/RakutenDS/triplet/Hamburg_mitsuru/hamburg_myattention/23460.png
key_indexs = [1830, 25380, 63960, 21780, 70890, 1830, 26580, 17760, 64530, 62760, 29550, 27540, 50730, 23610, 21570, 64590, 21630, 2940, 58860, 21000, 12330, 24210, 12420, 19620, 21030, 30420, 3930, 64590, 114, 11580, 28530, 4680, 8250, 11580, 4620, 8250, 29820, 14130, 12060, 3990, 12330, 71280, 22080, 64440, 11850, 3870, 20880, 26190, 71220, 71280, 12330, 4200, 3900, 22290, 71460, 25380, 22440, 22440, 26580, 11490, 27030, 24870, 28680, 4170, 27690, 14730, 64500, 23340, 64500, 68700, 13290, 3840, 68340, 70440, 27000, 21690, 22800, 29490, 11880, 24750, 4080, 24750, 26250, 4680, 12390, 63120, 4320, 29490, 63420, 70830, 13470, 22050, 63270, 23880, 11730, 63330, 66690, 12540, 63330, 27090, 4650, 63360, 4350, 12480, 69780, 64590, 23460, 13380, 26520, 12030, 27150, 70890, 27810, 57240, 20460, 29430, 12360, 12720, 38400, 12600, 11520, 21300, 31740, 71250, 63060, 71340, 20040, 64470, 64020, 12720, 71100, 21060, 23790, 12330, 26490, 6540, 8280, 63150, 12300, 13020, 27090, 8070, 23430, 22650, 26400, 4170, 25980, 64590, 1800, 23640, 22860, 690, 22320, 3990, 63870, 33030, 20880, 28650, 4050, 62760, 28650, 68790, 24900, 21600, 14070, 20520, 28470, 24930, 64200, 24540, 21360, 29430, 21210, 29010, 57330, 71520, 21480, 1140, 13320, 13110, 21480, 27060, 67320, 28200, 70500, 4500, 29550, 68790, 11790, 28170, 70500, 29880, 3840, 11820, 24180, 31710, 26820, 11520, 12570, 57300, 29340, 24480, 1710, 166, 71430, 57390, 4350, 9180, 57420, 28290, 4680, 67110, 68430, 66690, 4470, 33150, 64530, 24030, 57330, 71400, 44760, 31560, 11910, 11610, 23640, 23280, 23640, 40830, 44580, 32520, 68190, 66630, 44790, 21540, 65340, 19920, 4410, 16020, 26460, 28740, 71010, 62760, 23970, 27030, 18150, 63360, 33270, 66840, 5160, 63840, 66360, 26910, 26910, 12240, 33390, 1860, 13080, 21360, 64170, 23460]
[]
epoch 21
