13 75090
flist_v2 0
flist_v2 100
flist_v2 200
flist_v2 300
flist_v2 400
flist_v2 500
flist_v2 600
flist_v2 700
flist_v2 800
flist_v2 900
flist_v2 1000
flist_v2 1100
flist_v2 1200
13 2503
flist_v2 0
flist_v2 100
flist_v2 200
flist_v2 300
flist_v2 400
flist_v2 500
flist_v2 600
flist_v2 700
flist_v2 800
flist_v2 900
flist_v2 1000
flist_v2 1100
flist_v2 1200
flist_v2 1300
flist_v2 1400
flist_v2 1500
flist_v2 1600
flist_v2 1700
flist_v2 1800
flist_v2 1900
flist_v2 2000
flist_v2 2100
flist_v2 2200
flist_v2 2300
flist_v2 2400
flist_v2 2500
0 1137 0.37354975938796997
1 1789 0.7651007771492004
2 70 0.2758231461048126
3 409 0.7942530512809753
4 2502 0.9629825353622437
5 2417 0.2663995921611786
6 2209 0.4491824209690094
7 2459 0.5089023113250732
8 1146 0.1919841766357422
9 2282 0.551755964756012
10 2084 6.11224365234375
11 2446 0.9762246012687683
12 2077 0.4454350471496582
13 files, 0 corrects, accuracy = zero divided
[0]
13 2503
flist_v2 0
flist_v2 100
flist_v2 200
flist_v2 300
flist_v2 400
flist_v2 500
flist_v2 600
flist_v2 700
flist_v2 800
flist_v2 900
flist_v2 1000
flist_v2 1100
flist_v2 1200
flist_v2 1300
flist_v2 1400
flist_v2 1500
flist_v2 1600
flist_v2 1700
flist_v2 1800
flist_v2 1900
flist_v2 2000
flist_v2 2100
flist_v2 2200
flist_v2 2300
flist_v2 2400
flist_v2 2500
0 1135 0.5093846917152405
1 414 0.544647216796875
2 298 0.17390206456184387
3 1631 0.6390507221221924
4 2499 0.7361627817153931
5 1135 0.3242262303829193
6 814 0.4968439042568207
7 1135 0.6815473437309265
8 2241 0.5795750617980957
9 99 0.3689120411872864
10 64 3.9044933319091797
11 712 1.1181501150131226
12 2090 0.4477502405643463
13 files, 0 corrects, accuracy = zero divided
[0]
13 2503
flist_v2 0
flist_v2 100
flist_v2 200
flist_v2 300
flist_v2 400
flist_v2 500
flist_v2 600
flist_v2 700
flist_v2 800
flist_v2 900
flist_v2 1000
flist_v2 1100
flist_v2 1200
flist_v2 1300
flist_v2 1400
flist_v2 1500
flist_v2 1600
flist_v2 1700
flist_v2 1800
flist_v2 1900
flist_v2 2000
flist_v2 2100
flist_v2 2200
flist_v2 2300
flist_v2 2400
flist_v2 2500
0 1136 0.36369428038597107
1 800 0.5906347632408142
2 890 0.37063977122306824
3 1690 0.6538631319999695
4 2499 0.659629225730896
5 1452 0.1570006161928177
6 814 0.4319353401660919
7 2459 0.6171913743019104
8 2241 0.674084484577179
9 2272 0.9967024922370911
10 890 4.051563739776611
11 996 1.0347944498062134
12 154 0.3916690945625305
13 files, 0 corrects, accuracy = zero divided
[0]
13 2503
flist_v2 0
flist_v2 100
flist_v2 200
flist_v2 300
flist_v2 400
flist_v2 500
flist_v2 600
flist_v2 700
flist_v2 800
flist_v2 900
flist_v2 1000
flist_v2 1100
flist_v2 1200
flist_v2 1300
flist_v2 1400
flist_v2 1500
flist_v2 1600
flist_v2 1700
flist_v2 1800
flist_v2 1900
flist_v2 2000
flist_v2 2100
flist_v2 2200
flist_v2 2300
flist_v2 2400
flist_v2 2500
13 2503
flist_v2 0
flist_v2 100
flist_v2 200
flist_v2 300
flist_v2 400
flist_v2 500
flist_v2 600
flist_v2 700
flist_v2 800
flist_v2 900
flist_v2 1000
flist_v2 1100
flist_v2 1200
flist_v2 1300
flist_v2 1400
flist_v2 1500
flist_v2 1600
flist_v2 1700
flist_v2 1800
flist_v2 1900
flist_v2 2000
flist_v2 2100
flist_v2 2200
flist_v2 2300
flist_v2 2400
flist_v2 2500
13 2503
flist_v2 0
flist_v2 100
flist_v2 200
flist_v2 300
flist_v2 400
flist_v2 500
flist_v2 600
flist_v2 700
flist_v2 800
flist_v2 900
flist_v2 1000
flist_v2 1100
flist_v2 1200
flist_v2 1300
flist_v2 1400
flist_v2 1500
flist_v2 1600
flist_v2 1700
flist_v2 1800
flist_v2 1900
flist_v2 2000
flist_v2 2100
flist_v2 2200
flist_v2 2300
flist_v2 2400
flist_v2 2500
0 rank_dist = [0.3636953830718994, 0.3636953830718994, 0.3636953830718994, 0.3636953830718994, 0.3636953830718994] rank_index = [1136, 1136, 1136, 1136, 1136]
1 rank_dist = [0.590620219707489, 0.590620219707489, 0.590620219707489, 0.590620219707489, 0.590620219707489] rank_index = [800, 800, 800, 800, 800]
2 rank_dist = [0.37065017223358154, 0.37065017223358154, 0.37065017223358154, 0.37065017223358154, 0.37065017223358154] rank_index = [890, 890, 890, 890, 890]
3 rank_dist = [0.6538801789283752, 0.6538801789283752, 0.6538801789283752, 0.6538801789283752, 0.6538801789283752] rank_index = [1690, 1690, 1690, 1690, 1690]
4 rank_dist = [0.6596060395240784, 0.6596060395240784, 0.6596060395240784, 0.6596060395240784, 0.6596060395240784] rank_index = [2499, 2499, 2499, 2499, 2499]
5 rank_dist = [0.1569872796535492, 0.1569872796535492, 0.1569872796535492, 0.1569872796535492, 0.1569872796535492] rank_index = [1452, 1452, 1452, 1452, 1452]
6 rank_dist = [0.4319189190864563, 0.4319189190864563, 0.4319189190864563, 0.4319189190864563, 0.4319189190864563] rank_index = [814, 814, 814, 814, 814]
7 rank_dist = [0.6172242164611816, 0.6172242164611816, 0.6172242164611816, 0.6172242164611816, 0.6172242164611816] rank_index = [2459, 2459, 2459, 2459, 2459]
8 rank_dist = [0.6740639805793762, 0.6740639805793762, 0.6740639805793762, 0.6740639805793762, 0.6740639805793762] rank_index = [2241, 2241, 2241, 2241, 2241]
9 rank_dist = [0.9966776967048645, 0.9966776967048645, 0.9966776967048645, 0.9966776967048645, 0.9966776967048645] rank_index = [2272, 2272, 2272, 2272, 2272]
10 rank_dist = [4.05157995223999, 4.05157995223999, 4.05157995223999, 4.05157995223999, 4.05157995223999] rank_index = [890, 890, 890, 890, 890]
11 rank_dist = [1.034799575805664, 1.034799575805664, 1.034799575805664, 1.034799575805664, 1.034799575805664] rank_index = [996, 996, 996, 996, 996]
12 rank_dist = [0.39167678356170654, 0.39167678356170654, 0.39167678356170654, 0.39167678356170654, 0.39167678356170654] rank_index = [154, 154, 154, 154, 154]
13 files, 1 corrects, accuracy = 0.07692307692307693
[0.07692307692307693]
13 2503
flist_v2 0
flist_v2 100
flist_v2 200
flist_v2 300
flist_v2 400
flist_v2 500
flist_v2 600
flist_v2 700
flist_v2 800
flist_v2 900
flist_v2 1000
flist_v2 1100
flist_v2 1200
flist_v2 1300
flist_v2 1400
flist_v2 1500
flist_v2 1600
flist_v2 1700
flist_v2 1800
flist_v2 1900
flist_v2 2000
flist_v2 2100
flist_v2 2200
flist_v2 2300
flist_v2 2400
flist_v2 2500
0 rank_dist = [0.3636944890022278, 0.38606590032577515, 0.41550347208976746, 0.4274829924106598, 0.42804327607154846] rank_index = [1136, 1135, 1137, 1714, 1774]
1 rank_dist = [0.5906351208686829, 0.5981447100639343, 0.612252950668335, 0.6136563420295715, 0.6231813430786133] rank_index = [800, 1733, 799, 1622, 414]
2 rank_dist = [0.37063920497894287, 0.3990391790866852, 0.4208293855190277, 0.42810291051864624, 0.4574296474456787] rank_index = [890, 1224, 933, 911, 937]
3 rank_dist = [0.6538633108139038, 0.65544193983078, 0.6597156524658203, 0.6676591038703918, 0.6712303757667542] rank_index = [1690, 1631, 1615, 1616, 1661]
4 rank_dist = [0.659629762172699, 0.7287617921829224, 0.8171404004096985, 0.8234978914260864, 0.9454885125160217] rank_index = [2499, 2502, 2496, 2498, 2501]
5 rank_dist = [0.15700070559978485, 0.1695631593465805, 0.17418073117733002, 0.17942774295806885, 0.1876206398010254] rank_index = [1452, 1450, 2429, 1344, 1128]
6 rank_dist = [0.43193575739860535, 0.4710099995136261, 0.4909323751926422, 0.5091376304626465, 0.5146986842155457] rank_index = [814, 799, 2209, 805, 715]
7 rank_dist = [0.6171921491622925, 0.6462244391441345, 0.6681191325187683, 0.6710936427116394, 0.6758960485458374] rank_index = [2459, 1751, 755, 1135, 414]
8 rank_dist = [0.6740853786468506, 0.709505021572113, 0.711701512336731, 0.7204942107200623, 0.7254042029380798] rank_index = [2241, 2237, 1150, 2240, 2238]
9 rank_dist = [0.9967026710510254, 0.9986143708229065, 1.001617193222046, 1.0063645839691162, 1.0274008512496948] rank_index = [2272, 2324, 2224, 2309, 2282]
10 rank_dist = [4.0515642166137695, 4.058213233947754, 4.08000373840332, 4.083434104919434, 4.092469215393066] rank_index = [890, 369, 370, 457, 371]
11 rank_dist = [1.0347938537597656, 1.0854421854019165, 1.0904791355133057, 1.1211819648742676, 1.1287204027175903] rank_index = [996, 932, 894, 931, 919]
12 rank_dist = [0.3916691541671753, 0.4433356523513794, 0.44788262248039246, 0.4699433743953705, 0.47245922684669495] rank_index = [154, 2147, 1547, 1570, 126]
13 files, 1 corrects, accuracy = 0.07692307692307693
[0.07692307692307693]
13 2503
flist_v2 0
flist_v2 100
flist_v2 200
flist_v2 300
flist_v2 400
flist_v2 500
flist_v2 600
flist_v2 700
flist_v2 800
flist_v2 900
flist_v2 1000
flist_v2 1100
flist_v2 1200
flist_v2 1300
flist_v2 1400
flist_v2 1500
flist_v2 1600
flist_v2 1700
flist_v2 1800
flist_v2 1900
flist_v2 2000
flist_v2 2100
flist_v2 2200
flist_v2 2300
flist_v2 2400
flist_v2 2500
0 rank_dist = [0.37356653809547424, 0.41068699955940247, 0.457792192697525, 0.496055006980896, 0.5102115869522095] rank_index = [1137, 1138, 1135, 1134, 1136]
1 rank_dist = [0.7650727033615112, 0.8134651184082031, 0.8169441223144531, 0.8311846852302551, 0.8387666940689087] rank_index = [1789, 1618, 2446, 2461, 1612]
2 rank_dist = [0.2758062481880188, 0.3249915838241577, 0.34647417068481445, 0.3654828369617462, 0.3706018328666687] rank_index = [70, 27, 901, 124, 968]
3 rank_dist = [0.7942332625389099, 0.8227442502975464, 0.8954635858535767, 0.9096590280532837, 0.9129394292831421] rank_index = [409, 407, 1631, 410, 2155]
4 rank_dist = [0.9629794955253601, 1.0165014266967773, 1.0478054285049438, 1.079849123954773, 1.0969966650009155] rank_index = [2502, 2499, 2498, 2493, 2496]
5 rank_dist = [0.266409307718277, 0.31663960218429565, 0.3228692412376404, 0.3243049383163452, 0.32981395721435547] rank_index = [2417, 1147, 1138, 2325, 1714]
6 rank_dist = [0.4492095410823822, 0.48647934198379517, 0.49932485818862915, 0.5245105624198914, 0.5328524708747864] rank_index = [2209, 644, 616, 2490, 618]
7 rank_dist = [0.5089316964149475, 0.5407634377479553, 0.563256561756134, 0.6052548885345459, 0.6121829152107239] rank_index = [2459, 2461, 2451, 2454, 1751]
8 rank_dist = [0.1920389086008072, 0.23377591371536255, 0.28491395711898804, 0.2953087091445923, 0.29891687631607056] rank_index = [1146, 1150, 1152, 1151, 1148]
9 rank_dist = [0.5517541766166687, 0.5563616156578064, 0.5605311393737793, 0.5649664998054504, 0.5670968890190125] rank_index = [2282, 254, 210, 255, 257]
10 rank_dist = [6.112187385559082, 6.125474452972412, 6.129263877868652, 6.135287761688232, 6.141274929046631] rank_index = [2084, 1701, 1723, 1697, 1691]
11 rank_dist = [0.9762334227561951, 1.000643253326416, 1.0040026903152466, 1.007616639137268, 1.0086344480514526] rank_index = [2446, 2467, 1618, 1789, 1619]
12 rank_dist = [0.4454488456249237, 0.45582398772239685, 0.46450766921043396, 0.4660692512989044, 0.4694357216358185] rank_index = [2077, 2247, 154, 260, 259]
13 files, 1 corrects, accuracy = 0.07692307692307693
[0.07692307692307693]
0 7439
flist_v2 0
flist_v2 100
flist_v2 200
flist_v2 300
flist_v2 400
flist_v2 500
flist_v2 600
flist_v2 700
flist_v2 800
flist_v2 900
flist_v2 1000
flist_v2 1100
flist_v2 1200
flist_v2 1300
flist_v2 1400
flist_v2 1500
flist_v2 1600
flist_v2 1700
flist_v2 1800
flist_v2 1900
flist_v2 2000
flist_v2 2100
flist_v2 2200
flist_v2 2300
flist_v2 2400
flist_v2 2500
flist_v2 2600
flist_v2 2700
flist_v2 2800
flist_v2 2900
flist_v2 3000
flist_v2 3100
flist_v2 3200
flist_v2 3300
flist_v2 3400
flist_v2 3500
flist_v2 3600
flist_v2 3700
flist_v2 3800
flist_v2 3900
flist_v2 4000
flist_v2 4100
flist_v2 4200
flist_v2 4300
flist_v2 4400
flist_v2 4500
flist_v2 4600
flist_v2 4700
flist_v2 4800
flist_v2 4900
flist_v2 5000
flist_v2 5100
flist_v2 5200
flist_v2 5300
flist_v2 5400
flist_v2 5500
flist_v2 5600
flist_v2 5700
flist_v2 5800
flist_v2 5900
flist_v2 6000
flist_v2 6100
flist_v2 6200
flist_v2 6300
flist_v2 6400
flist_v2 6500
flist_v2 6600
flist_v2 6700
flist_v2 6800
flist_v2 6900
flist_v2 7000
flist_v2 7100
flist_v2 7200
flist_v2 7300
flist_v2 7400
0 files, 0 corrects, accuracy = zero divided
[0]
13 7439
flist_v2 0
flist_v2 100
flist_v2 200
flist_v2 300
flist_v2 400
flist_v2 500
flist_v2 600
flist_v2 700
flist_v2 800
flist_v2 900
flist_v2 1000
flist_v2 1100
flist_v2 1200
flist_v2 1300
flist_v2 1400
flist_v2 1500
flist_v2 1600
flist_v2 1700
flist_v2 1800
flist_v2 1900
flist_v2 2000
flist_v2 2100
flist_v2 2200
flist_v2 2300
flist_v2 2400
flist_v2 2500
flist_v2 2600
flist_v2 2700
flist_v2 2800
flist_v2 2900
flist_v2 3000
flist_v2 3100
flist_v2 3200
flist_v2 3300
flist_v2 3400
flist_v2 3500
flist_v2 3600
flist_v2 3700
flist_v2 3800
flist_v2 3900
flist_v2 4000
flist_v2 4100
flist_v2 4200
flist_v2 4300
flist_v2 4400
flist_v2 4500
flist_v2 4600
flist_v2 4700
flist_v2 4800
flist_v2 4900
flist_v2 5000
flist_v2 5100
flist_v2 5200
flist_v2 5300
flist_v2 5400
flist_v2 5500
flist_v2 5600
flist_v2 5700
flist_v2 5800
flist_v2 5900
flist_v2 6000
flist_v2 6100
flist_v2 6200
flist_v2 6300
flist_v2 6400
flist_v2 6500
flist_v2 6600
flist_v2 6700
flist_v2 6800
flist_v2 6900
flist_v2 7000
flist_v2 7100
flist_v2 7200
flist_v2 7300
flist_v2 7400
0 rank_dist = [0.42304617166519165, 0.4483329653739929, 0.44966888427734375, 0.45185786485671997, 0.45678362250328064] rank_index = [858, 865, 3152, 6179, 3094]
1 rank_dist = [0.24278181791305542, 0.2531800866127014, 0.2750217914581299, 0.28309497237205505, 0.28320926427841187] rank_index = [5493, 5482, 5485, 5484, 5483]
2 rank_dist = [0.36050280928611755, 0.3651837110519409, 0.3780638873577118, 0.38266539573669434, 0.38428065180778503] rank_index = [6853, 6865, 5652, 5918, 5800]
3 rank_dist = [0.25068894028663635, 0.2662784457206726, 0.2816929221153259, 0.29051506519317627, 0.30268627405166626] rank_index = [7042, 7011, 7039, 7127, 7129]
4 rank_dist = [0.4243537187576294, 0.42448604106903076, 0.4261414408683777, 0.42645829916000366, 0.42673808336257935] rank_index = [7341, 7348, 7339, 7364, 7338]
5 rank_dist = [0.1846679151058197, 0.19330154359340668, 0.19541580975055695, 0.20447979867458344, 0.2361270785331726] rank_index = [6175, 6174, 6173, 6176, 6179]
6 rank_dist = [0.3659752309322357, 0.3710292875766754, 0.3757413625717163, 0.38832613825798035, 0.39578378200531006] rank_index = [4724, 5171, 4723, 4725, 4721]
7 rank_dist = [0.3918083608150482, 0.40015509724617004, 0.40083742141723633, 0.4010718762874603, 0.4011298716068268] rank_index = [2772, 511, 510, 513, 512]
8 rank_dist = [0.29082342982292175, 0.34162914752960205, 0.354239821434021, 0.3679492771625519, 0.3726378083229065] rank_index = [5446, 7162, 4394, 5401, 7163]
9 rank_dist = [0.24100656807422638, 0.24221490323543549, 0.2963930368423462, 0.31355875730514526, 0.31912878155708313] rank_index = [6814, 2862, 6774, 6815, 6825]
10 rank_dist = [0.5378956198692322, 0.5544860363006592, 0.5612844824790955, 0.571213960647583, 0.5850451588630676] rank_index = [3804, 3817, 3805, 3823, 3816]
11 rank_dist = [0.4833351671695709, 0.5076845288276672, 0.5095062851905823, 0.5100061297416687, 0.5142694711685181] rank_index = [4256, 4263, 4257, 4258, 4261]
12 rank_dist = [0.2854113280773163, 0.29548555612564087, 0.3030664026737213, 0.3105079233646393, 0.3155921399593353] rank_index = [4683, 4665, 4666, 4668, 4680]
13 files, 1 corrects, accuracy = 0.07692307692307693
[0.07692307692307693]
