2018-04-26 18:18:20.646847: I tensorflow/core/platform/cpu_feature_guard.cc:137] Your CPU supports instructions that this TensorFlow binary was not compiled to use: SSE4.1 SSE4.2 AVX AVX2 FMA
2018-04-26 18:18:20.890467: I tensorflow/core/common_runtime/gpu/gpu_device.cc:1030] Found device 0 with properties: 
name: GeForce GTX TITAN X major: 5 minor: 2 memoryClockRate(GHz): 1.076
pciBusID: 0000:82:00.0
totalMemory: 11.92GiB freeMemory: 11.80GiB
2018-04-26 18:18:20.890529: I tensorflow/core/common_runtime/gpu/gpu_device.cc:1120] Creating TensorFlow device (/device:GPU:0) -> (device: 0, name: GeForce GTX TITAN X, pci bus id: 0000:82:00.0, compute capability: 5.2)
/opt/conda/lib/python3.5/site-packages/h5py/__init__.py:36: FutureWarning: Conversion of the second argument of issubdtype from `float` to `np.floating` is deprecated. In future, it will be treated as `np.float64 == np.dtype(float).type`.
  from ._conv import register_converters as _register_converters
Using TensorFlow backend.
tcn_tripletloss_value2.py:109: UserWarning: Update your `Model` call to the Keras 2 API: `Model(inputs=Tensor("in..., outputs=Tensor("de...)`
  model = Model(input = inception_model.input, output = x)
tcn_tripletloss_value2.py:133: UserWarning: Update your `Model` call to the Keras 2 API: `Model(inputs=Tensor("in..., outputs=Tensor("mo...)`
  return Model(input=input_img, output=out)
epoch 01
5 442
flist_v2 0
flist_v2 100
flist_v2 200
flist_v2 300
flist_v2 400
<function shape at 0x7f206992ff28>
0 265 0.11470886319875717
file_index = 07980
../../dataset/RakutenDS/triplet/input/test_anchor/1120005769/1.png
../../dataset/RakutenDS/triplet/017/frame30/07980.png
<function shape at 0x7f206992ff28>
1 325 0.15731531381607056
file_index = 09780
../../dataset/RakutenDS/triplet/input/test_anchor/1120005769/3.png
../../dataset/RakutenDS/triplet/017/frame30/09780.png
<function shape at 0x7f206992ff28>
2 2 0.12770050764083862
file_index = 00090
../../dataset/RakutenDS/triplet/input/test_anchor/1120005769/4.png
../../dataset/RakutenDS/triplet/017/frame30/00090.png
<function shape at 0x7f206992ff28>
3 352 0.20422890782356262
file_index = 10590
../../dataset/RakutenDS/triplet/input/test_anchor/1120005769/5.png
../../dataset/RakutenDS/triplet/017/frame30/10590.png
<function shape at 0x7f206992ff28>
4 2 0.10184715688228607
file_index = 00090
../../dataset/RakutenDS/triplet/input/test_anchor/1120005769/6.png
../../dataset/RakutenDS/triplet/017/frame30/00090.png
key_indexs = [7980, 9780, 90, 10590, 90]
[]
epoch 02
5 442
flist_v2 0
flist_v2 100
flist_v2 200
flist_v2 300
flist_v2 400
<function shape at 0x7f206992ff28>
0 254 0.2551179826259613
file_index = 07650
../../dataset/RakutenDS/triplet/input/test_anchor/1120005769/1.png
../../dataset/RakutenDS/triplet/017/frame30/07650.png
<function shape at 0x7f206992ff28>
1 354 0.22469761967658997
file_index = 10650
../../dataset/RakutenDS/triplet/input/test_anchor/1120005769/3.png
../../dataset/RakutenDS/triplet/017/frame30/10650.png
<function shape at 0x7f206992ff28>
2 321 0.3473665416240692
file_index = 09660
../../dataset/RakutenDS/triplet/input/test_anchor/1120005769/4.png
../../dataset/RakutenDS/triplet/017/frame30/09660.png
<function shape at 0x7f206992ff28>
3 38 0.18238680064678192
file_index = 01170
../../dataset/RakutenDS/triplet/input/test_anchor/1120005769/5.png
../../dataset/RakutenDS/triplet/017/frame30/01170.png
<function shape at 0x7f206992ff28>
4 354 0.18396712839603424
file_index = 10650
../../dataset/RakutenDS/triplet/input/test_anchor/1120005769/6.png
../../dataset/RakutenDS/triplet/017/frame30/10650.png
key_indexs = [7980, 9780, 90, 10590, 90, 7650, 10650, 9660, 1170, 10650]
[]
epoch 03
5 442
flist_v2 0
flist_v2 100
flist_v2 200
flist_v2 300
flist_v2 400
<function shape at 0x7f206992ff28>
0 340 0.06867597997188568
file_index = 10230
../../dataset/RakutenDS/triplet/input/test_anchor/1120005769/1.png
../../dataset/RakutenDS/triplet/017/frame30/10230.png
<function shape at 0x7f206992ff28>
1 105 0.07778118550777435
file_index = 03180
../../dataset/RakutenDS/triplet/input/test_anchor/1120005769/3.png
../../dataset/RakutenDS/triplet/017/frame30/03180.png
<function shape at 0x7f206992ff28>
2 348 0.1781434863805771
file_index = 10470
../../dataset/RakutenDS/triplet/input/test_anchor/1120005769/4.png
../../dataset/RakutenDS/triplet/017/frame30/10470.png
<function shape at 0x7f206992ff28>
3 355 0.15508118271827698
file_index = 10680
../../dataset/RakutenDS/triplet/input/test_anchor/1120005769/5.png
../../dataset/RakutenDS/triplet/017/frame30/10680.png
<function shape at 0x7f206992ff28>
4 0 0.20753446221351624
file_index = 00030
../../dataset/RakutenDS/triplet/input/test_anchor/1120005769/6.png
../../dataset/RakutenDS/triplet/017/frame30/00030.png
key_indexs = [7980, 9780, 90, 10590, 90, 7650, 10650, 9660, 1170, 10650, 10230, 3180, 10470, 10680, 30]
[]
epoch 04
5 442
flist_v2 0
flist_v2 100
flist_v2 200
flist_v2 300
flist_v2 400
<function shape at 0x7f206992ff28>
0 98 0.080601766705513
file_index = 02970
../../dataset/RakutenDS/triplet/input/test_anchor/1120005769/1.png
../../dataset/RakutenDS/triplet/017/frame30/02970.png
<function shape at 0x7f206992ff28>
1 279 0.09868184477090836
file_index = 08400
../../dataset/RakutenDS/triplet/input/test_anchor/1120005769/3.png
../../dataset/RakutenDS/triplet/017/frame30/08400.png
<function shape at 0x7f206992ff28>
2 181 0.08121734857559204
file_index = 05460
../../dataset/RakutenDS/triplet/input/test_anchor/1120005769/4.png
../../dataset/RakutenDS/triplet/017/frame30/05460.png
<function shape at 0x7f206992ff28>
3 117 0.07582278549671173
file_index = 03540
../../dataset/RakutenDS/triplet/input/test_anchor/1120005769/5.png
../../dataset/RakutenDS/triplet/017/frame30/03540.png
<function shape at 0x7f206992ff28>
4 14 0.05656004697084427
file_index = 00450
../../dataset/RakutenDS/triplet/input/test_anchor/1120005769/6.png
../../dataset/RakutenDS/triplet/017/frame30/00450.png
key_indexs = [7980, 9780, 90, 10590, 90, 7650, 10650, 9660, 1170, 10650, 10230, 3180, 10470, 10680, 30, 2970, 8400, 5460, 3540, 450]
[]
epoch 05
5 442
flist_v2 0
flist_v2 100
flist_v2 200
flist_v2 300
flist_v2 400
<function shape at 0x7f206992ff28>
0 39 0.16785727441310883
file_index = 01200
../../dataset/RakutenDS/triplet/input/test_anchor/1120005769/1.png
../../dataset/RakutenDS/triplet/017/frame30/01200.png
<function shape at 0x7f206992ff28>
1 83 0.12209924310445786
file_index = 02520
../../dataset/RakutenDS/triplet/input/test_anchor/1120005769/3.png
../../dataset/RakutenDS/triplet/017/frame30/02520.png
<function shape at 0x7f206992ff28>
2 19 0.06106197088956833
file_index = 00600
../../dataset/RakutenDS/triplet/input/test_anchor/1120005769/4.png
../../dataset/RakutenDS/triplet/017/frame30/00600.png
<function shape at 0x7f206992ff28>
3 15 0.06867557764053345
file_index = 00480
../../dataset/RakutenDS/triplet/input/test_anchor/1120005769/5.png
../../dataset/RakutenDS/triplet/017/frame30/00480.png
<function shape at 0x7f206992ff28>
4 19 0.08983279019594193
file_index = 00600
../../dataset/RakutenDS/triplet/input/test_anchor/1120005769/6.png
../../dataset/RakutenDS/triplet/017/frame30/00600.png
key_indexs = [7980, 9780, 90, 10590, 90, 7650, 10650, 9660, 1170, 10650, 10230, 3180, 10470, 10680, 30, 2970, 8400, 5460, 3540, 450, 1200, 2520, 600, 480, 600]
[]
epoch 06
5 442
flist_v2 0
flist_v2 100
flist_v2 200
flist_v2 300
flist_v2 400
<function shape at 0x7f206992ff28>
0 15 0.12188287079334259
file_index = 00480
../../dataset/RakutenDS/triplet/input/test_anchor/1120005769/1.png
../../dataset/RakutenDS/triplet/017/frame30/00480.png
<function shape at 0x7f206992ff28>
1 1 0.0845855325460434
file_index = 00060
../../dataset/RakutenDS/triplet/input/test_anchor/1120005769/3.png
../../dataset/RakutenDS/triplet/017/frame30/00060.png
<function shape at 0x7f206992ff28>
2 336 0.07672432065010071
file_index = 10110
../../dataset/RakutenDS/triplet/input/test_anchor/1120005769/4.png
../../dataset/RakutenDS/triplet/017/frame30/10110.png
<function shape at 0x7f206992ff28>
3 343 0.0598844476044178
file_index = 10320
../../dataset/RakutenDS/triplet/input/test_anchor/1120005769/5.png
../../dataset/RakutenDS/triplet/017/frame30/10320.png
<function shape at 0x7f206992ff28>
4 115 0.08546317368745804
file_index = 03480
../../dataset/RakutenDS/triplet/input/test_anchor/1120005769/6.png
../../dataset/RakutenDS/triplet/017/frame30/03480.png
key_indexs = [7980, 9780, 90, 10590, 90, 7650, 10650, 9660, 1170, 10650, 10230, 3180, 10470, 10680, 30, 2970, 8400, 5460, 3540, 450, 1200, 2520, 600, 480, 600, 480, 60, 10110, 10320, 3480]
[]
epoch 07
5 442
flist_v2 0
flist_v2 100
flist_v2 200
flist_v2 300
flist_v2 400
<function shape at 0x7f206992ff28>
0 321 0.20463015139102936
file_index = 09660
../../dataset/RakutenDS/triplet/input/test_anchor/1120005769/1.png
../../dataset/RakutenDS/triplet/017/frame30/09660.png
<function shape at 0x7f206992ff28>
1 84 0.09187870472669601
file_index = 02550
../../dataset/RakutenDS/triplet/input/test_anchor/1120005769/3.png
../../dataset/RakutenDS/triplet/017/frame30/02550.png
<function shape at 0x7f206992ff28>
2 81 0.11306247115135193
file_index = 02460
../../dataset/RakutenDS/triplet/input/test_anchor/1120005769/4.png
../../dataset/RakutenDS/triplet/017/frame30/02460.png
<function shape at 0x7f206992ff28>
3 3 0.07662169635295868
file_index = 00120
../../dataset/RakutenDS/triplet/input/test_anchor/1120005769/5.png
../../dataset/RakutenDS/triplet/017/frame30/00120.png
<function shape at 0x7f206992ff28>
4 203 0.1158820390701294
file_index = 06120
../../dataset/RakutenDS/triplet/input/test_anchor/1120005769/6.png
../../dataset/RakutenDS/triplet/017/frame30/06120.png
key_indexs = [7980, 9780, 90, 10590, 90, 7650, 10650, 9660, 1170, 10650, 10230, 3180, 10470, 10680, 30, 2970, 8400, 5460, 3540, 450, 1200, 2520, 600, 480, 600, 480, 60, 10110, 10320, 3480, 9660, 2550, 2460, 120, 6120]
[]
epoch 08
5 442
flist_v2 0
flist_v2 100
flist_v2 200
flist_v2 300
flist_v2 400
<function shape at 0x7f206992ff28>
0 100 0.19444213807582855
file_index = 03030
../../dataset/RakutenDS/triplet/input/test_anchor/1120005769/1.png
../../dataset/RakutenDS/triplet/017/frame30/03030.png
<function shape at 0x7f206992ff28>
1 100 0.1476481854915619
file_index = 03030
../../dataset/RakutenDS/triplet/input/test_anchor/1120005769/3.png
../../dataset/RakutenDS/triplet/017/frame30/03030.png
<function shape at 0x7f206992ff28>
2 98 0.1015196368098259
file_index = 02970
../../dataset/RakutenDS/triplet/input/test_anchor/1120005769/4.png
../../dataset/RakutenDS/triplet/017/frame30/02970.png
<function shape at 0x7f206992ff28>
3 351 0.04138712212443352
file_index = 10560
../../dataset/RakutenDS/triplet/input/test_anchor/1120005769/5.png
../../dataset/RakutenDS/triplet/017/frame30/10560.png
<function shape at 0x7f206992ff28>
4 11 0.055788204073905945
file_index = 00360
../../dataset/RakutenDS/triplet/input/test_anchor/1120005769/6.png
../../dataset/RakutenDS/triplet/017/frame30/00360.png
key_indexs = [7980, 9780, 90, 10590, 90, 7650, 10650, 9660, 1170, 10650, 10230, 3180, 10470, 10680, 30, 2970, 8400, 5460, 3540, 450, 1200, 2520, 600, 480, 600, 480, 60, 10110, 10320, 3480, 9660, 2550, 2460, 120, 6120, 3030, 3030, 2970, 10560, 360]
[]
epoch 09
5 442
flist_v2 0
flist_v2 100
flist_v2 200
flist_v2 300
flist_v2 400
<function shape at 0x7f206992ff28>
0 63 0.19271034002304077
file_index = 01920
../../dataset/RakutenDS/triplet/input/test_anchor/1120005769/1.png
../../dataset/RakutenDS/triplet/017/frame30/01920.png
<function shape at 0x7f206992ff28>
1 355 0.17896537482738495
file_index = 10680
../../dataset/RakutenDS/triplet/input/test_anchor/1120005769/3.png
../../dataset/RakutenDS/triplet/017/frame30/10680.png
<function shape at 0x7f206992ff28>
2 14 0.17908653616905212
file_index = 00450
../../dataset/RakutenDS/triplet/input/test_anchor/1120005769/4.png
../../dataset/RakutenDS/triplet/017/frame30/00450.png
<function shape at 0x7f206992ff28>
3 355 0.12079445272684097
file_index = 10680
../../dataset/RakutenDS/triplet/input/test_anchor/1120005769/5.png
../../dataset/RakutenDS/triplet/017/frame30/10680.png
<function shape at 0x7f206992ff28>
4 336 0.16689257323741913
file_index = 10110
../../dataset/RakutenDS/triplet/input/test_anchor/1120005769/6.png
../../dataset/RakutenDS/triplet/017/frame30/10110.png
key_indexs = [7980, 9780, 90, 10590, 90, 7650, 10650, 9660, 1170, 10650, 10230, 3180, 10470, 10680, 30, 2970, 8400, 5460, 3540, 450, 1200, 2520, 600, 480, 600, 480, 60, 10110, 10320, 3480, 9660, 2550, 2460, 120, 6120, 3030, 3030, 2970, 10560, 360, 1920, 10680, 450, 10680, 10110]
[]
epoch 10
5 442
flist_v2 0
flist_v2 100
flist_v2 200
flist_v2 300
flist_v2 400
<function shape at 0x7f206992ff28>
0 86 0.08235931396484375
file_index = 02610
../../dataset/RakutenDS/triplet/input/test_anchor/1120005769/1.png
../../dataset/RakutenDS/triplet/017/frame30/02610.png
<function shape at 0x7f206992ff28>
1 81 0.06655361503362656
file_index = 02460
../../dataset/RakutenDS/triplet/input/test_anchor/1120005769/3.png
../../dataset/RakutenDS/triplet/017/frame30/02460.png
<function shape at 0x7f206992ff28>
2 349 0.09936920553445816
file_index = 10500
../../dataset/RakutenDS/triplet/input/test_anchor/1120005769/4.png
../../dataset/RakutenDS/triplet/017/frame30/10500.png
<function shape at 0x7f206992ff28>
3 81 0.0750935897231102
file_index = 02460
../../dataset/RakutenDS/triplet/input/test_anchor/1120005769/5.png
../../dataset/RakutenDS/triplet/017/frame30/02460.png
<function shape at 0x7f206992ff28>
4 81 0.08864381909370422
file_index = 02460
../../dataset/RakutenDS/triplet/input/test_anchor/1120005769/6.png
../../dataset/RakutenDS/triplet/017/frame30/02460.png
key_indexs = [7980, 9780, 90, 10590, 90, 7650, 10650, 9660, 1170, 10650, 10230, 3180, 10470, 10680, 30, 2970, 8400, 5460, 3540, 450, 1200, 2520, 600, 480, 600, 480, 60, 10110, 10320, 3480, 9660, 2550, 2460, 120, 6120, 3030, 3030, 2970, 10560, 360, 1920, 10680, 450, 10680, 10110, 2610, 2460, 10500, 2460, 2460]
[]
epoch 11
5 442
flist_v2 0
flist_v2 100
flist_v2 200
flist_v2 300
flist_v2 400
<function shape at 0x7f206992ff28>
0 86 0.07023335248231888
file_index = 02610
../../dataset/RakutenDS/triplet/input/test_anchor/1120005769/1.png
../../dataset/RakutenDS/triplet/017/frame30/02610.png
<function shape at 0x7f206992ff28>
1 171 0.05169941112399101
file_index = 05160
../../dataset/RakutenDS/triplet/input/test_anchor/1120005769/3.png
../../dataset/RakutenDS/triplet/017/frame30/05160.png
<function shape at 0x7f206992ff28>
2 115 0.08926796913146973
file_index = 03480
../../dataset/RakutenDS/triplet/input/test_anchor/1120005769/4.png
../../dataset/RakutenDS/triplet/017/frame30/03480.png
<function shape at 0x7f206992ff28>
3 81 0.11641011387109756
file_index = 02460
../../dataset/RakutenDS/triplet/input/test_anchor/1120005769/5.png
../../dataset/RakutenDS/triplet/017/frame30/02460.png
<function shape at 0x7f206992ff28>
4 119 0.08860303461551666
file_index = 03600
../../dataset/RakutenDS/triplet/input/test_anchor/1120005769/6.png
../../dataset/RakutenDS/triplet/017/frame30/03600.png
key_indexs = [7980, 9780, 90, 10590, 90, 7650, 10650, 9660, 1170, 10650, 10230, 3180, 10470, 10680, 30, 2970, 8400, 5460, 3540, 450, 1200, 2520, 600, 480, 600, 480, 60, 10110, 10320, 3480, 9660, 2550, 2460, 120, 6120, 3030, 3030, 2970, 10560, 360, 1920, 10680, 450, 10680, 10110, 2610, 2460, 10500, 2460, 2460, 2610, 5160, 3480, 2460, 3600]
[]
epoch 12
5 442
flist_v2 0
flist_v2 100
flist_v2 200
flist_v2 300
flist_v2 400
<function shape at 0x7f206992ff28>
0 15 0.07756690680980682
file_index = 00480
../../dataset/RakutenDS/triplet/input/test_anchor/1120005769/1.png
../../dataset/RakutenDS/triplet/017/frame30/00480.png
<function shape at 0x7f206992ff28>
1 4 0.0832870826125145
file_index = 00150
../../dataset/RakutenDS/triplet/input/test_anchor/1120005769/3.png
../../dataset/RakutenDS/triplet/017/frame30/00150.png
<function shape at 0x7f206992ff28>
2 390 0.06339676678180695
file_index = 11730
../../dataset/RakutenDS/triplet/input/test_anchor/1120005769/4.png
../../dataset/RakutenDS/triplet/017/frame30/11730.png
<function shape at 0x7f206992ff28>
3 3 0.05932517349720001
file_index = 00120
../../dataset/RakutenDS/triplet/input/test_anchor/1120005769/5.png
../../dataset/RakutenDS/triplet/017/frame30/00120.png
<function shape at 0x7f206992ff28>
4 355 0.06444409489631653
file_index = 10680
../../dataset/RakutenDS/triplet/input/test_anchor/1120005769/6.png
../../dataset/RakutenDS/triplet/017/frame30/10680.png
key_indexs = [7980, 9780, 90, 10590, 90, 7650, 10650, 9660, 1170, 10650, 10230, 3180, 10470, 10680, 30, 2970, 8400, 5460, 3540, 450, 1200, 2520, 600, 480, 600, 480, 60, 10110, 10320, 3480, 9660, 2550, 2460, 120, 6120, 3030, 3030, 2970, 10560, 360, 1920, 10680, 450, 10680, 10110, 2610, 2460, 10500, 2460, 2460, 2610, 5160, 3480, 2460, 3600, 480, 150, 11730, 120, 10680]
[]
epoch 13
5 442
flist_v2 0
flist_v2 100
flist_v2 200
flist_v2 300
flist_v2 400
<function shape at 0x7f206992ff28>
0 232 0.08171828091144562
file_index = 06990
../../dataset/RakutenDS/triplet/input/test_anchor/1120005769/1.png
../../dataset/RakutenDS/triplet/017/frame30/06990.png
<function shape at 0x7f206992ff28>
1 249 0.09088204056024551
file_index = 07500
../../dataset/RakutenDS/triplet/input/test_anchor/1120005769/3.png
../../dataset/RakutenDS/triplet/017/frame30/07500.png
<function shape at 0x7f206992ff28>
2 92 0.10906197875738144
file_index = 02790
../../dataset/RakutenDS/triplet/input/test_anchor/1120005769/4.png
../../dataset/RakutenDS/triplet/017/frame30/02790.png
<function shape at 0x7f206992ff28>
3 353 0.0554504431784153
file_index = 10620
../../dataset/RakutenDS/triplet/input/test_anchor/1120005769/5.png
../../dataset/RakutenDS/triplet/017/frame30/10620.png
<function shape at 0x7f206992ff28>
4 92 0.1345924437046051
file_index = 02790
../../dataset/RakutenDS/triplet/input/test_anchor/1120005769/6.png
../../dataset/RakutenDS/triplet/017/frame30/02790.png
key_indexs = [7980, 9780, 90, 10590, 90, 7650, 10650, 9660, 1170, 10650, 10230, 3180, 10470, 10680, 30, 2970, 8400, 5460, 3540, 450, 1200, 2520, 600, 480, 600, 480, 60, 10110, 10320, 3480, 9660, 2550, 2460, 120, 6120, 3030, 3030, 2970, 10560, 360, 1920, 10680, 450, 10680, 10110, 2610, 2460, 10500, 2460, 2460, 2610, 5160, 3480, 2460, 3600, 480, 150, 11730, 120, 10680, 6990, 7500, 2790, 10620, 2790]
[]
epoch 14
5 442
flist_v2 0
flist_v2 100
flist_v2 200
flist_v2 300
flist_v2 400
<function shape at 0x7f206992ff28>
0 168 0.06378485262393951
file_index = 05070
../../dataset/RakutenDS/triplet/input/test_anchor/1120005769/1.png
../../dataset/RakutenDS/triplet/017/frame30/05070.png
<function shape at 0x7f206992ff28>
1 248 0.0991944745182991
file_index = 07470
../../dataset/RakutenDS/triplet/input/test_anchor/1120005769/3.png
../../dataset/RakutenDS/triplet/017/frame30/07470.png
<function shape at 0x7f206992ff28>
2 92 0.10769041627645493
file_index = 02790
../../dataset/RakutenDS/triplet/input/test_anchor/1120005769/4.png
../../dataset/RakutenDS/triplet/017/frame30/02790.png
<function shape at 0x7f206992ff28>
3 353 0.06063313037157059
file_index = 10620
../../dataset/RakutenDS/triplet/input/test_anchor/1120005769/5.png
../../dataset/RakutenDS/triplet/017/frame30/10620.png
<function shape at 0x7f206992ff28>
4 92 0.13309305906295776
file_index = 02790
../../dataset/RakutenDS/triplet/input/test_anchor/1120005769/6.png
../../dataset/RakutenDS/triplet/017/frame30/02790.png
key_indexs = [7980, 9780, 90, 10590, 90, 7650, 10650, 9660, 1170, 10650, 10230, 3180, 10470, 10680, 30, 2970, 8400, 5460, 3540, 450, 1200, 2520, 600, 480, 600, 480, 60, 10110, 10320, 3480, 9660, 2550, 2460, 120, 6120, 3030, 3030, 2970, 10560, 360, 1920, 10680, 450, 10680, 10110, 2610, 2460, 10500, 2460, 2460, 2610, 5160, 3480, 2460, 3600, 480, 150, 11730, 120, 10680, 6990, 7500, 2790, 10620, 2790, 5070, 7470, 2790, 10620, 2790]
[]
epoch 15
5 442
flist_v2 0
flist_v2 100
flist_v2 200
flist_v2 300
flist_v2 400
<function shape at 0x7f206992ff28>
0 33 0.09443510323762894
file_index = 01020
../../dataset/RakutenDS/triplet/input/test_anchor/1120005769/1.png
../../dataset/RakutenDS/triplet/017/frame30/01020.png
<function shape at 0x7f206992ff28>
1 305 0.09603245556354523
file_index = 09180
../../dataset/RakutenDS/triplet/input/test_anchor/1120005769/3.png
../../dataset/RakutenDS/triplet/017/frame30/09180.png
<function shape at 0x7f206992ff28>
2 100 0.06635750085115433
file_index = 03030
../../dataset/RakutenDS/triplet/input/test_anchor/1120005769/4.png
../../dataset/RakutenDS/triplet/017/frame30/03030.png
<function shape at 0x7f206992ff28>
3 352 0.04813116416335106
file_index = 10590
../../dataset/RakutenDS/triplet/input/test_anchor/1120005769/5.png
../../dataset/RakutenDS/triplet/017/frame30/10590.png
<function shape at 0x7f206992ff28>
4 205 0.07388165593147278
file_index = 06180
../../dataset/RakutenDS/triplet/input/test_anchor/1120005769/6.png
../../dataset/RakutenDS/triplet/017/frame30/06180.png
key_indexs = [7980, 9780, 90, 10590, 90, 7650, 10650, 9660, 1170, 10650, 10230, 3180, 10470, 10680, 30, 2970, 8400, 5460, 3540, 450, 1200, 2520, 600, 480, 600, 480, 60, 10110, 10320, 3480, 9660, 2550, 2460, 120, 6120, 3030, 3030, 2970, 10560, 360, 1920, 10680, 450, 10680, 10110, 2610, 2460, 10500, 2460, 2460, 2610, 5160, 3480, 2460, 3600, 480, 150, 11730, 120, 10680, 6990, 7500, 2790, 10620, 2790, 5070, 7470, 2790, 10620, 2790, 1020, 9180, 3030, 10590, 6180]
[]
epoch 16
5 442
flist_v2 0
flist_v2 100
flist_v2 200
flist_v2 300
flist_v2 400
<function shape at 0x7f206992ff28>
0 33 0.12613525986671448
file_index = 01020
../../dataset/RakutenDS/triplet/input/test_anchor/1120005769/1.png
../../dataset/RakutenDS/triplet/017/frame30/01020.png
<function shape at 0x7f206992ff28>
1 101 0.04960926994681358
file_index = 03060
../../dataset/RakutenDS/triplet/input/test_anchor/1120005769/3.png
../../dataset/RakutenDS/triplet/017/frame30/03060.png
<function shape at 0x7f206992ff28>
2 166 0.09130275249481201
file_index = 05010
../../dataset/RakutenDS/triplet/input/test_anchor/1120005769/4.png
../../dataset/RakutenDS/triplet/017/frame30/05010.png
<function shape at 0x7f206992ff28>
3 184 0.10520058125257492
file_index = 05550
../../dataset/RakutenDS/triplet/input/test_anchor/1120005769/5.png
../../dataset/RakutenDS/triplet/017/frame30/05550.png
<function shape at 0x7f206992ff28>
4 187 0.05019593983888626
file_index = 05640
../../dataset/RakutenDS/triplet/input/test_anchor/1120005769/6.png
../../dataset/RakutenDS/triplet/017/frame30/05640.png
key_indexs = [7980, 9780, 90, 10590, 90, 7650, 10650, 9660, 1170, 10650, 10230, 3180, 10470, 10680, 30, 2970, 8400, 5460, 3540, 450, 1200, 2520, 600, 480, 600, 480, 60, 10110, 10320, 3480, 9660, 2550, 2460, 120, 6120, 3030, 3030, 2970, 10560, 360, 1920, 10680, 450, 10680, 10110, 2610, 2460, 10500, 2460, 2460, 2610, 5160, 3480, 2460, 3600, 480, 150, 11730, 120, 10680, 6990, 7500, 2790, 10620, 2790, 5070, 7470, 2790, 10620, 2790, 1020, 9180, 3030, 10590, 6180, 1020, 3060, 5010, 5550, 5640]
[]
epoch 17
5 442
flist_v2 0
flist_v2 100
flist_v2 200
flist_v2 300
flist_v2 400
<function shape at 0x7f206992ff28>
0 177 0.05664260685443878
file_index = 05340
../../dataset/RakutenDS/triplet/input/test_anchor/1120005769/1.png
../../dataset/RakutenDS/triplet/017/frame30/05340.png
<function shape at 0x7f206992ff28>
1 215 0.2024756520986557
file_index = 06480
../../dataset/RakutenDS/triplet/input/test_anchor/1120005769/3.png
../../dataset/RakutenDS/triplet/017/frame30/06480.png
<function shape at 0x7f206992ff28>
2 163 0.0936165452003479
file_index = 04920
../../dataset/RakutenDS/triplet/input/test_anchor/1120005769/4.png
../../dataset/RakutenDS/triplet/017/frame30/04920.png
<function shape at 0x7f206992ff28>
3 371 0.08208300918340683
file_index = 11160
../../dataset/RakutenDS/triplet/input/test_anchor/1120005769/5.png
../../dataset/RakutenDS/triplet/017/frame30/11160.png
<function shape at 0x7f206992ff28>
4 139 0.08469187468290329
file_index = 04200
../../dataset/RakutenDS/triplet/input/test_anchor/1120005769/6.png
../../dataset/RakutenDS/triplet/017/frame30/04200.png
key_indexs = [7980, 9780, 90, 10590, 90, 7650, 10650, 9660, 1170, 10650, 10230, 3180, 10470, 10680, 30, 2970, 8400, 5460, 3540, 450, 1200, 2520, 600, 480, 600, 480, 60, 10110, 10320, 3480, 9660, 2550, 2460, 120, 6120, 3030, 3030, 2970, 10560, 360, 1920, 10680, 450, 10680, 10110, 2610, 2460, 10500, 2460, 2460, 2610, 5160, 3480, 2460, 3600, 480, 150, 11730, 120, 10680, 6990, 7500, 2790, 10620, 2790, 5070, 7470, 2790, 10620, 2790, 1020, 9180, 3030, 10590, 6180, 1020, 3060, 5010, 5550, 5640, 5340, 6480, 4920, 11160, 4200]
[]
epoch 18
5 442
flist_v2 0
flist_v2 100
flist_v2 200
flist_v2 300
flist_v2 400
<function shape at 0x7f206992ff28>
0 177 0.055115122348070145
file_index = 05340
../../dataset/RakutenDS/triplet/input/test_anchor/1120005769/1.png
../../dataset/RakutenDS/triplet/017/frame30/05340.png
<function shape at 0x7f206992ff28>
1 215 0.19614502787590027
file_index = 06480
../../dataset/RakutenDS/triplet/input/test_anchor/1120005769/3.png
../../dataset/RakutenDS/triplet/017/frame30/06480.png
<function shape at 0x7f206992ff28>
2 163 0.08868170529603958
file_index = 04920
../../dataset/RakutenDS/triplet/input/test_anchor/1120005769/4.png
../../dataset/RakutenDS/triplet/017/frame30/04920.png
<function shape at 0x7f206992ff28>
3 371 0.08232139050960541
file_index = 11160
../../dataset/RakutenDS/triplet/input/test_anchor/1120005769/5.png
../../dataset/RakutenDS/triplet/017/frame30/11160.png
<function shape at 0x7f206992ff28>
4 139 0.08214237540960312
file_index = 04200
../../dataset/RakutenDS/triplet/input/test_anchor/1120005769/6.png
../../dataset/RakutenDS/triplet/017/frame30/04200.png
key_indexs = [7980, 9780, 90, 10590, 90, 7650, 10650, 9660, 1170, 10650, 10230, 3180, 10470, 10680, 30, 2970, 8400, 5460, 3540, 450, 1200, 2520, 600, 480, 600, 480, 60, 10110, 10320, 3480, 9660, 2550, 2460, 120, 6120, 3030, 3030, 2970, 10560, 360, 1920, 10680, 450, 10680, 10110, 2610, 2460, 10500, 2460, 2460, 2610, 5160, 3480, 2460, 3600, 480, 150, 11730, 120, 10680, 6990, 7500, 2790, 10620, 2790, 5070, 7470, 2790, 10620, 2790, 1020, 9180, 3030, 10590, 6180, 1020, 3060, 5010, 5550, 5640, 5340, 6480, 4920, 11160, 4200, 5340, 6480, 4920, 11160, 4200]
[]
epoch 19
5 442
flist_v2 0
flist_v2 100
flist_v2 200
flist_v2 300
flist_v2 400
<function shape at 0x7f206992ff28>
0 177 0.05625172704458237
file_index = 05340
../../dataset/RakutenDS/triplet/input/test_anchor/1120005769/1.png
../../dataset/RakutenDS/triplet/017/frame30/05340.png
<function shape at 0x7f206992ff28>
1 215 0.1973765790462494
file_index = 06480
../../dataset/RakutenDS/triplet/input/test_anchor/1120005769/3.png
../../dataset/RakutenDS/triplet/017/frame30/06480.png
<function shape at 0x7f206992ff28>
2 163 0.08492688834667206
file_index = 04920
../../dataset/RakutenDS/triplet/input/test_anchor/1120005769/4.png
../../dataset/RakutenDS/triplet/017/frame30/04920.png
<function shape at 0x7f206992ff28>
3 371 0.08299276232719421
file_index = 11160
../../dataset/RakutenDS/triplet/input/test_anchor/1120005769/5.png
../../dataset/RakutenDS/triplet/017/frame30/11160.png
<function shape at 0x7f206992ff28>
4 139 0.07972805202007294
file_index = 04200
../../dataset/RakutenDS/triplet/input/test_anchor/1120005769/6.png
../../dataset/RakutenDS/triplet/017/frame30/04200.png
key_indexs = [7980, 9780, 90, 10590, 90, 7650, 10650, 9660, 1170, 10650, 10230, 3180, 10470, 10680, 30, 2970, 8400, 5460, 3540, 450, 1200, 2520, 600, 480, 600, 480, 60, 10110, 10320, 3480, 9660, 2550, 2460, 120, 6120, 3030, 3030, 2970, 10560, 360, 1920, 10680, 450, 10680, 10110, 2610, 2460, 10500, 2460, 2460, 2610, 5160, 3480, 2460, 3600, 480, 150, 11730, 120, 10680, 6990, 7500, 2790, 10620, 2790, 5070, 7470, 2790, 10620, 2790, 1020, 9180, 3030, 10590, 6180, 1020, 3060, 5010, 5550, 5640, 5340, 6480, 4920, 11160, 4200, 5340, 6480, 4920, 11160, 4200, 5340, 6480, 4920, 11160, 4200]
[]
epoch 20
5 442
flist_v2 0
flist_v2 100
flist_v2 200
flist_v2 300
flist_v2 400
<function shape at 0x7f206992ff28>
0 177 0.05647736415266991
file_index = 05340
../../dataset/RakutenDS/triplet/input/test_anchor/1120005769/1.png
../../dataset/RakutenDS/triplet/017/frame30/05340.png
<function shape at 0x7f206992ff28>
1 215 0.1998496800661087
file_index = 06480
../../dataset/RakutenDS/triplet/input/test_anchor/1120005769/3.png
../../dataset/RakutenDS/triplet/017/frame30/06480.png
<function shape at 0x7f206992ff28>
2 163 0.08856338262557983
file_index = 04920
../../dataset/RakutenDS/triplet/input/test_anchor/1120005769/4.png
../../dataset/RakutenDS/triplet/017/frame30/04920.png
<function shape at 0x7f206992ff28>
3 371 0.08364388346672058
file_index = 11160
../../dataset/RakutenDS/triplet/input/test_anchor/1120005769/5.png
../../dataset/RakutenDS/triplet/017/frame30/11160.png
<function shape at 0x7f206992ff28>
4 139 0.08033444732427597
file_index = 04200
../../dataset/RakutenDS/triplet/input/test_anchor/1120005769/6.png
../../dataset/RakutenDS/triplet/017/frame30/04200.png
key_indexs = [7980, 9780, 90, 10590, 90, 7650, 10650, 9660, 1170, 10650, 10230, 3180, 10470, 10680, 30, 2970, 8400, 5460, 3540, 450, 1200, 2520, 600, 480, 600, 480, 60, 10110, 10320, 3480, 9660, 2550, 2460, 120, 6120, 3030, 3030, 2970, 10560, 360, 1920, 10680, 450, 10680, 10110, 2610, 2460, 10500, 2460, 2460, 2610, 5160, 3480, 2460, 3600, 480, 150, 11730, 120, 10680, 6990, 7500, 2790, 10620, 2790, 5070, 7470, 2790, 10620, 2790, 1020, 9180, 3030, 10590, 6180, 1020, 3060, 5010, 5550, 5640, 5340, 6480, 4920, 11160, 4200, 5340, 6480, 4920, 11160, 4200, 5340, 6480, 4920, 11160, 4200, 5340, 6480, 4920, 11160, 4200]
[]
epoch 21
5 442
flist_v2 0
flist_v2 100
flist_v2 200
flist_v2 300
flist_v2 400
<function shape at 0x7f206992ff28>
0 177 0.05555866286158562
file_index = 05340
../../dataset/RakutenDS/triplet/input/test_anchor/1120005769/1.png
../../dataset/RakutenDS/triplet/017/frame30/05340.png
<function shape at 0x7f206992ff28>
1 215 0.19572840631008148
file_index = 06480
../../dataset/RakutenDS/triplet/input/test_anchor/1120005769/3.png
../../dataset/RakutenDS/triplet/017/frame30/06480.png
<function shape at 0x7f206992ff28>
2 163 0.08400844037532806
file_index = 04920
../../dataset/RakutenDS/triplet/input/test_anchor/1120005769/4.png
../../dataset/RakutenDS/triplet/017/frame30/04920.png
<function shape at 0x7f206992ff28>
3 371 0.0853351354598999
file_index = 11160
../../dataset/RakutenDS/triplet/input/test_anchor/1120005769/5.png
../../dataset/RakutenDS/triplet/017/frame30/11160.png
<function shape at 0x7f206992ff28>
4 139 0.0798991397023201
file_index = 04200
../../dataset/RakutenDS/triplet/input/test_anchor/1120005769/6.png
../../dataset/RakutenDS/triplet/017/frame30/04200.png
key_indexs = [7980, 9780, 90, 10590, 90, 7650, 10650, 9660, 1170, 10650, 10230, 3180, 10470, 10680, 30, 2970, 8400, 5460, 3540, 450, 1200, 2520, 600, 480, 600, 480, 60, 10110, 10320, 3480, 9660, 2550, 2460, 120, 6120, 3030, 3030, 2970, 10560, 360, 1920, 10680, 450, 10680, 10110, 2610, 2460, 10500, 2460, 2460, 2610, 5160, 3480, 2460, 3600, 480, 150, 11730, 120, 10680, 6990, 7500, 2790, 10620, 2790, 5070, 7470, 2790, 10620, 2790, 1020, 9180, 3030, 10590, 6180, 1020, 3060, 5010, 5550, 5640, 5340, 6480, 4920, 11160, 4200, 5340, 6480, 4920, 11160, 4200, 5340, 6480, 4920, 11160, 4200, 5340, 6480, 4920, 11160, 4200, 5340, 6480, 4920, 11160, 4200]
[]
epoch 22
5 442
flist_v2 0
flist_v2 100
flist_v2 200
flist_v2 300
flist_v2 400
<function shape at 0x7f206992ff28>
0 177 0.056224383413791656
file_index = 05340
../../dataset/RakutenDS/triplet/input/test_anchor/1120005769/1.png
../../dataset/RakutenDS/triplet/017/frame30/05340.png
<function shape at 0x7f206992ff28>
1 215 0.19977690279483795
file_index = 06480
../../dataset/RakutenDS/triplet/input/test_anchor/1120005769/3.png
../../dataset/RakutenDS/triplet/017/frame30/06480.png
<function shape at 0x7f206992ff28>
2 163 0.09048830717802048
file_index = 04920
../../dataset/RakutenDS/triplet/input/test_anchor/1120005769/4.png
../../dataset/RakutenDS/triplet/017/frame30/04920.png
<function shape at 0x7f206992ff28>
3 371 0.0806342214345932
file_index = 11160
../../dataset/RakutenDS/triplet/input/test_anchor/1120005769/5.png
../../dataset/RakutenDS/triplet/017/frame30/11160.png
<function shape at 0x7f206992ff28>
4 139 0.0829845517873764
file_index = 04200
../../dataset/RakutenDS/triplet/input/test_anchor/1120005769/6.png
../../dataset/RakutenDS/triplet/017/frame30/04200.png
key_indexs = [7980, 9780, 90, 10590, 90, 7650, 10650, 9660, 1170, 10650, 10230, 3180, 10470, 10680, 30, 2970, 8400, 5460, 3540, 450, 1200, 2520, 600, 480, 600, 480, 60, 10110, 10320, 3480, 9660, 2550, 2460, 120, 6120, 3030, 3030, 2970, 10560, 360, 1920, 10680, 450, 10680, 10110, 2610, 2460, 10500, 2460, 2460, 2610, 5160, 3480, 2460, 3600, 480, 150, 11730, 120, 10680, 6990, 7500, 2790, 10620, 2790, 5070, 7470, 2790, 10620, 2790, 1020, 9180, 3030, 10590, 6180, 1020, 3060, 5010, 5550, 5640, 5340, 6480, 4920, 11160, 4200, 5340, 6480, 4920, 11160, 4200, 5340, 6480, 4920, 11160, 4200, 5340, 6480, 4920, 11160, 4200, 5340, 6480, 4920, 11160, 4200, 5340, 6480, 4920, 11160, 4200]
[]
epoch 23
5 442
flist_v2 0
flist_v2 100
flist_v2 200
flist_v2 300
flist_v2 400
<function shape at 0x7f206992ff28>
0 108 0.062441594898700714
file_index = 03270
../../dataset/RakutenDS/triplet/input/test_anchor/1120005769/1.png
../../dataset/RakutenDS/triplet/017/frame30/03270.png
<function shape at 0x7f206992ff28>
1 284 0.07985638827085495
file_index = 08550
../../dataset/RakutenDS/triplet/input/test_anchor/1120005769/3.png
../../dataset/RakutenDS/triplet/017/frame30/08550.png
<function shape at 0x7f206992ff28>
2 178 0.06596281379461288
file_index = 05370
../../dataset/RakutenDS/triplet/input/test_anchor/1120005769/4.png
../../dataset/RakutenDS/triplet/017/frame30/05370.png
<function shape at 0x7f206992ff28>
3 353 0.05760819837450981
file_index = 10620
../../dataset/RakutenDS/triplet/input/test_anchor/1120005769/5.png
../../dataset/RakutenDS/triplet/017/frame30/10620.png
<function shape at 0x7f206992ff28>
4 139 0.05976731702685356
file_index = 04200
../../dataset/RakutenDS/triplet/input/test_anchor/1120005769/6.png
../../dataset/RakutenDS/triplet/017/frame30/04200.png
key_indexs = [7980, 9780, 90, 10590, 90, 7650, 10650, 9660, 1170, 10650, 10230, 3180, 10470, 10680, 30, 2970, 8400, 5460, 3540, 450, 1200, 2520, 600, 480, 600, 480, 60, 10110, 10320, 3480, 9660, 2550, 2460, 120, 6120, 3030, 3030, 2970, 10560, 360, 1920, 10680, 450, 10680, 10110, 2610, 2460, 10500, 2460, 2460, 2610, 5160, 3480, 2460, 3600, 480, 150, 11730, 120, 10680, 6990, 7500, 2790, 10620, 2790, 5070, 7470, 2790, 10620, 2790, 1020, 9180, 3030, 10590, 6180, 1020, 3060, 5010, 5550, 5640, 5340, 6480, 4920, 11160, 4200, 5340, 6480, 4920, 11160, 4200, 5340, 6480, 4920, 11160, 4200, 5340, 6480, 4920, 11160, 4200, 5340, 6480, 4920, 11160, 4200, 5340, 6480, 4920, 11160, 4200, 3270, 8550, 5370, 10620, 4200]
[]
epoch 24
5 442
flist_v2 0
flist_v2 100
flist_v2 200
flist_v2 300
flist_v2 400
<function shape at 0x7f206992ff28>
0 215 0.060556504875421524
file_index = 06480
../../dataset/RakutenDS/triplet/input/test_anchor/1120005769/1.png
../../dataset/RakutenDS/triplet/017/frame30/06480.png
<function shape at 0x7f206992ff28>
1 143 0.07682231813669205
file_index = 04320
../../dataset/RakutenDS/triplet/input/test_anchor/1120005769/3.png
../../dataset/RakutenDS/triplet/017/frame30/04320.png
<function shape at 0x7f206992ff28>
2 6 0.10143733769655228
file_index = 00210
../../dataset/RakutenDS/triplet/input/test_anchor/1120005769/4.png
../../dataset/RakutenDS/triplet/017/frame30/00210.png
<function shape at 0x7f206992ff28>
3 14 0.045093342661857605
file_index = 00450
../../dataset/RakutenDS/triplet/input/test_anchor/1120005769/5.png
../../dataset/RakutenDS/triplet/017/frame30/00450.png
<function shape at 0x7f206992ff28>
4 346 0.06568251550197601
file_index = 10410
../../dataset/RakutenDS/triplet/input/test_anchor/1120005769/6.png
../../dataset/RakutenDS/triplet/017/frame30/10410.png
key_indexs = [7980, 9780, 90, 10590, 90, 7650, 10650, 9660, 1170, 10650, 10230, 3180, 10470, 10680, 30, 2970, 8400, 5460, 3540, 450, 1200, 2520, 600, 480, 600, 480, 60, 10110, 10320, 3480, 9660, 2550, 2460, 120, 6120, 3030, 3030, 2970, 10560, 360, 1920, 10680, 450, 10680, 10110, 2610, 2460, 10500, 2460, 2460, 2610, 5160, 3480, 2460, 3600, 480, 150, 11730, 120, 10680, 6990, 7500, 2790, 10620, 2790, 5070, 7470, 2790, 10620, 2790, 1020, 9180, 3030, 10590, 6180, 1020, 3060, 5010, 5550, 5640, 5340, 6480, 4920, 11160, 4200, 5340, 6480, 4920, 11160, 4200, 5340, 6480, 4920, 11160, 4200, 5340, 6480, 4920, 11160, 4200, 5340, 6480, 4920, 11160, 4200, 5340, 6480, 4920, 11160, 4200, 3270, 8550, 5370, 10620, 4200, 6480, 4320, 210, 450, 10410]
[]
epoch 25
5 442
flist_v2 0
flist_v2 100
flist_v2 200
flist_v2 300
flist_v2 400
<function shape at 0x7f206992ff28>
0 81 0.0753406286239624
file_index = 02460
../../dataset/RakutenDS/triplet/input/test_anchor/1120005769/1.png
../../dataset/RakutenDS/triplet/017/frame30/02460.png
<function shape at 0x7f206992ff28>
1 158 0.07873061299324036
file_index = 04770
../../dataset/RakutenDS/triplet/input/test_anchor/1120005769/3.png
../../dataset/RakutenDS/triplet/017/frame30/04770.png
<function shape at 0x7f206992ff28>
2 171 0.14483320713043213
file_index = 05160
../../dataset/RakutenDS/triplet/input/test_anchor/1120005769/4.png
../../dataset/RakutenDS/triplet/017/frame30/05160.png
<function shape at 0x7f206992ff28>
3 353 0.09435874223709106
file_index = 10620
../../dataset/RakutenDS/triplet/input/test_anchor/1120005769/5.png
../../dataset/RakutenDS/triplet/017/frame30/10620.png
<function shape at 0x7f206992ff28>
4 13 0.12255477905273438
file_index = 00420
../../dataset/RakutenDS/triplet/input/test_anchor/1120005769/6.png
../../dataset/RakutenDS/triplet/017/frame30/00420.png
key_indexs = [7980, 9780, 90, 10590, 90, 7650, 10650, 9660, 1170, 10650, 10230, 3180, 10470, 10680, 30, 2970, 8400, 5460, 3540, 450, 1200, 2520, 600, 480, 600, 480, 60, 10110, 10320, 3480, 9660, 2550, 2460, 120, 6120, 3030, 3030, 2970, 10560, 360, 1920, 10680, 450, 10680, 10110, 2610, 2460, 10500, 2460, 2460, 2610, 5160, 3480, 2460, 3600, 480, 150, 11730, 120, 10680, 6990, 7500, 2790, 10620, 2790, 5070, 7470, 2790, 10620, 2790, 1020, 9180, 3030, 10590, 6180, 1020, 3060, 5010, 5550, 5640, 5340, 6480, 4920, 11160, 4200, 5340, 6480, 4920, 11160, 4200, 5340, 6480, 4920, 11160, 4200, 5340, 6480, 4920, 11160, 4200, 5340, 6480, 4920, 11160, 4200, 5340, 6480, 4920, 11160, 4200, 3270, 8550, 5370, 10620, 4200, 6480, 4320, 210, 450, 10410, 2460, 4770, 5160, 10620, 420]
[]
epoch 26
5 442
flist_v2 0
flist_v2 100
flist_v2 200
flist_v2 300
flist_v2 400
<function shape at 0x7f206992ff28>
0 315 0.08180245757102966
file_index = 09480
../../dataset/RakutenDS/triplet/input/test_anchor/1120005769/1.png
../../dataset/RakutenDS/triplet/017/frame30/09480.png
<function shape at 0x7f206992ff28>
1 179 0.07861389964818954
file_index = 05400
../../dataset/RakutenDS/triplet/input/test_anchor/1120005769/3.png
../../dataset/RakutenDS/triplet/017/frame30/05400.png
<function shape at 0x7f206992ff28>
2 374 0.05062346160411835
file_index = 11250
../../dataset/RakutenDS/triplet/input/test_anchor/1120005769/4.png
../../dataset/RakutenDS/triplet/017/frame30/11250.png
<function shape at 0x7f206992ff28>
3 167 0.05366579815745354
file_index = 05040
../../dataset/RakutenDS/triplet/input/test_anchor/1120005769/5.png
../../dataset/RakutenDS/triplet/017/frame30/05040.png
<function shape at 0x7f206992ff28>
4 166 0.06928621232509613
file_index = 05010
../../dataset/RakutenDS/triplet/input/test_anchor/1120005769/6.png
../../dataset/RakutenDS/triplet/017/frame30/05010.png
key_indexs = [7980, 9780, 90, 10590, 90, 7650, 10650, 9660, 1170, 10650, 10230, 3180, 10470, 10680, 30, 2970, 8400, 5460, 3540, 450, 1200, 2520, 600, 480, 600, 480, 60, 10110, 10320, 3480, 9660, 2550, 2460, 120, 6120, 3030, 3030, 2970, 10560, 360, 1920, 10680, 450, 10680, 10110, 2610, 2460, 10500, 2460, 2460, 2610, 5160, 3480, 2460, 3600, 480, 150, 11730, 120, 10680, 6990, 7500, 2790, 10620, 2790, 5070, 7470, 2790, 10620, 2790, 1020, 9180, 3030, 10590, 6180, 1020, 3060, 5010, 5550, 5640, 5340, 6480, 4920, 11160, 4200, 5340, 6480, 4920, 11160, 4200, 5340, 6480, 4920, 11160, 4200, 5340, 6480, 4920, 11160, 4200, 5340, 6480, 4920, 11160, 4200, 5340, 6480, 4920, 11160, 4200, 3270, 8550, 5370, 10620, 4200, 6480, 4320, 210, 450, 10410, 2460, 4770, 5160, 10620, 420, 9480, 5400, 11250, 5040, 5010]
[]
epoch 27
5 442
flist_v2 0
flist_v2 100
flist_v2 200
flist_v2 300
flist_v2 400
<function shape at 0x7f206992ff28>
0 154 0.1309773176908493
file_index = 04650
../../dataset/RakutenDS/triplet/input/test_anchor/1120005769/1.png
../../dataset/RakutenDS/triplet/017/frame30/04650.png
<function shape at 0x7f206992ff28>
1 7 0.12304272502660751
file_index = 00240
../../dataset/RakutenDS/triplet/input/test_anchor/1120005769/3.png
../../dataset/RakutenDS/triplet/017/frame30/00240.png
<function shape at 0x7f206992ff28>
2 356 0.09054464846849442
file_index = 10710
../../dataset/RakutenDS/triplet/input/test_anchor/1120005769/4.png
../../dataset/RakutenDS/triplet/017/frame30/10710.png
<function shape at 0x7f206992ff28>
3 353 0.09496331214904785
file_index = 10620
../../dataset/RakutenDS/triplet/input/test_anchor/1120005769/5.png
../../dataset/RakutenDS/triplet/017/frame30/10620.png
<function shape at 0x7f206992ff28>
4 354 0.10501708090305328
file_index = 10650
../../dataset/RakutenDS/triplet/input/test_anchor/1120005769/6.png
../../dataset/RakutenDS/triplet/017/frame30/10650.png
key_indexs = [7980, 9780, 90, 10590, 90, 7650, 10650, 9660, 1170, 10650, 10230, 3180, 10470, 10680, 30, 2970, 8400, 5460, 3540, 450, 1200, 2520, 600, 480, 600, 480, 60, 10110, 10320, 3480, 9660, 2550, 2460, 120, 6120, 3030, 3030, 2970, 10560, 360, 1920, 10680, 450, 10680, 10110, 2610, 2460, 10500, 2460, 2460, 2610, 5160, 3480, 2460, 3600, 480, 150, 11730, 120, 10680, 6990, 7500, 2790, 10620, 2790, 5070, 7470, 2790, 10620, 2790, 1020, 9180, 3030, 10590, 6180, 1020, 3060, 5010, 5550, 5640, 5340, 6480, 4920, 11160, 4200, 5340, 6480, 4920, 11160, 4200, 5340, 6480, 4920, 11160, 4200, 5340, 6480, 4920, 11160, 4200, 5340, 6480, 4920, 11160, 4200, 5340, 6480, 4920, 11160, 4200, 3270, 8550, 5370, 10620, 4200, 6480, 4320, 210, 450, 10410, 2460, 4770, 5160, 10620, 420, 9480, 5400, 11250, 5040, 5010, 4650, 240, 10710, 10620, 10650]
[]
epoch 28
5 442
flist_v2 0
flist_v2 100
flist_v2 200
flist_v2 300
flist_v2 400
<function shape at 0x7f206992ff28>
0 154 0.1307981014251709
file_index = 04650
../../dataset/RakutenDS/triplet/input/test_anchor/1120005769/1.png
../../dataset/RakutenDS/triplet/017/frame30/04650.png
<function shape at 0x7f206992ff28>
1 7 0.12209655344486237
file_index = 00240
../../dataset/RakutenDS/triplet/input/test_anchor/1120005769/3.png
../../dataset/RakutenDS/triplet/017/frame30/00240.png
<function shape at 0x7f206992ff28>
2 356 0.09010357409715652
file_index = 10710
../../dataset/RakutenDS/triplet/input/test_anchor/1120005769/4.png
../../dataset/RakutenDS/triplet/017/frame30/10710.png
<function shape at 0x7f206992ff28>
3 353 0.09449032694101334
file_index = 10620
../../dataset/RakutenDS/triplet/input/test_anchor/1120005769/5.png
../../dataset/RakutenDS/triplet/017/frame30/10620.png
<function shape at 0x7f206992ff28>
4 354 0.10455089062452316
file_index = 10650
../../dataset/RakutenDS/triplet/input/test_anchor/1120005769/6.png
../../dataset/RakutenDS/triplet/017/frame30/10650.png
key_indexs = [7980, 9780, 90, 10590, 90, 7650, 10650, 9660, 1170, 10650, 10230, 3180, 10470, 10680, 30, 2970, 8400, 5460, 3540, 450, 1200, 2520, 600, 480, 600, 480, 60, 10110, 10320, 3480, 9660, 2550, 2460, 120, 6120, 3030, 3030, 2970, 10560, 360, 1920, 10680, 450, 10680, 10110, 2610, 2460, 10500, 2460, 2460, 2610, 5160, 3480, 2460, 3600, 480, 150, 11730, 120, 10680, 6990, 7500, 2790, 10620, 2790, 5070, 7470, 2790, 10620, 2790, 1020, 9180, 3030, 10590, 6180, 1020, 3060, 5010, 5550, 5640, 5340, 6480, 4920, 11160, 4200, 5340, 6480, 4920, 11160, 4200, 5340, 6480, 4920, 11160, 4200, 5340, 6480, 4920, 11160, 4200, 5340, 6480, 4920, 11160, 4200, 5340, 6480, 4920, 11160, 4200, 3270, 8550, 5370, 10620, 4200, 6480, 4320, 210, 450, 10410, 2460, 4770, 5160, 10620, 420, 9480, 5400, 11250, 5040, 5010, 4650, 240, 10710, 10620, 10650, 4650, 240, 10710, 10620, 10650]
[]
epoch 29
5 442
flist_v2 0
flist_v2 100
flist_v2 200
flist_v2 300
flist_v2 400
<function shape at 0x7f206992ff28>
0 255 0.13492825627326965
file_index = 07680
../../dataset/RakutenDS/triplet/input/test_anchor/1120005769/1.png
../../dataset/RakutenDS/triplet/017/frame30/07680.png
<function shape at 0x7f206992ff28>
1 342 0.10059043020009995
file_index = 10290
../../dataset/RakutenDS/triplet/input/test_anchor/1120005769/3.png
../../dataset/RakutenDS/triplet/017/frame30/10290.png
<function shape at 0x7f206992ff28>
2 354 0.04932074621319771
file_index = 10650
../../dataset/RakutenDS/triplet/input/test_anchor/1120005769/4.png
../../dataset/RakutenDS/triplet/017/frame30/10650.png
<function shape at 0x7f206992ff28>
3 351 0.0626089870929718
file_index = 10560
../../dataset/RakutenDS/triplet/input/test_anchor/1120005769/5.png
../../dataset/RakutenDS/triplet/017/frame30/10560.png
<function shape at 0x7f206992ff28>
4 354 0.09003351628780365
file_index = 10650
../../dataset/RakutenDS/triplet/input/test_anchor/1120005769/6.png
../../dataset/RakutenDS/triplet/017/frame30/10650.png
key_indexs = [7980, 9780, 90, 10590, 90, 7650, 10650, 9660, 1170, 10650, 10230, 3180, 10470, 10680, 30, 2970, 8400, 5460, 3540, 450, 1200, 2520, 600, 480, 600, 480, 60, 10110, 10320, 3480, 9660, 2550, 2460, 120, 6120, 3030, 3030, 2970, 10560, 360, 1920, 10680, 450, 10680, 10110, 2610, 2460, 10500, 2460, 2460, 2610, 5160, 3480, 2460, 3600, 480, 150, 11730, 120, 10680, 6990, 7500, 2790, 10620, 2790, 5070, 7470, 2790, 10620, 2790, 1020, 9180, 3030, 10590, 6180, 1020, 3060, 5010, 5550, 5640, 5340, 6480, 4920, 11160, 4200, 5340, 6480, 4920, 11160, 4200, 5340, 6480, 4920, 11160, 4200, 5340, 6480, 4920, 11160, 4200, 5340, 6480, 4920, 11160, 4200, 5340, 6480, 4920, 11160, 4200, 3270, 8550, 5370, 10620, 4200, 6480, 4320, 210, 450, 10410, 2460, 4770, 5160, 10620, 420, 9480, 5400, 11250, 5040, 5010, 4650, 240, 10710, 10620, 10650, 4650, 240, 10710, 10620, 10650, 7680, 10290, 10650, 10560, 10650]
[]
epoch 30
5 442
flist_v2 0
flist_v2 100
flist_v2 200
flist_v2 300
flist_v2 400
<function shape at 0x7f206992ff28>
0 227 0.1823769509792328
file_index = 06840
../../dataset/RakutenDS/triplet/input/test_anchor/1120005769/1.png
../../dataset/RakutenDS/triplet/017/frame30/06840.png
<function shape at 0x7f206992ff28>
1 351 0.0995381623506546
file_index = 10560
../../dataset/RakutenDS/triplet/input/test_anchor/1120005769/3.png
../../dataset/RakutenDS/triplet/017/frame30/10560.png
<function shape at 0x7f206992ff28>
2 175 0.06903894245624542
file_index = 05280
../../dataset/RakutenDS/triplet/input/test_anchor/1120005769/4.png
../../dataset/RakutenDS/triplet/017/frame30/05280.png
<function shape at 0x7f206992ff28>
3 346 0.05303565412759781
file_index = 10410
../../dataset/RakutenDS/triplet/input/test_anchor/1120005769/5.png
../../dataset/RakutenDS/triplet/017/frame30/10410.png
<function shape at 0x7f206992ff28>
4 354 0.08685173839330673
file_index = 10650
../../dataset/RakutenDS/triplet/input/test_anchor/1120005769/6.png
../../dataset/RakutenDS/triplet/017/frame30/10650.png
key_indexs = [7980, 9780, 90, 10590, 90, 7650, 10650, 9660, 1170, 10650, 10230, 3180, 10470, 10680, 30, 2970, 8400, 5460, 3540, 450, 1200, 2520, 600, 480, 600, 480, 60, 10110, 10320, 3480, 9660, 2550, 2460, 120, 6120, 3030, 3030, 2970, 10560, 360, 1920, 10680, 450, 10680, 10110, 2610, 2460, 10500, 2460, 2460, 2610, 5160, 3480, 2460, 3600, 480, 150, 11730, 120, 10680, 6990, 7500, 2790, 10620, 2790, 5070, 7470, 2790, 10620, 2790, 1020, 9180, 3030, 10590, 6180, 1020, 3060, 5010, 5550, 5640, 5340, 6480, 4920, 11160, 4200, 5340, 6480, 4920, 11160, 4200, 5340, 6480, 4920, 11160, 4200, 5340, 6480, 4920, 11160, 4200, 5340, 6480, 4920, 11160, 4200, 5340, 6480, 4920, 11160, 4200, 3270, 8550, 5370, 10620, 4200, 6480, 4320, 210, 450, 10410, 2460, 4770, 5160, 10620, 420, 9480, 5400, 11250, 5040, 5010, 4650, 240, 10710, 10620, 10650, 4650, 240, 10710, 10620, 10650, 7680, 10290, 10650, 10560, 10650, 6840, 10560, 5280, 10410, 10650]
[]
epoch 31
5 442
flist_v2 0
flist_v2 100
flist_v2 200
flist_v2 300
flist_v2 400
<function shape at 0x7f206992ff28>
0 227 0.1815042793750763
file_index = 06840
../../dataset/RakutenDS/triplet/input/test_anchor/1120005769/1.png
../../dataset/RakutenDS/triplet/017/frame30/06840.png
<function shape at 0x7f206992ff28>
1 351 0.09947584569454193
file_index = 10560
../../dataset/RakutenDS/triplet/input/test_anchor/1120005769/3.png
../../dataset/RakutenDS/triplet/017/frame30/10560.png
<function shape at 0x7f206992ff28>
2 175 0.06832796335220337
file_index = 05280
../../dataset/RakutenDS/triplet/input/test_anchor/1120005769/4.png
../../dataset/RakutenDS/triplet/017/frame30/05280.png
<function shape at 0x7f206992ff28>
3 346 0.05358703061938286
file_index = 10410
../../dataset/RakutenDS/triplet/input/test_anchor/1120005769/5.png
../../dataset/RakutenDS/triplet/017/frame30/10410.png
<function shape at 0x7f206992ff28>
4 354 0.08553008735179901
file_index = 10650
../../dataset/RakutenDS/triplet/input/test_anchor/1120005769/6.png
../../dataset/RakutenDS/triplet/017/frame30/10650.png
key_indexs = [7980, 9780, 90, 10590, 90, 7650, 10650, 9660, 1170, 10650, 10230, 3180, 10470, 10680, 30, 2970, 8400, 5460, 3540, 450, 1200, 2520, 600, 480, 600, 480, 60, 10110, 10320, 3480, 9660, 2550, 2460, 120, 6120, 3030, 3030, 2970, 10560, 360, 1920, 10680, 450, 10680, 10110, 2610, 2460, 10500, 2460, 2460, 2610, 5160, 3480, 2460, 3600, 480, 150, 11730, 120, 10680, 6990, 7500, 2790, 10620, 2790, 5070, 7470, 2790, 10620, 2790, 1020, 9180, 3030, 10590, 6180, 1020, 3060, 5010, 5550, 5640, 5340, 6480, 4920, 11160, 4200, 5340, 6480, 4920, 11160, 4200, 5340, 6480, 4920, 11160, 4200, 5340, 6480, 4920, 11160, 4200, 5340, 6480, 4920, 11160, 4200, 5340, 6480, 4920, 11160, 4200, 3270, 8550, 5370, 10620, 4200, 6480, 4320, 210, 450, 10410, 2460, 4770, 5160, 10620, 420, 9480, 5400, 11250, 5040, 5010, 4650, 240, 10710, 10620, 10650, 4650, 240, 10710, 10620, 10650, 7680, 10290, 10650, 10560, 10650, 6840, 10560, 5280, 10410, 10650, 6840, 10560, 5280, 10410, 10650]
[]
epoch 32
5 442
flist_v2 0
flist_v2 100
flist_v2 200
flist_v2 300
flist_v2 400
<function shape at 0x7f206992ff28>
0 320 0.10520955920219421
file_index = 09630
../../dataset/RakutenDS/triplet/input/test_anchor/1120005769/1.png
../../dataset/RakutenDS/triplet/017/frame30/09630.png
<function shape at 0x7f206992ff28>
1 254 0.09524285048246384
file_index = 07650
../../dataset/RakutenDS/triplet/input/test_anchor/1120005769/3.png
../../dataset/RakutenDS/triplet/017/frame30/07650.png
<function shape at 0x7f206992ff28>
2 2 0.09112107008695602
file_index = 00090
../../dataset/RakutenDS/triplet/input/test_anchor/1120005769/4.png
../../dataset/RakutenDS/triplet/017/frame30/00090.png
<function shape at 0x7f206992ff28>
3 254 0.09128385037183762
file_index = 07650
../../dataset/RakutenDS/triplet/input/test_anchor/1120005769/5.png
../../dataset/RakutenDS/triplet/017/frame30/07650.png
<function shape at 0x7f206992ff28>
4 254 0.07006214559078217
file_index = 07650
../../dataset/RakutenDS/triplet/input/test_anchor/1120005769/6.png
../../dataset/RakutenDS/triplet/017/frame30/07650.png
key_indexs = [7980, 9780, 90, 10590, 90, 7650, 10650, 9660, 1170, 10650, 10230, 3180, 10470, 10680, 30, 2970, 8400, 5460, 3540, 450, 1200, 2520, 600, 480, 600, 480, 60, 10110, 10320, 3480, 9660, 2550, 2460, 120, 6120, 3030, 3030, 2970, 10560, 360, 1920, 10680, 450, 10680, 10110, 2610, 2460, 10500, 2460, 2460, 2610, 5160, 3480, 2460, 3600, 480, 150, 11730, 120, 10680, 6990, 7500, 2790, 10620, 2790, 5070, 7470, 2790, 10620, 2790, 1020, 9180, 3030, 10590, 6180, 1020, 3060, 5010, 5550, 5640, 5340, 6480, 4920, 11160, 4200, 5340, 6480, 4920, 11160, 4200, 5340, 6480, 4920, 11160, 4200, 5340, 6480, 4920, 11160, 4200, 5340, 6480, 4920, 11160, 4200, 5340, 6480, 4920, 11160, 4200, 3270, 8550, 5370, 10620, 4200, 6480, 4320, 210, 450, 10410, 2460, 4770, 5160, 10620, 420, 9480, 5400, 11250, 5040, 5010, 4650, 240, 10710, 10620, 10650, 4650, 240, 10710, 10620, 10650, 7680, 10290, 10650, 10560, 10650, 6840, 10560, 5280, 10410, 10650, 6840, 10560, 5280, 10410, 10650, 9630, 7650, 90, 7650, 7650]
[]
epoch 33
5 442
flist_v2 0
flist_v2 100
flist_v2 200
flist_v2 300
flist_v2 400
<function shape at 0x7f206992ff28>
0 159 0.10672888159751892
file_index = 04800
../../dataset/RakutenDS/triplet/input/test_anchor/1120005769/1.png
../../dataset/RakutenDS/triplet/017/frame30/04800.png
<function shape at 0x7f206992ff28>
1 437 0.055090926587581635
file_index = 13140
../../dataset/RakutenDS/triplet/input/test_anchor/1120005769/3.png
../../dataset/RakutenDS/triplet/017/frame30/13140.png
<function shape at 0x7f206992ff28>
2 437 0.09384308010339737
file_index = 13140
../../dataset/RakutenDS/triplet/input/test_anchor/1120005769/4.png
../../dataset/RakutenDS/triplet/017/frame30/13140.png
<function shape at 0x7f206992ff28>
3 340 0.05572466924786568
file_index = 10230
../../dataset/RakutenDS/triplet/input/test_anchor/1120005769/5.png
../../dataset/RakutenDS/triplet/017/frame30/10230.png
<function shape at 0x7f206992ff28>
4 346 0.047887228429317474
file_index = 10410
../../dataset/RakutenDS/triplet/input/test_anchor/1120005769/6.png
../../dataset/RakutenDS/triplet/017/frame30/10410.png
key_indexs = [7980, 9780, 90, 10590, 90, 7650, 10650, 9660, 1170, 10650, 10230, 3180, 10470, 10680, 30, 2970, 8400, 5460, 3540, 450, 1200, 2520, 600, 480, 600, 480, 60, 10110, 10320, 3480, 9660, 2550, 2460, 120, 6120, 3030, 3030, 2970, 10560, 360, 1920, 10680, 450, 10680, 10110, 2610, 2460, 10500, 2460, 2460, 2610, 5160, 3480, 2460, 3600, 480, 150, 11730, 120, 10680, 6990, 7500, 2790, 10620, 2790, 5070, 7470, 2790, 10620, 2790, 1020, 9180, 3030, 10590, 6180, 1020, 3060, 5010, 5550, 5640, 5340, 6480, 4920, 11160, 4200, 5340, 6480, 4920, 11160, 4200, 5340, 6480, 4920, 11160, 4200, 5340, 6480, 4920, 11160, 4200, 5340, 6480, 4920, 11160, 4200, 5340, 6480, 4920, 11160, 4200, 3270, 8550, 5370, 10620, 4200, 6480, 4320, 210, 450, 10410, 2460, 4770, 5160, 10620, 420, 9480, 5400, 11250, 5040, 5010, 4650, 240, 10710, 10620, 10650, 4650, 240, 10710, 10620, 10650, 7680, 10290, 10650, 10560, 10650, 6840, 10560, 5280, 10410, 10650, 6840, 10560, 5280, 10410, 10650, 9630, 7650, 90, 7650, 7650, 4800, 13140, 13140, 10230, 10410]
[]
epoch 34
5 442
flist_v2 0
flist_v2 100
flist_v2 200
flist_v2 300
flist_v2 400
<function shape at 0x7f206992ff28>
0 223 0.13715319335460663
file_index = 06720
../../dataset/RakutenDS/triplet/input/test_anchor/1120005769/1.png
../../dataset/RakutenDS/triplet/017/frame30/06720.png
<function shape at 0x7f206992ff28>
1 33 0.19918718934059143
file_index = 01020
../../dataset/RakutenDS/triplet/input/test_anchor/1120005769/3.png
../../dataset/RakutenDS/triplet/017/frame30/01020.png
<function shape at 0x7f206992ff28>
2 1 0.0725565105676651
file_index = 00060
../../dataset/RakutenDS/triplet/input/test_anchor/1120005769/4.png
../../dataset/RakutenDS/triplet/017/frame30/00060.png
<function shape at 0x7f206992ff28>
3 354 0.05327112600207329
file_index = 10650
../../dataset/RakutenDS/triplet/input/test_anchor/1120005769/5.png
../../dataset/RakutenDS/triplet/017/frame30/10650.png
<function shape at 0x7f206992ff28>
4 350 0.11316873133182526
file_index = 10530
../../dataset/RakutenDS/triplet/input/test_anchor/1120005769/6.png
../../dataset/RakutenDS/triplet/017/frame30/10530.png
key_indexs = [7980, 9780, 90, 10590, 90, 7650, 10650, 9660, 1170, 10650, 10230, 3180, 10470, 10680, 30, 2970, 8400, 5460, 3540, 450, 1200, 2520, 600, 480, 600, 480, 60, 10110, 10320, 3480, 9660, 2550, 2460, 120, 6120, 3030, 3030, 2970, 10560, 360, 1920, 10680, 450, 10680, 10110, 2610, 2460, 10500, 2460, 2460, 2610, 5160, 3480, 2460, 3600, 480, 150, 11730, 120, 10680, 6990, 7500, 2790, 10620, 2790, 5070, 7470, 2790, 10620, 2790, 1020, 9180, 3030, 10590, 6180, 1020, 3060, 5010, 5550, 5640, 5340, 6480, 4920, 11160, 4200, 5340, 6480, 4920, 11160, 4200, 5340, 6480, 4920, 11160, 4200, 5340, 6480, 4920, 11160, 4200, 5340, 6480, 4920, 11160, 4200, 5340, 6480, 4920, 11160, 4200, 3270, 8550, 5370, 10620, 4200, 6480, 4320, 210, 450, 10410, 2460, 4770, 5160, 10620, 420, 9480, 5400, 11250, 5040, 5010, 4650, 240, 10710, 10620, 10650, 4650, 240, 10710, 10620, 10650, 7680, 10290, 10650, 10560, 10650, 6840, 10560, 5280, 10410, 10650, 6840, 10560, 5280, 10410, 10650, 9630, 7650, 90, 7650, 7650, 4800, 13140, 13140, 10230, 10410, 6720, 1020, 60, 10650, 10530]
[]
epoch 35
5 442
flist_v2 0
flist_v2 100
flist_v2 200
flist_v2 300
flist_v2 400
<function shape at 0x7f206992ff28>
0 35 0.2547491788864136
file_index = 01080
../../dataset/RakutenDS/triplet/input/test_anchor/1120005769/1.png
../../dataset/RakutenDS/triplet/017/frame30/01080.png
<function shape at 0x7f206992ff28>
1 350 0.04723334312438965
file_index = 10530
../../dataset/RakutenDS/triplet/input/test_anchor/1120005769/3.png
../../dataset/RakutenDS/triplet/017/frame30/10530.png
<function shape at 0x7f206992ff28>
2 131 0.061776190996170044
file_index = 03960
../../dataset/RakutenDS/triplet/input/test_anchor/1120005769/4.png
../../dataset/RakutenDS/triplet/017/frame30/03960.png
<function shape at 0x7f206992ff28>
3 236 0.1921718865633011
file_index = 07110
../../dataset/RakutenDS/triplet/input/test_anchor/1120005769/5.png
../../dataset/RakutenDS/triplet/017/frame30/07110.png
<function shape at 0x7f206992ff28>
4 122 0.1355786770582199
file_index = 03690
../../dataset/RakutenDS/triplet/input/test_anchor/1120005769/6.png
../../dataset/RakutenDS/triplet/017/frame30/03690.png
key_indexs = [7980, 9780, 90, 10590, 90, 7650, 10650, 9660, 1170, 10650, 10230, 3180, 10470, 10680, 30, 2970, 8400, 5460, 3540, 450, 1200, 2520, 600, 480, 600, 480, 60, 10110, 10320, 3480, 9660, 2550, 2460, 120, 6120, 3030, 3030, 2970, 10560, 360, 1920, 10680, 450, 10680, 10110, 2610, 2460, 10500, 2460, 2460, 2610, 5160, 3480, 2460, 3600, 480, 150, 11730, 120, 10680, 6990, 7500, 2790, 10620, 2790, 5070, 7470, 2790, 10620, 2790, 1020, 9180, 3030, 10590, 6180, 1020, 3060, 5010, 5550, 5640, 5340, 6480, 4920, 11160, 4200, 5340, 6480, 4920, 11160, 4200, 5340, 6480, 4920, 11160, 4200, 5340, 6480, 4920, 11160, 4200, 5340, 6480, 4920, 11160, 4200, 5340, 6480, 4920, 11160, 4200, 3270, 8550, 5370, 10620, 4200, 6480, 4320, 210, 450, 10410, 2460, 4770, 5160, 10620, 420, 9480, 5400, 11250, 5040, 5010, 4650, 240, 10710, 10620, 10650, 4650, 240, 10710, 10620, 10650, 7680, 10290, 10650, 10560, 10650, 6840, 10560, 5280, 10410, 10650, 6840, 10560, 5280, 10410, 10650, 9630, 7650, 90, 7650, 7650, 4800, 13140, 13140, 10230, 10410, 6720, 1020, 60, 10650, 10530, 1080, 10530, 3960, 7110, 3690]
[]
epoch 36
5 442
flist_v2 0
flist_v2 100
flist_v2 200
flist_v2 300
flist_v2 400
<function shape at 0x7f206992ff28>
0 43 0.11300873011350632
file_index = 01320
../../dataset/RakutenDS/triplet/input/test_anchor/1120005769/1.png
../../dataset/RakutenDS/triplet/017/frame30/01320.png
<function shape at 0x7f206992ff28>
1 169 0.056879449635744095
file_index = 05100
../../dataset/RakutenDS/triplet/input/test_anchor/1120005769/3.png
../../dataset/RakutenDS/triplet/017/frame30/05100.png
<function shape at 0x7f206992ff28>
2 153 0.1003279834985733
file_index = 04620
../../dataset/RakutenDS/triplet/input/test_anchor/1120005769/4.png
../../dataset/RakutenDS/triplet/017/frame30/04620.png
<function shape at 0x7f206992ff28>
3 49 0.09478793293237686
file_index = 01500
../../dataset/RakutenDS/triplet/input/test_anchor/1120005769/5.png
../../dataset/RakutenDS/triplet/017/frame30/01500.png
<function shape at 0x7f206992ff28>
4 107 0.07218017429113388
file_index = 03240
../../dataset/RakutenDS/triplet/input/test_anchor/1120005769/6.png
../../dataset/RakutenDS/triplet/017/frame30/03240.png
key_indexs = [7980, 9780, 90, 10590, 90, 7650, 10650, 9660, 1170, 10650, 10230, 3180, 10470, 10680, 30, 2970, 8400, 5460, 3540, 450, 1200, 2520, 600, 480, 600, 480, 60, 10110, 10320, 3480, 9660, 2550, 2460, 120, 6120, 3030, 3030, 2970, 10560, 360, 1920, 10680, 450, 10680, 10110, 2610, 2460, 10500, 2460, 2460, 2610, 5160, 3480, 2460, 3600, 480, 150, 11730, 120, 10680, 6990, 7500, 2790, 10620, 2790, 5070, 7470, 2790, 10620, 2790, 1020, 9180, 3030, 10590, 6180, 1020, 3060, 5010, 5550, 5640, 5340, 6480, 4920, 11160, 4200, 5340, 6480, 4920, 11160, 4200, 5340, 6480, 4920, 11160, 4200, 5340, 6480, 4920, 11160, 4200, 5340, 6480, 4920, 11160, 4200, 5340, 6480, 4920, 11160, 4200, 3270, 8550, 5370, 10620, 4200, 6480, 4320, 210, 450, 10410, 2460, 4770, 5160, 10620, 420, 9480, 5400, 11250, 5040, 5010, 4650, 240, 10710, 10620, 10650, 4650, 240, 10710, 10620, 10650, 7680, 10290, 10650, 10560, 10650, 6840, 10560, 5280, 10410, 10650, 6840, 10560, 5280, 10410, 10650, 9630, 7650, 90, 7650, 7650, 4800, 13140, 13140, 10230, 10410, 6720, 1020, 60, 10650, 10530, 1080, 10530, 3960, 7110, 3690, 1320, 5100, 4620, 1500, 3240]
[]
epoch 37
5 442
flist_v2 0
flist_v2 100
flist_v2 200
flist_v2 300
flist_v2 400
<function shape at 0x7f206992ff28>
0 43 0.11033420264720917
file_index = 01320
../../dataset/RakutenDS/triplet/input/test_anchor/1120005769/1.png
../../dataset/RakutenDS/triplet/017/frame30/01320.png
<function shape at 0x7f206992ff28>
1 169 0.05661967396736145
file_index = 05100
../../dataset/RakutenDS/triplet/input/test_anchor/1120005769/3.png
../../dataset/RakutenDS/triplet/017/frame30/05100.png
<function shape at 0x7f206992ff28>
2 153 0.10133030265569687
file_index = 04620
../../dataset/RakutenDS/triplet/input/test_anchor/1120005769/4.png
../../dataset/RakutenDS/triplet/017/frame30/04620.png
<function shape at 0x7f206992ff28>
3 49 0.09631739556789398
file_index = 01500
../../dataset/RakutenDS/triplet/input/test_anchor/1120005769/5.png
../../dataset/RakutenDS/triplet/017/frame30/01500.png
<function shape at 0x7f206992ff28>
4 107 0.07254583388566971
file_index = 03240
../../dataset/RakutenDS/triplet/input/test_anchor/1120005769/6.png
../../dataset/RakutenDS/triplet/017/frame30/03240.png
key_indexs = [7980, 9780, 90, 10590, 90, 7650, 10650, 9660, 1170, 10650, 10230, 3180, 10470, 10680, 30, 2970, 8400, 5460, 3540, 450, 1200, 2520, 600, 480, 600, 480, 60, 10110, 10320, 3480, 9660, 2550, 2460, 120, 6120, 3030, 3030, 2970, 10560, 360, 1920, 10680, 450, 10680, 10110, 2610, 2460, 10500, 2460, 2460, 2610, 5160, 3480, 2460, 3600, 480, 150, 11730, 120, 10680, 6990, 7500, 2790, 10620, 2790, 5070, 7470, 2790, 10620, 2790, 1020, 9180, 3030, 10590, 6180, 1020, 3060, 5010, 5550, 5640, 5340, 6480, 4920, 11160, 4200, 5340, 6480, 4920, 11160, 4200, 5340, 6480, 4920, 11160, 4200, 5340, 6480, 4920, 11160, 4200, 5340, 6480, 4920, 11160, 4200, 5340, 6480, 4920, 11160, 4200, 3270, 8550, 5370, 10620, 4200, 6480, 4320, 210, 450, 10410, 2460, 4770, 5160, 10620, 420, 9480, 5400, 11250, 5040, 5010, 4650, 240, 10710, 10620, 10650, 4650, 240, 10710, 10620, 10650, 7680, 10290, 10650, 10560, 10650, 6840, 10560, 5280, 10410, 10650, 6840, 10560, 5280, 10410, 10650, 9630, 7650, 90, 7650, 7650, 4800, 13140, 13140, 10230, 10410, 6720, 1020, 60, 10650, 10530, 1080, 10530, 3960, 7110, 3690, 1320, 5100, 4620, 1500, 3240, 1320, 5100, 4620, 1500, 3240]
[]
epoch 38
5 442
flist_v2 0
flist_v2 100
flist_v2 200
flist_v2 300
flist_v2 400
<function shape at 0x7f206992ff28>
0 43 0.1117841824889183
file_index = 01320
../../dataset/RakutenDS/triplet/input/test_anchor/1120005769/1.png
../../dataset/RakutenDS/triplet/017/frame30/01320.png
<function shape at 0x7f206992ff28>
1 169 0.05557260662317276
file_index = 05100
../../dataset/RakutenDS/triplet/input/test_anchor/1120005769/3.png
../../dataset/RakutenDS/triplet/017/frame30/05100.png
<function shape at 0x7f206992ff28>
2 153 0.10032996535301208
file_index = 04620
../../dataset/RakutenDS/triplet/input/test_anchor/1120005769/4.png
../../dataset/RakutenDS/triplet/017/frame30/04620.png
<function shape at 0x7f206992ff28>
3 49 0.09483233094215393
file_index = 01500
../../dataset/RakutenDS/triplet/input/test_anchor/1120005769/5.png
../../dataset/RakutenDS/triplet/017/frame30/01500.png
<function shape at 0x7f206992ff28>
4 107 0.07161768525838852
file_index = 03240
../../dataset/RakutenDS/triplet/input/test_anchor/1120005769/6.png
../../dataset/RakutenDS/triplet/017/frame30/03240.png
key_indexs = [7980, 9780, 90, 10590, 90, 7650, 10650, 9660, 1170, 10650, 10230, 3180, 10470, 10680, 30, 2970, 8400, 5460, 3540, 450, 1200, 2520, 600, 480, 600, 480, 60, 10110, 10320, 3480, 9660, 2550, 2460, 120, 6120, 3030, 3030, 2970, 10560, 360, 1920, 10680, 450, 10680, 10110, 2610, 2460, 10500, 2460, 2460, 2610, 5160, 3480, 2460, 3600, 480, 150, 11730, 120, 10680, 6990, 7500, 2790, 10620, 2790, 5070, 7470, 2790, 10620, 2790, 1020, 9180, 3030, 10590, 6180, 1020, 3060, 5010, 5550, 5640, 5340, 6480, 4920, 11160, 4200, 5340, 6480, 4920, 11160, 4200, 5340, 6480, 4920, 11160, 4200, 5340, 6480, 4920, 11160, 4200, 5340, 6480, 4920, 11160, 4200, 5340, 6480, 4920, 11160, 4200, 3270, 8550, 5370, 10620, 4200, 6480, 4320, 210, 450, 10410, 2460, 4770, 5160, 10620, 420, 9480, 5400, 11250, 5040, 5010, 4650, 240, 10710, 10620, 10650, 4650, 240, 10710, 10620, 10650, 7680, 10290, 10650, 10560, 10650, 6840, 10560, 5280, 10410, 10650, 6840, 10560, 5280, 10410, 10650, 9630, 7650, 90, 7650, 7650, 4800, 13140, 13140, 10230, 10410, 6720, 1020, 60, 10650, 10530, 1080, 10530, 3960, 7110, 3690, 1320, 5100, 4620, 1500, 3240, 1320, 5100, 4620, 1500, 3240, 1320, 5100, 4620, 1500, 3240]
[]
epoch 39
5 442
flist_v2 0
flist_v2 100
flist_v2 200
flist_v2 300
flist_v2 400
<function shape at 0x7f206992ff28>
0 316 0.0986352413892746
file_index = 09510
../../dataset/RakutenDS/triplet/input/test_anchor/1120005769/1.png
../../dataset/RakutenDS/triplet/017/frame30/09510.png
<function shape at 0x7f206992ff28>
1 355 0.07279877364635468
file_index = 10680
../../dataset/RakutenDS/triplet/input/test_anchor/1120005769/3.png
../../dataset/RakutenDS/triplet/017/frame30/10680.png
<function shape at 0x7f206992ff28>
2 37 0.05010387673974037
file_index = 01140
../../dataset/RakutenDS/triplet/input/test_anchor/1120005769/4.png
../../dataset/RakutenDS/triplet/017/frame30/01140.png
<function shape at 0x7f206992ff28>
3 78 0.07393015176057816
file_index = 02370
../../dataset/RakutenDS/triplet/input/test_anchor/1120005769/5.png
../../dataset/RakutenDS/triplet/017/frame30/02370.png
<function shape at 0x7f206992ff28>
4 355 0.055511754006147385
file_index = 10680
../../dataset/RakutenDS/triplet/input/test_anchor/1120005769/6.png
../../dataset/RakutenDS/triplet/017/frame30/10680.png
key_indexs = [7980, 9780, 90, 10590, 90, 7650, 10650, 9660, 1170, 10650, 10230, 3180, 10470, 10680, 30, 2970, 8400, 5460, 3540, 450, 1200, 2520, 600, 480, 600, 480, 60, 10110, 10320, 3480, 9660, 2550, 2460, 120, 6120, 3030, 3030, 2970, 10560, 360, 1920, 10680, 450, 10680, 10110, 2610, 2460, 10500, 2460, 2460, 2610, 5160, 3480, 2460, 3600, 480, 150, 11730, 120, 10680, 6990, 7500, 2790, 10620, 2790, 5070, 7470, 2790, 10620, 2790, 1020, 9180, 3030, 10590, 6180, 1020, 3060, 5010, 5550, 5640, 5340, 6480, 4920, 11160, 4200, 5340, 6480, 4920, 11160, 4200, 5340, 6480, 4920, 11160, 4200, 5340, 6480, 4920, 11160, 4200, 5340, 6480, 4920, 11160, 4200, 5340, 6480, 4920, 11160, 4200, 3270, 8550, 5370, 10620, 4200, 6480, 4320, 210, 450, 10410, 2460, 4770, 5160, 10620, 420, 9480, 5400, 11250, 5040, 5010, 4650, 240, 10710, 10620, 10650, 4650, 240, 10710, 10620, 10650, 7680, 10290, 10650, 10560, 10650, 6840, 10560, 5280, 10410, 10650, 6840, 10560, 5280, 10410, 10650, 9630, 7650, 90, 7650, 7650, 4800, 13140, 13140, 10230, 10410, 6720, 1020, 60, 10650, 10530, 1080, 10530, 3960, 7110, 3690, 1320, 5100, 4620, 1500, 3240, 1320, 5100, 4620, 1500, 3240, 1320, 5100, 4620, 1500, 3240, 9510, 10680, 1140, 2370, 10680]
[]
epoch 40
5 442
flist_v2 0
flist_v2 100
flist_v2 200
flist_v2 300
flist_v2 400
<function shape at 0x7f206992ff28>
0 8 0.218117356300354
file_index = 00270
../../dataset/RakutenDS/triplet/input/test_anchor/1120005769/1.png
../../dataset/RakutenDS/triplet/017/frame30/00270.png
<function shape at 0x7f206992ff28>
1 82 0.049633100628852844
file_index = 02490
../../dataset/RakutenDS/triplet/input/test_anchor/1120005769/3.png
../../dataset/RakutenDS/triplet/017/frame30/02490.png
<function shape at 0x7f206992ff28>
2 178 0.048469167202711105
file_index = 05370
../../dataset/RakutenDS/triplet/input/test_anchor/1120005769/4.png
../../dataset/RakutenDS/triplet/017/frame30/05370.png
<function shape at 0x7f206992ff28>
3 81 0.06310250610113144
file_index = 02460
../../dataset/RakutenDS/triplet/input/test_anchor/1120005769/5.png
../../dataset/RakutenDS/triplet/017/frame30/02460.png
<function shape at 0x7f206992ff28>
4 115 0.050763942301273346
file_index = 03480
../../dataset/RakutenDS/triplet/input/test_anchor/1120005769/6.png
../../dataset/RakutenDS/triplet/017/frame30/03480.png
key_indexs = [7980, 9780, 90, 10590, 90, 7650, 10650, 9660, 1170, 10650, 10230, 3180, 10470, 10680, 30, 2970, 8400, 5460, 3540, 450, 1200, 2520, 600, 480, 600, 480, 60, 10110, 10320, 3480, 9660, 2550, 2460, 120, 6120, 3030, 3030, 2970, 10560, 360, 1920, 10680, 450, 10680, 10110, 2610, 2460, 10500, 2460, 2460, 2610, 5160, 3480, 2460, 3600, 480, 150, 11730, 120, 10680, 6990, 7500, 2790, 10620, 2790, 5070, 7470, 2790, 10620, 2790, 1020, 9180, 3030, 10590, 6180, 1020, 3060, 5010, 5550, 5640, 5340, 6480, 4920, 11160, 4200, 5340, 6480, 4920, 11160, 4200, 5340, 6480, 4920, 11160, 4200, 5340, 6480, 4920, 11160, 4200, 5340, 6480, 4920, 11160, 4200, 5340, 6480, 4920, 11160, 4200, 3270, 8550, 5370, 10620, 4200, 6480, 4320, 210, 450, 10410, 2460, 4770, 5160, 10620, 420, 9480, 5400, 11250, 5040, 5010, 4650, 240, 10710, 10620, 10650, 4650, 240, 10710, 10620, 10650, 7680, 10290, 10650, 10560, 10650, 6840, 10560, 5280, 10410, 10650, 6840, 10560, 5280, 10410, 10650, 9630, 7650, 90, 7650, 7650, 4800, 13140, 13140, 10230, 10410, 6720, 1020, 60, 10650, 10530, 1080, 10530, 3960, 7110, 3690, 1320, 5100, 4620, 1500, 3240, 1320, 5100, 4620, 1500, 3240, 1320, 5100, 4620, 1500, 3240, 9510, 10680, 1140, 2370, 10680, 270, 2490, 5370, 2460, 3480]
[]
epoch 41
5 442
flist_v2 0
flist_v2 100
flist_v2 200
flist_v2 300
flist_v2 400
<function shape at 0x7f206992ff28>
0 337 0.14119236171245575
file_index = 10140
../../dataset/RakutenDS/triplet/input/test_anchor/1120005769/1.png
../../dataset/RakutenDS/triplet/017/frame30/10140.png
<function shape at 0x7f206992ff28>
1 140 0.058181166648864746
file_index = 04230
../../dataset/RakutenDS/triplet/input/test_anchor/1120005769/3.png
../../dataset/RakutenDS/triplet/017/frame30/04230.png
<function shape at 0x7f206992ff28>
2 349 0.07719073444604874
file_index = 10500
../../dataset/RakutenDS/triplet/input/test_anchor/1120005769/4.png
../../dataset/RakutenDS/triplet/017/frame30/10500.png
<function shape at 0x7f206992ff28>
3 187 0.0818808451294899
file_index = 05640
../../dataset/RakutenDS/triplet/input/test_anchor/1120005769/5.png
../../dataset/RakutenDS/triplet/017/frame30/05640.png
<function shape at 0x7f206992ff28>
4 167 0.07838795334100723
file_index = 05040
../../dataset/RakutenDS/triplet/input/test_anchor/1120005769/6.png
../../dataset/RakutenDS/triplet/017/frame30/05040.png
key_indexs = [7980, 9780, 90, 10590, 90, 7650, 10650, 9660, 1170, 10650, 10230, 3180, 10470, 10680, 30, 2970, 8400, 5460, 3540, 450, 1200, 2520, 600, 480, 600, 480, 60, 10110, 10320, 3480, 9660, 2550, 2460, 120, 6120, 3030, 3030, 2970, 10560, 360, 1920, 10680, 450, 10680, 10110, 2610, 2460, 10500, 2460, 2460, 2610, 5160, 3480, 2460, 3600, 480, 150, 11730, 120, 10680, 6990, 7500, 2790, 10620, 2790, 5070, 7470, 2790, 10620, 2790, 1020, 9180, 3030, 10590, 6180, 1020, 3060, 5010, 5550, 5640, 5340, 6480, 4920, 11160, 4200, 5340, 6480, 4920, 11160, 4200, 5340, 6480, 4920, 11160, 4200, 5340, 6480, 4920, 11160, 4200, 5340, 6480, 4920, 11160, 4200, 5340, 6480, 4920, 11160, 4200, 3270, 8550, 5370, 10620, 4200, 6480, 4320, 210, 450, 10410, 2460, 4770, 5160, 10620, 420, 9480, 5400, 11250, 5040, 5010, 4650, 240, 10710, 10620, 10650, 4650, 240, 10710, 10620, 10650, 7680, 10290, 10650, 10560, 10650, 6840, 10560, 5280, 10410, 10650, 6840, 10560, 5280, 10410, 10650, 9630, 7650, 90, 7650, 7650, 4800, 13140, 13140, 10230, 10410, 6720, 1020, 60, 10650, 10530, 1080, 10530, 3960, 7110, 3690, 1320, 5100, 4620, 1500, 3240, 1320, 5100, 4620, 1500, 3240, 1320, 5100, 4620, 1500, 3240, 9510, 10680, 1140, 2370, 10680, 270, 2490, 5370, 2460, 3480, 10140, 4230, 10500, 5640, 5040]
[]
epoch 42
5 442
flist_v2 0
flist_v2 100
flist_v2 200
flist_v2 300
flist_v2 400
<function shape at 0x7f206992ff28>
0 337 0.13883070647716522
file_index = 10140
../../dataset/RakutenDS/triplet/input/test_anchor/1120005769/1.png
../../dataset/RakutenDS/triplet/017/frame30/10140.png
<function shape at 0x7f206992ff28>
1 140 0.05659761652350426
file_index = 04230
../../dataset/RakutenDS/triplet/input/test_anchor/1120005769/3.png
../../dataset/RakutenDS/triplet/017/frame30/04230.png
<function shape at 0x7f206992ff28>
2 349 0.07590178400278091
file_index = 10500
../../dataset/RakutenDS/triplet/input/test_anchor/1120005769/4.png
../../dataset/RakutenDS/triplet/017/frame30/10500.png
<function shape at 0x7f206992ff28>
3 187 0.08178873360157013
file_index = 05640
../../dataset/RakutenDS/triplet/input/test_anchor/1120005769/5.png
../../dataset/RakutenDS/triplet/017/frame30/05640.png
<function shape at 0x7f206992ff28>
4 167 0.07742034643888474
file_index = 05040
../../dataset/RakutenDS/triplet/input/test_anchor/1120005769/6.png
../../dataset/RakutenDS/triplet/017/frame30/05040.png
key_indexs = [7980, 9780, 90, 10590, 90, 7650, 10650, 9660, 1170, 10650, 10230, 3180, 10470, 10680, 30, 2970, 8400, 5460, 3540, 450, 1200, 2520, 600, 480, 600, 480, 60, 10110, 10320, 3480, 9660, 2550, 2460, 120, 6120, 3030, 3030, 2970, 10560, 360, 1920, 10680, 450, 10680, 10110, 2610, 2460, 10500, 2460, 2460, 2610, 5160, 3480, 2460, 3600, 480, 150, 11730, 120, 10680, 6990, 7500, 2790, 10620, 2790, 5070, 7470, 2790, 10620, 2790, 1020, 9180, 3030, 10590, 6180, 1020, 3060, 5010, 5550, 5640, 5340, 6480, 4920, 11160, 4200, 5340, 6480, 4920, 11160, 4200, 5340, 6480, 4920, 11160, 4200, 5340, 6480, 4920, 11160, 4200, 5340, 6480, 4920, 11160, 4200, 5340, 6480, 4920, 11160, 4200, 3270, 8550, 5370, 10620, 4200, 6480, 4320, 210, 450, 10410, 2460, 4770, 5160, 10620, 420, 9480, 5400, 11250, 5040, 5010, 4650, 240, 10710, 10620, 10650, 4650, 240, 10710, 10620, 10650, 7680, 10290, 10650, 10560, 10650, 6840, 10560, 5280, 10410, 10650, 6840, 10560, 5280, 10410, 10650, 9630, 7650, 90, 7650, 7650, 4800, 13140, 13140, 10230, 10410, 6720, 1020, 60, 10650, 10530, 1080, 10530, 3960, 7110, 3690, 1320, 5100, 4620, 1500, 3240, 1320, 5100, 4620, 1500, 3240, 1320, 5100, 4620, 1500, 3240, 9510, 10680, 1140, 2370, 10680, 270, 2490, 5370, 2460, 3480, 10140, 4230, 10500, 5640, 5040, 10140, 4230, 10500, 5640, 5040]
[]
epoch 43
5 442
flist_v2 0
flist_v2 100
flist_v2 200
flist_v2 300
flist_v2 400
<function shape at 0x7f206992ff28>
0 99 0.20648640394210815
file_index = 03000
../../dataset/RakutenDS/triplet/input/test_anchor/1120005769/1.png
../../dataset/RakutenDS/triplet/017/frame30/03000.png
<function shape at 0x7f206992ff28>
1 216 0.061133746057748795
file_index = 06510
../../dataset/RakutenDS/triplet/input/test_anchor/1120005769/3.png
../../dataset/RakutenDS/triplet/017/frame30/06510.png
<function shape at 0x7f206992ff28>
2 155 0.06922417879104614
file_index = 04680
../../dataset/RakutenDS/triplet/input/test_anchor/1120005769/4.png
../../dataset/RakutenDS/triplet/017/frame30/04680.png
<function shape at 0x7f206992ff28>
3 29 0.06839444488286972
file_index = 00900
../../dataset/RakutenDS/triplet/input/test_anchor/1120005769/5.png
../../dataset/RakutenDS/triplet/017/frame30/00900.png
<function shape at 0x7f206992ff28>
4 16 0.09566597640514374
file_index = 00510
../../dataset/RakutenDS/triplet/input/test_anchor/1120005769/6.png
../../dataset/RakutenDS/triplet/017/frame30/00510.png
key_indexs = [7980, 9780, 90, 10590, 90, 7650, 10650, 9660, 1170, 10650, 10230, 3180, 10470, 10680, 30, 2970, 8400, 5460, 3540, 450, 1200, 2520, 600, 480, 600, 480, 60, 10110, 10320, 3480, 9660, 2550, 2460, 120, 6120, 3030, 3030, 2970, 10560, 360, 1920, 10680, 450, 10680, 10110, 2610, 2460, 10500, 2460, 2460, 2610, 5160, 3480, 2460, 3600, 480, 150, 11730, 120, 10680, 6990, 7500, 2790, 10620, 2790, 5070, 7470, 2790, 10620, 2790, 1020, 9180, 3030, 10590, 6180, 1020, 3060, 5010, 5550, 5640, 5340, 6480, 4920, 11160, 4200, 5340, 6480, 4920, 11160, 4200, 5340, 6480, 4920, 11160, 4200, 5340, 6480, 4920, 11160, 4200, 5340, 6480, 4920, 11160, 4200, 5340, 6480, 4920, 11160, 4200, 3270, 8550, 5370, 10620, 4200, 6480, 4320, 210, 450, 10410, 2460, 4770, 5160, 10620, 420, 9480, 5400, 11250, 5040, 5010, 4650, 240, 10710, 10620, 10650, 4650, 240, 10710, 10620, 10650, 7680, 10290, 10650, 10560, 10650, 6840, 10560, 5280, 10410, 10650, 6840, 10560, 5280, 10410, 10650, 9630, 7650, 90, 7650, 7650, 4800, 13140, 13140, 10230, 10410, 6720, 1020, 60, 10650, 10530, 1080, 10530, 3960, 7110, 3690, 1320, 5100, 4620, 1500, 3240, 1320, 5100, 4620, 1500, 3240, 1320, 5100, 4620, 1500, 3240, 9510, 10680, 1140, 2370, 10680, 270, 2490, 5370, 2460, 3480, 10140, 4230, 10500, 5640, 5040, 10140, 4230, 10500, 5640, 5040, 3000, 6510, 4680, 900, 510]
[]
epoch 44
_________________________________________________________________
Layer (type)                 Output Shape              Param #   
=================================================================
input_2 (InputLayer)         (None, 224, 224, 3)       0         
_________________________________________________________________
model_1 (Model)              (None, 128)               6057312   
=================================================================
Total params: 6,057,312
Trainable params: 6,045,792
Non-trainable params: 11,520
_________________________________________________________________
['../../dataset/RakutenDS/triplet/input/test_anchor/1120005769/'] ['../../dataset/RakutenDS/triplet/017/frame30/']
('../../dataset/RakutenDS/triplet/input/test_anchor/1120005769/', '../../dataset/RakutenDS/triplet/017/frame30/')
['../../dataset/RakutenDS/triplet/input/test_anchor/1120005769/'] ['../../dataset/RakutenDS/triplet/017/frame30/']
('../../dataset/RakutenDS/triplet/input/test_anchor/1120005769/', '../../dataset/RakutenDS/triplet/017/frame30/')
['../../dataset/RakutenDS/triplet/input/test_anchor/1120005769/'] ['../../dataset/RakutenDS/triplet/017/frame30/']
('../../dataset/RakutenDS/triplet/input/test_anchor/1120005769/', '../../dataset/RakutenDS/triplet/017/frame30/')
['../../dataset/RakutenDS/triplet/input/test_anchor/1120005769/'] ['../../dataset/RakutenDS/triplet/017/frame30/']
('../../dataset/RakutenDS/triplet/input/test_anchor/1120005769/', '../../dataset/RakutenDS/triplet/017/frame30/')
['../../dataset/RakutenDS/triplet/input/test_anchor/1120005769/'] ['../../dataset/RakutenDS/triplet/017/frame30/']
('../../dataset/RakutenDS/triplet/input/test_anchor/1120005769/', '../../dataset/RakutenDS/triplet/017/frame30/')
['../../dataset/RakutenDS/triplet/input/test_anchor/1120005769/'] ['../../dataset/RakutenDS/triplet/017/frame30/']
('../../dataset/RakutenDS/triplet/input/test_anchor/1120005769/', '../../dataset/RakutenDS/triplet/017/frame30/')
['../../dataset/RakutenDS/triplet/input/test_anchor/1120005769/'] ['../../dataset/RakutenDS/triplet/017/frame30/']
('../../dataset/RakutenDS/triplet/input/test_anchor/1120005769/', '../../dataset/RakutenDS/triplet/017/frame30/')
['../../dataset/RakutenDS/triplet/input/test_anchor/1120005769/'] ['../../dataset/RakutenDS/triplet/017/frame30/']
('../../dataset/RakutenDS/triplet/input/test_anchor/1120005769/', '../../dataset/RakutenDS/triplet/017/frame30/')
['../../dataset/RakutenDS/triplet/input/test_anchor/1120005769/'] ['../../dataset/RakutenDS/triplet/017/frame30/']
('../../dataset/RakutenDS/triplet/input/test_anchor/1120005769/', '../../dataset/RakutenDS/triplet/017/frame30/')
['../../dataset/RakutenDS/triplet/input/test_anchor/1120005769/'] ['../../dataset/RakutenDS/triplet/017/frame30/']
('../../dataset/RakutenDS/triplet/input/test_anchor/1120005769/', '../../dataset/RakutenDS/triplet/017/frame30/')
['../../dataset/RakutenDS/triplet/input/test_anchor/1120005769/'] ['../../dataset/RakutenDS/triplet/017/frame30/']
('../../dataset/RakutenDS/triplet/input/test_anchor/1120005769/', '../../dataset/RakutenDS/triplet/017/frame30/')
['../../dataset/RakutenDS/triplet/input/test_anchor/1120005769/'] ['../../dataset/RakutenDS/triplet/017/frame30/']
('../../dataset/RakutenDS/triplet/input/test_anchor/1120005769/', '../../dataset/RakutenDS/triplet/017/frame30/')
['../../dataset/RakutenDS/triplet/input/test_anchor/1120005769/'] ['../../dataset/RakutenDS/triplet/017/frame30/']
('../../dataset/RakutenDS/triplet/input/test_anchor/1120005769/', '../../dataset/RakutenDS/triplet/017/frame30/')
['../../dataset/RakutenDS/triplet/input/test_anchor/1120005769/'] ['../../dataset/RakutenDS/triplet/017/frame30/']
('../../dataset/RakutenDS/triplet/input/test_anchor/1120005769/', '../../dataset/RakutenDS/triplet/017/frame30/')
['../../dataset/RakutenDS/triplet/input/test_anchor/1120005769/'] ['../../dataset/RakutenDS/triplet/017/frame30/']
('../../dataset/RakutenDS/triplet/input/test_anchor/1120005769/', '../../dataset/RakutenDS/triplet/017/frame30/')
['../../dataset/RakutenDS/triplet/input/test_anchor/1120005769/'] ['../../dataset/RakutenDS/triplet/017/frame30/']
('../../dataset/RakutenDS/triplet/input/test_anchor/1120005769/', '../../dataset/RakutenDS/triplet/017/frame30/')
['../../dataset/RakutenDS/triplet/input/test_anchor/1120005769/'] ['../../dataset/RakutenDS/triplet/017/frame30/']
('../../dataset/RakutenDS/triplet/input/test_anchor/1120005769/', '../../dataset/RakutenDS/triplet/017/frame30/')
['../../dataset/RakutenDS/triplet/input/test_anchor/1120005769/'] ['../../dataset/RakutenDS/triplet/017/frame30/']
('../../dataset/RakutenDS/triplet/input/test_anchor/1120005769/', '../../dataset/RakutenDS/triplet/017/frame30/')
['../../dataset/RakutenDS/triplet/input/test_anchor/1120005769/'] ['../../dataset/RakutenDS/triplet/017/frame30/']
('../../dataset/RakutenDS/triplet/input/test_anchor/1120005769/', '../../dataset/RakutenDS/triplet/017/frame30/')
['../../dataset/RakutenDS/triplet/input/test_anchor/1120005769/'] ['../../dataset/RakutenDS/triplet/017/frame30/']
('../../dataset/RakutenDS/triplet/input/test_anchor/1120005769/', '../../dataset/RakutenDS/triplet/017/frame30/')
['../../dataset/RakutenDS/triplet/input/test_anchor/1120005769/'] ['../../dataset/RakutenDS/triplet/017/frame30/']
('../../dataset/RakutenDS/triplet/input/test_anchor/1120005769/', '../../dataset/RakutenDS/triplet/017/frame30/')
['../../dataset/RakutenDS/triplet/input/test_anchor/1120005769/'] ['../../dataset/RakutenDS/triplet/017/frame30/']
('../../dataset/RakutenDS/triplet/input/test_anchor/1120005769/', '../../dataset/RakutenDS/triplet/017/frame30/')
['../../dataset/RakutenDS/triplet/input/test_anchor/1120005769/'] ['../../dataset/RakutenDS/triplet/017/frame30/']
('../../dataset/RakutenDS/triplet/input/test_anchor/1120005769/', '../../dataset/RakutenDS/triplet/017/frame30/')
['../../dataset/RakutenDS/triplet/input/test_anchor/1120005769/'] ['../../dataset/RakutenDS/triplet/017/frame30/']
('../../dataset/RakutenDS/triplet/input/test_anchor/1120005769/', '../../dataset/RakutenDS/triplet/017/frame30/')
['../../dataset/RakutenDS/triplet/input/test_anchor/1120005769/'] ['../../dataset/RakutenDS/triplet/017/frame30/']
('../../dataset/RakutenDS/triplet/input/test_anchor/1120005769/', '../../dataset/RakutenDS/triplet/017/frame30/')
['../../dataset/RakutenDS/triplet/input/test_anchor/1120005769/'] ['../../dataset/RakutenDS/triplet/017/frame30/']
('../../dataset/RakutenDS/triplet/input/test_anchor/1120005769/', '../../dataset/RakutenDS/triplet/017/frame30/')
['../../dataset/RakutenDS/triplet/input/test_anchor/1120005769/'] ['../../dataset/RakutenDS/triplet/017/frame30/']
('../../dataset/RakutenDS/triplet/input/test_anchor/1120005769/', '../../dataset/RakutenDS/triplet/017/frame30/')
['../../dataset/RakutenDS/triplet/input/test_anchor/1120005769/'] ['../../dataset/RakutenDS/triplet/017/frame30/']
('../../dataset/RakutenDS/triplet/input/test_anchor/1120005769/', '../../dataset/RakutenDS/triplet/017/frame30/')
['../../dataset/RakutenDS/triplet/input/test_anchor/1120005769/'] ['../../dataset/RakutenDS/triplet/017/frame30/']
('../../dataset/RakutenDS/triplet/input/test_anchor/1120005769/', '../../dataset/RakutenDS/triplet/017/frame30/')
['../../dataset/RakutenDS/triplet/input/test_anchor/1120005769/'] ['../../dataset/RakutenDS/triplet/017/frame30/']
('../../dataset/RakutenDS/triplet/input/test_anchor/1120005769/', '../../dataset/RakutenDS/triplet/017/frame30/')
['../../dataset/RakutenDS/triplet/input/test_anchor/1120005769/'] ['../../dataset/RakutenDS/triplet/017/frame30/']
('../../dataset/RakutenDS/triplet/input/test_anchor/1120005769/', '../../dataset/RakutenDS/triplet/017/frame30/')
['../../dataset/RakutenDS/triplet/input/test_anchor/1120005769/'] ['../../dataset/RakutenDS/triplet/017/frame30/']
('../../dataset/RakutenDS/triplet/input/test_anchor/1120005769/', '../../dataset/RakutenDS/triplet/017/frame30/')
['../../dataset/RakutenDS/triplet/input/test_anchor/1120005769/'] ['../../dataset/RakutenDS/triplet/017/frame30/']
('../../dataset/RakutenDS/triplet/input/test_anchor/1120005769/', '../../dataset/RakutenDS/triplet/017/frame30/')
['../../dataset/RakutenDS/triplet/input/test_anchor/1120005769/'] ['../../dataset/RakutenDS/triplet/017/frame30/']
('../../dataset/RakutenDS/triplet/input/test_anchor/1120005769/', '../../dataset/RakutenDS/triplet/017/frame30/')
['../../dataset/RakutenDS/triplet/input/test_anchor/1120005769/'] ['../../dataset/RakutenDS/triplet/017/frame30/']
('../../dataset/RakutenDS/triplet/input/test_anchor/1120005769/', '../../dataset/RakutenDS/triplet/017/frame30/')
['../../dataset/RakutenDS/triplet/input/test_anchor/1120005769/'] ['../../dataset/RakutenDS/triplet/017/frame30/']
('../../dataset/RakutenDS/triplet/input/test_anchor/1120005769/', '../../dataset/RakutenDS/triplet/017/frame30/')
['../../dataset/RakutenDS/triplet/input/test_anchor/1120005769/'] ['../../dataset/RakutenDS/triplet/017/frame30/']
('../../dataset/RakutenDS/triplet/input/test_anchor/1120005769/', '../../dataset/RakutenDS/triplet/017/frame30/')
['../../dataset/RakutenDS/triplet/input/test_anchor/1120005769/'] ['../../dataset/RakutenDS/triplet/017/frame30/']
('../../dataset/RakutenDS/triplet/input/test_anchor/1120005769/', '../../dataset/RakutenDS/triplet/017/frame30/')
['../../dataset/RakutenDS/triplet/input/test_anchor/1120005769/'] ['../../dataset/RakutenDS/triplet/017/frame30/']
('../../dataset/RakutenDS/triplet/input/test_anchor/1120005769/', '../../dataset/RakutenDS/triplet/017/frame30/')
['../../dataset/RakutenDS/triplet/input/test_anchor/1120005769/'] ['../../dataset/RakutenDS/triplet/017/frame30/']
('../../dataset/RakutenDS/triplet/input/test_anchor/1120005769/', '../../dataset/RakutenDS/triplet/017/frame30/')
['../../dataset/RakutenDS/triplet/input/test_anchor/1120005769/'] ['../../dataset/RakutenDS/triplet/017/frame30/']
('../../dataset/RakutenDS/triplet/input/test_anchor/1120005769/', '../../dataset/RakutenDS/triplet/017/frame30/')
['../../dataset/RakutenDS/triplet/input/test_anchor/1120005769/'] ['../../dataset/RakutenDS/triplet/017/frame30/']
('../../dataset/RakutenDS/triplet/input/test_anchor/1120005769/', '../../dataset/RakutenDS/triplet/017/frame30/')
['../../dataset/RakutenDS/triplet/input/test_anchor/1120005769/'] ['../../dataset/RakutenDS/triplet/017/frame30/']
('../../dataset/RakutenDS/triplet/input/test_anchor/1120005769/', '../../dataset/RakutenDS/triplet/017/frame30/')
Traceback (most recent call last):
  File "tcn_tripletloss_value2.py", line 472, in <module>
    test()
  File "tcn_tripletloss_value2.py", line 348, in test
    model.load_weights('/root/ex23/model/weights.{}.hd5'.format(epoch))
  File "/src/keras/engine/topology.py", line 2625, in load_weights
    f = h5py.File(filepath, mode='r')
  File "/opt/conda/lib/python3.5/site-packages/h5py/_hl/files.py", line 269, in __init__
    fid = make_fid(name, mode, userblock_size, fapl, swmr=swmr)
  File "/opt/conda/lib/python3.5/site-packages/h5py/_hl/files.py", line 99, in make_fid
    fid = h5f.open(name, flags, fapl=fapl)
  File "h5py/_objects.pyx", line 54, in h5py._objects.with_phil.wrapper
  File "h5py/_objects.pyx", line 55, in h5py._objects.with_phil.wrapper
  File "h5py/h5f.pyx", line 78, in h5py.h5f.open
OSError: Unable to open file (unable to open file: name = '/root/ex23/model/weights.44.hd5', errno = 2, error message = 'No such file or directory', flags = 0, o_flags = 0)
