2018-02-02 17:10:51.190828: I tensorflow/core/platform/cpu_feature_guard.cc:137] Your CPU supports instructions that this TensorFlow binary was not compiled to use: SSE4.1 SSE4.2 AVX AVX2 FMA
2018-02-02 17:10:52.312133: I tensorflow/core/common_runtime/gpu/gpu_device.cc:1030] Found device 0 with properties: 
name: GeForce GTX 1080 Ti major: 6 minor: 1 memoryClockRate(GHz): 1.582
pciBusID: 0000:03:00.0
totalMemory: 10.91GiB freeMemory: 10.75GiB
2018-02-02 17:10:52.312203: I tensorflow/core/common_runtime/gpu/gpu_device.cc:1120] Creating TensorFlow device (/device:GPU:0) -> (device: 0, name: GeForce GTX 1080 Ti, pci bus id: 0000:03:00.0, compute capability: 6.1)
Using TensorFlow backend.
tcn_tripletloss_test.py:50: UserWarning: Update your `Model` call to the Keras 2 API: `Model(inputs=Tensor("in..., outputs=Tensor("de...)`
  model = Model(input = inception_model.input, output = x)
tcn_tripletloss_test.py:74: UserWarning: Update your `Model` call to the Keras 2 API: `Model(inputs=Tensor("in..., outputs=Tensor("mo...)`
  return Model(input=input_img, output=out)
epoch 01
5 5
0 1 0.06709844619035721
1 3 0.11491371691226959
2 0 0.11377903819084167
3 0 0.07288321852684021
4 3 0.187118262052536
4 4
0 3 0.17492952942848206
1 3 0.18453450500965118
2 3 0.21499434113502502
3 3 0.18343785405158997
6 6
0 0 0.08809289336204529
1 1 0.14574280381202698
2 2 0.07024878263473511
3 2 0.12389599531888962
4 3 0.06565841287374496
5 0 0.10763699561357498
5 5
0 1 0.052372753620147705
1 1 0.02492137812077999
2 2 0.1473943293094635
3 2 0.07092639058828354
4 0 0.06828927248716354
6 6
0 1 0.07110331207513809
1 1 0.07610282301902771
2 2 0.23415227234363556
3 1 0.13376252353191376
4 1 0.11606992036104202
5 1 0.10135172307491302
7 7
0 0 0.13826344907283783
1 5 0.07380533218383789
2 3 0.13054750859737396
3 0 0.083891361951828
4 0 0.07120880484580994
5 0 0.09428206831216812
6 0 0.06375512480735779
7 7
0 4 0.1028534471988678
1 0 0.13495978713035583
2 6 0.12433268129825592
3 0 0.0985085517168045
4 6 0.12112821638584137
5 6 0.12650154531002045
6 6 0.19815517961978912
6 6
0 4 0.07185325026512146
1 4 0.08102723211050034
2 1 0.05428560450673103
3 4 0.053771648555994034
4 4 0.05455874279141426
5 4 0.0982387512922287
13 13
0 1 0.047348570078611374
1 10 0.06756611168384552
2 2 0.07491302490234375
3 1 0.10007161647081375
4 11 0.09369286894798279
5 1 0.03082272596657276
6 5 0.06883639842271805
7 8 0.08375564962625504
8 1 0.07776051759719849
9 1 0.06673073023557663
10 2 0.26952415704727173
11 10 0.1385684311389923
12 1 0.060751259326934814
5 5
0 1 0.17110088467597961
1 3 0.1766994595527649
2 3 0.07096204906702042
3 3 0.08109034597873688
4 3 0.09551328420639038
64 files, 13 corrects, accuracy = 0.203125
epoch 02
5 5
0 0 0.11490678787231445
1 0 0.08299810439348221
2 0 0.09378161281347275
3 4 0.06096241995692253
4 0 0.07709950953722
4 4
0 3 0.11445935815572739
1 3 0.14906686544418335
2 3 0.12392625212669373
3 3 0.12470588088035583
6 6
0 0 0.04380566254258156
1 0 0.05380221828818321
2 0 0.08863098174333572
3 0 0.07213570922613144
4 0 0.053439244627952576
5 0 0.0450751818716526
5 5
0 1 0.02385827526450157
1 1 0.045426297932863235
2 2 0.06741949915885925
3 3 0.038941312581300735
4 3 0.018122496083378792
6 6
0 2 0.08102080225944519
1 2 0.07535599172115326
2 1 0.06232127919793129
3 2 0.08256502449512482
4 2 0.08653604239225388
5 2 0.09256692975759506
7 7
0 1 0.10386374592781067
1 0 0.041470058262348175
2 0 0.06271068006753922
3 2 0.19625791907310486
4 0 0.038851868361234665
5 0 0.03998072072863579
6 0 0.07332026958465576
7 7
0 4 0.06861699372529984
1 6 0.06884447485208511
2 6 0.043879613280296326
3 6 0.04366441071033478
4 6 0.04763920605182648
5 6 0.03028894029557705
6 6 0.03722986578941345
6 6
0 0 0.06142646446824074
1 0 0.03536438196897507
2 3 0.011625701561570168
3 5 0.023026425391435623
4 4 0.03434612974524498
5 2 0.025926755741238594
13 13
0 0 0.07337211817502975
1 7 0.05425344407558441
2 2 0.06937269121408463
3 8 0.03000115416944027
4 0 0.03626531362533569
5 0 0.02498011477291584
6 11 0.08605530858039856
7 2 0.29722410440444946
8 6 0.02926112338900566
9 0 0.030354175716638565
10 2 0.06913746893405914
11 2 0.29409486055374146
12 12 0.0578523688018322
5 5
0 0 0.0672716572880745
1 1 0.20070458948612213
2 2 0.09317439049482346
3 4 0.0782630443572998
4 0 0.04429321736097336
64 files, 15 corrects, accuracy = 0.234375
epoch 03
5 5
0 1 0.11007747799158096
1 0 0.06557951867580414
2 2 0.08264017850160599
3 2 0.16601724922657013
4 2 0.11475066095590591
4 4
0 3 0.366682767868042
1 3 0.21393869817256927
2 3 0.40273621678352356
3 3 0.18199247121810913
6 6
0 1 0.08886592090129852
1 0 0.06395067274570465
2 2 0.08702791482210159
3 0 0.0715053603053093
4 2 0.08512571454048157
5 0 0.045175567269325256
5 5
0 3 0.07306011021137238
1 3 0.12981480360031128
2 1 0.07961864024400711
3 3 0.022470682859420776
4 3 0.04417233541607857
6 6
0 2 0.06462173908948898
1 1 0.05273279920220375
2 1 0.14036668837070465
3 1 0.03960028290748596
4 2 0.04563099145889282
5 1 0.08691107481718063
7 7
0 0 0.13637979328632355
1 0 0.08022871613502502
2 0 0.08599143475294113
3 0 0.2947520911693573
4 0 0.08185219764709473
5 0 0.07742899656295776
6 1 0.1193179041147232
7 7
0 6 0.08989111334085464
1 4 0.12689802050590515
2 6 0.04220971092581749
3 6 0.10130433738231659
4 6 0.09814932942390442
5 6 0.13448834419250488
6 6 0.03135509788990021
6 6
0 5 0.09584278613328934
1 5 0.05787520855665207
2 1 0.023112738505005836
3 2 0.05429300293326378
4 3 0.0422651506960392
5 4 0.06842561066150665
13 13
0 1 0.07503773272037506
1 3 0.05867558345198631
2 7 0.11839399486780167
3 6 0.038753267377614975
4 6 0.07999815046787262
5 6 0.049198925495147705
6 7 0.04738307371735573
7 10 0.2028372436761856
8 6 0.03566867858171463
9 6 0.05147209018468857
10 5 0.09293428063392639
11 10 0.2736281156539917
12 5 0.1191038191318512
5 5
0 4 0.03872978314757347
1 0 0.25575336813926697
2 3 0.10474618524312973
3 1 0.08053135871887207
4 2 0.048182617872953415
64 files, 7 corrects, accuracy = 0.109375
epoch 04
5 5
0 1 0.046243228018283844
1 1 0.06552720069885254
2 4 0.05547022074460983
3 1 0.03658748045563698
4 4 0.04445723071694374
4 4
0 2 0.12092559784650803
1 0 0.12538905441761017
2 3 0.1320628523826599
3 2 0.13015887141227722
6 6
0 2 0.07753827422857285
1 3 0.07063088566064835
2 2 0.09433642029762268
3 2 0.06328266859054565
4 2 0.050078149884939194
5 3 0.0671936571598053
5 5
0 1 0.02467646822333336
1 1 0.05702381953597069
2 0 0.05354764685034752
3 3 0.07253513485193253
4 3 0.0572894811630249
6 6
0 4 0.05454731360077858
1 4 0.048308368772268295
2 0 0.05689617618918419
3 0 0.026405300945043564
4 4 0.05003795772790909
5 4 0.04723728820681572
7 7
0 1 0.15595148503780365
1 0 0.054882824420928955
2 0 0.08199700713157654
3 0 0.12002591043710709
4 0 0.08051811903715134
5 0 0.08037848770618439
6 0 0.0411420613527298
7 7
0 2 0.040714871138334274
1 0 0.07356759160757065
2 4 0.05742752179503441
3 0 0.09728746116161346
4 6 0.05260802432894707
5 6 0.04459322988986969
6 6 0.06572208553552628
6 6
0 5 0.029294779524207115
1 1 0.027479590848088264
2 1 0.051192689687013626
3 5 0.026081915944814682
4 5 0.017494868487119675
5 0 0.0638570711016655
13 13
0 8 0.030700581148266792
1 1 0.07335419952869415
2 9 0.10944623500108719
3 7 0.04194919019937515
4 7 0.043066415935754776
5 7 0.03577861934900284
6 3 0.034429676830768585
7 7 0.09532435238361359
8 8 0.03847504407167435
9 7 0.03426050394773483
10 11 0.05146801099181175
11 1 0.0543946847319603
12 3 0.03942963853478432
5 5
0 0 0.046271588653326035
1 4 0.1317712813615799
2 0 0.049586791545152664
3 1 0.0578271821141243
4 1 0.06354416906833649
64 files, 12 corrects, accuracy = 0.1875
epoch 05
5 5
0 0 0.026479583233594894
1 4 0.03607679903507233
2 1 0.06263928860425949
3 4 0.029525255784392357
4 2 0.0738673061132431
4 4
0 3 0.13816748559474945
1 3 0.15893740952014923
2 3 0.24074682593345642
3 3 0.1501675844192505
6 6
0 0 0.034600965678691864
1 0 0.04410804063081741
2 2 0.08525124937295914
3 2 0.09200835227966309
4 0 0.046635765582323074
5 0 0.03158092871308327
5 5
0 4 0.05965590104460716
1 2 0.04868616163730621
2 0 0.03290834277868271
3 0 0.06828795373439789
4 0 0.043849676847457886
6 6
0 2 0.03652996942400932
1 2 0.05886765196919441
2 1 0.04625554755330086
3 2 0.021724050864577293
4 1 0.04451631382107735
5 2 0.03174970671534538
7 7
0 5 0.12662434577941895
1 6 0.10923818498849869
2 6 0.07786188274621964
3 5 0.13754263520240784
4 6 0.07145525515079498
5 1 0.0432024784386158
6 0 0.03565109893679619
7 7
0 2 0.056197639554739
1 6 0.051304928958415985
2 6 0.04055061936378479
3 6 0.058691855520009995
4 6 0.045531004667282104
5 6 0.04457223042845726
6 5 0.057282425463199615
6 6
0 3 0.021614031866192818
1 5 0.0253260787576437
2 1 0.04802101477980614
3 3 0.022157074883580208
4 1 0.049018606543540955
5 1 0.05637407302856445
13 13
0 9 0.031824853271245956
1 4 0.17729373276233673
2 4 0.11106473952531815
3 1 0.04294094443321228
4 8 0.020569385960698128
5 7 0.03215574845671654
6 3 0.018497426062822342
7 1 0.08436194062232971
8 8 0.021034816280007362
9 9 0.020439142361283302
10 11 0.06399049609899521
11 11 0.08385781198740005
12 2 0.03429252654314041
5 5
0 2 0.04064960032701492
1 3 0.19663047790527344
2 2 0.03573988750576973
3 1 0.06022262200713158
4 2 0.04339863359928131
64 files, 9 corrects, accuracy = 0.140625
epoch 06
5 5
0 1 0.0772683322429657
1 3 0.07544101774692535
2 1 0.05767860636115074
3 3 0.08404697477817535
4 3 0.09418755769729614
4 4
0 0 0.259581595659256
1 0 0.2827994227409363
2 0 0.4050596356391907
3 0 0.4649604558944702
6 6
0 3 0.04767541587352753
1 1 0.07795041799545288
2 2 0.11511284112930298
3 2 0.07119820266962051
4 2 0.07756052911281586
5 5 0.046234700828790665
5 5
0 1 0.05892161652445793
1 4 0.05773008614778519
2 0 0.09948261082172394
3 1 0.07202417403459549
4 1 0.10726908594369888
6 6
0 2 0.07783673703670502
1 2 0.12126602977514267
2 1 0.07076596468687057
3 1 0.0873676985502243
4 2 0.10070104151964188
5 2 0.07952719181776047
7 7
0 0 0.12246754765510559
1 1 0.0855167806148529
2 0 0.27068278193473816
3 0 0.408375084400177
4 1 0.09217929095029831
5 1 0.095590740442276
6 1 0.0604519285261631
7 7
0 1 0.09163914620876312
1 1 0.048228103667497635
2 1 0.09058380872011185
3 6 0.08385249227285385
4 6 0.0962909460067749
5 6 0.10716386884450912
6 6 0.13708941638469696
6 6
0 5 0.07570239156484604
1 0 0.04881978780031204
2 4 0.043961748480796814
3 4 0.06881741434335709
4 1 0.06678560376167297
5 0 0.08145201951265335
13 13
0 1 0.10283632576465607
1 3 0.06834205240011215
2 1 0.06244320794939995
3 3 0.0699482187628746
4 6 0.06981459259986877
5 8 0.058657705783843994
6 5 0.08867298066616058
7 1 0.047452911734580994
8 3 0.07953673601150513
9 6 0.06288320571184158
10 11 0.18135450780391693
11 11 0.18397653102874756
12 1 0.055257368832826614
5 5
0 0 0.10938030481338501
1 2 0.10810572654008865
2 0 0.09322024881839752
3 1 0.06809572875499725
4 0 0.237584188580513
64 files, 12 corrects, accuracy = 0.1875
epoch 07
5 5
0 1 0.07075369358062744
1 4 0.1416044533252716
2 1 0.12099619209766388
3 4 0.042765188962221146
4 3 0.06761246174573898
4 4
0 3 0.05466649308800697
1 3 0.07475221902132034
2 3 0.03598824888467789
3 3 0.044648177921772
6 6
0 2 0.039654914289712906
1 0 0.039042048156261444
2 0 0.046786118298769
3 0 0.04176665470004082
4 1 0.035968925803899765
5 2 0.027522703632712364
5 5
0 0 0.05316249653697014
1 1 0.0425134114921093
2 1 0.05559374764561653
3 4 0.03742964565753937
4 4 0.028542092069983482
6 6
0 4 0.04733017086982727
1 2 0.04035874828696251
2 0 0.12295962870121002
3 4 0.08621577173471451
4 4 0.03922927752137184
5 4 0.055680640041828156
7 7
0 4 0.04669000580906868
1 1 0.044647932052612305
2 1 0.07860823720693588
3 0 0.08796900510787964
4 1 0.0588533878326416
5 4 0.09342551976442337
6 0 0.04341756924986839
7 7
0 6 0.06378352642059326
1 0 0.09325209259986877
2 4 0.04741736873984337
3 4 0.0560469925403595
4 6 0.03647654131054878
5 5 0.04843816161155701
6 6 0.09261476993560791
6 6
0 3 0.3013097047805786
1 1 0.09975835680961609
2 3 0.11019331961870193
3 3 0.05527550354599953
4 4 0.0538686066865921
5 2 0.060423724353313446
13 13
0 6 0.05268191173672676
1 6 0.04476320743560791
2 6 0.04318080469965935
3 1 0.02455955743789673
4 8 0.051312562078237534
5 7 0.07212177664041519
6 5 0.04684534668922424
7 0 0.16626405715942383
8 7 0.0351240336894989
9 8 0.04371204227209091
10 2 0.062011029571294785
11 2 0.08080729842185974
12 2 0.044759590178728104
5 5
0 0 0.08451048284769058
1 0 0.07697033137083054
2 3 0.06278368830680847
3 2 0.037323836237192154
4 2 0.0879366546869278
64 files, 12 corrects, accuracy = 0.1875
epoch 08
5 5
0 0 0.08349990844726562
1 2 0.08173856884241104
2 2 0.0706891119480133
3 3 0.0658581554889679
4 0 0.03934507817029953
4 4
0 3 0.11883294582366943
1 2 0.08215977996587753
2 3 0.1489579975605011
3 3 0.2330285757780075
6 6
0 0 0.03747895732522011
1 4 0.03381873294711113
2 2 0.08552668988704681
3 0 0.07709793746471405
4 2 0.07562921196222305
5 1 0.04601699858903885
5 5
0 4 0.03767310082912445
1 1 0.038246434181928635
2 4 0.04833414405584335
3 3 0.036236438900232315
4 4 0.05148552730679512
6 6
0 2 0.11251599341630936
1 1 0.11222303658723831
2 1 0.10902340710163116
3 1 0.09930123388767242
4 2 0.05021826922893524
5 2 0.10993323475122452
7 7
0 4 0.10313796252012253
1 0 0.09176813811063766
2 0 0.06583940982818604
3 4 0.09764474630355835
4 2 0.08512858301401138
5 4 0.1814519613981247
6 0 0.03498924896121025
7 7
0 0 0.05348614603281021
1 0 0.08089537173509598
2 5 0.04665449634194374
3 5 0.08008468896150589
4 5 0.040356531739234924
5 6 0.04768550768494606
6 5 0.1306910514831543
6 6
0 3 0.06884390115737915
1 2 0.0879458636045456
2 5 0.029774215072393417
3 3 0.08457279950380325
4 1 0.017360080033540726
5 2 0.06376659870147705
13 13
0 7 0.04041379690170288
1 3 0.0476311519742012
2 1 0.04003935679793358
3 5 0.04140845313668251
4 7 0.04305412992835045
5 6 0.04167146235704422
6 5 0.03427836671471596
7 2 0.05418825522065163
8 2 0.04112931340932846
9 3 0.050067238509655
10 3 0.04828445985913277
11 3 0.08826586604118347
12 1 0.025514183565974236
5 5
0 4 0.06175803020596504
1 1 0.09232459217309952
2 4 0.05172004550695419
3 2 0.03844590485095978
4 4 0.06874687224626541
64 files, 14 corrects, accuracy = 0.21875
epoch 09
5 5
0 0 0.05380804091691971
1 4 0.021599261090159416
2 2 0.029937049373984337
3 4 0.037574220448732376
4 0 0.04058178514242172
4 4
0 2 0.04740670695900917
1 3 0.06964647769927979
2 0 0.05879190191626549
3 2 0.07486990094184875
6 6
0 2 0.039049528539180756
1 4 0.04933584854006767
2 2 0.03756871819496155
3 2 0.040375273674726486
4 2 0.01977502554655075
5 2 0.031109219416975975
5 5
0 0 0.026906294748187065
1 1 0.031323958188295364
2 0 0.022434724494814873
3 3 0.028563208878040314
4 3 0.029496226459741592
6 6
0 1 0.05159177631139755
1 0 0.06054428219795227
2 1 0.05592653155326843
3 4 0.0554354302585125
4 0 0.038489025086164474
5 0 0.05339353159070015
7 7
0 5 0.07975243031978607
1 0 0.06257490813732147
2 0 0.045112766325473785
3 0 0.05966629087924957
4 0 0.06615712493658066
5 0 0.04837481305003166
6 0 0.05844010412693024
7 7
0 5 0.023134710267186165
1 2 0.04330139607191086
2 5 0.035946592688560486
3 5 0.03619818016886711
4 5 0.04106222093105316
5 6 0.039455629885196686
6 5 0.030126195400953293
6 6
0 3 0.03508913144469261
1 2 0.03767245635390282
2 5 0.03189605101943016
3 3 0.048549309372901917
4 1 0.02380046620965004
5 3 0.046703118830919266
13 13
0 5 0.034727539867162704
1 5 0.03947306051850319
2 5 0.032742083072662354
3 11 0.05739011615514755
4 3 0.023242292925715446
5 8 0.05052724853157997
6 5 0.0548296794295311
7 1 0.032700952142477036
8 7 0.030760355293750763
9 3 0.03814641013741493
10 11 0.049419105052948
11 12 0.06290630251169205
12 5 0.04199962317943573
5 5
0 0 0.042504873126745224
1 0 0.1082722395658493
2 0 0.0895305797457695
3 0 0.09092726558446884
4 0 0.07344764471054077
64 files, 8 corrects, accuracy = 0.125
epoch 10
5 5
0 1 0.0959545224905014
1 4 0.04360059276223183
2 0 0.04576149210333824
3 0 0.05064993351697922
4 3 0.057695358991622925
4 4
0 3 0.09709184616804123
1 1 0.06281957775354385
2 1 0.05574660748243332
3 1 0.1081615537405014
6 6
0 4 0.041600290685892105
1 2 0.06396471709012985
2 2 0.05430171638727188
3 2 0.06074492633342743
4 1 0.04680303856730461
5 1 0.04040730744600296
5 5
0 0 0.046917274594306946
1 1 0.0421513207256794
2 2 0.05878656730055809
3 3 0.0426008515059948
4 0 0.043319813907146454
6 6
0 1 0.07412397861480713
1 4 0.06997354328632355
2 3 0.0886530950665474
3 4 0.05888358876109123
4 2 0.06660855561494827
5 4 0.075434610247612
7 7
0 0 0.14045585691928864
1 0 0.06371212750673294
2 0 0.10804253071546555
3 2 0.08053312450647354
4 0 0.0740048959851265
5 0 0.0703667476773262
6 0 0.053304195404052734
7 7
0 5 0.05284438654780388
1 1 0.056021809577941895
2 1 0.07254207134246826
3 2 0.061973847448825836
4 5 0.04376485198736191
5 1 0.06358713656663895
6 5 0.056185364723205566
6 6
0 3 0.044627729803323746
1 2 0.06982159614562988
2 5 0.026588359847664833
3 2 0.0711236521601677
4 1 0.027454782277345657
5 3 0.06190638244152069
13 13
0 4 0.06739094108343124
1 8 0.07317434251308441
2 8 0.031766291707754135
3 1 0.0628288984298706
4 1 0.05275941267609596
5 4 0.06119409203529358
6 2 0.0552605539560318
7 7 0.05830414220690727
8 3 0.024170808494091034
9 5 0.0420856773853302
10 3 0.07337907701730728
11 3 0.07985330373048782
12 3 0.06067197397351265
5 5
0 1 0.09264112263917923
1 1 0.08202473074197769
2 3 0.05355154350399971
3 3 0.1171368956565857
4 4 0.06450490653514862
64 files, 12 corrects, accuracy = 0.1875
epoch 11
5 5
0 1 0.09801267087459564
1 4 0.044013455510139465
2 0 0.04651161655783653
3 0 0.049847397953271866
4 3 0.05765644088387489
4 4
0 3 0.09698080271482468
1 1 0.06375811994075775
2 1 0.05669983848929405
3 1 0.10932290554046631
6 6
0 4 0.0432969331741333
1 2 0.06464467197656631
2 2 0.053925249725580215
3 2 0.06060419976711273
4 1 0.04728790372610092
5 1 0.041186124086380005
5 5
0 0 0.04420442879199982
1 1 0.04222153127193451
2 2 0.05738087370991707
3 0 0.04279274865984917
4 0 0.04333300516009331
6 6
0 1 0.0755484402179718
1 4 0.07132771611213684
2 3 0.08849889039993286
3 4 0.05935043469071388
4 2 0.06698732078075409
5 4 0.07548798620700836
7 7
0 0 0.14233751595020294
1 0 0.06092899665236473
2 0 0.10744468867778778
3 2 0.08069757372140884
4 0 0.07451428472995758
5 0 0.06918882578611374
6 0 0.05304669588804245
7 7
0 5 0.05313834175467491
1 1 0.056167121976614
2 1 0.07211903482675552
3 2 0.061342932283878326
4 5 0.04415767267346382
5 1 0.06327804177999496
6 5 0.05885850265622139
6 6
0 3 0.043739479035139084
1 2 0.07104424387216568
2 5 0.026604002341628075
3 2 0.07092148810625076
4 1 0.02803073637187481
5 3 0.06161932274699211
13 13
0 4 0.06727365404367447
1 8 0.07278873771429062
2 8 0.030966468155384064
3 1 0.06283379346132278
4 1 0.05256635323166847
5 4 0.0614955760538578
6 2 0.055211141705513
7 7 0.05867580696940422
8 3 0.024131566286087036
9 5 0.04292384535074234
10 3 0.07256636023521423
11 3 0.07891770452260971
12 3 0.059521786868572235
5 5
0 1 0.09399888664484024
1 1 0.08298002183437347
2 3 0.05315123870968819
3 3 0.11468229442834854
4 4 0.0639675036072731
64 files, 11 corrects, accuracy = 0.171875
epoch 12
5 5
0 1 0.09797890484333038
1 4 0.04391423985362053
2 0 0.04534325376152992
3 0 0.04873133450746536
4 3 0.05764264240860939
4 4
0 3 0.0973009541630745
1 1 0.06335104256868362
2 1 0.05838729068636894
3 1 0.11019688844680786
6 6
0 4 0.043773751705884933
1 2 0.06520099937915802
2 2 0.0542210191488266
3 2 0.06067897006869316
4 1 0.04632376879453659
5 1 0.03995382785797119
5 5
0 0 0.04463750496506691
1 1 0.04119017347693443
2 2 0.05733594298362732
3 3 0.04203087091445923
4 0 0.043197255581617355
6 6
0 1 0.07618346810340881
1 4 0.07152855396270752
2 3 0.0847148597240448
3 4 0.059632960706949234
4 2 0.06719372421503067
5 4 0.07557837665081024
7 7
0 0 0.13905906677246094
1 0 0.06139598414301872
2 0 0.10894197225570679
3 2 0.0811515748500824
4 0 0.07423587888479233
5 0 0.06767115741968155
6 0 0.05277483910322189
7 7
0 5 0.052246373146772385
1 1 0.05599057674407959
2 1 0.07258220762014389
3 2 0.06070389598608017
4 5 0.04405977949500084
5 1 0.06304897367954254
6 5 0.0588054321706295
6 6
0 3 0.04299602285027504
1 2 0.07053691893815994
2 5 0.02583354525268078
3 2 0.07192084193229675
4 1 0.027559321373701096
5 3 0.06242026016116142
13 13
0 4 0.06588193029165268
1 8 0.07228758186101913
2 8 0.030150320380926132
3 1 0.06284394860267639
4 1 0.05251799151301384
5 4 0.05990159511566162
6 2 0.055191606283187866
7 7 0.059466131031513214
8 3 0.02499912492930889
9 5 0.04361208155751228
10 3 0.07296033203601837
11 3 0.07917408645153046
12 3 0.06039336323738098
5 5
0 1 0.09333454817533493
1 1 0.08270671963691711
2 3 0.053828220814466476
3 3 0.11348003894090652
4 4 0.0635448768734932
64 files, 12 corrects, accuracy = 0.1875
epoch 13
5 5
0 2 0.039764516055583954
1 4 0.06086140125989914
2 2 0.04944131150841713
3 3 0.03288087248802185
4 0 0.05179176479578018
4 4
0 0 0.05927592143416405
1 0 0.033063072711229324
2 0 0.045492127537727356
3 3 0.07891668379306793
6 6
0 1 0.030882323160767555
1 0 0.019616585224866867
2 1 0.02358272485435009
3 2 0.02777879871428013
4 5 0.025621308013796806
5 0 0.028097044676542282
5 5
0 4 0.02969895303249359
1 1 0.01857815310359001
2 3 0.02889704890549183
3 4 0.03101942129433155
4 4 0.030329134315252304
6 6
0 4 0.055469367653131485
1 2 0.03157553821802139
2 4 0.04493178054690361
3 4 0.035977739840745926
4 4 0.05662190914154053
5 4 0.04360329359769821
7 7
0 0 0.09719831496477127
1 0 0.057266294956207275
2 0 0.054210115224123
3 0 0.09322094917297363
4 0 0.03862284496426582
5 0 0.0676320493221283
6 0 0.029288463294506073
7 7
0 0 0.05036788433790207
1 3 0.0343378409743309
2 1 0.051143378019332886
3 1 0.040153782814741135
4 5 0.05922557786107063
5 0 0.038249753415584564
6 5 0.04109958931803703
6 6
0 3 0.03270391374826431
1 3 0.04313581809401512
2 5 0.016847902908921242
3 3 0.062226660549640656
4 3 0.029592229053378105
5 2 0.029887612909078598
13 13
0 12 0.038250166922807693
1 3 0.05591440200805664
2 5 0.02930733561515808
3 3 0.03498966246843338
4 0 0.0427837036550045
5 12 0.048201948404312134
6 3 0.03024943172931671
7 7 0.04479556158185005
8 5 0.03611789271235466
9 5 0.04326906427741051
10 3 0.04083790257573128
11 11 0.055762507021427155
12 12 0.0401739664375782
5 5
0 0 0.06496588885784149
1 0 0.07256560027599335
2 0 0.029482457786798477
3 0 0.044431112706661224
4 0 0.0561225488781929
64 files, 15 corrects, accuracy = 0.234375
epoch 14
5 5
0 0 0.08859164267778397
1 3 0.0720452293753624
2 3 0.08874779939651489
3 4 0.06983787566423416
4 0 0.08714887499809265
4 4
0 2 0.1468532681465149
1 2 0.11946418136358261
2 2 0.12013567239046097
3 2 0.2337532788515091
6 6
0 4 0.06729857623577118
1 0 0.06668861210346222
2 1 0.04953358322381973
3 1 0.04954877868294716
4 3 0.06301549077033997
5 5 0.076382577419281
5 5
0 2 0.03347136825323105
1 1 0.03447224944829941
2 2 0.05563477426767349
3 0 0.0844803974032402
4 2 0.06405854225158691
6 6
0 1 0.11902038007974625
1 1 0.05599626153707504
2 1 0.1218300387263298
3 0 0.10792373865842819
4 2 0.07572213560342789
5 1 0.05103665590286255
7 7
0 2 0.09802490472793579
1 2 0.0697929784655571
2 6 0.10257039219141006
3 2 0.08753897994756699
4 2 0.08496176451444626
5 0 0.17119452357292175
6 0 0.05889219418168068
7 7
0 0 0.029648827388882637
1 3 0.04110916331410408
2 5 0.07314209640026093
3 5 0.0984516367316246
4 5 0.07508807629346848
5 5 0.04641365632414818
6 3 0.06647027283906937
6 6
0 4 0.06211399659514427
1 3 0.06950235366821289
2 3 0.031492892652750015
3 2 0.07499703019857407
4 3 0.05016561970114708
5 4 0.07007220387458801
13 13
0 7 0.0450790636241436
1 2 0.049102507531642914
2 10 0.05288245156407356
3 12 0.06852341443300247
4 12 0.03927261009812355
5 8 0.051355183124542236
6 3 0.03923223540186882
7 11 0.06032794341444969
8 7 0.04418785497546196
9 5 0.05546855553984642
10 10 0.05804372578859329
11 1 0.056185998022556305
12 12 0.05679634213447571
5 5
0 0 0.06667464226484299
1 1 0.07512016594409943
2 2 0.10266435891389847
3 1 0.07000192254781723
4 2 0.11869321018457413
64 files, 13 corrects, accuracy = 0.203125
epoch 15
5 5
0 0 0.09035079181194305
1 3 0.0691327154636383
2 3 0.09018239378929138
3 4 0.06855778396129608
4 0 0.08567161858081818
4 4
0 2 0.15034227073192596
1 1 0.11776625365018845
2 2 0.12165993452072144
3 2 0.2340097874403
6 6
0 4 0.06821338832378387
1 0 0.06518742442131042
2 1 0.04936118423938751
3 1 0.04915754497051239
4 3 0.06432031095027924
5 5 0.0772172138094902
5 5
0 2 0.03458498418331146
1 1 0.038069065660238266
2 2 0.05697954073548317
3 0 0.08588758856058121
4 2 0.0638754665851593
6 6
0 1 0.1264110803604126
1 1 0.05425833538174629
2 1 0.12101717293262482
3 0 0.10037137567996979
4 2 0.07876907289028168
5 1 0.05371657386422157
7 7
0 2 0.09732525795698166
1 2 0.06911137700080872
2 6 0.10012157261371613
3 2 0.08563601970672607
4 2 0.07861799001693726
5 0 0.16546422243118286
6 0 0.054939769208431244
7 7
0 0 0.03104066476225853
1 3 0.042390450835227966
2 5 0.0757208988070488
3 5 0.09983306378126144
4 5 0.07522689551115036
5 5 0.047641605138778687
6 3 0.06912671029567719
6 6
0 4 0.06382182240486145
1 3 0.07068117707967758
2 3 0.030127309262752533
3 2 0.07620289921760559
4 3 0.051257479935884476
5 4 0.06937290728092194
13 13
0 7 0.04458636790513992
1 2 0.04872046783566475
2 10 0.05021218582987785
3 7 0.06789623200893402
4 12 0.0398884154856205
5 8 0.050768762826919556
6 3 0.03886549547314644
7 11 0.06004863604903221
8 7 0.04854726791381836
9 5 0.05617934837937355
10 10 0.057174500077962875
11 1 0.05630173161625862
12 12 0.05624953284859657
5 5
0 0 0.07248285412788391
1 1 0.07558784633874893
2 2 0.10277345031499863
3 1 0.07171207666397095
4 2 0.11954519152641296
64 files, 14 corrects, accuracy = 0.21875
epoch 16
5 5
0 0 0.08783867955207825
1 3 0.07059092074632645
2 3 0.09042104333639145
3 4 0.07013070583343506
4 0 0.08734855055809021
4 4
0 2 0.14796580374240875
1 1 0.11732606589794159
2 2 0.11828368157148361
3 2 0.231123685836792
6 6
0 4 0.06617293506860733
1 0 0.06295838952064514
2 1 0.04908740147948265
3 1 0.04827479273080826
4 3 0.06251674890518188
5 5 0.07578513771295547
5 5
0 2 0.03273354098200798
1 1 0.0353052094578743
2 2 0.05848750099539757
3 0 0.08130183070898056
4 2 0.06402118504047394
6 6
0 1 0.12311044335365295
1 1 0.05376584082841873
2 1 0.1235881969332695
3 0 0.09775544703006744
4 2 0.07366305589675903
5 1 0.051722053438425064
7 7
0 2 0.10093466937541962
1 2 0.06431761384010315
2 2 0.10210897028446198
3 2 0.08614397794008255
4 2 0.07694973051548004
5 0 0.16996407508850098
6 0 0.05611131340265274
7 7
0 0 0.03237292915582657
1 3 0.04025374352931976
2 5 0.0755811482667923
3 5 0.10104048997163773
4 5 0.07864834368228912
5 5 0.04809592664241791
6 3 0.07058057934045792
6 6
0 4 0.06051536276936531
1 2 0.07068245857954025
2 3 0.030107177793979645
3 2 0.0710289254784584
4 3 0.05059738829731941
5 4 0.06804226338863373
13 13
0 7 0.04438695311546326
1 2 0.04976656287908554
2 10 0.054125525057315826
3 12 0.06922010332345963
4 12 0.03917880356311798
5 8 0.052557073533535004
6 3 0.041859570890665054
7 11 0.05951894074678421
8 7 0.046095702797174454
9 5 0.05580061301589012
10 10 0.05693100765347481
11 1 0.056199539452791214
12 12 0.05492391809821129
5 5
0 0 0.07402818650007248
1 1 0.0767907202243805
2 2 0.10615682601928711
3 2 0.06987696886062622
4 2 0.1178065836429596
64 files, 15 corrects, accuracy = 0.234375
epoch 17
5 5
0 0 0.08790744841098785
1 3 0.06847117096185684
2 3 0.08728279173374176
3 4 0.06805157661437988
4 0 0.08713265508413315
4 4
0 2 0.14953896403312683
1 1 0.11579961329698563
2 2 0.11942388862371445
3 2 0.2322143167257309
6 6
0 4 0.06905724108219147
1 0 0.06421251595020294
2 1 0.049164339900016785
3 1 0.04827301949262619
4 3 0.06358170509338379
5 5 0.07772263139486313
5 5
0 2 0.03437889367341995
1 1 0.03684234991669655
2 2 0.05655967444181442
3 0 0.08398888260126114
4 2 0.06353802233934402
6 6
0 1 0.1252037137746811
1 1 0.05391869693994522
2 1 0.12361500412225723
3 0 0.09978670626878738
4 2 0.07446377724409103
5 1 0.051595572382211685
7 7
0 2 0.09967389702796936
1 2 0.06607232242822647
2 6 0.10264888405799866
3 2 0.08637265115976334
4 2 0.07868456095457077
5 0 0.16916006803512573
6 0 0.05675069987773895
7 7
0 0 0.03157034143805504
1 3 0.04066825658082962
2 5 0.07656972855329514
3 5 0.10150784254074097
4 5 0.07967495918273926
5 5 0.04878336936235428
6 3 0.07022807747125626
6 6
0 4 0.0627182126045227
1 3 0.07192713022232056
2 3 0.0298153106123209
3 2 0.0729997530579567
4 3 0.050972990691661835
5 4 0.06872648745775223
13 13
0 7 0.04466233029961586
1 2 0.049082107841968536
2 10 0.05269743129611015
3 12 0.06995507329702377
4 12 0.039953988045454025
5 8 0.051666997373104095
6 3 0.041045479476451874
7 11 0.05929292365908623
8 7 0.047629110515117645
9 5 0.05568606033921242
10 10 0.056972529739141464
11 1 0.05594335123896599
12 12 0.05659497156739235
5 5
0 0 0.06916543841362
1 1 0.07665679603815079
2 2 0.10510559380054474
3 2 0.07108983397483826
4 2 0.11787230521440506
64 files, 14 corrects, accuracy = 0.21875
epoch 18
5 5
0 0 0.08840949088335037
1 3 0.06975825130939484
2 3 0.08722677081823349
3 4 0.06540582329034805
4 0 0.087031289935112
4 4
0 2 0.1495661586523056
1 1 0.11620096862316132
2 2 0.11962683498859406
3 2 0.23127560317516327
6 6
0 4 0.06957077980041504
1 0 0.06621085107326508
2 1 0.048342932015657425
3 1 0.047605421394109726
4 3 0.06389515846967697
5 5 0.07862146943807602
5 5
0 2 0.033992186188697815
1 1 0.03685110807418823
2 2 0.056538671255111694
3 0 0.08234554529190063
4 2 0.06389986723661423
6 6
0 1 0.1252816766500473
1 1 0.053802069276571274
2 1 0.12338198721408844
3 0 0.10461229830980301
4 2 0.0735626295208931
5 1 0.05039050057530403
7 7
0 2 0.10000194609165192
1 2 0.06920282542705536
2 2 0.10428343713283539
3 2 0.08794967085123062
4 2 0.08508998900651932
5 0 0.17196497321128845
6 0 0.05612295866012573
7 7
0 0 0.03116983361542225
1 3 0.04152461513876915
2 5 0.07730453461408615
3 5 0.10004129260778427
4 5 0.08029896020889282
5 5 0.048715751618146896
6 3 0.06891199946403503
6 6
0 4 0.06251460313796997
1 3 0.07207782566547394
2 3 0.02935088984668255
3 2 0.07409635186195374
4 3 0.05081556737422943
5 4 0.06808244436979294
13 13
0 7 0.04559088498353958
1 2 0.04939521104097366
2 10 0.052702829241752625
3 7 0.06926920264959335
4 12 0.039591435343027115
5 8 0.051318731158971786
6 3 0.04005950316786766
7 11 0.060620278120040894
8 5 0.04774558171629906
9 5 0.05525293946266174
10 10 0.05863412842154503
11 1 0.05694551765918732
12 12 0.056296251714229584
5 5
0 0 0.06359336525201797
1 1 0.0768037661910057
2 2 0.10433273762464523
3 1 0.07115370035171509
4 2 0.11799198389053345
64 files, 15 corrects, accuracy = 0.234375
epoch 19
5 5
0 0 0.08879656344652176
1 3 0.07117271423339844
2 3 0.08799339085817337
3 4 0.0692407563328743
4 0 0.08878353983163834
4 4
0 2 0.1469077616930008
1 1 0.11583228409290314
2 2 0.11774776130914688
3 2 0.23166973888874054
6 6
0 4 0.06721309572458267
1 0 0.06364105641841888
2 1 0.049234505742788315
3 1 0.04862219840288162
4 3 0.06306178122758865
5 5 0.07612228393554688
5 5
0 2 0.03378982096910477
1 1 0.03391409292817116
2 2 0.05680716037750244
3 0 0.08434262126684189
4 2 0.06370244175195694
6 6
0 1 0.12347748130559921
1 1 0.05652417615056038
2 1 0.12309479713439941
3 0 0.09913358092308044
4 2 0.07541073113679886
5 1 0.05201183632016182
7 7
0 2 0.0993209257721901
1 2 0.06329914182424545
2 6 0.10075735300779343
3 2 0.08590348064899445
4 2 0.07513324171304703
5 0 0.16629447042942047
6 0 0.05575918033719063
7 7
0 0 0.031005755066871643
1 3 0.04055400565266609
2 5 0.07411888986825943
3 5 0.10053669661283493
4 5 0.07791939377784729
5 5 0.04682056978344917
6 3 0.06949589401483536
6 6
0 4 0.06241444870829582
1 3 0.0701918974518776
2 3 0.03079099953174591
3 2 0.07339663803577423
4 3 0.05077590048313141
5 4 0.06898335367441177
13 13
0 7 0.04496375471353531
1 2 0.04918631911277771
2 10 0.05330030992627144
3 12 0.07105378806591034
4 12 0.03967874124646187
5 8 0.052488528192043304
6 2 0.041399985551834106
7 11 0.06011148914694786
8 7 0.04502026364207268
9 5 0.05554630979895592
10 10 0.05912720412015915
11 1 0.05698727071285248
12 12 0.05651988461613655
5 5
0 0 0.07028953731060028
1 1 0.07647056132555008
2 2 0.10326436907052994
3 1 0.06920939683914185
4 2 0.11904604732990265
64 files, 14 corrects, accuracy = 0.21875
epoch 20
5 5
0 2 0.03814942017197609
1 3 0.04226501286029816
2 3 0.05640275403857231
3 3 0.074677012860775
4 3 0.04655340313911438
4 4
0 1 0.11048772931098938
1 1 0.09813939779996872
2 2 0.03924011439085007
3 3 0.09350963681936264
6 6
0 1 0.029695553705096245
1 5 0.0594203807413578
2 2 0.051809873431921005
3 2 0.042077645659446716
4 4 0.10009850561618805
5 1 0.042116791009902954
5 5
0 0 0.04930802807211876
1 1 0.01592671126127243
2 0 0.04824059084057808
3 3 0.05522368848323822
4 0 0.027413958683609962
6 6
0 0 0.10566464066505432
1 1 0.054731350392103195
2 2 0.05747067928314209
3 2 0.05441448464989662
4 1 0.08175933361053467
5 0 0.11077792197465897
7 7
0 0 0.06781923025846481
1 2 0.06924284249544144
2 6 0.06418603658676147
3 4 0.0675613284111023
4 2 0.06592103838920593
5 2 0.057272862643003464
6 2 0.04251732677221298
7 7
0 0 0.06872822344303131
1 6 0.030210763216018677
2 6 0.05084587261080742
3 5 0.05884609743952751
4 6 0.05759625881910324
5 6 0.042534083127975464
6 6 0.07100987434387207
6 6
0 1 0.056771256029605865
1 4 0.03796881437301636
2 4 0.056554462760686874
3 5 0.04970650002360344
4 4 0.04678494483232498
5 1 0.056655965745449066
13 13
0 1 0.035508230328559875
1 11 0.05631894990801811
2 11 0.03996576368808746
3 5 0.02285916730761528
4 10 0.03651290014386177
5 1 0.06386828422546387
6 9 0.04871102795004845
7 5 0.03811710700392723
8 5 0.028301279991865158
9 11 0.029269084334373474
10 10 0.2961924374103546
11 5 0.09301713109016418
12 5 0.03919912129640579
5 5
0 0 0.03168841823935509
1 1 0.06215805932879448
2 2 0.04951808601617813
3 2 0.04877937212586403
4 4 0.08427516371011734
64 files, 21 corrects, accuracy = 0.328125
epoch 21
5 5
0 0 0.03532847389578819
1 3 0.03535282611846924
2 4 0.05704547464847565
3 4 0.0708966851234436
4 0 0.07519040256738663
4 4
0 1 0.15727250277996063
1 1 0.1171514168381691
2 1 0.14301110804080963
3 1 0.08332715928554535
6 6
0 0 0.10082288086414337
1 1 0.048139285296201706
2 2 0.07503855228424072
3 2 0.0591328926384449
4 3 0.06372371315956116
5 1 0.05584639310836792
5 5
0 0 0.06417699158191681
1 3 0.03130354359745979
2 2 0.07289595156908035
3 2 0.05318490415811539
4 2 0.06564637273550034
6 6
0 1 0.11420639604330063
1 2 0.09927146136760712
2 1 0.10106935352087021
3 1 0.07896082103252411
4 1 0.06789970397949219
5 1 0.09689933061599731
7 7
0 5 0.047860484570264816
1 5 0.08804850280284882
2 5 0.08229874819517136
3 0 0.06743981689214706
4 1 0.0828532874584198
5 0 0.12148529291152954
6 0 0.04827991873025894
7 7
0 3 0.03195450082421303
1 5 0.05039580538868904
2 4 0.09872017800807953
3 5 0.07802815735340118
4 4 0.09136161208152771
5 6 0.0595066212117672
6 5 0.07462436705827713
6 6
0 3 0.03328384831547737
1 2 0.04764802008867264
2 4 0.05123366415500641
3 2 0.06088097020983696
4 3 0.04505598545074463
5 3 0.05998050048947334
13 13
0 5 0.05216475576162338
1 11 0.06283383071422577
2 11 0.04131057485938072
3 7 0.056564752012491226
4 10 0.04057248681783676
5 5 0.06275778263807297
6 11 0.05679239705204964
7 1 0.057536035776138306
8 3 0.027056099846959114
9 12 0.03710455074906349
10 1 0.14264491200447083
11 4 0.16304175555706024
12 11 0.04941883310675621
5 5
0 0 0.06999135762453079
1 4 0.05038588494062424
2 1 0.03171422705054283
3 2 0.09071918576955795
4 4 0.0984688401222229
64 files, 11 corrects, accuracy = 0.171875
epoch 22
5 5
0 2 0.06995590031147003
1 3 0.058488879352808
2 3 0.07523905485868454
3 3 0.09203314036130905
4 3 0.08728926628828049
4 4
0 3 0.05314971134066582
1 0 0.09768553078174591
2 3 0.12586228549480438
3 0 0.07311311364173889
6 6
0 0 0.09917726367712021
1 0 0.07032125443220139
2 1 0.03762323036789894
3 1 0.04053465649485588
4 1 0.06776662915945053
5 2 0.07914120703935623
5 5
0 0 0.06516758352518082
1 1 0.017888739705085754
2 2 0.10536929965019226
3 2 0.06976199150085449
4 2 0.07513687759637833
6 6
0 2 0.05431332439184189
1 2 0.1450035721063614
2 2 0.07018205523490906
3 1 0.07097175717353821
4 2 0.06734335422515869
5 2 0.09381342679262161
7 7
0 0 0.05143505334854126
1 0 0.07460860908031464
2 0 0.06983676552772522
3 0 0.05381082370877266
4 0 0.09347303956747055
5 1 0.07605619728565216
6 0 0.05899159237742424
7 7
0 1 0.0771794319152832
1 1 0.06050321087241173
2 1 0.06415470689535141
3 1 0.08248475193977356
4 1 0.06883525103330612
5 1 0.04574436694383621
6 1 0.04442587122321129
6 6
0 2 0.03750789910554886
1 0 0.04128497838973999
2 1 0.03817762807011604
3 2 0.07727189362049103
4 2 0.09914261847734451
5 1 0.057434387505054474
13 13
0 8 0.036142416298389435
1 5 0.04912688583135605
2 6 0.06047191098332405
3 5 0.03816777467727661
4 7 0.031677667051553726
5 8 0.03858666867017746
6 10 0.05873924866318703
7 6 0.06111758574843407
8 7 0.03756529837846756
9 3 0.07017961889505386
10 10 0.05888185277581215
11 11 0.06054084375500679
12 8 0.03081905096769333
5 5
0 0 0.08861257135868073
1 0 0.10357844084501266
2 0 0.07379666715860367
3 0 0.20098817348480225
4 0 0.0658964142203331
64 files, 11 corrects, accuracy = 0.171875
epoch 23
5 5
0 2 0.06340868026018143
1 3 0.06289640069007874
2 3 0.07257653027772903
3 3 0.09727510809898376
4 3 0.08971909433603287
4 4
0 3 0.05173597112298012
1 0 0.09784199297428131
2 3 0.12665411829948425
3 0 0.07344941049814224
6 6
0 0 0.10136144608259201
1 0 0.0712227001786232
2 1 0.04071831703186035
3 1 0.04199250042438507
4 1 0.06803978979587555
5 2 0.0786026120185852
5 5
0 0 0.06236056983470917
1 1 0.017673484981060028
2 2 0.1043332889676094
3 2 0.0699383094906807
4 2 0.07348204404115677
6 6
0 2 0.060156211256980896
1 2 0.14654307067394257
2 2 0.07710950821638107
3 1 0.07052288949489594
4 2 0.07535862177610397
5 4 0.09568065404891968
7 7
0 0 0.05687563493847847
1 0 0.07606317102909088
2 0 0.07153570652008057
3 0 0.049825772643089294
4 0 0.09634792059659958
5 1 0.07642754167318344
6 0 0.05529509112238884
7 7
0 1 0.07733773440122604
1 1 0.061607424169778824
2 1 0.06385736912488937
3 1 0.08298319578170776
4 1 0.06852667033672333
5 1 0.04470141977071762
6 1 0.044563740491867065
6 6
0 2 0.03799578174948692
1 0 0.04027819260954857
2 5 0.03970826789736748
3 0 0.07981602847576141
4 2 0.09393338114023209
5 1 0.057264022529125214
13 13
0 8 0.037448953837156296
1 5 0.05037739500403404
2 6 0.061655353754758835
3 5 0.03945791721343994
4 7 0.03121945634484291
5 8 0.03815081715583801
6 10 0.059477902948856354
7 6 0.062217578291893005
8 7 0.03743401914834976
9 3 0.07446015626192093
10 10 0.06130785495042801
11 11 0.06163756921887398
12 8 0.032343264669179916
5 5
0 0 0.08713904023170471
1 0 0.10704182833433151
2 0 0.0752086415886879
3 0 0.2065020352602005
4 0 0.06822654604911804
64 files, 11 corrects, accuracy = 0.171875
epoch 24
5 5
0 2 0.049778856337070465
1 1 0.03269529342651367
2 2 0.06940271705389023
3 3 0.05652269721031189
4 1 0.0810096487402916
4 4
0 3 0.0653206929564476
1 0 0.1508273184299469
2 0 0.11245282739400864
3 3 0.04323484003543854
6 6
0 3 0.044334396719932556
1 0 0.036647602915763855
2 2 0.026428818702697754
3 2 0.024782683700323105
4 5 0.05740533024072647
5 0 0.02899361588060856
5 5
0 1 0.029812650755047798
1 1 0.047214899212121964
2 3 0.0539897195994854
3 0 0.051345549523830414
4 0 0.05243060737848282
6 6
0 5 0.11009161174297333
1 0 0.10932550579309464
2 2 0.058422088623046875
3 1 0.05789195001125336
4 2 0.07014483958482742
5 1 0.0670691728591919
7 7
0 3 0.04193145036697388
1 1 0.029930826276540756
2 5 0.03243671730160713
3 5 0.059146057814359665
4 3 0.03378498554229736
5 5 0.03270239382982254
6 2 0.030803771689534187
7 7
0 0 0.05275360122323036
1 1 0.062383055686950684
2 3 0.04950014874339104
3 3 0.058933939784765244
4 3 0.04582978039979935
5 3 0.06285885721445084
6 3 0.0730476826429367
6 6
0 1 0.14094685018062592
1 4 0.04891050234436989
2 1 0.03111320734024048
3 3 0.03596014156937599
4 4 0.05051155388355255
5 1 0.04049953073263168
13 13
0 9 0.05055402219295502
1 6 0.043840449303388596
2 11 0.04838874936103821
3 9 0.038434773683547974
4 4 0.04073650762438774
5 10 0.10064597427845001
6 10 0.04082448408007622
7 10 0.0570964552462101
8 7 0.03418849781155586
9 4 0.053491972386837006
10 10 0.03921601176261902
11 11 0.1053401380777359
12 11 0.05337679758667946
5 5
0 1 0.03818009793758392
1 2 0.06733788549900055
2 0 0.04331075772643089
3 3 0.042095672339200974
4 3 0.03685443475842476
64 files, 18 corrects, accuracy = 0.28125
epoch 25
5 5
0 0 0.05060027539730072
1 1 0.028755145147442818
2 2 0.03688974678516388
3 2 0.1455794870853424
4 2 0.1185702309012413
4 4
0 2 0.10118721425533295
1 2 0.08079618215560913
2 2 0.17349664866924286
3 2 0.09140688925981522
6 6
0 5 0.16214554011821747
1 0 0.08645685017108917
2 2 0.036303259432315826
3 1 0.0348021499812603
4 2 0.10202242434024811
5 5 0.039105456322431564
5 5
0 2 0.06340349465608597
1 1 0.02862587384879589
2 1 0.09183591604232788
3 1 0.06293018907308578
4 1 0.0715964213013649
6 6
0 1 0.11588607728481293
1 2 0.06879085302352905
2 1 0.09084502607584
3 4 0.13165727257728577
4 4 0.1271073818206787
5 1 0.04654493182897568
7 7
0 5 0.06660251319408417
1 0 0.12200138717889786
2 0 0.06551527976989746
3 0 0.09112658351659775
4 0 0.1038973331451416
5 5 0.059504467993974686
6 0 0.06442882865667343
7 7
0 5 0.030343029648065567
1 0 0.051780566573143005
2 5 0.060266438871622086
3 5 0.08675031363964081
4 5 0.0654507502913475
5 0 0.06462568789720535
6 5 0.06559239327907562
6 6
0 3 0.03512689098715782
1 5 0.057010434567928314
2 4 0.02824883908033371
3 2 0.05174662917852402
4 4 0.037616606801748276
5 1 0.043584298342466354
13 13
0 8 0.03619435429573059
1 10 0.05013604834675789
2 3 0.031864505261182785
3 2 0.03569912537932396
4 4 0.057035259902477264
5 6 0.019303230568766594
6 2 0.0554485060274601
7 10 0.08746203035116196
8 2 0.03890225663781166
9 4 0.048710599541664124
10 11 0.06847328692674637
11 10 0.08329740166664124
12 2 0.03992766514420509
5 5
0 1 0.19931648671627045
1 1 0.059015125036239624
2 1 0.11870745569467545
3 1 0.2594584822654724
4 1 0.19252437353134155
64 files, 12 corrects, accuracy = 0.1875
epoch 26
5 5
0 0 0.049697939306497574
1 1 0.027921777218580246
2 2 0.036760445684194565
3 2 0.15048131346702576
4 2 0.11939727514982224
4 4
0 2 0.09481767565011978
1 2 0.0813317820429802
2 2 0.16415756940841675
3 2 0.09760521352291107
6 6
0 5 0.1619800627231598
1 0 0.08573668450117111
2 2 0.035949815064668655
3 1 0.03464047983288765
4 2 0.0992124006152153
5 5 0.038385652005672455
5 5
0 2 0.06124408170580864
1 1 0.028446586802601814
2 1 0.09395835548639297
3 1 0.06352981925010681
4 1 0.07033936679363251
6 6
0 1 0.12232387065887451
1 2 0.0728171095252037
2 1 0.0944020003080368
3 4 0.1267414540052414
4 4 0.12339489907026291
5 1 0.04900041222572327
7 7
0 5 0.06015711650252342
1 0 0.12533140182495117
2 0 0.06834344565868378
3 0 0.09072645008563995
4 0 0.11199218779802322
5 5 0.0624554306268692
6 0 0.06267152726650238
7 7
0 5 0.028989821672439575
1 0 0.05275031924247742
2 5 0.057733651250600815
3 5 0.08778679370880127
4 5 0.06200769171118736
5 5 0.06310687214136124
6 5 0.06325659155845642
6 6
0 3 0.03679433837532997
1 5 0.05536676198244095
2 4 0.030094599351286888
3 2 0.051409292966127396
4 4 0.035890329629182816
5 1 0.04447886720299721
13 13
0 8 0.03643304109573364
1 10 0.05108794569969177
2 3 0.03347328305244446
3 2 0.03091956302523613
4 4 0.05651886388659477
5 6 0.018345743417739868
6 2 0.05354980379343033
7 10 0.08453689515590668
8 2 0.04040658473968506
9 4 0.04864940419793129
10 11 0.06948419660329819
11 10 0.08743265271186829
12 2 0.0428093858063221
5 5
0 1 0.20240996778011322
1 1 0.06054343283176422
2 1 0.11931606382131577
3 1 0.2627999782562256
4 1 0.19669109582901
64 files, 13 corrects, accuracy = 0.203125
epoch 27
5 5
0 0 0.05085507035255432
1 1 0.02884446643292904
2 2 0.03779544308781624
3 2 0.14830760657787323
4 2 0.11726703494787216
4 4
0 2 0.09953317791223526
1 2 0.0802965760231018
2 2 0.17060638964176178
3 2 0.09287261962890625
6 6
0 5 0.1645081788301468
1 0 0.08532687276601791
2 2 0.03666814789175987
3 1 0.035086438059806824
4 2 0.10190127044916153
5 5 0.03856036439538002
5 5
0 2 0.062467049807310104
1 3 0.029466284438967705
2 1 0.09207665920257568
3 1 0.0628603994846344
4 1 0.06938059628009796
6 6
0 1 0.12187078595161438
1 2 0.06898128986358643
2 1 0.09396951645612717
3 4 0.12886907160282135
4 4 0.12419624626636505
5 1 0.04754742607474327
7 7
0 5 0.06298791617155075
1 0 0.12289313226938248
2 0 0.06531763076782227
3 0 0.08995477110147476
4 0 0.1042252704501152
5 5 0.06020629033446312
6 0 0.06187108904123306
7 7
0 5 0.030139174312353134
1 0 0.05083116143941879
2 5 0.057286981493234634
3 5 0.0838637575507164
4 5 0.062384773045778275
5 5 0.06379915028810501
6 5 0.06324110180139542
6 6
0 3 0.03544151410460472
1 5 0.056251369416713715
2 4 0.028966223821043968
3 2 0.05214332789182663
4 4 0.03631600737571716
5 1 0.04372621700167656
13 13
0 8 0.036074887961149216
1 10 0.04883059859275818
2 3 0.03309386596083641
3 2 0.034640833735466
4 4 0.05706172436475754
5 6 0.020105302333831787
6 2 0.05497915670275688
7 10 0.09098723530769348
8 2 0.039636123925447464
9 4 0.0490313358604908
10 11 0.07101674377918243
11 10 0.08437230437994003
12 2 0.038849808275699615
5 5
0 1 0.19882288575172424
1 1 0.05922672152519226
2 1 0.11746132373809814
3 1 0.25890541076660156
4 1 0.19473056495189667
64 files, 12 corrects, accuracy = 0.1875
epoch 28
5 5
0 0 0.049521468579769135
1 1 0.027868883684277534
2 2 0.03722020611166954
3 2 0.14568018913269043
4 2 0.1162276342511177
4 4
0 2 0.093280129134655
1 2 0.07924386113882065
2 2 0.16298387944698334
3 2 0.09347690641880035
6 6
0 5 0.16108042001724243
1 0 0.08668794482946396
2 2 0.03654026985168457
3 1 0.03458651155233383
4 2 0.09939155727624893
5 5 0.03820798173546791
5 5
0 2 0.06003212183713913
1 1 0.0295725017786026
2 1 0.09086458384990692
3 1 0.0633600503206253
4 1 0.06985876709222794
6 6
0 1 0.11871754378080368
1 2 0.06963308900594711
2 1 0.09107320010662079
3 4 0.1238558441400528
4 4 0.11905167996883392
5 1 0.045674849301576614
7 7
0 5 0.057568810880184174
1 0 0.1213206946849823
2 0 0.06329316645860672
3 0 0.09008423238992691
4 0 0.1032104641199112
5 5 0.05885249376296997
6 0 0.06136180832982063
7 7
0 5 0.02747572585940361
1 5 0.05183527246117592
2 5 0.05474543944001198
3 5 0.08070356398820877
4 5 0.059551358222961426
5 5 0.06202409788966179
6 5 0.060994695872068405
6 6
0 3 0.03557589277625084
1 5 0.054362259805202484
2 4 0.02923213504254818
3 2 0.050725795328617096
4 4 0.03581242263317108
5 1 0.03990629315376282
13 13
0 8 0.03607381880283356
1 10 0.0482637993991375
2 9 0.03363204374909401
3 2 0.03370819240808487
4 4 0.058787137269973755
5 6 0.018339108675718307
6 2 0.053680047392845154
7 10 0.08822634071111679
8 2 0.03866717591881752
9 4 0.04948430135846138
10 11 0.06898876279592514
11 10 0.08131283521652222
12 2 0.0395333431661129
5 5
0 1 0.1968003213405609
1 1 0.059352193027734756
2 1 0.11699558049440384
3 1 0.26013460755348206
4 1 0.19260410964488983
64 files, 13 corrects, accuracy = 0.203125
epoch 29
5 5
0 0 0.048269644379615784
1 1 0.028016896918416023
2 2 0.0382266566157341
3 2 0.15007011592388153
4 2 0.11752594262361526
4 4
0 2 0.09031938761472702
1 2 0.0816618949174881
2 2 0.1597568839788437
3 2 0.09727251529693604
6 6
0 5 0.15918700397014618
1 0 0.08835045993328094
2 2 0.03788149729371071
3 1 0.035442378371953964
4 2 0.09767284244298935
5 5 0.03713534027338028
5 5
0 2 0.05825366452336311
1 1 0.027581116184592247
2 1 0.09476803988218307
3 1 0.06695203483104706
4 1 0.07182565331459045
6 6
0 1 0.12294421344995499
1 2 0.06952115148305893
2 1 0.09234683960676193
3 4 0.11912357062101364
4 4 0.11238596588373184
5 1 0.048717133700847626
7 7
0 5 0.051143258810043335
1 0 0.11970148980617523
2 0 0.058998219668865204
3 0 0.08860829472541809
4 0 0.10079797357320786
5 5 0.058399468660354614
6 0 0.06028009578585625
7 7
0 5 0.026302319020032883
1 5 0.05106407031416893
2 5 0.053096674382686615
3 5 0.07500914484262466
4 5 0.057030122727155685
5 5 0.06022460386157036
6 5 0.05884309858083725
6 6
0 3 0.037078019231557846
1 5 0.05323882773518562
2 4 0.029004907235503197
3 2 0.0514027439057827
4 4 0.03543253615498543
5 1 0.04144532233476639
13 13
0 8 0.036496177315711975
1 10 0.049116648733615875
2 9 0.03429485857486725
3 2 0.03186572343111038
4 4 0.05958884209394455
5 6 0.018577873706817627
6 2 0.05310429632663727
7 10 0.08768036216497421
8 2 0.039718132466077805
9 4 0.04889361560344696
10 11 0.06844522058963776
11 1 0.08460989594459534
12 2 0.04047839343547821
5 5
0 1 0.19035542011260986
1 1 0.0594298392534256
2 1 0.11577962338924408
3 1 0.2626684010028839
4 1 0.19455304741859436
64 files, 13 corrects, accuracy = 0.203125
epoch 30
_________________________________________________________________
Layer (type)                 Output Shape              Param #   
=================================================================
input_2 (InputLayer)         (None, 224, 224, 3)       0         
_________________________________________________________________
model_1 (Model)              (None, 128)               9893920   
=================================================================
Total params: 9,893,920
Trainable params: 9,875,104
Non-trainable params: 18,816
_________________________________________________________________
Traceback (most recent call last):
  File "tcn_tripletloss_test.py", line 215, in <module>
    test()
  File "tcn_tripletloss_test.py", line 169, in test
    model.load_weights('../../send/weights.{}.hd5'.format(epoch))
  File "/src/keras/engine/topology.py", line 2631, in load_weights
    load_weights_from_hdf5_group(f, self.layers)
  File "/src/keras/engine/topology.py", line 3150, in load_weights_from_hdf5_group
    ' elements.')
ValueError: Layer #0 (named "model_1" in the current model) was found to correspond to layer model_1 in the save file. However the new layer model_1 expects 284 weights, but the saved weights have 204 elements.
Exception ignored in: <bound method BaseSession.__del__ of <tensorflow.python.client.session.Session object at 0x7f20adf89a20>>
Traceback (most recent call last):
  File "/opt/conda/lib/python3.5/site-packages/tensorflow/python/client/session.py", line 696, in __del__
  File "/opt/conda/lib/python3.5/site-packages/tensorflow/python/framework/c_api_util.py", line 30, in __init__
TypeError: 'NoneType' object is not callable
  File "tcn_tripletloss_test.py", line 210
    >>>>>>> 772c560a7e70b1536f3c2552eda6781be2fbec1e
     ^
SyntaxError: invalid syntax
2018-02-02 18:04:16.357580: I tensorflow/core/platform/cpu_feature_guard.cc:137] Your CPU supports instructions that this TensorFlow binary was not compiled to use: SSE4.1 SSE4.2 AVX AVX2 FMA
2018-02-02 18:04:17.390363: I tensorflow/core/common_runtime/gpu/gpu_device.cc:1030] Found device 0 with properties: 
name: GeForce GTX 1080 Ti major: 6 minor: 1 memoryClockRate(GHz): 1.582
pciBusID: 0000:03:00.0
totalMemory: 10.91GiB freeMemory: 10.75GiB
2018-02-02 18:04:17.390489: I tensorflow/core/common_runtime/gpu/gpu_device.cc:1120] Creating TensorFlow device (/device:GPU:0) -> (device: 0, name: GeForce GTX 1080 Ti, pci bus id: 0000:03:00.0, compute capability: 6.1)
Using TensorFlow backend.
tcn_tripletloss_test.py:50: UserWarning: Update your `Model` call to the Keras 2 API: `Model(inputs=Tensor("in..., outputs=Tensor("de...)`
  model = Model(input = inception_model.input, output = x)
tcn_tripletloss_test.py:74: UserWarning: Update your `Model` call to the Keras 2 API: `Model(inputs=Tensor("in..., outputs=Tensor("mo...)`
  return Model(input=input_img, output=out)
_________________________________________________________________
Layer (type)                 Output Shape              Param #   
=================================================================
input_2 (InputLayer)         (None, 224, 224, 3)       0         
_________________________________________________________________
model_1 (Model)              (None, 128)               9893920   
=================================================================
Total params: 9,893,920
Trainable params: 9,875,104
Non-trainable params: 18,816
_________________________________________________________________
Traceback (most recent call last):
  File "tcn_tripletloss_test.py", line 215, in <module>
    test()
  File "tcn_tripletloss_test.py", line 168, in test
    logger.log(30, 'epoch {}'.format(epoch))
NameError: name 'epoch' is not defined
Exception ignored in: <bound method BaseSession.__del__ of <tensorflow.python.client.session.Session object at 0x7f87de848a20>>
Traceback (most recent call last):
  File "/opt/conda/lib/python3.5/site-packages/tensorflow/python/client/session.py", line 696, in __del__
TypeError: 'NoneType' object is not callable
2018-02-06 08:19:21.008765: I tensorflow/core/platform/cpu_feature_guard.cc:137] Your CPU supports instructions that this TensorFlow binary was not compiled to use: SSE4.1 SSE4.2 AVX AVX2 FMA
2018-02-06 08:19:21.458170: I tensorflow/core/common_runtime/gpu/gpu_device.cc:1030] Found device 0 with properties: 
name: GeForce GTX 1080 Ti major: 6 minor: 1 memoryClockRate(GHz): 1.582
pciBusID: 0000:02:00.0
totalMemory: 10.91GiB freeMemory: 10.75GiB
2018-02-06 08:19:21.458277: I tensorflow/core/common_runtime/gpu/gpu_device.cc:1120] Creating TensorFlow device (/device:GPU:0) -> (device: 0, name: GeForce GTX 1080 Ti, pci bus id: 0000:02:00.0, compute capability: 6.1)
Using TensorFlow backend.
tcn_tripletloss_value2.py:102: UserWarning: Update your `Model` call to the Keras 2 API: `Model(outputs=Tensor("de..., inputs=Tensor("in...)`
  model = Model(input = inception_model.input, output = x)
tcn_tripletloss_value2.py:126: UserWarning: Update your `Model` call to the Keras 2 API: `Model(outputs=Tensor("mo..., inputs=Tensor("in...)`
  return Model(input=input_img, output=out)
0 75090
flist_v2 0
flist_v2 100
flist_v2 200
flist_v2 300
flist_v2 400
flist_v2 500
flist_v2 600
flist_v2 700
flist_v2 800
flist_v2 900
flist_v2 1000
flist_v2 1100
flist_v2 1200
flist_v2 1300
flist_v2 1400
flist_v2 1500
flist_v2 1600
flist_v2 1700
flist_v2 1800
flist_v2 1900
flist_v2 2000
flist_v2 2100
flist_v2 2200
flist_v2 2300
flist_v2 2400
flist_v2 2500
flist_v2 2600
flist_v2 2700
flist_v2 2800
flist_v2 2900
flist_v2 3000
flist_v2 3100
flist_v2 3200
flist_v2 3300
flist_v2 3400
flist_v2 3500
flist_v2 3600
flist_v2 3700
flist_v2 3800
flist_v2 3900
flist_v2 4000
flist_v2 4100
flist_v2 4200
flist_v2 4300
flist_v2 4400
flist_v2 4500
flist_v2 4600
flist_v2 4700
flist_v2 4800
flist_v2 4900
flist_v2 5000
flist_v2 5100
flist_v2 5200
flist_v2 5300
flist_v2 5400
flist_v2 5500
flist_v2 5600
flist_v2 5700
flist_v2 5800
flist_v2 5900
flist_v2 6000
flist_v2 6100
flist_v2 6200
flist_v2 6300
flist_v2 6400
flist_v2 6500
flist_v2 6600
flist_v2 6700
flist_v2 6800
flist_v2 6900
flist_v2 7000
flist_v2 7100
flist_v2 7200
flist_v2 7300
flist_v2 7400
flist_v2 7500
flist_v2 7600
flist_v2 7700
flist_v2 7800
flist_v2 7900
flist_v2 8000
flist_v2 8100
flist_v2 8200
flist_v2 8300
flist_v2 8400
flist_v2 8500
flist_v2 8600
flist_v2 8700
flist_v2 8800
flist_v2 8900
flist_v2 9000
flist_v2 9100
flist_v2 9200
flist_v2 9300
flist_v2 9400
flist_v2 9500
flist_v2 9600
flist_v2 9700
flist_v2 9800
flist_v2 9900
flist_v2 10000
flist_v2 10100
flist_v2 10200
flist_v2 10300
flist_v2 10400
flist_v2 10500
flist_v2 10600
flist_v2 10700
flist_v2 10800
flist_v2 10900
flist_v2 11000
flist_v2 11100
flist_v2 11200
flist_v2 11300
flist_v2 11400
flist_v2 11500
flist_v2 11600
flist_v2 11700
flist_v2 11800
flist_v2 11900
flist_v2 12000
flist_v2 12100
flist_v2 12200
flist_v2 12300
flist_v2 12400
flist_v2 12500
flist_v2 12600
flist_v2 12700
flist_v2 12800
flist_v2 12900
flist_v2 13000
flist_v2 13100
flist_v2 13200
flist_v2 13300
flist_v2 13400
flist_v2 13500
flist_v2 13600
flist_v2 13700
flist_v2 13800
flist_v2 13900
flist_v2 14000
flist_v2 14100
flist_v2 14200
flist_v2 14300
flist_v2 14400
flist_v2 14500
flist_v2 14600
flist_v2 14700
flist_v2 14800
flist_v2 14900
flist_v2 15000
flist_v2 15100
flist_v2 15200
flist_v2 15300
flist_v2 15400
flist_v2 15500
flist_v2 15600
flist_v2 15700
flist_v2 15800
flist_v2 15900
flist_v2 16000
flist_v2 16100
flist_v2 16200
flist_v2 16300
flist_v2 16400
flist_v2 16500
flist_v2 16600
flist_v2 16700
flist_v2 16800
flist_v2 16900
flist_v2 17000
flist_v2 17100
flist_v2 17200
flist_v2 17300
flist_v2 17400
flist_v2 17500
flist_v2 17600
flist_v2 17700
flist_v2 17800
flist_v2 17900
flist_v2 18000
flist_v2 18100
flist_v2 18200
flist_v2 18300
flist_v2 18400
flist_v2 18500
flist_v2 18600
flist_v2 18700
flist_v2 18800
flist_v2 18900
flist_v2 19000
flist_v2 19100
flist_v2 19200
flist_v2 19300
flist_v2 19400
flist_v2 19500
flist_v2 19600
flist_v2 19700
flist_v2 19800
flist_v2 19900
flist_v2 20000
flist_v2 20100
flist_v2 20200
flist_v2 20300
flist_v2 20400
flist_v2 20500
flist_v2 20600
flist_v2 20700
flist_v2 20800
flist_v2 20900
flist_v2 21000
flist_v2 21100
flist_v2 21200
flist_v2 21300
flist_v2 21400
flist_v2 21500
flist_v2 21600
flist_v2 21700
flist_v2 21800
flist_v2 21900
flist_v2 22000
flist_v2 22100
flist_v2 22200
flist_v2 22300
flist_v2 22400
flist_v2 22500
flist_v2 22600
flist_v2 22700
flist_v2 22800
flist_v2 22900
flist_v2 23000
flist_v2 23100
flist_v2 23200
flist_v2 23300
flist_v2 23400
flist_v2 23500
flist_v2 23600
flist_v2 23700
flist_v2 23800
flist_v2 23900
flist_v2 24000
flist_v2 24100
flist_v2 24200
flist_v2 24300
flist_v2 24400
flist_v2 24500
flist_v2 24600
flist_v2 24700
flist_v2 24800
flist_v2 24900
flist_v2 25000
flist_v2 25100
flist_v2 25200
flist_v2 25300
flist_v2 25400
flist_v2 25500
flist_v2 25600
flist_v2 25700
flist_v2 25800
flist_v2 25900
flist_v2 26000
flist_v2 26100
flist_v2 26200
flist_v2 26300
flist_v2 26400
flist_v2 26500
flist_v2 26600
flist_v2 26700
flist_v2 26800
flist_v2 26900
flist_v2 27000
flist_v2 27100
flist_v2 27200
flist_v2 27300
flist_v2 27400
flist_v2 27500
flist_v2 27600
flist_v2 27700
flist_v2 27800
flist_v2 27900
flist_v2 28000
flist_v2 28100
flist_v2 28200
flist_v2 28300
flist_v2 28400
flist_v2 28500
flist_v2 28600
flist_v2 28700
flist_v2 28800
flist_v2 28900
flist_v2 29000
flist_v2 29100
flist_v2 29200
flist_v2 29300
flist_v2 29400
flist_v2 29500
flist_v2 29600
flist_v2 29700
flist_v2 29800
flist_v2 29900
flist_v2 30000
flist_v2 30100
flist_v2 30200
flist_v2 30300
flist_v2 30400
flist_v2 30500
flist_v2 30600
flist_v2 30700
flist_v2 30800
flist_v2 30900
flist_v2 31000
flist_v2 31100
flist_v2 31200
flist_v2 31300
flist_v2 31400
flist_v2 31500
flist_v2 31600
flist_v2 31700
flist_v2 31800
flist_v2 31900
flist_v2 32000
flist_v2 32100
flist_v2 32200
flist_v2 32300
flist_v2 32400
flist_v2 32500
flist_v2 32600
flist_v2 32700
flist_v2 32800
flist_v2 32900
flist_v2 33000
flist_v2 33100
flist_v2 33200
flist_v2 33300
flist_v2 33400
flist_v2 33500
flist_v2 33600
flist_v2 33700
flist_v2 33800
flist_v2 33900
flist_v2 34000
flist_v2 34100
flist_v2 34200
flist_v2 34300
flist_v2 34400
flist_v2 34500
flist_v2 34600
flist_v2 34700
flist_v2 34800
flist_v2 34900
flist_v2 35000
flist_v2 35100
flist_v2 35200
flist_v2 35300
flist_v2 35400
flist_v2 35500
flist_v2 35600
flist_v2 35700
flist_v2 35800
flist_v2 35900
flist_v2 36000
flist_v2 36100
flist_v2 36200
flist_v2 36300
flist_v2 36400
flist_v2 36500
flist_v2 36600
flist_v2 36700
flist_v2 36800
flist_v2 36900
flist_v2 37000
flist_v2 37100
flist_v2 37200
flist_v2 37300
flist_v2 37400
flist_v2 37500
flist_v2 37600
flist_v2 37700
flist_v2 37800
flist_v2 37900
flist_v2 38000
flist_v2 38100
flist_v2 38200
flist_v2 38300
flist_v2 38400
flist_v2 38500
flist_v2 38600
flist_v2 38700
flist_v2 38800
flist_v2 38900
flist_v2 39000
flist_v2 39100
flist_v2 39200
flist_v2 39300
flist_v2 39400
flist_v2 39500
flist_v2 39600
flist_v2 39700
flist_v2 39800
flist_v2 39900
flist_v2 40000
flist_v2 40100
flist_v2 40200
flist_v2 40300
flist_v2 40400
flist_v2 40500
flist_v2 40600
flist_v2 40700
flist_v2 40800
flist_v2 40900
flist_v2 41000
flist_v2 41100
flist_v2 41200
flist_v2 41300
flist_v2 41400
flist_v2 41500
flist_v2 41600
flist_v2 41700
flist_v2 41800
flist_v2 41900
flist_v2 42000
flist_v2 42100
flist_v2 42200
flist_v2 42300
flist_v2 42400
flist_v2 42500
flist_v2 42600
flist_v2 42700
flist_v2 42800
flist_v2 42900
flist_v2 43000
flist_v2 43100
flist_v2 43200
flist_v2 43300
flist_v2 43400
flist_v2 43500
flist_v2 43600
flist_v2 43700
flist_v2 43800
flist_v2 43900
flist_v2 44000
flist_v2 44100
flist_v2 44200
flist_v2 44300
flist_v2 44400
flist_v2 44500
flist_v2 44600
flist_v2 44700
flist_v2 44800
flist_v2 44900
flist_v2 45000
flist_v2 45100
flist_v2 45200
flist_v2 45300
flist_v2 45400
flist_v2 45500
flist_v2 45600
flist_v2 45700
flist_v2 45800
flist_v2 45900
flist_v2 46000
flist_v2 46100
flist_v2 46200
flist_v2 46300
flist_v2 46400
flist_v2 46500
flist_v2 46600
flist_v2 46700
flist_v2 46800
flist_v2 46900
flist_v2 47000
flist_v2 47100
flist_v2 47200
flist_v2 47300
flist_v2 47400
flist_v2 47500
flist_v2 47600
flist_v2 47700
flist_v2 47800
flist_v2 47900
flist_v2 48000
flist_v2 48100
flist_v2 48200
flist_v2 48300
flist_v2 48400
flist_v2 48500
flist_v2 48600
flist_v2 48700
flist_v2 48800
flist_v2 48900
flist_v2 49000
flist_v2 49100
flist_v2 49200
flist_v2 49300
flist_v2 49400
flist_v2 49500
flist_v2 49600
flist_v2 49700
flist_v2 49800
flist_v2 49900
flist_v2 50000
flist_v2 50100
flist_v2 50200
flist_v2 50300
flist_v2 50400
flist_v2 50500
flist_v2 50600
flist_v2 50700
flist_v2 50800
flist_v2 50900
flist_v2 51000
flist_v2 51100
flist_v2 51200
flist_v2 51300
flist_v2 51400
flist_v2 51500
flist_v2 51600
flist_v2 51700
flist_v2 51800
flist_v2 51900
flist_v2 52000
flist_v2 52100
flist_v2 52200
flist_v2 52300
flist_v2 52400
flist_v2 52500
flist_v2 52600
flist_v2 52700
flist_v2 52800
flist_v2 52900
flist_v2 53000
flist_v2 53100
flist_v2 53200
flist_v2 53300
flist_v2 53400
flist_v2 53500
flist_v2 53600
flist_v2 53700
flist_v2 53800
flist_v2 53900
flist_v2 54000
flist_v2 54100
flist_v2 54200
flist_v2 54300
flist_v2 54400
flist_v2 54500
flist_v2 54600
flist_v2 54700
flist_v2 54800
flist_v2 54900
flist_v2 55000
flist_v2 55100
flist_v2 55200
flist_v2 55300
flist_v2 55400
flist_v2 55500
flist_v2 55600
flist_v2 55700
flist_v2 55800
flist_v2 55900
flist_v2 56000
flist_v2 56100
flist_v2 56200
flist_v2 56300
flist_v2 56400
flist_v2 56500
flist_v2 56600
flist_v2 56700
flist_v2 56800
flist_v2 56900
flist_v2 57000
flist_v2 57100
flist_v2 57200
flist_v2 57300
flist_v2 57400
flist_v2 57500
flist_v2 57600
flist_v2 57700
flist_v2 57800
flist_v2 57900
flist_v2 58000
flist_v2 58100
flist_v2 58200
flist_v2 58300
flist_v2 58400
flist_v2 58500
flist_v2 58600
flist_v2 58700
flist_v2 58800
flist_v2 58900
flist_v2 59000
flist_v2 59100
flist_v2 59200
flist_v2 59300
flist_v2 59400
flist_v2 59500
flist_v2 59600
flist_v2 59700
flist_v2 59800
flist_v2 59900
flist_v2 60000
flist_v2 60100
flist_v2 60200
flist_v2 60300
flist_v2 60400
flist_v2 60500
flist_v2 60600
flist_v2 60700
flist_v2 60800
flist_v2 60900
flist_v2 61000
flist_v2 61100
flist_v2 61200
flist_v2 61300
flist_v2 61400
flist_v2 61500
flist_v2 61600
flist_v2 61700
flist_v2 61800
flist_v2 61900
flist_v2 62000
flist_v2 62100
flist_v2 62200
flist_v2 62300
flist_v2 62400
flist_v2 62500
flist_v2 62600
flist_v2 62700
flist_v2 62800
flist_v2 62900
flist_v2 63000
flist_v2 63100
flist_v2 63200
flist_v2 63300
flist_v2 63400
flist_v2 63500
flist_v2 63600
flist_v2 63700
flist_v2 63800
flist_v2 63900
flist_v2 64000
flist_v2 64100
flist_v2 64200
flist_v2 64300
flist_v2 64400
flist_v2 64500
flist_v2 64600
flist_v2 64700
flist_v2 64800
flist_v2 64900
flist_v2 65000
flist_v2 65100
flist_v2 65200
flist_v2 65300
flist_v2 65400
flist_v2 65500
flist_v2 65600
flist_v2 65700
flist_v2 65800
flist_v2 65900
flist_v2 66000
flist_v2 66100
flist_v2 66200
flist_v2 66300
flist_v2 66400
flist_v2 66500
flist_v2 66600
flist_v2 66700
flist_v2 66800
flist_v2 66900
flist_v2 67000
flist_v2 67100
flist_v2 67200
flist_v2 67300
flist_v2 67400
flist_v2 67500
flist_v2 67600
flist_v2 67700
flist_v2 67800
flist_v2 67900
flist_v2 68000
flist_v2 68100
flist_v2 68200
flist_v2 68300
flist_v2 68400
flist_v2 68500
flist_v2 68600
flist_v2 68700
flist_v2 68800
flist_v2 68900
flist_v2 69000
flist_v2 69100
flist_v2 69200
flist_v2 69300
flist_v2 69400
flist_v2 69500
flist_v2 69600
flist_v2 69700
flist_v2 69800
flist_v2 69900
flist_v2 70000
flist_v2 70100
flist_v2 70200
flist_v2 70300
flist_v2 70400
flist_v2 70500
flist_v2 70600
flist_v2 70700
flist_v2 70800
flist_v2 70900
flist_v2 71000
flist_v2 71100
flist_v2 71200
flist_v2 71300
flist_v2 71400
flist_v2 71500
flist_v2 71600
flist_v2 71700
flist_v2 71800
flist_v2 71900
flist_v2 72000
flist_v2 72100
flist_v2 72200
flist_v2 72300
flist_v2 72400
flist_v2 72500
flist_v2 72600
flist_v2 72700
flist_v2 72800
flist_v2 72900
flist_v2 73000
flist_v2 73100
flist_v2 73200
flist_v2 73300
flist_v2 73400
flist_v2 73500
flist_v2 73600
flist_v2 73700
flist_v2 73800
flist_v2 73900
flist_v2 74000
flist_v2 74100
flist_v2 74200
flist_v2 74300
flist_v2 74400
flist_v2 74500
flist_v2 74600
flist_v2 74700
flist_v2 74800
flist_v2 74900
flist_v2 75000
_________________________________________________________________
Layer (type)                 Output Shape              Param #   
=================================================================
input_2 (InputLayer)         (None, 224, 224, 3)       0         
_________________________________________________________________
model_1 (Model)              (None, 128)               6057312   
=================================================================
Total params: 6,057,312
Trainable params: 6,045,792
Non-trainable params: 11,520
_________________________________________________________________
[]
[]
Traceback (most recent call last):
  File "tcn_tripletloss_value2.py", line 457, in <module>
    test()
  File "tcn_tripletloss_value2.py", line 432, in test
    path = nx.dijkstra_path(make_tensor(all_distances, len(flist_v1), 12.0), 0, len(flist_v1)*len(flist_v2))
  File "tcn_tripletloss_value2.py", line 209, in make_tensor
    frames = len(all_confidences[0])
IndexError: list index out of range
Exception ignored in: <bound method BaseSession.__del__ of <tensorflow.python.client.session.Session object at 0x7fe8182d0b70>>
Traceback (most recent call last):
  File "/opt/conda/lib/python3.5/site-packages/tensorflow/python/client/session.py", line 696, in __del__
TypeError: 'NoneType' object is not callable
