epoch 01
13 2500
flist_v2 0
flist_v2 500
flist_v2 1000
flist_v2 1500
flist_v2 2000
0 2441 0.06754368543624878
file_index = 73260
../../dataset/RakutenDS/triplet/input/test_anchor/1860001109/01.png
../../dataset/RakutenDS/triplet/Hamburg_mitsuru/Hamburg_mitsuru30_resize/73260.png
rank_dist = [0.08601841330528259, 0.11549580842256546, 0.12284043431282043, 0.13563428819179535, 0.13818620145320892] 
 rank_index = [2409, 2259, 1206, 150, 1656] 
 top5top5_filename=['', '', '', '', '']
1 2423 0.06522069126367569
file_index = 72720
../../dataset/RakutenDS/triplet/input/test_anchor/1860001109/02.png
../../dataset/RakutenDS/triplet/Hamburg_mitsuru/Hamburg_mitsuru30_resize/72720.png
rank_dist = [0.09112440794706345, 0.09571827203035355, 0.10003118216991425, 0.11458595842123032, 0.11515850573778152] 
 rank_index = [1661, 2411, 1811, 1511, 2261] 
 top5top5_filename=['', '', '', '', '']
2 1374 0.07293320447206497
file_index = 41250
../../dataset/RakutenDS/triplet/input/test_anchor/1860001109/03.png
../../dataset/RakutenDS/triplet/Hamburg_mitsuru/Hamburg_mitsuru30_resize/41250.png
rank_dist = [0.08788355439901352, 0.08791135996580124, 0.08936256915330887, 0.08937666565179825, 0.09662744402885437] 
 rank_index = [1811, 1511, 2444, 1661, 1961] 
 top5top5_filename=['', '', '', '', '']
3 407 0.16742558777332306
file_index = 12240
../../dataset/RakutenDS/triplet/input/test_anchor/1860001109/04.png
../../dataset/RakutenDS/triplet/Hamburg_mitsuru/Hamburg_mitsuru30_resize/12240.png
rank_dist = [0.192541241645813, 0.19821812212467194, 0.20131775736808777, 0.20708219707012177, 0.2199871689081192] 
 rank_index = [900, 2390, 300, 750, 150] 
 top5top5_filename=['', '', '', '', '']
4 1787 0.13771246373653412
file_index = 53640
../../dataset/RakutenDS/triplet/input/test_anchor/1860001109/05.png
../../dataset/RakutenDS/triplet/Hamburg_mitsuru/Hamburg_mitsuru30_resize/53640.png
rank_dist = [0.18365837633609772, 0.19700446724891663, 0.2034333348274231, 0.2037816196680069, 0.2044791281223297] 
 rank_index = [2301, 2151, 1380, 150, 1685] 
 top5top5_filename=['', '', '', '', '']
5 1995 0.05334801226854324
file_index = 59880
../../dataset/RakutenDS/triplet/input/test_anchor/1860001109/06.png
../../dataset/RakutenDS/triplet/Hamburg_mitsuru/Hamburg_mitsuru30_resize/59880.png
rank_dist = [0.06526044756174088, 0.0693572536110878, 0.08760888874530792, 0.08772394061088562, 0.09184857457876205] 
 rank_index = [1661, 1811, 1961, 1511, 2472] 
 top5top5_filename=['', '', '', '', '']
6 2446 0.07073481380939484
file_index = 73410
../../dataset/RakutenDS/triplet/input/test_anchor/1860001109/07.png
../../dataset/RakutenDS/triplet/Hamburg_mitsuru/Hamburg_mitsuru30_resize/73410.png
rank_dist = [0.11403420567512512, 0.11847653985023499, 0.1186937689781189, 0.1202666312456131, 0.12382875382900238] 
 rank_index = [1206, 2109, 1656, 2409, 2259] 
 top5top5_filename=['', '', '', '', '']
7 1732 0.050905995070934296
file_index = 51990
../../dataset/RakutenDS/triplet/input/test_anchor/1860001109/08.png
../../dataset/RakutenDS/triplet/Hamburg_mitsuru/Hamburg_mitsuru30_resize/51990.png
rank_dist = [0.07158566266298294, 0.07492872327566147, 0.07653896510601044, 0.07742176949977875, 0.08558748662471771] 
 rank_index = [2142, 1990, 1661, 2296, 2472] 
 top5top5_filename=['', '', '', '', '']
8 96 0.07404900342226028
file_index = 02910
../../dataset/RakutenDS/triplet/input/test_anchor/1860001109/09.png
../../dataset/RakutenDS/triplet/Hamburg_mitsuru/Hamburg_mitsuru30_resize/02910.png
rank_dist = [0.09234923869371414, 0.09345002472400665, 0.10692080110311508, 0.11918720602989197, 0.12309030443429947] 
 rank_index = [2308, 2464, 1132, 150, 2158] 
 top5top5_filename=['', '', '', '', '']
9 2363 0.10204050689935684
file_index = 70920
../../dataset/RakutenDS/triplet/input/test_anchor/1860001109/10.png
../../dataset/RakutenDS/triplet/Hamburg_mitsuru/Hamburg_mitsuru30_resize/70920.png
rank_dist = [0.15902799367904663, 0.16095539927482605, 0.16252778470516205, 0.16481098532676697, 0.16600066423416138] 
 rank_index = [900, 2458, 2145, 1494, 2295] 
 top5top5_filename=['', '', '', '', '']
10 1136 0.06102396547794342
file_index = 34110
../../dataset/RakutenDS/triplet/input/test_anchor/1860001109/11.png
../../dataset/RakutenDS/triplet/Hamburg_mitsuru/Hamburg_mitsuru30_resize/34110.png
rank_dist = [0.10981481522321701, 0.1144067570567131, 0.13116809725761414, 0.13223358988761902, 0.13633322715759277] 
 rank_index = [2291, 2441, 1991, 1666, 2141] 
 top5top5_filename=['', '', '', '', '']
11 948 0.18355536460876465
file_index = 28470
../../dataset/RakutenDS/triplet/input/test_anchor/1860001109/12.png
../../dataset/RakutenDS/triplet/Hamburg_mitsuru/Hamburg_mitsuru30_resize/28470.png
rank_dist = [0.23037269711494446, 0.2303927093744278, 0.26500630378723145, 0.2714925706386566, 0.27304670214653015] 
 rank_index = [2244, 2093, 2401, 1641, 900] 
 top5top5_filename=['', '', '', '', '']
12 2329 0.1215549036860466
file_index = 69900
../../dataset/RakutenDS/triplet/input/test_anchor/1860001109/13.png
../../dataset/RakutenDS/triplet/Hamburg_mitsuru/Hamburg_mitsuru30_resize/69900.png
rank_dist = [0.15775708854198456, 0.1663651019334793, 0.17085790634155273, 0.17150862514972687, 0.17757396399974823] 
 rank_index = [2335, 2488, 1732, 1432, 1882] 
 top5top5_filename=['', '', '', '', '']
key_indexs = [73260, 72720, 41250, 12240, 53640, 59880, 73410, 51990, 2910, 70920, 34110, 28470, 69900]
epoch 02
13 2500
flist_v2 0
flist_v2 500
flist_v2 1000
flist_v2 1500
flist_v2 2000
0 310 0.04376561939716339
file_index = 09330
../../dataset/RakutenDS/triplet/input/test_anchor/1860001109/01.png
../../dataset/RakutenDS/triplet/Hamburg_mitsuru/Hamburg_mitsuru30_resize/09330.png
rank_dist = [0.06056839972734451, 0.06646221876144409, 0.06675060838460922, 0.068536177277565, 0.06876591593027115] 
 rank_index = [2001, 2441, 1631, 900, 150] 
 top5top5_filename=['', '', '', '', '']
1 760 0.05263596773147583
file_index = 22830
../../dataset/RakutenDS/triplet/input/test_anchor/1860001109/02.png
../../dataset/RakutenDS/triplet/Hamburg_mitsuru/Hamburg_mitsuru30_resize/22830.png
rank_dist = [0.05974598973989487, 0.08879263699054718, 0.09037482738494873, 0.09071842581033707, 0.09148867428302765] 
 rank_index = [750, 2136, 1986, 2321, 450] 
 top5top5_filename=['', '', '', '', '']
2 2132 0.045948002487421036
file_index = 63990
../../dataset/RakutenDS/triplet/input/test_anchor/1860001109/03.png
../../dataset/RakutenDS/triplet/Hamburg_mitsuru/Hamburg_mitsuru30_resize/63990.png
rank_dist = [0.05636643245816231, 0.057597383856773376, 0.06559789925813675, 0.0687866136431694, 0.07051461935043335] 
 rank_index = [1800, 1950, 2250, 2410, 750] 
 top5top5_filename=['', '', '', '', '']
3 2364 0.10578522086143494
file_index = 70950
../../dataset/RakutenDS/triplet/input/test_anchor/1860001109/04.png
../../dataset/RakutenDS/triplet/Hamburg_mitsuru/Hamburg_mitsuru30_resize/70950.png
rank_dist = [0.1368211954832077, 0.13738764822483063, 0.1443309485912323, 0.15381836891174316, 0.16274991631507874] 
 rank_index = [2342, 2498, 1578, 1428, 750] 
 top5top5_filename=['', '', '', '', '']
4 2097 0.08644448965787888
file_index = 62940
../../dataset/RakutenDS/triplet/input/test_anchor/1860001109/05.png
../../dataset/RakutenDS/triplet/Hamburg_mitsuru/Hamburg_mitsuru30_resize/62940.png
rank_dist = [0.10372833907604218, 0.12176644802093506, 0.12810422480106354, 0.13106723129749298, 0.13700297474861145] 
 rank_index = [2368, 1578, 1428, 750, 2218] 
 top5top5_filename=['', '', '', '', '']
5 1909 0.049094751477241516
file_index = 57300
../../dataset/RakutenDS/triplet/input/test_anchor/1860001109/06.png
../../dataset/RakutenDS/triplet/Hamburg_mitsuru/Hamburg_mitsuru30_resize/57300.png
rank_dist = [0.06822557002305984, 0.07207464426755905, 0.07219614088535309, 0.0733461007475853, 0.07714527100324631] 
 rank_index = [1819, 1969, 2440, 750, 900] 
 top5top5_filename=['', '', '', '', '']
6 2336 0.044023945927619934
file_index = 70110
../../dataset/RakutenDS/triplet/input/test_anchor/1860001109/07.png
../../dataset/RakutenDS/triplet/Hamburg_mitsuru/Hamburg_mitsuru30_resize/70110.png
rank_dist = [0.046657759696245193, 0.07042796909809113, 0.07180795818567276, 0.07463646680116653, 0.07948888838291168] 
 rank_index = [2335, 2488, 750, 1428, 2185] 
 top5top5_filename=['', '', '', '', '']
7 701 0.06033113971352577
file_index = 21060
../../dataset/RakutenDS/triplet/input/test_anchor/1860001109/08.png
../../dataset/RakutenDS/triplet/Hamburg_mitsuru/Hamburg_mitsuru30_resize/21060.png
rank_dist = [0.0676894262433052, 0.0838426724076271, 0.08663902431726456, 0.08727168291807175, 0.09111341089010239] 
 rank_index = [750, 2488, 2333, 1428, 1878] 
 top5top5_filename=['', '', '', '', '']
8 1633 0.06114375218749046
file_index = 49020
../../dataset/RakutenDS/triplet/input/test_anchor/1860001109/09.png
../../dataset/RakutenDS/triplet/Hamburg_mitsuru/Hamburg_mitsuru30_resize/49020.png
rank_dist = [0.06963291764259338, 0.07422881573438644, 0.08227638155221939, 0.08356674015522003, 0.08416101336479187] 
 rank_index = [1639, 2136, 2498, 1986, 1793] 
 top5top5_filename=['', '', '', '', '']
9 2367 0.10920212417840958
file_index = 71040
../../dataset/RakutenDS/triplet/input/test_anchor/1860001109/10.png
../../dataset/RakutenDS/triplet/Hamburg_mitsuru/Hamburg_mitsuru30_resize/71040.png
rank_dist = [0.13798873126506805, 0.153315931558609, 0.15999382734298706, 0.16138960421085358, 0.16585411131381989] 
 rank_index = [2335, 1578, 1428, 2488, 750] 
 top5top5_filename=['', '', '', '', '']
10 982 0.06884674727916718
file_index = 29490
../../dataset/RakutenDS/triplet/input/test_anchor/1860001109/11.png
../../dataset/RakutenDS/triplet/Hamburg_mitsuru/Hamburg_mitsuru30_resize/29490.png
rank_dist = [0.09581191092729568, 0.09636591374874115, 0.09807265549898148, 0.10235876590013504, 0.1060653105378151] 
 rank_index = [2119, 1819, 750, 1969, 2440] 
 top5top5_filename=['', '', '', '', '']
11 2368 0.05865434929728508
file_index = 71070
../../dataset/RakutenDS/triplet/input/test_anchor/1860001109/12.png
../../dataset/RakutenDS/triplet/Hamburg_mitsuru/Hamburg_mitsuru30_resize/71070.png
rank_dist = [0.07599451392889023, 0.0922650620341301, 0.09436047822237015, 0.09475285559892654, 0.09540106356143951] 
 rank_index = [2335, 1578, 1428, 750, 2488] 
 top5top5_filename=['', '', '', '', '']
12 2489 0.10939038544893265
file_index = 74700
../../dataset/RakutenDS/triplet/input/test_anchor/1860001109/13.png
../../dataset/RakutenDS/triplet/Hamburg_mitsuru/Hamburg_mitsuru30_resize/74700.png
rank_dist = [0.1395426243543625, 0.14042508602142334, 0.14098438620567322, 0.14980503916740417, 0.15024740993976593] 
 rank_index = [1503, 2410, 1953, 1203, 2107] 
 top5top5_filename=['', '', '', '', '']
key_indexs = [73260, 72720, 41250, 12240, 53640, 59880, 73410, 51990, 2910, 70920, 34110, 28470, 69900, 9330, 22830, 63990, 70950, 62940, 57300, 70110, 21060, 49020, 71040, 29490, 71070, 74700]
epoch 03
13 2500
flist_v2 0
flist_v2 500
flist_v2 1000
flist_v2 1500
flist_v2 2000
0 59 0.0524875745177269
file_index = 01800
../../dataset/RakutenDS/triplet/input/test_anchor/1860001109/01.png
../../dataset/RakutenDS/triplet/Hamburg_mitsuru/Hamburg_mitsuru30_resize/01800.png
rank_dist = [0.11482085287570953, 0.12300879508256912, 0.1289757788181305, 0.1301322728395462, 0.13537929952144623] 
 rank_index = [2158, 150, 2370, 300, 900] 
 top5top5_filename=['', '', '', '', '']
1 74 0.06672247499227524
file_index = 02250
../../dataset/RakutenDS/triplet/input/test_anchor/1860001109/02.png
../../dataset/RakutenDS/triplet/Hamburg_mitsuru/Hamburg_mitsuru30_resize/02250.png
rank_dist = [0.11327867209911346, 0.11344528943300247, 0.11621591448783875, 0.1170385479927063, 0.13302920758724213] 
 rank_index = [2490, 2093, 150, 1785, 900] 
 top5top5_filename=['', '', '', '', '']
2 941 0.043244391679763794
file_index = 28260
../../dataset/RakutenDS/triplet/input/test_anchor/1860001109/03.png
../../dataset/RakutenDS/triplet/Hamburg_mitsuru/Hamburg_mitsuru30_resize/28260.png
rank_dist = [0.06388124823570251, 0.06545893102884293, 0.06660110503435135, 0.0722651407122612, 0.08279668539762497] 
 rank_index = [150, 2093, 450, 900, 750] 
 top5top5_filename=['', '', '', '', '']
3 508 0.047486525028944016
file_index = 15270
../../dataset/RakutenDS/triplet/input/test_anchor/1860001109/04.png
../../dataset/RakutenDS/triplet/Hamburg_mitsuru/Hamburg_mitsuru30_resize/15270.png
rank_dist = [0.05838456004858017, 0.06533641368150711, 0.06629807502031326, 0.06788253784179688, 0.0690077617764473] 
 rank_index = [450, 900, 1132, 2093, 150] 
 top5top5_filename=['', '', '', '', '']
4 527 0.1942247599363327
file_index = 15840
../../dataset/RakutenDS/triplet/input/test_anchor/1860001109/05.png
../../dataset/RakutenDS/triplet/Hamburg_mitsuru/Hamburg_mitsuru30_resize/15840.png
rank_dist = [0.2417202591896057, 0.24503514170646667, 0.25689539313316345, 0.2591360807418823, 0.2597048580646515] 
 rank_index = [900, 600, 2093, 1132, 150] 
 top5top5_filename=['', '', '', '', '']
5 134 0.045296747237443924
file_index = 04050
../../dataset/RakutenDS/triplet/input/test_anchor/1860001109/06.png
../../dataset/RakutenDS/triplet/Hamburg_mitsuru/Hamburg_mitsuru30_resize/04050.png
rank_dist = [0.05330946668982506, 0.07336976379156113, 0.07828690856695175, 0.0854300856590271, 0.09203007817268372] 
 rank_index = [2093, 1785, 150, 1631, 900] 
 top5top5_filename=['', '', '', '', '']
6 819 0.03950473666191101
file_index = 24600
../../dataset/RakutenDS/triplet/input/test_anchor/1860001109/07.png
../../dataset/RakutenDS/triplet/Hamburg_mitsuru/Hamburg_mitsuru30_resize/24600.png
rank_dist = [0.07275503873825073, 0.08216848224401474, 0.09031970053911209, 0.09356559813022614, 0.10184632241725922] 
 rank_index = [750, 600, 450, 900, 150] 
 top5top5_filename=['', '', '', '', '']
7 1747 0.06746213883161545
file_index = 52440
../../dataset/RakutenDS/triplet/input/test_anchor/1860001109/08.png
../../dataset/RakutenDS/triplet/Hamburg_mitsuru/Hamburg_mitsuru30_resize/52440.png
rank_dist = [0.08802975714206696, 0.09993443638086319, 0.12991486489772797, 0.1314840167760849, 0.13523350656032562] 
 rank_index = [1785, 2158, 2370, 900, 1988] 
 top5top5_filename=['', '', '', '', '']
8 872 0.04646408557891846
file_index = 26190
../../dataset/RakutenDS/triplet/input/test_anchor/1860001109/09.png
../../dataset/RakutenDS/triplet/Hamburg_mitsuru/Hamburg_mitsuru30_resize/26190.png
rank_dist = [0.06870952248573303, 0.0705956518650055, 0.07491593062877655, 0.07813337445259094, 0.07931895554065704] 
 rank_index = [900, 150, 2093, 450, 750] 
 top5top5_filename=['', '', '', '', '']
9 450 0.0629476010799408
file_index = 13530
../../dataset/RakutenDS/triplet/input/test_anchor/1860001109/10.png
../../dataset/RakutenDS/triplet/Hamburg_mitsuru/Hamburg_mitsuru30_resize/13530.png
rank_dist = [0.0629476010799408, 0.09165610373020172, 0.09772498160600662, 0.11291247606277466, 0.11765400320291519] 
 rank_index = [450, 1132, 750, 900, 150] 
 top5top5_filename=['', '', '', '', '']
10 396 0.05370102822780609
file_index = 11910
../../dataset/RakutenDS/triplet/input/test_anchor/1860001109/11.png
../../dataset/RakutenDS/triplet/Hamburg_mitsuru/Hamburg_mitsuru30_resize/11910.png
rank_dist = [0.07692825049161911, 0.08192039281129837, 0.08646465837955475, 0.08952575922012329, 0.09020984172821045] 
 rank_index = [2094, 450, 150, 900, 1788] 
 top5top5_filename=['', '', '', '', '']
11 496 0.04964900389313698
file_index = 14910
../../dataset/RakutenDS/triplet/input/test_anchor/1860001109/12.png
../../dataset/RakutenDS/triplet/Hamburg_mitsuru/Hamburg_mitsuru30_resize/14910.png
rank_dist = [0.07221321761608124, 0.07541818171739578, 0.07906755805015564, 0.08739380538463593, 0.09837200492620468] 
 rank_index = [600, 900, 750, 150, 450] 
 top5top5_filename=['', '', '', '', '']
12 439 0.21075314283370972
file_index = 13200
../../dataset/RakutenDS/triplet/input/test_anchor/1860001109/13.png
../../dataset/RakutenDS/triplet/Hamburg_mitsuru/Hamburg_mitsuru30_resize/13200.png
rank_dist = [0.21158836781978607, 0.2154509723186493, 0.249414324760437, 0.2613391578197479, 0.2625741958618164] 
 rank_index = [1132, 450, 750, 1789, 900] 
 top5top5_filename=['', '', '', '', '']
key_indexs = [73260, 72720, 41250, 12240, 53640, 59880, 73410, 51990, 2910, 70920, 34110, 28470, 69900, 9330, 22830, 63990, 70950, 62940, 57300, 70110, 21060, 49020, 71040, 29490, 71070, 74700, 1800, 2250, 28260, 15270, 15840, 4050, 24600, 52440, 26190, 13530, 11910, 14910, 13200]
epoch 04
13 2500
flist_v2 0
flist_v2 500
flist_v2 1000
flist_v2 1500
flist_v2 2000
0 1747 0.06937868148088455
file_index = 52440
../../dataset/RakutenDS/triplet/input/test_anchor/1860001109/01.png
../../dataset/RakutenDS/triplet/Hamburg_mitsuru/Hamburg_mitsuru30_resize/52440.png
rank_dist = [0.0994449108839035, 0.10185672342777252, 0.10373116284608841, 0.11838036775588989, 0.11877062171697617] 
 rank_index = [1900, 2207, 150, 2413, 2050] 
 top5top5_filename=['', '', '', '', '']
1 996 0.10671490430831909
file_index = 29910
../../dataset/RakutenDS/triplet/input/test_anchor/1860001109/02.png
../../dataset/RakutenDS/triplet/Hamburg_mitsuru/Hamburg_mitsuru30_resize/29910.png
rank_dist = [0.1363557130098343, 0.13874655961990356, 0.14436545968055725, 0.1596565991640091, 0.1611950546503067] 
 rank_index = [2158, 900, 600, 2459, 2308] 
 top5top5_filename=['', '', '', '', '']
2 147 0.04416826739907265
file_index = 04440
../../dataset/RakutenDS/triplet/input/test_anchor/1860001109/03.png
../../dataset/RakutenDS/triplet/Hamburg_mitsuru/Hamburg_mitsuru30_resize/04440.png
rank_dist = [0.054028287529945374, 0.0615270622074604, 0.06933324038982391, 0.0831635519862175, 0.08444109559059143] 
 rank_index = [150, 450, 900, 2103, 2270] 
 top5top5_filename=['', '', '', '', '']
3 384 0.11271773278713226
file_index = 11550
../../dataset/RakutenDS/triplet/input/test_anchor/1860001109/04.png
../../dataset/RakutenDS/triplet/Hamburg_mitsuru/Hamburg_mitsuru30_resize/11550.png
rank_dist = [0.12257184833288193, 0.15623539686203003, 0.16198945045471191, 0.16229765117168427, 0.16543224453926086] 
 rank_index = [600, 2158, 450, 900, 2489] 
 top5top5_filename=['', '', '', '', '']
4 706 0.15792451798915863
file_index = 21210
../../dataset/RakutenDS/triplet/input/test_anchor/1860001109/05.png
../../dataset/RakutenDS/triplet/Hamburg_mitsuru/Hamburg_mitsuru30_resize/21210.png
rank_dist = [0.1888890266418457, 0.23510688543319702, 0.24083319306373596, 0.2513728737831116, 0.2588411271572113] 
 rank_index = [750, 600, 1751, 450, 1513] 
 top5top5_filename=['', '', '', '', '']
5 7 0.04573877900838852
file_index = 00240
../../dataset/RakutenDS/triplet/input/test_anchor/1860001109/06.png
../../dataset/RakutenDS/triplet/Hamburg_mitsuru/Hamburg_mitsuru30_resize/00240.png
rank_dist = [0.06507956981658936, 0.06643359363079071, 0.07391724735498428, 0.07713152468204498, 0.07801395654678345] 
 rank_index = [2208, 900, 2358, 1697, 1372] 
 top5top5_filename=['', '', '', '', '']
6 121 0.05487281456589699
file_index = 03660
../../dataset/RakutenDS/triplet/input/test_anchor/1860001109/07.png
../../dataset/RakutenDS/triplet/Hamburg_mitsuru/Hamburg_mitsuru30_resize/03660.png
rank_dist = [0.08780092746019363, 0.1014164611697197, 0.10421175509691238, 0.10444808751344681, 0.10761574655771255] 
 rank_index = [600, 2488, 2337, 2186, 2036] 
 top5top5_filename=['', '', '', '', '']
7 50 0.10483335703611374
file_index = 01530
../../dataset/RakutenDS/triplet/input/test_anchor/1860001109/08.png
../../dataset/RakutenDS/triplet/Hamburg_mitsuru/Hamburg_mitsuru30_resize/01530.png
rank_dist = [0.14327189326286316, 0.14498473703861237, 0.15062229335308075, 0.15692608058452606, 0.1571972817182541] 
 rank_index = [2121, 1821, 1971, 1521, 2450] 
 top5top5_filename=['', '', '', '', '']
8 394 0.0815964862704277
file_index = 11850
../../dataset/RakutenDS/triplet/input/test_anchor/1860001109/09.png
../../dataset/RakutenDS/triplet/Hamburg_mitsuru/Hamburg_mitsuru30_resize/11850.png
rank_dist = [0.10220170766115189, 0.129537895321846, 0.13663099706172943, 0.13807004690170288, 0.13884490728378296] 
 rank_index = [600, 2158, 450, 2361, 900] 
 top5top5_filename=['', '', '', '', '']
9 756 0.07882753759622574
file_index = 22710
../../dataset/RakutenDS/triplet/input/test_anchor/1860001109/10.png
../../dataset/RakutenDS/triplet/Hamburg_mitsuru/Hamburg_mitsuru30_resize/22710.png
rank_dist = [0.1491507589817047, 0.15843376517295837, 0.16698934137821198, 0.19047193229198456, 0.197035014629364] 
 rank_index = [600, 750, 2488, 2186, 900] 
 top5top5_filename=['', '', '', '', '']
10 2499 0.10804920643568039
file_index = 75000
../../dataset/RakutenDS/triplet/input/test_anchor/1860001109/11.png
../../dataset/RakutenDS/triplet/Hamburg_mitsuru/Hamburg_mitsuru30_resize/75000.png
rank_dist = [0.20274479687213898, 0.22337020933628082, 0.23570317029953003, 0.23858542740345, 0.24826732277870178] 
 rank_index = [600, 750, 2465, 2287, 900] 
 top5top5_filename=['', '', '', '', '']
11 511 0.066745325922966
file_index = 15360
../../dataset/RakutenDS/triplet/input/test_anchor/1860001109/12.png
../../dataset/RakutenDS/triplet/Hamburg_mitsuru/Hamburg_mitsuru30_resize/15360.png
rank_dist = [0.08518198132514954, 0.11900303512811661, 0.12420591711997986, 0.12749794125556946, 0.12797033786773682] 
 rank_index = [600, 900, 450, 2123, 2488] 
 top5top5_filename=['', '', '', '', '']
12 756 0.12364236265420914
file_index = 22710
../../dataset/RakutenDS/triplet/input/test_anchor/1860001109/13.png
../../dataset/RakutenDS/triplet/Hamburg_mitsuru/Hamburg_mitsuru30_resize/22710.png
rank_dist = [0.1638336479663849, 0.1768098622560501, 0.20852479338645935, 0.2095395177602768, 0.2139725685119629] 
 rank_index = [600, 750, 2361, 2192, 900] 
 top5top5_filename=['', '', '', '', '']
key_indexs = [73260, 72720, 41250, 12240, 53640, 59880, 73410, 51990, 2910, 70920, 34110, 28470, 69900, 9330, 22830, 63990, 70950, 62940, 57300, 70110, 21060, 49020, 71040, 29490, 71070, 74700, 1800, 2250, 28260, 15270, 15840, 4050, 24600, 52440, 26190, 13530, 11910, 14910, 13200, 52440, 29910, 4440, 11550, 21210, 240, 3660, 1530, 11850, 22710, 75000, 15360, 22710]
epoch 05
13 2500
flist_v2 0
flist_v2 500
flist_v2 1000
