13 7439
flist_v2 0
flist_v2 100
flist_v2 200
flist_v2 300
flist_v2 400
flist_v2 500
flist_v2 600
flist_v2 700
flist_v2 800
flist_v2 900
flist_v2 1000
flist_v2 1100
flist_v2 1200
flist_v2 1300
flist_v2 1400
flist_v2 1500
flist_v2 1600
flist_v2 1700
flist_v2 1800
flist_v2 1900
flist_v2 2000
flist_v2 2100
flist_v2 2200
flist_v2 2300
flist_v2 2400
flist_v2 2500
flist_v2 2600
flist_v2 2700
flist_v2 2800
flist_v2 2900
flist_v2 3000
flist_v2 3100
flist_v2 3200
flist_v2 3300
flist_v2 3400
flist_v2 3500
flist_v2 3600
flist_v2 3700
flist_v2 3800
flist_v2 3900
flist_v2 4000
flist_v2 4100
flist_v2 4200
flist_v2 4300
flist_v2 4400
flist_v2 4500
flist_v2 4600
flist_v2 4700
flist_v2 4800
flist_v2 4900
flist_v2 5000
flist_v2 5100
flist_v2 5200
flist_v2 5300
flist_v2 5400
flist_v2 5500
flist_v2 5600
flist_v2 5700
flist_v2 5800
flist_v2 5900
flist_v2 6000
flist_v2 6100
flist_v2 6200
flist_v2 6300
flist_v2 6400
flist_v2 6500
flist_v2 6600
flist_v2 6700
flist_v2 6800
flist_v2 6900
flist_v2 7000
flist_v2 7100
flist_v2 7200
flist_v2 7300
flist_v2 7400
<function shape at 0x7f29a3ac7510>
0 1948 0.007578641641885042
key_index = [1948]
<function shape at 0x7f29a3ac7510>
1 3639 0.008355358615517616
key_index = [1948, 3639]
<function shape at 0x7f29a3ac7510>
2 5119 0.007291367277503014
key_index = [1948, 3639, 5119]
<function shape at 0x7f29a3ac7510>
3 4286 0.006617334205657244
key_index = [1948, 3639, 5119, 4286]
<function shape at 0x7f29a3ac7510>
4 7320 0.008340250700712204
key_index = [1948, 3639, 5119, 4286, 7320]
<function shape at 0x7f29a3ac7510>
5 3434 0.021042605862021446
key_index = [1948, 3639, 5119, 4286, 7320, 3434]
<function shape at 0x7f29a3ac7510>
6 7163 0.01177765429019928
key_index = [1948, 3639, 5119, 4286, 7320, 3434, 7163]
<function shape at 0x7f29a3ac7510>
7 6602 0.008483977057039738
key_index = [1948, 3639, 5119, 4286, 7320, 3434, 7163, 6602]
<function shape at 0x7f29a3ac7510>
8 5000 0.012767447158694267
key_index = [1948, 3639, 5119, 4286, 7320, 3434, 7163, 6602, 5000]
<function shape at 0x7f29a3ac7510>
9 3439 0.008341162465512753
key_index = [1948, 3639, 5119, 4286, 7320, 3434, 7163, 6602, 5000, 3439]
<function shape at 0x7f29a3ac7510>
10 3444 0.009009722620248795
key_index = [1948, 3639, 5119, 4286, 7320, 3434, 7163, 6602, 5000, 3439, 3444]
<function shape at 0x7f29a3ac7510>
11 3938 0.011564468964934349
key_index = [1948, 3639, 5119, 4286, 7320, 3434, 7163, 6602, 5000, 3439, 3444, 3938]
<function shape at 0x7f29a3ac7510>
12 7114 0.011885850690305233
key_index = [1948, 3639, 5119, 4286, 7320, 3434, 7163, 6602, 5000, 3439, 3444, 3938, 7114]
13 files, 0 corrects, accuracy = zero divided
[0]
