13 7439
flist_v2 0
flist_v2 100
flist_v2 200
flist_v2 300
flist_v2 400
flist_v2 500
flist_v2 600
flist_v2 700
flist_v2 800
flist_v2 900
flist_v2 1000
flist_v2 1100
flist_v2 1200
flist_v2 1300
flist_v2 1400
flist_v2 1500
flist_v2 1600
flist_v2 1700
flist_v2 1800
flist_v2 1900
flist_v2 2000
flist_v2 2100
flist_v2 2200
flist_v2 2300
flist_v2 2400
flist_v2 2500
flist_v2 2600
flist_v2 2700
flist_v2 2800
flist_v2 2900
flist_v2 3000
flist_v2 3100
flist_v2 3200
flist_v2 3300
flist_v2 3400
flist_v2 3500
flist_v2 3600
flist_v2 3700
flist_v2 3800
flist_v2 3900
flist_v2 4000
flist_v2 4100
flist_v2 4200
flist_v2 4300
flist_v2 4400
flist_v2 4500
flist_v2 4600
flist_v2 4700
flist_v2 4800
flist_v2 4900
flist_v2 5000
flist_v2 5100
flist_v2 5200
flist_v2 5300
flist_v2 5400
flist_v2 5500
flist_v2 5600
flist_v2 5700
flist_v2 5800
flist_v2 5900
flist_v2 6000
flist_v2 6100
flist_v2 6200
flist_v2 6300
flist_v2 6400
flist_v2 6500
flist_v2 6600
flist_v2 6700
flist_v2 6800
flist_v2 6900
flist_v2 7000
flist_v2 7100
flist_v2 7200
flist_v2 7300
flist_v2 7400
<function shape at 0x7ffcd4b28510>
0 2618 0.023589154705405235
key_index = [2618]
<function shape at 0x7ffcd4b28510>
1 3672 0.01720403879880905
key_index = [2618, 3672]
<function shape at 0x7ffcd4b28510>
2 5727 0.03457406535744667
key_index = [2618, 3672, 5727]
<function shape at 0x7ffcd4b28510>
3 4331 0.089973084628582
key_index = [2618, 3672, 5727, 4331]
<function shape at 0x7ffcd4b28510>
4 7065 0.06822378188371658
key_index = [2618, 3672, 5727, 4331, 7065]
<function shape at 0x7ffcd4b28510>
5 6432 0.023361556231975555
key_index = [2618, 3672, 5727, 4331, 7065, 6432]
<function shape at 0x7ffcd4b28510>
6 5463 0.04954603314399719
key_index = [2618, 3672, 5727, 4331, 7065, 6432, 5463]
<function shape at 0x7ffcd4b28510>
7 6418 0.021768588572740555
key_index = [2618, 3672, 5727, 4331, 7065, 6432, 5463, 6418]
<function shape at 0x7ffcd4b28510>
8 5513 0.030445890501141548
key_index = [2618, 3672, 5727, 4331, 7065, 6432, 5463, 6418, 5513]
<function shape at 0x7ffcd4b28510>
9 2805 0.03571484982967377
key_index = [2618, 3672, 5727, 4331, 7065, 6432, 5463, 6418, 5513, 2805]
<function shape at 0x7ffcd4b28510>
10 4108 0.04421967640519142
key_index = [2618, 3672, 5727, 4331, 7065, 6432, 5463, 6418, 5513, 2805, 4108]
<function shape at 0x7ffcd4b28510>
11 556 0.0639776736497879
key_index = [2618, 3672, 5727, 4331, 7065, 6432, 5463, 6418, 5513, 2805, 4108, 556]
<function shape at 0x7ffcd4b28510>
12 5655 0.030674591660499573
key_index = [2618, 3672, 5727, 4331, 7065, 6432, 5463, 6418, 5513, 2805, 4108, 556, 5655]
13 files, 0 corrects, accuracy = zero divided
[0]
