13 7439
flist_v2 0
flist_v2 100
flist_v2 200
flist_v2 300
flist_v2 400
flist_v2 500
flist_v2 600
flist_v2 700
flist_v2 800
flist_v2 900
flist_v2 1000
flist_v2 1100
flist_v2 1200
flist_v2 1300
flist_v2 1400
flist_v2 1500
flist_v2 1600
flist_v2 1700
flist_v2 1800
flist_v2 1900
flist_v2 2000
flist_v2 2100
flist_v2 2200
flist_v2 2300
flist_v2 2400
flist_v2 2500
flist_v2 2600
flist_v2 2700
flist_v2 2800
flist_v2 2900
flist_v2 3000
flist_v2 3100
flist_v2 3200
flist_v2 3300
flist_v2 3400
flist_v2 3500
flist_v2 3600
flist_v2 3700
flist_v2 3800
flist_v2 3900
flist_v2 4000
flist_v2 4100
flist_v2 4200
flist_v2 4300
flist_v2 4400
flist_v2 4500
flist_v2 4600
flist_v2 4700
flist_v2 4800
flist_v2 4900
flist_v2 5000
flist_v2 5100
flist_v2 5200
flist_v2 5300
flist_v2 5400
flist_v2 5500
flist_v2 5600
flist_v2 5700
flist_v2 5800
flist_v2 5900
flist_v2 6000
flist_v2 6100
flist_v2 6200
flist_v2 6300
flist_v2 6400
flist_v2 6500
flist_v2 6600
flist_v2 6700
flist_v2 6800
flist_v2 6900
flist_v2 7000
flist_v2 7100
flist_v2 7200
flist_v2 7300
flist_v2 7400
<function shape at 0x7f55ce2bd510>
0 1948 0.00757853826507926
key_index = [1948]
<function shape at 0x7f55ce2bd510>
1 3639 0.008355359546840191
key_index = [1948, 3639]
<function shape at 0x7f55ce2bd510>
2 5119 0.007291792891919613
key_index = [1948, 3639, 5119]
<function shape at 0x7f55ce2bd510>
3 4286 0.006616885773837566
key_index = [1948, 3639, 5119, 4286]
<function shape at 0x7f55ce2bd510>
4 7320 0.008340239524841309
key_index = [1948, 3639, 5119, 4286, 7320]
<function shape at 0x7f55ce2bd510>
5 3434 0.02104314975440502
key_index = [1948, 3639, 5119, 4286, 7320, 3434]
<function shape at 0x7f55ce2bd510>
6 7163 0.011776497587561607
key_index = [1948, 3639, 5119, 4286, 7320, 3434, 7163]
<function shape at 0x7f55ce2bd510>
7 6602 0.008483493700623512
key_index = [1948, 3639, 5119, 4286, 7320, 3434, 7163, 6602]
<function shape at 0x7f55ce2bd510>
8 5000 0.012766005471348763
key_index = [1948, 3639, 5119, 4286, 7320, 3434, 7163, 6602, 5000]
<function shape at 0x7f55ce2bd510>
9 3439 0.008341246284544468
key_index = [1948, 3639, 5119, 4286, 7320, 3434, 7163, 6602, 5000, 3439]
<function shape at 0x7f55ce2bd510>
10 3444 0.009009631350636482
key_index = [1948, 3639, 5119, 4286, 7320, 3434, 7163, 6602, 5000, 3439, 3444]
<function shape at 0x7f55ce2bd510>
11 3938 0.011564560234546661
key_index = [1948, 3639, 5119, 4286, 7320, 3434, 7163, 6602, 5000, 3439, 3444, 3938]
<function shape at 0x7f55ce2bd510>
12 7114 0.011885242536664009
key_index = [1948, 3639, 5119, 4286, 7320, 3434, 7163, 6602, 5000, 3439, 3444, 3938, 7114]
13 files, 0 corrects, accuracy = zero divided
[0]
