13 7439
flist_v2 0
flist_v2 100
flist_v2 200
flist_v2 300
flist_v2 400
flist_v2 500
flist_v2 600
flist_v2 700
flist_v2 800
flist_v2 900
flist_v2 1000
flist_v2 1100
flist_v2 1200
flist_v2 1300
flist_v2 1400
flist_v2 1500
flist_v2 1600
flist_v2 1700
flist_v2 1800
flist_v2 1900
flist_v2 2000
flist_v2 2100
flist_v2 2200
flist_v2 2300
flist_v2 2400
flist_v2 2500
flist_v2 2600
flist_v2 2700
flist_v2 2800
flist_v2 2900
flist_v2 3000
flist_v2 3100
flist_v2 3200
flist_v2 3300
flist_v2 3400
flist_v2 3500
flist_v2 3600
flist_v2 3700
flist_v2 3800
flist_v2 3900
flist_v2 4000
flist_v2 4100
flist_v2 4200
flist_v2 4300
flist_v2 4400
flist_v2 4500
flist_v2 4600
flist_v2 4700
flist_v2 4800
flist_v2 4900
flist_v2 5000
flist_v2 5100
flist_v2 5200
flist_v2 5300
flist_v2 5400
flist_v2 5500
flist_v2 5600
flist_v2 5700
flist_v2 5800
flist_v2 5900
flist_v2 6000
flist_v2 6100
flist_v2 6200
flist_v2 6300
flist_v2 6400
flist_v2 6500
flist_v2 6600
flist_v2 6700
flist_v2 6800
flist_v2 6900
flist_v2 7000
flist_v2 7100
flist_v2 7200
flist_v2 7300
flist_v2 7400
<function shape at 0x7f1853db4510>
0 2958 0.01264732051640749
key_index = [2958]
<function shape at 0x7f1853db4510>
1 1253 0.009851367212831974
key_index = [2958, 1253]
<function shape at 0x7f1853db4510>
2 7287 0.007970702834427357
key_index = [2958, 1253, 7287]
<function shape at 0x7f1853db4510>
3 4286 0.005589729640632868
key_index = [2958, 1253, 7287, 4286]
<function shape at 0x7f1853db4510>
4 6449 0.008523467928171158
key_index = [2958, 1253, 7287, 4286, 6449]
<function shape at 0x7f1853db4510>
5 16 0.012744508683681488
key_index = [2958, 1253, 7287, 4286, 6449, 16]
<function shape at 0x7f1853db4510>
6 957 0.011519172228872776
key_index = [2958, 1253, 7287, 4286, 6449, 16, 957]
<function shape at 0x7f1853db4510>
7 3690 0.008766868151724339
key_index = [2958, 1253, 7287, 4286, 6449, 16, 957, 3690]
<function shape at 0x7f1853db4510>
8 5015 0.007172006648033857
key_index = [2958, 1253, 7287, 4286, 6449, 16, 957, 3690, 5015]
<function shape at 0x7f1853db4510>
9 672 0.006980890408158302
key_index = [2958, 1253, 7287, 4286, 6449, 16, 957, 3690, 5015, 672]
<function shape at 0x7f1853db4510>
10 3406 0.00879648420959711
key_index = [2958, 1253, 7287, 4286, 6449, 16, 957, 3690, 5015, 672, 3406]
<function shape at 0x7f1853db4510>
11 5555 0.010929322801530361
key_index = [2958, 1253, 7287, 4286, 6449, 16, 957, 3690, 5015, 672, 3406, 5555]
<function shape at 0x7f1853db4510>
12 5632 0.011915778741240501
key_index = [2958, 1253, 7287, 4286, 6449, 16, 957, 3690, 5015, 672, 3406, 5555, 5632]
13 files, 0 corrects, accuracy = zero divided
[0]
