epoch 01
5 2500
flist_v2 0
flist_v2 100
flist_v2 200
flist_v2 300
flist_v2 400
flist_v2 500
flist_v2 600
flist_v2 700
flist_v2 800
flist_v2 900
flist_v2 1000
flist_v2 1100
flist_v2 1200
flist_v2 1300
flist_v2 1400
flist_v2 1500
flist_v2 1600
flist_v2 1700
flist_v2 1800
flist_v2 1900
flist_v2 2000
flist_v2 2100
flist_v2 2200
flist_v2 2300
flist_v2 2400
<function shape at 0x7f92139bdc80>
0 304 0.12583427131175995
file_index = 09150
../../dataset/RakutenDS/triplet/input/test_anchor/1120005769/1.png
../../dataset/RakutenDS/triplet/Hamburg_mitsuru/Hamburg_mitsuru30_resize/09150.png
0 rank_dist = [0.14662586152553558, 0.16147243976593018, 0.16873089969158173, 0.17904134094715118, 0.1844913512468338] rank_index = [600, 450, 1050, 300, 750]
<function shape at 0x7f92139bdc80>
1 1787 0.09716716408729553
file_index = 53640
../../dataset/RakutenDS/triplet/input/test_anchor/1120005769/3.png
../../dataset/RakutenDS/triplet/Hamburg_mitsuru/Hamburg_mitsuru30_resize/53640.png
1 rank_dist = [0.16456927359104156, 0.1773548424243927, 0.18017689883708954, 0.1813632994890213, 0.1872202306985855] rank_index = [1747, 2489, 1576, 2158, 2316]
<function shape at 0x7f92139bdc80>
2 1175 0.11565780639648438
file_index = 35280
../../dataset/RakutenDS/triplet/input/test_anchor/1120005769/4.png
../../dataset/RakutenDS/triplet/Hamburg_mitsuru/Hamburg_mitsuru30_resize/35280.png
2 rank_dist = [0.1321002095937729, 0.14825211465358734, 0.15153911709785461, 0.15788714587688446, 0.18652541935443878] rank_index = [1050, 1785, 2357, 600, 1545]
<function shape at 0x7f92139bdc80>
3 1789 0.22269044816493988
file_index = 53700
../../dataset/RakutenDS/triplet/input/test_anchor/1120005769/5.png
../../dataset/RakutenDS/triplet/Hamburg_mitsuru/Hamburg_mitsuru30_resize/53700.png
3 rank_dist = [0.23534081876277924, 0.26893898844718933, 0.2777710556983948, 0.29455193877220154, 0.30667644739151] rank_index = [1785, 600, 1050, 2199, 2357]
<function shape at 0x7f92139bdc80>
4 1336 0.17940422892570496
file_index = 40110
../../dataset/RakutenDS/triplet/input/test_anchor/1120005769/6.png
../../dataset/RakutenDS/triplet/Hamburg_mitsuru/Hamburg_mitsuru30_resize/40110.png
4 rank_dist = [0.20324641466140747, 0.21123109757900238, 0.22961321473121643, 0.2348826676607132, 0.24699126183986664] rank_index = [1350, 2473, 2151, 1050, 2301]
key_indexs = [9150, 53640, 35280, 53700, 40110]
[]
epoch 02
5 2500
flist_v2 0
flist_v2 100
flist_v2 200
flist_v2 300
flist_v2 400
flist_v2 500
flist_v2 600
flist_v2 700
flist_v2 800
flist_v2 900
flist_v2 1000
flist_v2 1100
flist_v2 1200
flist_v2 1300
flist_v2 1400
flist_v2 1500
flist_v2 1600
flist_v2 1700
flist_v2 1800
flist_v2 1900
flist_v2 2000
flist_v2 2100
flist_v2 2200
flist_v2 2300
flist_v2 2400
<function shape at 0x7f92139bdc80>
0 2364 0.17031991481781006
file_index = 70950
../../dataset/RakutenDS/triplet/input/test_anchor/1120005769/1.png
../../dataset/RakutenDS/triplet/Hamburg_mitsuru/Hamburg_mitsuru30_resize/70950.png
0 rank_dist = [0.17223036289215088, 0.18500402569770813, 0.21495477855205536, 0.2202083170413971, 0.2230140119791031] rank_index = [1375, 2308, 2488, 1525, 2158]
<function shape at 0x7f92139bdc80>
1 2470 0.06230512633919716
file_index = 74130
../../dataset/RakutenDS/triplet/input/test_anchor/1120005769/3.png
../../dataset/RakutenDS/triplet/Hamburg_mitsuru/Hamburg_mitsuru30_resize/74130.png
1 rank_dist = [0.08457363396883011, 0.08875079452991486, 0.09110724925994873, 0.09232793003320694, 0.09236302226781845] rank_index = [1350, 1050, 1200, 2008, 2356]
<function shape at 0x7f92139bdc80>
2 1732 0.05436128005385399
file_index = 51990
../../dataset/RakutenDS/triplet/input/test_anchor/1120005769/4.png
../../dataset/RakutenDS/triplet/Hamburg_mitsuru/Hamburg_mitsuru30_resize/51990.png
2 rank_dist = [0.06939037889242172, 0.07241849601268768, 0.07377222180366516, 0.07480183988809586, 0.07505340874195099] rank_index = [2227, 1905, 450, 1128, 2380]
<function shape at 0x7f92139bdc80>
3 2097 0.06770585477352142
file_index = 62940
../../dataset/RakutenDS/triplet/input/test_anchor/1120005769/5.png
../../dataset/RakutenDS/triplet/Hamburg_mitsuru/Hamburg_mitsuru30_resize/62940.png
3 rank_dist = [0.08569515496492386, 0.08817292004823685, 0.0994204431772232, 0.10059431940317154, 0.10127715766429901] rank_index = [2368, 1578, 1428, 2218, 750]
<function shape at 0x7f92139bdc80>
4 1367 0.05947721004486084
file_index = 41040
../../dataset/RakutenDS/triplet/input/test_anchor/1120005769/6.png
../../dataset/RakutenDS/triplet/Hamburg_mitsuru/Hamburg_mitsuru30_resize/41040.png
4 rank_dist = [0.060904987156391144, 0.06573709845542908, 0.06647930294275284, 0.07084765285253525, 0.07162979990243912] rank_index = [2301, 1387, 1537, 1237, 2151]
key_indexs = [9150, 53640, 35280, 53700, 40110, 70950, 74130, 51990, 62940, 41040]
[]
epoch 03
5 2500
flist_v2 0
flist_v2 100
flist_v2 200
flist_v2 300
flist_v2 400
flist_v2 500
flist_v2 600
flist_v2 700
flist_v2 800
flist_v2 900
flist_v2 1000
flist_v2 1100
flist_v2 1200
flist_v2 1300
flist_v2 1400
flist_v2 1500
flist_v2 1600
flist_v2 1700
flist_v2 1800
flist_v2 1900
flist_v2 2000
flist_v2 2100
flist_v2 2200
flist_v2 2300
flist_v2 2400
<function shape at 0x7f92139bdc80>
0 464 0.10646618902683258
file_index = 13950
../../dataset/RakutenDS/triplet/input/test_anchor/1120005769/1.png
../../dataset/RakutenDS/triplet/Hamburg_mitsuru/Hamburg_mitsuru30_resize/13950.png
0 rank_dist = [0.1295538693666458, 0.13252104818820953, 0.1356658637523651, 0.14476719498634338, 0.14879395067691803] rank_index = [600, 750, 900, 1132, 450]
<function shape at 0x7f92139bdc80>
1 526 0.08675137907266617
file_index = 15810
../../dataset/RakutenDS/triplet/input/test_anchor/1120005769/3.png
../../dataset/RakutenDS/triplet/Hamburg_mitsuru/Hamburg_mitsuru30_resize/15810.png
1 rank_dist = [0.10810543596744537, 0.11286736279726028, 0.11705485731363297, 0.11918259412050247, 0.12103912979364395] rank_index = [900, 1132, 600, 1788, 750]
<function shape at 0x7f92139bdc80>
2 416 0.08233315497636795
file_index = 12510
../../dataset/RakutenDS/triplet/input/test_anchor/1120005769/4.png
../../dataset/RakutenDS/triplet/Hamburg_mitsuru/Hamburg_mitsuru30_resize/12510.png
2 rank_dist = [0.10516949743032455, 0.11225526034832001, 0.11394947022199631, 0.11609415709972382, 0.12365195900201797] rank_index = [1132, 2093, 900, 150, 1720]
<function shape at 0x7f92139bdc80>
3 394 0.13872160017490387
file_index = 11850
../../dataset/RakutenDS/triplet/input/test_anchor/1120005769/5.png
../../dataset/RakutenDS/triplet/Hamburg_mitsuru/Hamburg_mitsuru30_resize/11850.png
3 rank_dist = [0.1666238009929657, 0.1683541089296341, 0.17113368213176727, 0.17346744239330292, 0.17941007018089294] rank_index = [900, 600, 1132, 1788, 150]
<function shape at 0x7f92139bdc80>
4 527 0.07694610953330994
file_index = 15840
../../dataset/RakutenDS/triplet/input/test_anchor/1120005769/6.png
../../dataset/RakutenDS/triplet/Hamburg_mitsuru/Hamburg_mitsuru30_resize/15840.png
4 rank_dist = [0.09377720206975937, 0.09845626354217529, 0.10978536307811737, 0.11160819977521896, 0.11512000858783722] rank_index = [1132, 900, 450, 150, 2093]
key_indexs = [9150, 53640, 35280, 53700, 40110, 70950, 74130, 51990, 62940, 41040, 13950, 15810, 12510, 11850, 15840]
[]
epoch 04
5 2500
flist_v2 0
flist_v2 100
flist_v2 200
flist_v2 300
flist_v2 400
flist_v2 500
flist_v2 600
flist_v2 700
flist_v2 800
flist_v2 900
flist_v2 1000
flist_v2 1100
flist_v2 1200
flist_v2 1300
flist_v2 1400
flist_v2 1500
flist_v2 1600
flist_v2 1700
flist_v2 1800
flist_v2 1900
flist_v2 2000
flist_v2 2100
flist_v2 2200
flist_v2 2300
flist_v2 2400
<function shape at 0x7f92139bdc80>
0 812 0.06969250738620758
file_index = 24390
../../dataset/RakutenDS/triplet/input/test_anchor/1120005769/1.png
../../dataset/RakutenDS/triplet/Hamburg_mitsuru/Hamburg_mitsuru30_resize/24390.png
0 rank_dist = [0.09288797527551651, 0.11453180760145187, 0.13331827521324158, 0.15049520134925842, 0.15109223127365112] rank_index = [750, 600, 2489, 900, 1695]
<function shape at 0x7f92139bdc80>
1 1009 0.16477002203464508
file_index = 30300
../../dataset/RakutenDS/triplet/input/test_anchor/1120005769/3.png
../../dataset/RakutenDS/triplet/Hamburg_mitsuru/Hamburg_mitsuru30_resize/30300.png
1 rank_dist = [0.21551074087619781, 0.2694437503814697, 0.26984405517578125, 0.30356529355049133, 0.31362441182136536] rank_index = [750, 600, 2489, 1695, 2062]
<function shape at 0x7f92139bdc80>
2 758 0.13585928082466125
file_index = 22770
../../dataset/RakutenDS/triplet/input/test_anchor/1120005769/4.png
../../dataset/RakutenDS/triplet/Hamburg_mitsuru/Hamburg_mitsuru30_resize/22770.png
2 rank_dist = [0.1708093285560608, 0.23715640604496002, 0.2461474984884262, 0.24662353098392487, 0.2590753138065338] rank_index = [750, 2489, 600, 1511, 2243]
<function shape at 0x7f92139bdc80>
3 1009 0.13332194089889526
file_index = 30300
../../dataset/RakutenDS/triplet/input/test_anchor/1120005769/5.png
../../dataset/RakutenDS/triplet/Hamburg_mitsuru/Hamburg_mitsuru30_resize/30300.png
3 rank_dist = [0.1889866292476654, 0.23633113503456116, 0.24141359329223633, 0.24276600778102875, 0.2721560001373291] rank_index = [750, 2489, 2243, 600, 1511]
<function shape at 0x7f92139bdc80>
4 591 0.08880721032619476
file_index = 17760
../../dataset/RakutenDS/triplet/input/test_anchor/1120005769/6.png
../../dataset/RakutenDS/triplet/Hamburg_mitsuru/Hamburg_mitsuru30_resize/17760.png
4 rank_dist = [0.11432895809412003, 0.15557824075222015, 0.17287030816078186, 0.19277635216712952, 0.1954289972782135] rank_index = [750, 600, 2489, 450, 900]
key_indexs = [9150, 53640, 35280, 53700, 40110, 70950, 74130, 51990, 62940, 41040, 13950, 15810, 12510, 11850, 15840, 24390, 30300, 22770, 30300, 17760]
[]
epoch 05
5 2500
flist_v2 0
flist_v2 100
flist_v2 200
flist_v2 300
flist_v2 400
flist_v2 500
flist_v2 600
flist_v2 700
flist_v2 800
flist_v2 900
flist_v2 1000
flist_v2 1100
flist_v2 1200
flist_v2 1300
flist_v2 1400
flist_v2 1500
flist_v2 1600
flist_v2 1700
flist_v2 1800
flist_v2 1900
flist_v2 2000
flist_v2 2100
flist_v2 2200
flist_v2 2300
flist_v2 2400
<function shape at 0x7f92139bdc80>
0 434 0.08548804372549057
file_index = 13050
../../dataset/RakutenDS/triplet/input/test_anchor/1120005769/1.png
../../dataset/RakutenDS/triplet/Hamburg_mitsuru/Hamburg_mitsuru30_resize/13050.png
0 rank_dist = [0.1286032497882843, 0.1290767937898636, 0.13171733915805817, 0.14184673130512238, 0.14544270932674408] rank_index = [750, 2488, 300, 1786, 450]
<function shape at 0x7f92139bdc80>
1 1009 0.12496842443943024
file_index = 30300
../../dataset/RakutenDS/triplet/input/test_anchor/1120005769/3.png
../../dataset/RakutenDS/triplet/Hamburg_mitsuru/Hamburg_mitsuru30_resize/30300.png
1 rank_dist = [0.15198442339897156, 0.15909644961357117, 0.17001794278621674, 0.1715310662984848, 0.1788911521434784] rank_index = [2490, 2337, 300, 1751, 450]
<function shape at 0x7f92139bdc80>
2 674 0.05008698254823685
file_index = 20250
../../dataset/RakutenDS/triplet/input/test_anchor/1120005769/4.png
../../dataset/RakutenDS/triplet/Hamburg_mitsuru/Hamburg_mitsuru30_resize/20250.png
2 rank_dist = [0.06482667475938797, 0.08395156264305115, 0.08458410948514938, 0.08831891417503357, 0.09503241628408432] rank_index = [450, 1785, 2286, 2439, 750]
<function shape at 0x7f92139bdc80>
3 394 0.08523177355527878
file_index = 11850
../../dataset/RakutenDS/triplet/input/test_anchor/1120005769/5.png
../../dataset/RakutenDS/triplet/Hamburg_mitsuru/Hamburg_mitsuru30_resize/11850.png
3 rank_dist = [0.10960308462381363, 0.12071756273508072, 0.12093984335660934, 0.12580041587352753, 0.1258542388677597] rank_index = [2270, 1751, 750, 2443, 2107]
<function shape at 0x7f92139bdc80>
4 394 0.06631820648908615
file_index = 11850
../../dataset/RakutenDS/triplet/input/test_anchor/1120005769/6.png
../../dataset/RakutenDS/triplet/Hamburg_mitsuru/Hamburg_mitsuru30_resize/11850.png
4 rank_dist = [0.08990621566772461, 0.09097244590520859, 0.10277041047811508, 0.10580279678106308, 0.10627661645412445] rank_index = [1751, 450, 2358, 1357, 750]
key_indexs = [9150, 53640, 35280, 53700, 40110, 70950, 74130, 51990, 62940, 41040, 13950, 15810, 12510, 11850, 15840, 24390, 30300, 22770, 30300, 17760, 13050, 30300, 20250, 11850, 11850]
[]
epoch 06
5 2500
flist_v2 0
flist_v2 100
flist_v2 200
flist_v2 300
flist_v2 400
flist_v2 500
flist_v2 600
flist_v2 700
flist_v2 800
flist_v2 900
flist_v2 1000
flist_v2 1100
flist_v2 1200
flist_v2 1300
flist_v2 1400
flist_v2 1500
flist_v2 1600
flist_v2 1700
flist_v2 1800
flist_v2 1900
flist_v2 2000
flist_v2 2100
flist_v2 2200
flist_v2 2300
flist_v2 2400
<function shape at 0x7f92139bdc80>
0 1750 0.08588667213916779
file_index = 52530
../../dataset/RakutenDS/triplet/input/test_anchor/1120005769/1.png
../../dataset/RakutenDS/triplet/Hamburg_mitsuru/Hamburg_mitsuru30_resize/52530.png
0 rank_dist = [0.18007144331932068, 0.19594474136829376, 0.20673948526382446, 0.2241193950176239, 0.23545962572097778] rank_index = [1745, 2045, 150, 1895, 2355]
<function shape at 0x7f92139bdc80>
1 1751 0.18598400056362152
file_index = 52560
../../dataset/RakutenDS/triplet/input/test_anchor/1120005769/3.png
../../dataset/RakutenDS/triplet/Hamburg_mitsuru/Hamburg_mitsuru30_resize/52560.png
1 rank_dist = [0.22675985097885132, 0.2575171887874603, 0.2873849868774414, 0.2922047972679138, 0.31216782331466675] rank_index = [1731, 1881, 150, 2488, 2181]
<function shape at 0x7f92139bdc80>
2 1751 0.12181022763252258
file_index = 52560
../../dataset/RakutenDS/triplet/input/test_anchor/1120005769/4.png
../../dataset/RakutenDS/triplet/Hamburg_mitsuru/Hamburg_mitsuru30_resize/52560.png
2 rank_dist = [0.18360468745231628, 0.18882866203784943, 0.2095259130001068, 0.2171473652124405, 0.21814975142478943] rank_index = [1892, 2192, 2042, 2362, 150]
<function shape at 0x7f92139bdc80>
3 1009 0.14011609554290771
file_index = 30300
../../dataset/RakutenDS/triplet/input/test_anchor/1120005769/5.png
../../dataset/RakutenDS/triplet/Hamburg_mitsuru/Hamburg_mitsuru30_resize/30300.png
3 rank_dist = [0.35421767830848694, 0.36771878600120544, 0.3729890286922455, 0.37381410598754883, 0.38338321447372437] rank_index = [150, 900, 2193, 1892, 2493]
<function shape at 0x7f92139bdc80>
4 1765 0.1555260568857193
file_index = 52980
../../dataset/RakutenDS/triplet/input/test_anchor/1120005769/6.png
../../dataset/RakutenDS/triplet/Hamburg_mitsuru/Hamburg_mitsuru30_resize/52980.png
4 rank_dist = [0.23967832326889038, 0.2464897483587265, 0.26217398047447205, 0.263824999332428, 0.28374215960502625] rank_index = [1894, 150, 2044, 1744, 2364]
key_indexs = [9150, 53640, 35280, 53700, 40110, 70950, 74130, 51990, 62940, 41040, 13950, 15810, 12510, 11850, 15840, 24390, 30300, 22770, 30300, 17760, 13050, 30300, 20250, 11850, 11850, 52530, 52560, 52560, 30300, 52980]
[]
epoch 07
5 2500
flist_v2 0
flist_v2 100
flist_v2 200
flist_v2 300
flist_v2 400
flist_v2 500
flist_v2 600
flist_v2 700
flist_v2 800
flist_v2 900
flist_v2 1000
flist_v2 1100
flist_v2 1200
flist_v2 1300
flist_v2 1400
flist_v2 1500
flist_v2 1600
flist_v2 1700
flist_v2 1800
flist_v2 1900
flist_v2 2000
flist_v2 2100
flist_v2 2200
flist_v2 2300
flist_v2 2400
<function shape at 0x7f92139bdc80>
0 2158 0.04771034047007561
file_index = 64770
../../dataset/RakutenDS/triplet/input/test_anchor/1120005769/1.png
../../dataset/RakutenDS/triplet/Hamburg_mitsuru/Hamburg_mitsuru30_resize/64770.png
0 rank_dist = [0.1161123514175415, 0.13254396617412567, 0.13845406472682953, 0.14223094284534454, 0.14321278035640717] rank_index = [1350, 2403, 1500, 1950, 150]
<function shape at 0x7f92139bdc80>
1 1785 0.18332666158676147
file_index = 53580
../../dataset/RakutenDS/triplet/input/test_anchor/1120005769/3.png
../../dataset/RakutenDS/triplet/Hamburg_mitsuru/Hamburg_mitsuru30_resize/53580.png
1 rank_dist = [0.2880091667175293, 0.3019404113292694, 0.3022472560405731, 0.30238667130470276, 0.3149263560771942] rank_index = [2477, 2027, 2177, 150, 2327]
<function shape at 0x7f92139bdc80>
2 1543 0.10058392584323883
file_index = 46320
../../dataset/RakutenDS/triplet/input/test_anchor/1120005769/4.png
../../dataset/RakutenDS/triplet/Hamburg_mitsuru/Hamburg_mitsuru30_resize/46320.png
2 rank_dist = [0.16747280955314636, 0.18708622455596924, 0.19615438580513, 0.19946148991584778, 0.20644749701023102] rank_index = [1350, 1500, 2252, 2403, 1950]
<function shape at 0x7f92139bdc80>
3 1789 0.07202442735433578
file_index = 53700
../../dataset/RakutenDS/triplet/input/test_anchor/1120005769/5.png
../../dataset/RakutenDS/triplet/Hamburg_mitsuru/Hamburg_mitsuru30_resize/53700.png
3 rank_dist = [0.15345679223537445, 0.1916494220495224, 0.1972297728061676, 0.20106542110443115, 0.2039446234703064] rank_index = [1351, 2103, 2408, 2258, 1501]
<function shape at 0x7f92139bdc80>
4 1789 0.07637665420770645
file_index = 53700
../../dataset/RakutenDS/triplet/input/test_anchor/1120005769/6.png
../../dataset/RakutenDS/triplet/Hamburg_mitsuru/Hamburg_mitsuru30_resize/53700.png
4 rank_dist = [0.14031954109668732, 0.18337701261043549, 0.1843271255493164, 0.18554356694221497, 0.19054481387138367] rank_index = [1351, 2408, 2258, 1501, 150]
key_indexs = [9150, 53640, 35280, 53700, 40110, 70950, 74130, 51990, 62940, 41040, 13950, 15810, 12510, 11850, 15840, 24390, 30300, 22770, 30300, 17760, 13050, 30300, 20250, 11850, 11850, 52530, 52560, 52560, 30300, 52980, 64770, 53580, 46320, 53700, 53700]
[]
epoch 08
5 2500
flist_v2 0
flist_v2 100
flist_v2 200
flist_v2 300
flist_v2 400
flist_v2 500
flist_v2 600
flist_v2 700
flist_v2 800
flist_v2 900
flist_v2 1000
flist_v2 1100
flist_v2 1200
flist_v2 1300
flist_v2 1400
flist_v2 1500
flist_v2 1600
flist_v2 1700
flist_v2 1800
flist_v2 1900
flist_v2 2000
flist_v2 2100
flist_v2 2200
flist_v2 2300
flist_v2 2400
<function shape at 0x7f92139bdc80>
0 985 0.046555474400520325
file_index = 29580
../../dataset/RakutenDS/triplet/input/test_anchor/1120005769/1.png
../../dataset/RakutenDS/triplet/Hamburg_mitsuru/Hamburg_mitsuru30_resize/29580.png
0 rank_dist = [0.050265129655599594, 0.07128700613975525, 0.09566682577133179, 0.10183683782815933, 0.11039813607931137] rank_index = [150, 900, 1994, 450, 1750]
<function shape at 0x7f92139bdc80>
1 498 0.06930894404649734
file_index = 14970
../../dataset/RakutenDS/triplet/input/test_anchor/1120005769/3.png
../../dataset/RakutenDS/triplet/Hamburg_mitsuru/Hamburg_mitsuru30_resize/14970.png
1 rank_dist = [0.10358972102403641, 0.11638139188289642, 0.11793537437915802, 0.12034802883863449, 0.13112010061740875] rank_index = [150, 450, 900, 600, 2095]
<function shape at 0x7f92139bdc80>
2 867 0.09630690515041351
file_index = 26040
../../dataset/RakutenDS/triplet/input/test_anchor/1120005769/4.png
../../dataset/RakutenDS/triplet/Hamburg_mitsuru/Hamburg_mitsuru30_resize/26040.png
2 rank_dist = [0.11676977574825287, 0.13965436816215515, 0.14876362681388855, 0.14956660568714142, 0.15157420933246613] rank_index = [150, 900, 450, 1708, 2338]
<function shape at 0x7f92139bdc80>
3 387 0.07421751320362091
file_index = 11640
../../dataset/RakutenDS/triplet/input/test_anchor/1120005769/5.png
../../dataset/RakutenDS/triplet/Hamburg_mitsuru/Hamburg_mitsuru30_resize/11640.png
3 rank_dist = [0.09638053178787231, 0.11144648492336273, 0.11420026421546936, 0.1175060048699379, 0.11851172894239426] rank_index = [150, 900, 1994, 1444, 600]
<function shape at 0x7f92139bdc80>
4 468 0.0681183785200119
file_index = 14070
../../dataset/RakutenDS/triplet/input/test_anchor/1120005769/6.png
../../dataset/RakutenDS/triplet/Hamburg_mitsuru/Hamburg_mitsuru30_resize/14070.png
4 rank_dist = [0.0976007804274559, 0.09778380393981934, 0.1064029335975647, 0.1064598485827446, 0.11862807720899582] rank_index = [150, 450, 600, 900, 750]
key_indexs = [9150, 53640, 35280, 53700, 40110, 70950, 74130, 51990, 62940, 41040, 13950, 15810, 12510, 11850, 15840, 24390, 30300, 22770, 30300, 17760, 13050, 30300, 20250, 11850, 11850, 52530, 52560, 52560, 30300, 52980, 64770, 53580, 46320, 53700, 53700, 29580, 14970, 26040, 11640, 14070]
[]
epoch 09
5 2500
flist_v2 0
flist_v2 100
flist_v2 200
flist_v2 300
flist_v2 400
flist_v2 500
flist_v2 600
flist_v2 700
flist_v2 800
flist_v2 900
flist_v2 1000
flist_v2 1100
flist_v2 1200
flist_v2 1300
flist_v2 1400
flist_v2 1500
flist_v2 1600
flist_v2 1700
flist_v2 1800
flist_v2 1900
flist_v2 2000
flist_v2 2100
flist_v2 2200
flist_v2 2300
flist_v2 2400
<function shape at 0x7f92139bdc80>
0 983 0.03449621424078941
file_index = 29520
../../dataset/RakutenDS/triplet/input/test_anchor/1120005769/1.png
../../dataset/RakutenDS/triplet/Hamburg_mitsuru/Hamburg_mitsuru30_resize/29520.png
0 rank_dist = [0.04958008602261543, 0.05989459529519081, 0.07182740420103073, 0.09907519072294235, 0.11717181652784348] rank_index = [450, 900, 2240, 1751, 600]
<function shape at 0x7f92139bdc80>
1 886 0.06275871396064758
file_index = 26610
../../dataset/RakutenDS/triplet/input/test_anchor/1120005769/3.png
../../dataset/RakutenDS/triplet/Hamburg_mitsuru/Hamburg_mitsuru30_resize/26610.png
1 rank_dist = [0.17018917202949524, 0.1703619509935379, 0.17081233859062195, 0.19023142755031586, 0.2448480725288391] rank_index = [750, 600, 450, 900, 2239]
<function shape at 0x7f92139bdc80>
2 985 0.08565820008516312
file_index = 29580
../../dataset/RakutenDS/triplet/input/test_anchor/1120005769/4.png
../../dataset/RakutenDS/triplet/Hamburg_mitsuru/Hamburg_mitsuru30_resize/29580.png
2 rank_dist = [0.12802621722221375, 0.13360317051410675, 0.13642746210098267, 0.16267916560173035, 0.1682232767343521] rank_index = [450, 900, 2240, 750, 1751]
<function shape at 0x7f92139bdc80>
3 928 0.06816156953573227
file_index = 27870
../../dataset/RakutenDS/triplet/input/test_anchor/1120005769/5.png
../../dataset/RakutenDS/triplet/Hamburg_mitsuru/Hamburg_mitsuru30_resize/27870.png
3 rank_dist = [0.1015828400850296, 0.10709568113088608, 0.10928069800138474, 0.13729259371757507, 0.13856439292430878] rank_index = [450, 900, 2240, 1751, 600]
<function shape at 0x7f92139bdc80>
4 896 0.056180715560913086
file_index = 26910
../../dataset/RakutenDS/triplet/input/test_anchor/1120005769/6.png
../../dataset/RakutenDS/triplet/Hamburg_mitsuru/Hamburg_mitsuru30_resize/26910.png
4 rank_dist = [0.0755443274974823, 0.09501224011182785, 0.09886013716459274, 0.12833833694458008, 0.13417215645313263] rank_index = [450, 900, 2240, 600, 1751]
key_indexs = [9150, 53640, 35280, 53700, 40110, 70950, 74130, 51990, 62940, 41040, 13950, 15810, 12510, 11850, 15840, 24390, 30300, 22770, 30300, 17760, 13050, 30300, 20250, 11850, 11850, 52530, 52560, 52560, 30300, 52980, 64770, 53580, 46320, 53700, 53700, 29580, 14970, 26040, 11640, 14070, 29520, 26610, 29580, 27870, 26910]
[]
epoch 10
5 2500
flist_v2 0
flist_v2 100
flist_v2 200
flist_v2 300
flist_v2 400
flist_v2 500
flist_v2 600
flist_v2 700
flist_v2 800
flist_v2 900
flist_v2 1000
flist_v2 1100
flist_v2 1200
flist_v2 1300
flist_v2 1400
flist_v2 1500
flist_v2 1600
flist_v2 1700
flist_v2 1800
flist_v2 1900
flist_v2 2000
flist_v2 2100
flist_v2 2200
flist_v2 2300
flist_v2 2400
<function shape at 0x7f92139bdc80>
0 427 0.07144075632095337
file_index = 12840
../../dataset/RakutenDS/triplet/input/test_anchor/1120005769/1.png
../../dataset/RakutenDS/triplet/Hamburg_mitsuru/Hamburg_mitsuru30_resize/12840.png
0 rank_dist = [0.0791814923286438, 0.08708115667104721, 0.09502878785133362, 0.11603590846061707, 0.12083810567855835] rank_index = [1132, 450, 750, 150, 600]
<function shape at 0x7f92139bdc80>
1 842 0.062147725373506546
file_index = 25290
../../dataset/RakutenDS/triplet/input/test_anchor/1120005769/3.png
../../dataset/RakutenDS/triplet/Hamburg_mitsuru/Hamburg_mitsuru30_resize/25290.png
1 rank_dist = [0.08549365401268005, 0.08956017345190048, 0.08960995823144913, 0.09127083420753479, 0.09471119195222855] rank_index = [2094, 1631, 1133, 450, 900]
<function shape at 0x7f92139bdc80>
2 1631 0.05416712537407875
file_index = 48960
../../dataset/RakutenDS/triplet/input/test_anchor/1120005769/4.png
../../dataset/RakutenDS/triplet/Hamburg_mitsuru/Hamburg_mitsuru30_resize/48960.png
2 rank_dist = [0.09310454875230789, 0.10385861247777939, 0.10937731713056564, 0.11687146872282028, 0.1179947480559349] rank_index = [900, 150, 2440, 2275, 450]
<function shape at 0x7f92139bdc80>
3 513 0.07806414365768433
file_index = 15420
../../dataset/RakutenDS/triplet/input/test_anchor/1120005769/5.png
../../dataset/RakutenDS/triplet/Hamburg_mitsuru/Hamburg_mitsuru30_resize/15420.png
3 rank_dist = [0.08931560814380646, 0.0899958461523056, 0.09243452548980713, 0.09397907555103302, 0.1011507511138916] rank_index = [2001, 2472, 2322, 900, 450]
<function shape at 0x7f92139bdc80>
4 591 0.06408724188804626
file_index = 17760
../../dataset/RakutenDS/triplet/input/test_anchor/1120005769/6.png
../../dataset/RakutenDS/triplet/Hamburg_mitsuru/Hamburg_mitsuru30_resize/17760.png
4 rank_dist = [0.08056659251451492, 0.08541243523359299, 0.09158740937709808, 0.09736987203359604, 0.09904113411903381] rank_index = [2094, 450, 150, 1631, 2442]
key_indexs = [9150, 53640, 35280, 53700, 40110, 70950, 74130, 51990, 62940, 41040, 13950, 15810, 12510, 11850, 15840, 24390, 30300, 22770, 30300, 17760, 13050, 30300, 20250, 11850, 11850, 52530, 52560, 52560, 30300, 52980, 64770, 53580, 46320, 53700, 53700, 29580, 14970, 26040, 11640, 14070, 29520, 26610, 29580, 27870, 26910, 12840, 25290, 48960, 15420, 17760]
[]
epoch 11
5 2500
flist_v2 0
flist_v2 100
flist_v2 200
flist_v2 300
flist_v2 400
flist_v2 500
flist_v2 600
flist_v2 700
flist_v2 800
flist_v2 900
flist_v2 1000
flist_v2 1100
flist_v2 1200
flist_v2 1300
flist_v2 1400
flist_v2 1500
flist_v2 1600
flist_v2 1700
flist_v2 1800
flist_v2 1900
flist_v2 2000
flist_v2 2100
flist_v2 2200
flist_v2 2300
flist_v2 2400
<function shape at 0x7f92139bdc80>
0 451 0.05352356657385826
file_index = 13560
../../dataset/RakutenDS/triplet/input/test_anchor/1120005769/1.png
../../dataset/RakutenDS/triplet/Hamburg_mitsuru/Hamburg_mitsuru30_resize/13560.png
0 rank_dist = [0.06394223868846893, 0.08577720075845718, 0.09936334937810898, 0.10082630813121796, 0.10242876410484314] rank_index = [450, 2242, 1720, 2490, 1132]
<function shape at 0x7f92139bdc80>
1 188 0.10352479666471481
file_index = 05670
../../dataset/RakutenDS/triplet/input/test_anchor/1120005769/3.png
../../dataset/RakutenDS/triplet/Hamburg_mitsuru/Hamburg_mitsuru30_resize/05670.png
1 rank_dist = [0.13783709704875946, 0.15976980328559875, 0.167965829372406, 0.17018547654151917, 0.1703919619321823] rank_index = [450, 2490, 750, 1132, 300]
<function shape at 0x7f92139bdc80>
2 283 0.05048041418194771
file_index = 08520
../../dataset/RakutenDS/triplet/input/test_anchor/1120005769/4.png
../../dataset/RakutenDS/triplet/Hamburg_mitsuru/Hamburg_mitsuru30_resize/08520.png
2 rank_dist = [0.06857655942440033, 0.07798183709383011, 0.08144357800483704, 0.0851537361741066, 0.08681890368461609] rank_index = [450, 2242, 1132, 2490, 1720]
<function shape at 0x7f92139bdc80>
3 451 0.06493505090475082
file_index = 13560
../../dataset/RakutenDS/triplet/input/test_anchor/1120005769/5.png
../../dataset/RakutenDS/triplet/Hamburg_mitsuru/Hamburg_mitsuru30_resize/13560.png
3 rank_dist = [0.07535193860530853, 0.09318847954273224, 0.10247776657342911, 0.10512720793485641, 0.10842947661876678] rank_index = [450, 2242, 2490, 1720, 1132]
<function shape at 0x7f92139bdc80>
4 985 0.0699673667550087
file_index = 29580
../../dataset/RakutenDS/triplet/input/test_anchor/1120005769/6.png
../../dataset/RakutenDS/triplet/Hamburg_mitsuru/Hamburg_mitsuru30_resize/29580.png
4 rank_dist = [0.10566715151071548, 0.13416066765785217, 0.1376064270734787, 0.13965074717998505, 0.14768970012664795] rank_index = [450, 2490, 2242, 1132, 750]
key_indexs = [9150, 53640, 35280, 53700, 40110, 70950, 74130, 51990, 62940, 41040, 13950, 15810, 12510, 11850, 15840, 24390, 30300, 22770, 30300, 17760, 13050, 30300, 20250, 11850, 11850, 52530, 52560, 52560, 30300, 52980, 64770, 53580, 46320, 53700, 53700, 29580, 14970, 26040, 11640, 14070, 29520, 26610, 29580, 27870, 26910, 12840, 25290, 48960, 15420, 17760, 13560, 5670, 8520, 13560, 29580]
[]
epoch 12
5 2500
flist_v2 0
flist_v2 100
flist_v2 200
flist_v2 300
flist_v2 400
flist_v2 500
flist_v2 600
flist_v2 700
flist_v2 800
flist_v2 900
flist_v2 1000
flist_v2 1100
flist_v2 1200
flist_v2 1300
flist_v2 1400
flist_v2 1500
flist_v2 1600
flist_v2 1700
flist_v2 1800
flist_v2 1900
flist_v2 2000
flist_v2 2100
flist_v2 2200
flist_v2 2300
flist_v2 2400
<function shape at 0x7f92139bdc80>
0 451 0.054423581808805466
file_index = 13560
../../dataset/RakutenDS/triplet/input/test_anchor/1120005769/1.png
../../dataset/RakutenDS/triplet/Hamburg_mitsuru/Hamburg_mitsuru30_resize/13560.png
0 rank_dist = [0.06492050737142563, 0.08572208881378174, 0.09887314587831497, 0.10037342458963394, 0.1004108265042305] rank_index = [450, 2242, 1720, 2490, 150]
<function shape at 0x7f92139bdc80>
1 188 0.10131597518920898
file_index = 05670
../../dataset/RakutenDS/triplet/input/test_anchor/1120005769/3.png
../../dataset/RakutenDS/triplet/Hamburg_mitsuru/Hamburg_mitsuru30_resize/05670.png
1 rank_dist = [0.13338810205459595, 0.15677441656589508, 0.16516761481761932, 0.16596047580242157, 0.16680897772312164] rank_index = [450, 2490, 1342, 750, 1132]
<function shape at 0x7f92139bdc80>
2 283 0.051371168345212936
file_index = 08520
../../dataset/RakutenDS/triplet/input/test_anchor/1120005769/4.png
../../dataset/RakutenDS/triplet/Hamburg_mitsuru/Hamburg_mitsuru30_resize/08520.png
2 rank_dist = [0.06681477278470993, 0.07650019973516464, 0.0819215327501297, 0.08494201302528381, 0.08600004762411118] rank_index = [450, 2242, 1132, 2490, 1720]
<function shape at 0x7f92139bdc80>
3 451 0.06388495117425919
file_index = 13560
../../dataset/RakutenDS/triplet/input/test_anchor/1120005769/5.png
../../dataset/RakutenDS/triplet/Hamburg_mitsuru/Hamburg_mitsuru30_resize/13560.png
3 rank_dist = [0.07433119416236877, 0.09211579710245132, 0.10164941102266312, 0.10320758819580078, 0.10619111359119415] rank_index = [450, 2242, 2490, 1720, 1132]
<function shape at 0x7f92139bdc80>
4 985 0.0682128444314003
file_index = 29580
../../dataset/RakutenDS/triplet/input/test_anchor/1120005769/6.png
../../dataset/RakutenDS/triplet/Hamburg_mitsuru/Hamburg_mitsuru30_resize/29580.png
4 rank_dist = [0.10245481133460999, 0.1320115625858307, 0.13428223133087158, 0.13659247756004333, 0.14635327458381653] rank_index = [450, 2490, 2242, 1132, 750]
key_indexs = [9150, 53640, 35280, 53700, 40110, 70950, 74130, 51990, 62940, 41040, 13950, 15810, 12510, 11850, 15840, 24390, 30300, 22770, 30300, 17760, 13050, 30300, 20250, 11850, 11850, 52530, 52560, 52560, 30300, 52980, 64770, 53580, 46320, 53700, 53700, 29580, 14970, 26040, 11640, 14070, 29520, 26610, 29580, 27870, 26910, 12840, 25290, 48960, 15420, 17760, 13560, 5670, 8520, 13560, 29580, 13560, 5670, 8520, 13560, 29580]
[]
epoch 13
5 2500
flist_v2 0
flist_v2 100
flist_v2 200
flist_v2 300
flist_v2 400
flist_v2 500
flist_v2 600
flist_v2 700
flist_v2 800
flist_v2 900
flist_v2 1000
flist_v2 1100
flist_v2 1200
flist_v2 1300
flist_v2 1400
flist_v2 1500
flist_v2 1600
flist_v2 1700
flist_v2 1800
flist_v2 1900
flist_v2 2000
flist_v2 2100
flist_v2 2200
flist_v2 2300
flist_v2 2400
<function shape at 0x7f92139bdc80>
0 451 0.05408388376235962
file_index = 13560
../../dataset/RakutenDS/triplet/input/test_anchor/1120005769/1.png
../../dataset/RakutenDS/triplet/Hamburg_mitsuru/Hamburg_mitsuru30_resize/13560.png
0 rank_dist = [0.06461707502603531, 0.08598887175321579, 0.10024720430374146, 0.10085923969745636, 0.1017487421631813] rank_index = [450, 2242, 1720, 2490, 150]
<function shape at 0x7f92139bdc80>
1 188 0.10170754045248032
file_index = 05670
../../dataset/RakutenDS/triplet/input/test_anchor/1120005769/3.png
../../dataset/RakutenDS/triplet/Hamburg_mitsuru/Hamburg_mitsuru30_resize/05670.png
1 rank_dist = [0.1342625468969345, 0.1571989506483078, 0.16660188138484955, 0.1666516810655594, 0.16781669855117798] rank_index = [450, 2490, 750, 1342, 1132]
<function shape at 0x7f92139bdc80>
2 283 0.05080718547105789
file_index = 08520
../../dataset/RakutenDS/triplet/input/test_anchor/1120005769/4.png
../../dataset/RakutenDS/triplet/Hamburg_mitsuru/Hamburg_mitsuru30_resize/08520.png
2 rank_dist = [0.06697244197130203, 0.07694942504167557, 0.08200293779373169, 0.08477222174406052, 0.08665011078119278] rank_index = [450, 2242, 1132, 2490, 1720]
<function shape at 0x7f92139bdc80>
3 451 0.0638546422123909
file_index = 13560
../../dataset/RakutenDS/triplet/input/test_anchor/1120005769/5.png
../../dataset/RakutenDS/triplet/Hamburg_mitsuru/Hamburg_mitsuru30_resize/13560.png
3 rank_dist = [0.07429338991641998, 0.09231088310480118, 0.10171107202768326, 0.1046244353055954, 0.1074284240603447] rank_index = [450, 2242, 2490, 1720, 1132]
<function shape at 0x7f92139bdc80>
4 985 0.06819078326225281
file_index = 29580
../../dataset/RakutenDS/triplet/input/test_anchor/1120005769/6.png
../../dataset/RakutenDS/triplet/Hamburg_mitsuru/Hamburg_mitsuru30_resize/29580.png
4 rank_dist = [0.10282088816165924, 0.1320541352033615, 0.13505502045154572, 0.13768520951271057, 0.14659982919692993] rank_index = [450, 2490, 2242, 1132, 750]
key_indexs = [9150, 53640, 35280, 53700, 40110, 70950, 74130, 51990, 62940, 41040, 13950, 15810, 12510, 11850, 15840, 24390, 30300, 22770, 30300, 17760, 13050, 30300, 20250, 11850, 11850, 52530, 52560, 52560, 30300, 52980, 64770, 53580, 46320, 53700, 53700, 29580, 14970, 26040, 11640, 14070, 29520, 26610, 29580, 27870, 26910, 12840, 25290, 48960, 15420, 17760, 13560, 5670, 8520, 13560, 29580, 13560, 5670, 8520, 13560, 29580, 13560, 5670, 8520, 13560, 29580]
[]
epoch 14
5 2500
flist_v2 0
flist_v2 100
flist_v2 200
flist_v2 300
flist_v2 400
flist_v2 500
flist_v2 600
flist_v2 700
flist_v2 800
flist_v2 900
flist_v2 1000
flist_v2 1100
flist_v2 1200
flist_v2 1300
flist_v2 1400
flist_v2 1500
flist_v2 1600
flist_v2 1700
flist_v2 1800
flist_v2 1900
flist_v2 2000
flist_v2 2100
flist_v2 2200
flist_v2 2300
flist_v2 2400
<function shape at 0x7f92139bdc80>
0 451 0.05492493510246277
file_index = 13560
../../dataset/RakutenDS/triplet/input/test_anchor/1120005769/1.png
../../dataset/RakutenDS/triplet/Hamburg_mitsuru/Hamburg_mitsuru30_resize/13560.png
0 rank_dist = [0.0658310130238533, 0.08571939170360565, 0.09864196926355362, 0.09970546513795853, 0.10118350386619568] rank_index = [450, 2242, 1720, 2490, 150]
<function shape at 0x7f92139bdc80>
1 188 0.10105796158313751
file_index = 05670
../../dataset/RakutenDS/triplet/input/test_anchor/1120005769/3.png
../../dataset/RakutenDS/triplet/Hamburg_mitsuru/Hamburg_mitsuru30_resize/05670.png
1 rank_dist = [0.13382238149642944, 0.15687516331672668, 0.16615861654281616, 0.16648083925247192, 0.1671481728553772] rank_index = [450, 2490, 1342, 750, 1132]
<function shape at 0x7f92139bdc80>
2 283 0.0512268990278244
file_index = 08520
../../dataset/RakutenDS/triplet/input/test_anchor/1120005769/4.png
../../dataset/RakutenDS/triplet/Hamburg_mitsuru/Hamburg_mitsuru30_resize/08520.png
2 rank_dist = [0.06727710366249084, 0.07778201997280121, 0.08273550868034363, 0.08535706996917725, 0.0867205336689949] rank_index = [450, 2242, 1132, 2490, 1720]
<function shape at 0x7f92139bdc80>
3 451 0.06465092301368713
file_index = 13560
../../dataset/RakutenDS/triplet/input/test_anchor/1120005769/5.png
../../dataset/RakutenDS/triplet/Hamburg_mitsuru/Hamburg_mitsuru30_resize/13560.png
3 rank_dist = [0.07553970068693161, 0.09288888424634933, 0.10126116871833801, 0.10403074324131012, 0.10774227231740952] rank_index = [450, 2242, 2490, 1720, 1132]
<function shape at 0x7f92139bdc80>
4 985 0.06828389316797256
file_index = 29580
../../dataset/RakutenDS/triplet/input/test_anchor/1120005769/6.png
../../dataset/RakutenDS/triplet/Hamburg_mitsuru/Hamburg_mitsuru30_resize/29580.png
4 rank_dist = [0.10329882055521011, 0.13182222843170166, 0.1348644196987152, 0.13736194372177124, 0.14666889607906342] rank_index = [450, 2490, 2242, 1132, 750]
key_indexs = [9150, 53640, 35280, 53700, 40110, 70950, 74130, 51990, 62940, 41040, 13950, 15810, 12510, 11850, 15840, 24390, 30300, 22770, 30300, 17760, 13050, 30300, 20250, 11850, 11850, 52530, 52560, 52560, 30300, 52980, 64770, 53580, 46320, 53700, 53700, 29580, 14970, 26040, 11640, 14070, 29520, 26610, 29580, 27870, 26910, 12840, 25290, 48960, 15420, 17760, 13560, 5670, 8520, 13560, 29580, 13560, 5670, 8520, 13560, 29580, 13560, 5670, 8520, 13560, 29580, 13560, 5670, 8520, 13560, 29580]
[]
epoch 15
5 2500
flist_v2 0
flist_v2 100
flist_v2 200
flist_v2 300
flist_v2 400
flist_v2 500
flist_v2 600
flist_v2 700
flist_v2 800
flist_v2 900
flist_v2 1000
flist_v2 1100
flist_v2 1200
flist_v2 1300
flist_v2 1400
flist_v2 1500
flist_v2 1600
flist_v2 1700
flist_v2 1800
flist_v2 1900
flist_v2 2000
flist_v2 2100
flist_v2 2200
flist_v2 2300
flist_v2 2400
<function shape at 0x7f92139bdc80>
0 451 0.05455958843231201
file_index = 13560
../../dataset/RakutenDS/triplet/input/test_anchor/1120005769/1.png
../../dataset/RakutenDS/triplet/Hamburg_mitsuru/Hamburg_mitsuru30_resize/13560.png
0 rank_dist = [0.06517642736434937, 0.08555012941360474, 0.09932611137628555, 0.10014958679676056, 0.10121707618236542] rank_index = [450, 2242, 1720, 2490, 150]
<function shape at 0x7f92139bdc80>
1 188 0.10191304236650467
file_index = 05670
../../dataset/RakutenDS/triplet/input/test_anchor/1120005769/3.png
../../dataset/RakutenDS/triplet/Hamburg_mitsuru/Hamburg_mitsuru30_resize/05670.png
1 rank_dist = [0.13454999029636383, 0.1577938050031662, 0.1660310924053192, 0.16667720675468445, 0.16790546476840973] rank_index = [450, 2490, 750, 1342, 1132]
<function shape at 0x7f92139bdc80>
2 283 0.05070331320166588
file_index = 08520
../../dataset/RakutenDS/triplet/input/test_anchor/1120005769/4.png
../../dataset/RakutenDS/triplet/Hamburg_mitsuru/Hamburg_mitsuru30_resize/08520.png
2 rank_dist = [0.06698746234178543, 0.07754011452198029, 0.0821969211101532, 0.08512759208679199, 0.08659431338310242] rank_index = [450, 2242, 1132, 2490, 1720]
<function shape at 0x7f92139bdc80>
3 451 0.06434613466262817
file_index = 13560
../../dataset/RakutenDS/triplet/input/test_anchor/1120005769/5.png
../../dataset/RakutenDS/triplet/Hamburg_mitsuru/Hamburg_mitsuru30_resize/13560.png
3 rank_dist = [0.07494080811738968, 0.09252554923295975, 0.10163598507642746, 0.10431097447872162, 0.10763819515705109] rank_index = [450, 2242, 2490, 1720, 1132]
<function shape at 0x7f92139bdc80>
4 985 0.06796814501285553
file_index = 29580
../../dataset/RakutenDS/triplet/input/test_anchor/1120005769/6.png
../../dataset/RakutenDS/triplet/Hamburg_mitsuru/Hamburg_mitsuru30_resize/29580.png
4 rank_dist = [0.1029454842209816, 0.13194334506988525, 0.13470476865768433, 0.13732512295246124, 0.14545774459838867] rank_index = [450, 2490, 2242, 1132, 750]
key_indexs = [9150, 53640, 35280, 53700, 40110, 70950, 74130, 51990, 62940, 41040, 13950, 15810, 12510, 11850, 15840, 24390, 30300, 22770, 30300, 17760, 13050, 30300, 20250, 11850, 11850, 52530, 52560, 52560, 30300, 52980, 64770, 53580, 46320, 53700, 53700, 29580, 14970, 26040, 11640, 14070, 29520, 26610, 29580, 27870, 26910, 12840, 25290, 48960, 15420, 17760, 13560, 5670, 8520, 13560, 29580, 13560, 5670, 8520, 13560, 29580, 13560, 5670, 8520, 13560, 29580, 13560, 5670, 8520, 13560, 29580, 13560, 5670, 8520, 13560, 29580]
[]
epoch 16
5 2500
flist_v2 0
flist_v2 100
flist_v2 200
flist_v2 300
flist_v2 400
flist_v2 500
flist_v2 600
flist_v2 700
flist_v2 800
flist_v2 900
flist_v2 1000
flist_v2 1100
flist_v2 1200
flist_v2 1300
flist_v2 1400
flist_v2 1500
flist_v2 1600
flist_v2 1700
flist_v2 1800
flist_v2 1900
flist_v2 2000
flist_v2 2100
flist_v2 2200
flist_v2 2300
flist_v2 2400
<function shape at 0x7f92139bdc80>
0 451 0.05430997535586357
file_index = 13560
../../dataset/RakutenDS/triplet/input/test_anchor/1120005769/1.png
../../dataset/RakutenDS/triplet/Hamburg_mitsuru/Hamburg_mitsuru30_resize/13560.png
0 rank_dist = [0.06474746018648148, 0.08487297594547272, 0.09883929044008255, 0.10006146878004074, 0.10090168565511703] rank_index = [450, 2242, 1720, 2490, 150]
<function shape at 0x7f92139bdc80>
1 188 0.10009890049695969
file_index = 05670
../../dataset/RakutenDS/triplet/input/test_anchor/1120005769/3.png
../../dataset/RakutenDS/triplet/Hamburg_mitsuru/Hamburg_mitsuru30_resize/05670.png
1 rank_dist = [0.13272736966609955, 0.15605276823043823, 0.16446533799171448, 0.16528457403182983, 0.16580036282539368] rank_index = [450, 2490, 750, 1342, 300]
<function shape at 0x7f92139bdc80>
2 283 0.0502704419195652
file_index = 08520
../../dataset/RakutenDS/triplet/input/test_anchor/1120005769/4.png
../../dataset/RakutenDS/triplet/Hamburg_mitsuru/Hamburg_mitsuru30_resize/08520.png
2 rank_dist = [0.06639676541090012, 0.07649381458759308, 0.08074373751878738, 0.08420796692371368, 0.08545330166816711] rank_index = [450, 2242, 1132, 2490, 1720]
<function shape at 0x7f92139bdc80>
3 451 0.06358009576797485
file_index = 13560
../../dataset/RakutenDS/triplet/input/test_anchor/1120005769/5.png
../../dataset/RakutenDS/triplet/Hamburg_mitsuru/Hamburg_mitsuru30_resize/13560.png
3 rank_dist = [0.0739857405424118, 0.09146713465452194, 0.10088120400905609, 0.10325108468532562, 0.10641718655824661] rank_index = [450, 2242, 2490, 1720, 1132]
<function shape at 0x7f92139bdc80>
4 985 0.06781183928251266
file_index = 29580
../../dataset/RakutenDS/triplet/input/test_anchor/1120005769/6.png
../../dataset/RakutenDS/triplet/Hamburg_mitsuru/Hamburg_mitsuru30_resize/29580.png
4 rank_dist = [0.10147804766893387, 0.13087144494056702, 0.1332847625017166, 0.13579152524471283, 0.14441393315792084] rank_index = [450, 2490, 2242, 1132, 750]
key_indexs = [9150, 53640, 35280, 53700, 40110, 70950, 74130, 51990, 62940, 41040, 13950, 15810, 12510, 11850, 15840, 24390, 30300, 22770, 30300, 17760, 13050, 30300, 20250, 11850, 11850, 52530, 52560, 52560, 30300, 52980, 64770, 53580, 46320, 53700, 53700, 29580, 14970, 26040, 11640, 14070, 29520, 26610, 29580, 27870, 26910, 12840, 25290, 48960, 15420, 17760, 13560, 5670, 8520, 13560, 29580, 13560, 5670, 8520, 13560, 29580, 13560, 5670, 8520, 13560, 29580, 13560, 5670, 8520, 13560, 29580, 13560, 5670, 8520, 13560, 29580, 13560, 5670, 8520, 13560, 29580]
[]
epoch 17
5 2500
flist_v2 0
flist_v2 100
flist_v2 200
flist_v2 300
flist_v2 400
flist_v2 500
flist_v2 600
flist_v2 700
flist_v2 800
flist_v2 900
flist_v2 1000
flist_v2 1100
flist_v2 1200
flist_v2 1300
flist_v2 1400
flist_v2 1500
flist_v2 1600
flist_v2 1700
flist_v2 1800
flist_v2 1900
flist_v2 2000
flist_v2 2100
flist_v2 2200
