epoch 01
13 2500
flist_v2 0
flist_v2 500
flist_v2 1000
flist_v2 1500
flist_v2 2000
0 2441 0.06754368543624878
file_index = 73260
../../dataset/RakutenDS/triplet/input/test_anchor/1860001109/01.png
../../dataset/RakutenDS/triplet/Hamburg_mitsuru/Hamburg_mitsuru30_resize/73260.png
rank_dist = [0.08601841330528259, 0.11549580842256546, 0.12284043431282043, 0.13563428819179535, 0.13818620145320892] 
rank_index = [2409, 2259, 1206, 150, 1656] 
top5_filename=['', '', '', '', '']
1 2423 0.06522069126367569
file_index = 72720
../../dataset/RakutenDS/triplet/input/test_anchor/1860001109/02.png
../../dataset/RakutenDS/triplet/Hamburg_mitsuru/Hamburg_mitsuru30_resize/72720.png
rank_dist = [0.09112440794706345, 0.09571827203035355, 0.10003118216991425, 0.11458595842123032, 0.11515850573778152] 
rank_index = [1661, 2411, 1811, 1511, 2261] 
top5_filename=['', '', '', '', '']
2 1374 0.07293320447206497
file_index = 41250
../../dataset/RakutenDS/triplet/input/test_anchor/1860001109/03.png
../../dataset/RakutenDS/triplet/Hamburg_mitsuru/Hamburg_mitsuru30_resize/41250.png
rank_dist = [0.08788355439901352, 0.08791135996580124, 0.08936256915330887, 0.08937666565179825, 0.09662744402885437] 
rank_index = [1811, 1511, 2444, 1661, 1961] 
top5_filename=['', '', '', '', '']
3 407 0.16742558777332306
file_index = 12240
../../dataset/RakutenDS/triplet/input/test_anchor/1860001109/04.png
../../dataset/RakutenDS/triplet/Hamburg_mitsuru/Hamburg_mitsuru30_resize/12240.png
rank_dist = [0.192541241645813, 0.19821812212467194, 0.20131775736808777, 0.20708219707012177, 0.2199871689081192] 
rank_index = [900, 2390, 300, 750, 150] 
top5_filename=['', '', '', '', '']
4 1787 0.13771246373653412
file_index = 53640
../../dataset/RakutenDS/triplet/input/test_anchor/1860001109/05.png
../../dataset/RakutenDS/triplet/Hamburg_mitsuru/Hamburg_mitsuru30_resize/53640.png
rank_dist = [0.18365837633609772, 0.19700446724891663, 0.2034333348274231, 0.2037816196680069, 0.2044791281223297] 
rank_index = [2301, 2151, 1380, 150, 1685] 
top5_filename=['', '', '', '', '']
5 1995 0.05334801226854324
file_index = 59880
../../dataset/RakutenDS/triplet/input/test_anchor/1860001109/06.png
../../dataset/RakutenDS/triplet/Hamburg_mitsuru/Hamburg_mitsuru30_resize/59880.png
rank_dist = [0.06526044756174088, 0.0693572536110878, 0.08760888874530792, 0.08772394061088562, 0.09184857457876205] 
rank_index = [1661, 1811, 1961, 1511, 2472] 
top5_filename=['', '', '', '', '']
6 2446 0.07073481380939484
file_index = 73410
../../dataset/RakutenDS/triplet/input/test_anchor/1860001109/07.png
../../dataset/RakutenDS/triplet/Hamburg_mitsuru/Hamburg_mitsuru30_resize/73410.png
rank_dist = [0.11403420567512512, 0.11847653985023499, 0.1186937689781189, 0.1202666312456131, 0.12382875382900238] 
rank_index = [1206, 2109, 1656, 2409, 2259] 
top5_filename=['', '', '', '', '']
7 1732 0.050905995070934296
file_index = 51990
../../dataset/RakutenDS/triplet/input/test_anchor/1860001109/08.png
../../dataset/RakutenDS/triplet/Hamburg_mitsuru/Hamburg_mitsuru30_resize/51990.png
rank_dist = [0.07158566266298294, 0.07492872327566147, 0.07653896510601044, 0.07742176949977875, 0.08558748662471771] 
rank_index = [2142, 1990, 1661, 2296, 2472] 
top5_filename=['', '', '', '', '']
8 96 0.07404900342226028
file_index = 02910
../../dataset/RakutenDS/triplet/input/test_anchor/1860001109/09.png
../../dataset/RakutenDS/triplet/Hamburg_mitsuru/Hamburg_mitsuru30_resize/02910.png
rank_dist = [0.09234923869371414, 0.09345002472400665, 0.10692080110311508, 0.11918720602989197, 0.12309030443429947] 
rank_index = [2308, 2464, 1132, 150, 2158] 
top5_filename=['', '', '', '', '']
9 2363 0.10204050689935684
file_index = 70920
../../dataset/RakutenDS/triplet/input/test_anchor/1860001109/10.png
../../dataset/RakutenDS/triplet/Hamburg_mitsuru/Hamburg_mitsuru30_resize/70920.png
rank_dist = [0.15902799367904663, 0.16095539927482605, 0.16252778470516205, 0.16481098532676697, 0.16600066423416138] 
rank_index = [900, 2458, 2145, 1494, 2295] 
top5_filename=['', '', '', '', '']
10 1136 0.06102396547794342
file_index = 34110
../../dataset/RakutenDS/triplet/input/test_anchor/1860001109/11.png
../../dataset/RakutenDS/triplet/Hamburg_mitsuru/Hamburg_mitsuru30_resize/34110.png
rank_dist = [0.10981481522321701, 0.1144067570567131, 0.13116809725761414, 0.13223358988761902, 0.13633322715759277] 
rank_index = [2291, 2441, 1991, 1666, 2141] 
top5_filename=['', '', '', '', '']
11 948 0.18355536460876465
file_index = 28470
../../dataset/RakutenDS/triplet/input/test_anchor/1860001109/12.png
../../dataset/RakutenDS/triplet/Hamburg_mitsuru/Hamburg_mitsuru30_resize/28470.png
rank_dist = [0.23037269711494446, 0.2303927093744278, 0.26500630378723145, 0.2714925706386566, 0.27304670214653015] 
rank_index = [2244, 2093, 2401, 1641, 900] 
top5_filename=['', '', '', '', '']
12 2329 0.1215549036860466
file_index = 69900
../../dataset/RakutenDS/triplet/input/test_anchor/1860001109/13.png
../../dataset/RakutenDS/triplet/Hamburg_mitsuru/Hamburg_mitsuru30_resize/69900.png
rank_dist = [0.15775708854198456, 0.1663651019334793, 0.17085790634155273, 0.17150862514972687, 0.17757396399974823] 
rank_index = [2335, 2488, 1732, 1432, 1882] 
top5_filename=['', '', '', '', '']
key_indexs = [73260, 72720, 41250, 12240, 53640, 59880, 73410, 51990, 2910, 70920, 34110, 28470, 69900]
epoch 02
13 2500
flist_v2 0
flist_v2 500
flist_v2 1000
flist_v2 1500
flist_v2 2000
0 310 0.04376561939716339
file_index = 09330
../../dataset/RakutenDS/triplet/input/test_anchor/1860001109/01.png
../../dataset/RakutenDS/triplet/Hamburg_mitsuru/Hamburg_mitsuru30_resize/09330.png
rank_dist = [0.06056839972734451, 0.06646221876144409, 0.06675060838460922, 0.068536177277565, 0.06876591593027115] 
rank_index = [2001, 2441, 1631, 900, 150] 
top5_filename=['', '', '', '', '']
1 760 0.05263596773147583
file_index = 22830
../../dataset/RakutenDS/triplet/input/test_anchor/1860001109/02.png
../../dataset/RakutenDS/triplet/Hamburg_mitsuru/Hamburg_mitsuru30_resize/22830.png
rank_dist = [0.05974598973989487, 0.08879263699054718, 0.09037482738494873, 0.09071842581033707, 0.09148867428302765] 
rank_index = [750, 2136, 1986, 2321, 450] 
top5_filename=['', '', '', '', '']
2 2132 0.045948002487421036
file_index = 63990
../../dataset/RakutenDS/triplet/input/test_anchor/1860001109/03.png
../../dataset/RakutenDS/triplet/Hamburg_mitsuru/Hamburg_mitsuru30_resize/63990.png
rank_dist = [0.05636643245816231, 0.057597383856773376, 0.06559789925813675, 0.0687866136431694, 0.07051461935043335] 
rank_index = [1800, 1950, 2250, 2410, 750] 
top5_filename=['', '', '', '', '']
3 2364 0.10578522086143494
file_index = 70950
../../dataset/RakutenDS/triplet/input/test_anchor/1860001109/04.png
../../dataset/RakutenDS/triplet/Hamburg_mitsuru/Hamburg_mitsuru30_resize/70950.png
rank_dist = [0.1368211954832077, 0.13738764822483063, 0.1443309485912323, 0.15381836891174316, 0.16274991631507874] 
rank_index = [2342, 2498, 1578, 1428, 750] 
top5_filename=['', '', '', '', '']
4 2097 0.08644448965787888
file_index = 62940
../../dataset/RakutenDS/triplet/input/test_anchor/1860001109/05.png
../../dataset/RakutenDS/triplet/Hamburg_mitsuru/Hamburg_mitsuru30_resize/62940.png
rank_dist = [0.10372833907604218, 0.12176644802093506, 0.12810422480106354, 0.13106723129749298, 0.13700297474861145] 
rank_index = [2368, 1578, 1428, 750, 2218] 
top5_filename=['', '', '', '', '']
5 1909 0.049094751477241516
file_index = 57300
../../dataset/RakutenDS/triplet/input/test_anchor/1860001109/06.png
../../dataset/RakutenDS/triplet/Hamburg_mitsuru/Hamburg_mitsuru30_resize/57300.png
rank_dist = [0.06822557002305984, 0.07207464426755905, 0.07219614088535309, 0.0733461007475853, 0.07714527100324631] 
rank_index = [1819, 1969, 2440, 750, 900] 
top5_filename=['', '', '', '', '']
6 2336 0.044023945927619934
file_index = 70110
../../dataset/RakutenDS/triplet/input/test_anchor/1860001109/07.png
../../dataset/RakutenDS/triplet/Hamburg_mitsuru/Hamburg_mitsuru30_resize/70110.png
rank_dist = [0.046657759696245193, 0.07042796909809113, 0.07180795818567276, 0.07463646680116653, 0.07948888838291168] 
rank_index = [2335, 2488, 750, 1428, 2185] 
top5_filename=['', '', '', '', '']
7 701 0.06033113971352577
file_index = 21060
../../dataset/RakutenDS/triplet/input/test_anchor/1860001109/08.png
../../dataset/RakutenDS/triplet/Hamburg_mitsuru/Hamburg_mitsuru30_resize/21060.png
rank_dist = [0.0676894262433052, 0.0838426724076271, 0.08663902431726456, 0.08727168291807175, 0.09111341089010239] 
rank_index = [750, 2488, 2333, 1428, 1878] 
top5_filename=['', '', '', '', '']
8 1633 0.06114375218749046
file_index = 49020
../../dataset/RakutenDS/triplet/input/test_anchor/1860001109/09.png
../../dataset/RakutenDS/triplet/Hamburg_mitsuru/Hamburg_mitsuru30_resize/49020.png
rank_dist = [0.06963291764259338, 0.07422881573438644, 0.08227638155221939, 0.08356674015522003, 0.08416101336479187] 
rank_index = [1639, 2136, 2498, 1986, 1793] 
top5_filename=['', '', '', '', '']
9 2367 0.10920212417840958
file_index = 71040
../../dataset/RakutenDS/triplet/input/test_anchor/1860001109/10.png
../../dataset/RakutenDS/triplet/Hamburg_mitsuru/Hamburg_mitsuru30_resize/71040.png
rank_dist = [0.13798873126506805, 0.153315931558609, 0.15999382734298706, 0.16138960421085358, 0.16585411131381989] 
rank_index = [2335, 1578, 1428, 2488, 750] 
top5_filename=['', '', '', '', '']
10 982 0.06884674727916718
file_index = 29490
../../dataset/RakutenDS/triplet/input/test_anchor/1860001109/11.png
../../dataset/RakutenDS/triplet/Hamburg_mitsuru/Hamburg_mitsuru30_resize/29490.png
rank_dist = [0.09581191092729568, 0.09636591374874115, 0.09807265549898148, 0.10235876590013504, 0.1060653105378151] 
rank_index = [2119, 1819, 750, 1969, 2440] 
top5_filename=['', '', '', '', '']
11 2368 0.05865434929728508
file_index = 71070
../../dataset/RakutenDS/triplet/input/test_anchor/1860001109/12.png
../../dataset/RakutenDS/triplet/Hamburg_mitsuru/Hamburg_mitsuru30_resize/71070.png
rank_dist = [0.07599451392889023, 0.0922650620341301, 0.09436047822237015, 0.09475285559892654, 0.09540106356143951] 
rank_index = [2335, 1578, 1428, 750, 2488] 
top5_filename=['', '', '', '', '']
12 2489 0.10939038544893265
file_index = 74700
../../dataset/RakutenDS/triplet/input/test_anchor/1860001109/13.png
../../dataset/RakutenDS/triplet/Hamburg_mitsuru/Hamburg_mitsuru30_resize/74700.png
rank_dist = [0.1395426243543625, 0.14042508602142334, 0.14098438620567322, 0.14980503916740417, 0.15024740993976593] 
rank_index = [1503, 2410, 1953, 1203, 2107] 
top5_filename=['', '', '', '', '']
key_indexs = [73260, 72720, 41250, 12240, 53640, 59880, 73410, 51990, 2910, 70920, 34110, 28470, 69900, 9330, 22830, 63990, 70950, 62940, 57300, 70110, 21060, 49020, 71040, 29490, 71070, 74700]
epoch 03
13 2500
flist_v2 0
