0 75090
flist_v2 0
flist_v2 100
flist_v2 200
flist_v2 300
flist_v2 400
flist_v2 500
flist_v2 600
flist_v2 700
flist_v2 800
flist_v2 900
flist_v2 1000
flist_v2 1100
flist_v2 1200
flist_v2 1300
flist_v2 1400
flist_v2 1500
flist_v2 1600
flist_v2 1700
flist_v2 1800
flist_v2 1900
flist_v2 2000
flist_v2 2100
flist_v2 2200
flist_v2 2300
flist_v2 2400
flist_v2 2500
flist_v2 2600
flist_v2 2700
flist_v2 2800
flist_v2 2900
flist_v2 3000
flist_v2 3100
flist_v2 3200
flist_v2 3300
flist_v2 3400
flist_v2 3500
flist_v2 3600
flist_v2 3700
flist_v2 3800
flist_v2 3900
flist_v2 4000
flist_v2 4100
flist_v2 4200
flist_v2 4300
flist_v2 4400
flist_v2 4500
flist_v2 4600
flist_v2 4700
flist_v2 4800
flist_v2 4900
flist_v2 5000
flist_v2 5100
flist_v2 5200
flist_v2 5300
flist_v2 5400
flist_v2 5500
flist_v2 5600
flist_v2 5700
flist_v2 5800
flist_v2 5900
flist_v2 6000
flist_v2 6100
flist_v2 6200
flist_v2 6300
flist_v2 6400
flist_v2 6500
flist_v2 6600
flist_v2 6700
flist_v2 6800
flist_v2 6900
flist_v2 7000
flist_v2 7100
flist_v2 7200
flist_v2 7300
flist_v2 7400
flist_v2 7500
flist_v2 7600
flist_v2 7700
flist_v2 7800
flist_v2 7900
flist_v2 8000
flist_v2 8100
flist_v2 8200
flist_v2 8300
flist_v2 8400
flist_v2 8500
flist_v2 8600
flist_v2 8700
flist_v2 8800
flist_v2 8900
flist_v2 9000
flist_v2 9100
flist_v2 9200
flist_v2 9300
flist_v2 9400
flist_v2 9500
flist_v2 9600
flist_v2 9700
flist_v2 9800
flist_v2 9900
flist_v2 10000
flist_v2 10100
flist_v2 10200
flist_v2 10300
flist_v2 10400
flist_v2 10500
flist_v2 10600
flist_v2 10700
flist_v2 10800
flist_v2 10900
flist_v2 11000
flist_v2 11100
flist_v2 11200
flist_v2 11300
flist_v2 11400
flist_v2 11500
flist_v2 11600
flist_v2 11700
flist_v2 11800
flist_v2 11900
flist_v2 12000
flist_v2 12100
flist_v2 12200
flist_v2 12300
flist_v2 12400
flist_v2 12500
flist_v2 12600
flist_v2 12700
flist_v2 12800
flist_v2 12900
flist_v2 13000
flist_v2 13100
flist_v2 13200
flist_v2 13300
flist_v2 13400
flist_v2 13500
flist_v2 13600
flist_v2 13700
flist_v2 13800
flist_v2 13900
flist_v2 14000
flist_v2 14100
flist_v2 14200
flist_v2 14300
flist_v2 14400
flist_v2 14500
flist_v2 14600
flist_v2 14700
flist_v2 14800
flist_v2 14900
flist_v2 15000
flist_v2 15100
flist_v2 15200
flist_v2 15300
flist_v2 15400
flist_v2 15500
flist_v2 15600
flist_v2 15700
flist_v2 15800
flist_v2 15900
flist_v2 16000
flist_v2 16100
flist_v2 16200
flist_v2 16300
flist_v2 16400
flist_v2 16500
flist_v2 16600
flist_v2 16700
flist_v2 16800
flist_v2 16900
flist_v2 17000
flist_v2 17100
flist_v2 17200
flist_v2 17300
flist_v2 17400
flist_v2 17500
flist_v2 17600
flist_v2 17700
flist_v2 17800
flist_v2 17900
flist_v2 18000
flist_v2 18100
flist_v2 18200
flist_v2 18300
flist_v2 18400
flist_v2 18500
flist_v2 18600
flist_v2 18700
flist_v2 18800
flist_v2 18900
flist_v2 19000
flist_v2 19100
flist_v2 19200
flist_v2 19300
flist_v2 19400
flist_v2 19500
flist_v2 19600
flist_v2 19700
flist_v2 19800
flist_v2 19900
flist_v2 20000
flist_v2 20100
flist_v2 20200
flist_v2 20300
flist_v2 20400
flist_v2 20500
flist_v2 20600
flist_v2 20700
flist_v2 20800
flist_v2 20900
flist_v2 21000
flist_v2 21100
flist_v2 21200
flist_v2 21300
flist_v2 21400
flist_v2 21500
flist_v2 21600
flist_v2 21700
flist_v2 21800
flist_v2 21900
flist_v2 22000
flist_v2 22100
flist_v2 22200
flist_v2 22300
flist_v2 22400
flist_v2 22500
flist_v2 22600
flist_v2 22700
flist_v2 22800
flist_v2 22900
flist_v2 23000
flist_v2 23100
flist_v2 23200
flist_v2 23300
flist_v2 23400
flist_v2 23500
flist_v2 23600
flist_v2 23700
flist_v2 23800
flist_v2 23900
flist_v2 24000
flist_v2 24100
flist_v2 24200
flist_v2 24300
flist_v2 24400
flist_v2 24500
flist_v2 24600
flist_v2 24700
flist_v2 24800
flist_v2 24900
flist_v2 25000
flist_v2 25100
flist_v2 25200
flist_v2 25300
flist_v2 25400
flist_v2 25500
flist_v2 25600
flist_v2 25700
flist_v2 25800
flist_v2 25900
flist_v2 26000
flist_v2 26100
flist_v2 26200
flist_v2 26300
flist_v2 26400
flist_v2 26500
flist_v2 26600
flist_v2 26700
flist_v2 26800
flist_v2 26900
flist_v2 27000
flist_v2 27100
flist_v2 27200
flist_v2 27300
flist_v2 27400
flist_v2 27500
flist_v2 27600
flist_v2 27700
flist_v2 27800
flist_v2 27900
flist_v2 28000
flist_v2 28100
flist_v2 28200
flist_v2 28300
flist_v2 28400
flist_v2 28500
flist_v2 28600
flist_v2 28700
flist_v2 28800
flist_v2 28900
flist_v2 29000
flist_v2 29100
flist_v2 29200
flist_v2 29300
flist_v2 29400
flist_v2 29500
flist_v2 29600
flist_v2 29700
flist_v2 29800
flist_v2 29900
flist_v2 30000
flist_v2 30100
flist_v2 30200
flist_v2 30300
flist_v2 30400
flist_v2 30500
flist_v2 30600
flist_v2 30700
flist_v2 30800
flist_v2 30900
flist_v2 31000
flist_v2 31100
flist_v2 31200
flist_v2 31300
flist_v2 31400
flist_v2 31500
flist_v2 31600
flist_v2 31700
flist_v2 31800
flist_v2 31900
flist_v2 32000
flist_v2 32100
flist_v2 32200
flist_v2 32300
flist_v2 32400
flist_v2 32500
flist_v2 32600
flist_v2 32700
flist_v2 32800
flist_v2 32900
flist_v2 33000
flist_v2 33100
flist_v2 33200
flist_v2 33300
flist_v2 33400
flist_v2 33500
flist_v2 33600
flist_v2 33700
flist_v2 33800
flist_v2 33900
flist_v2 34000
flist_v2 34100
flist_v2 34200
flist_v2 34300
flist_v2 34400
flist_v2 34500
flist_v2 34600
flist_v2 34700
flist_v2 34800
flist_v2 34900
flist_v2 35000
flist_v2 35100
flist_v2 35200
flist_v2 35300
flist_v2 35400
flist_v2 35500
flist_v2 35600
flist_v2 35700
flist_v2 35800
flist_v2 35900
flist_v2 36000
flist_v2 36100
flist_v2 36200
flist_v2 36300
flist_v2 36400
flist_v2 36500
flist_v2 36600
flist_v2 36700
flist_v2 36800
flist_v2 36900
flist_v2 37000
flist_v2 37100
flist_v2 37200
flist_v2 37300
flist_v2 37400
flist_v2 37500
flist_v2 37600
flist_v2 37700
flist_v2 37800
flist_v2 37900
flist_v2 38000
flist_v2 38100
flist_v2 38200
flist_v2 38300
flist_v2 38400
flist_v2 38500
flist_v2 38600
flist_v2 38700
flist_v2 38800
flist_v2 38900
flist_v2 39000
flist_v2 39100
flist_v2 39200
flist_v2 39300
flist_v2 39400
flist_v2 39500
flist_v2 39600
flist_v2 39700
flist_v2 39800
flist_v2 39900
flist_v2 40000
flist_v2 40100
flist_v2 40200
flist_v2 40300
flist_v2 40400
flist_v2 40500
flist_v2 40600
flist_v2 40700
flist_v2 40800
flist_v2 40900
flist_v2 41000
flist_v2 41100
flist_v2 41200
flist_v2 41300
flist_v2 41400
flist_v2 41500
flist_v2 41600
flist_v2 41700
flist_v2 41800
flist_v2 41900
flist_v2 42000
flist_v2 42100
flist_v2 42200
flist_v2 42300
flist_v2 42400
flist_v2 42500
flist_v2 42600
flist_v2 42700
flist_v2 42800
flist_v2 42900
flist_v2 43000
flist_v2 43100
flist_v2 43200
flist_v2 43300
flist_v2 43400
flist_v2 43500
flist_v2 43600
flist_v2 43700
flist_v2 43800
flist_v2 43900
flist_v2 44000
flist_v2 44100
flist_v2 44200
flist_v2 44300
flist_v2 44400
flist_v2 44500
flist_v2 44600
flist_v2 44700
flist_v2 44800
flist_v2 44900
flist_v2 45000
flist_v2 45100
flist_v2 45200
flist_v2 45300
flist_v2 45400
flist_v2 45500
flist_v2 45600
flist_v2 45700
flist_v2 45800
flist_v2 45900
flist_v2 46000
flist_v2 46100
flist_v2 46200
flist_v2 46300
flist_v2 46400
flist_v2 46500
flist_v2 46600
flist_v2 46700
flist_v2 46800
flist_v2 46900
flist_v2 47000
flist_v2 47100
flist_v2 47200
flist_v2 47300
flist_v2 47400
flist_v2 47500
flist_v2 47600
flist_v2 47700
flist_v2 47800
flist_v2 47900
flist_v2 48000
flist_v2 48100
flist_v2 48200
flist_v2 48300
flist_v2 48400
flist_v2 48500
flist_v2 48600
flist_v2 48700
flist_v2 48800
flist_v2 48900
flist_v2 49000
flist_v2 49100
flist_v2 49200
flist_v2 49300
flist_v2 49400
flist_v2 49500
flist_v2 49600
flist_v2 49700
flist_v2 49800
flist_v2 49900
flist_v2 50000
flist_v2 50100
flist_v2 50200
flist_v2 50300
flist_v2 50400
flist_v2 50500
flist_v2 50600
flist_v2 50700
flist_v2 50800
flist_v2 50900
flist_v2 51000
flist_v2 51100
flist_v2 51200
flist_v2 51300
flist_v2 51400
flist_v2 51500
flist_v2 51600
flist_v2 51700
flist_v2 51800
flist_v2 51900
flist_v2 52000
flist_v2 52100
flist_v2 52200
flist_v2 52300
flist_v2 52400
flist_v2 52500
flist_v2 52600
flist_v2 52700
flist_v2 52800
flist_v2 52900
flist_v2 53000
flist_v2 53100
flist_v2 53200
flist_v2 53300
flist_v2 53400
flist_v2 53500
flist_v2 53600
flist_v2 53700
flist_v2 53800
flist_v2 53900
flist_v2 54000
flist_v2 54100
flist_v2 54200
flist_v2 54300
flist_v2 54400
flist_v2 54500
flist_v2 54600
flist_v2 54700
flist_v2 54800
flist_v2 54900
flist_v2 55000
flist_v2 55100
flist_v2 55200
flist_v2 55300
flist_v2 55400
flist_v2 55500
flist_v2 55600
flist_v2 55700
flist_v2 55800
flist_v2 55900
flist_v2 56000
flist_v2 56100
flist_v2 56200
flist_v2 56300
flist_v2 56400
flist_v2 56500
flist_v2 56600
flist_v2 56700
flist_v2 56800
flist_v2 56900
flist_v2 57000
flist_v2 57100
flist_v2 57200
flist_v2 57300
flist_v2 57400
flist_v2 57500
flist_v2 57600
flist_v2 57700
flist_v2 57800
flist_v2 57900
flist_v2 58000
flist_v2 58100
flist_v2 58200
flist_v2 58300
flist_v2 58400
flist_v2 58500
flist_v2 58600
flist_v2 58700
flist_v2 58800
flist_v2 58900
flist_v2 59000
flist_v2 59100
flist_v2 59200
flist_v2 59300
flist_v2 59400
flist_v2 59500
flist_v2 59600
flist_v2 59700
flist_v2 59800
flist_v2 59900
flist_v2 60000
flist_v2 60100
flist_v2 60200
flist_v2 60300
flist_v2 60400
flist_v2 60500
flist_v2 60600
flist_v2 60700
flist_v2 60800
flist_v2 60900
flist_v2 61000
flist_v2 61100
flist_v2 61200
flist_v2 61300
flist_v2 61400
flist_v2 61500
flist_v2 61600
flist_v2 61700
flist_v2 61800
flist_v2 61900
flist_v2 62000
flist_v2 62100
flist_v2 62200
flist_v2 62300
flist_v2 62400
flist_v2 62500
flist_v2 62600
flist_v2 62700
flist_v2 62800
flist_v2 62900
flist_v2 63000
flist_v2 63100
flist_v2 63200
flist_v2 63300
flist_v2 63400
flist_v2 63500
flist_v2 63600
flist_v2 63700
flist_v2 63800
flist_v2 63900
flist_v2 64000
flist_v2 64100
flist_v2 64200
flist_v2 64300
flist_v2 64400
flist_v2 64500
flist_v2 64600
flist_v2 64700
flist_v2 64800
flist_v2 64900
flist_v2 65000
flist_v2 65100
flist_v2 65200
flist_v2 65300
flist_v2 65400
flist_v2 65500
flist_v2 65600
flist_v2 65700
flist_v2 65800
flist_v2 65900
flist_v2 66000
flist_v2 66100
flist_v2 66200
flist_v2 66300
flist_v2 66400
flist_v2 66500
flist_v2 66600
flist_v2 66700
flist_v2 66800
flist_v2 66900
flist_v2 67000
flist_v2 67100
flist_v2 67200
flist_v2 67300
flist_v2 67400
flist_v2 67500
flist_v2 67600
flist_v2 67700
flist_v2 67800
flist_v2 67900
flist_v2 68000
flist_v2 68100
flist_v2 68200
flist_v2 68300
flist_v2 68400
flist_v2 68500
flist_v2 68600
flist_v2 68700
flist_v2 68800
flist_v2 68900
flist_v2 69000
flist_v2 69100
flist_v2 69200
flist_v2 69300
flist_v2 69400
flist_v2 69500
flist_v2 69600
flist_v2 69700
flist_v2 69800
flist_v2 69900
flist_v2 70000
flist_v2 70100
flist_v2 70200
flist_v2 70300
flist_v2 70400
flist_v2 70500
flist_v2 70600
flist_v2 70700
flist_v2 70800
flist_v2 70900
flist_v2 71000
flist_v2 71100
flist_v2 71200
flist_v2 71300
flist_v2 71400
flist_v2 71500
flist_v2 71600
flist_v2 71700
flist_v2 71800
flist_v2 71900
flist_v2 72000
flist_v2 72100
flist_v2 72200
flist_v2 72300
flist_v2 72400
flist_v2 72500
flist_v2 72600
flist_v2 72700
flist_v2 72800
flist_v2 72900
flist_v2 73000
flist_v2 73100
flist_v2 73200
flist_v2 73300
flist_v2 73400
flist_v2 73500
flist_v2 73600
flist_v2 73700
flist_v2 73800
flist_v2 73900
flist_v2 74000
flist_v2 74100
flist_v2 74200
flist_v2 74300
flist_v2 74400
flist_v2 74500
flist_v2 74600
flist_v2 74700
flist_v2 74800
flist_v2 74900
flist_v2 75000
