2018-05-15 10:35:09.419474: I tensorflow/core/platform/cpu_feature_guard.cc:137] Your CPU supports instructions that this TensorFlow binary was not compiled to use: SSE4.1 SSE4.2 AVX AVX2 FMA
2018-05-15 10:35:09.625247: I tensorflow/core/common_runtime/gpu/gpu_device.cc:1030] Found device 0 with properties: 
name: GeForce GTX TITAN X major: 5 minor: 2 memoryClockRate(GHz): 1.076
pciBusID: 0000:83:00.0
totalMemory: 11.92GiB freeMemory: 11.80GiB
2018-05-15 10:35:09.625319: I tensorflow/core/common_runtime/gpu/gpu_device.cc:1120] Creating TensorFlow device (/device:GPU:0) -> (device: 0, name: GeForce GTX TITAN X, pci bus id: 0000:83:00.0, compute capability: 5.2)
/opt/conda/lib/python3.5/site-packages/h5py/__init__.py:36: FutureWarning: Conversion of the second argument of issubdtype from `float` to `np.floating` is deprecated. In future, it will be treated as `np.float64 == np.dtype(float).type`.
  from ._conv import register_converters as _register_converters
Using TensorFlow backend.
tcn_tripletloss_value2.py:116: UserWarning: Update your `Model` call to the Keras 2 API: `Model(inputs=Tensor("in..., outputs=Tensor("de...)`
  model = Model(input = inception_model.input, output = x)
tcn_tripletloss_value2.py:140: UserWarning: Update your `Model` call to the Keras 2 API: `Model(inputs=Tensor("in..., outputs=Tensor("mo...)`
  return Model(input=input_img, output=out)
epoch 01
13 2500
flist_v2 0
flist_v2 500
flist_v2 1000
flist_v2 1500
flist_v2 2000
../../dataset/RakutenDS/triplet/Hamburg_mitsuru/Hamburg_mitsuru30_resize/00030.png
../../dataset/RakutenDS/triplet/Hamburg_mitsuru/Hamburg_mitsuru30_resize/00030.png
../../dataset/RakutenDS/triplet/Hamburg_mitsuru/Hamburg_mitsuru30_resize/00030.png
../../dataset/RakutenDS/triplet/Hamburg_mitsuru/Hamburg_mitsuru30_resize/00120.png
../../dataset/RakutenDS/triplet/Hamburg_mitsuru/Hamburg_mitsuru30_resize/00120.png
../../dataset/RakutenDS/triplet/Hamburg_mitsuru/Hamburg_mitsuru30_resize/00120.png
../../dataset/RakutenDS/triplet/Hamburg_mitsuru/Hamburg_mitsuru30_resize/00120.png
../../dataset/RakutenDS/triplet/Hamburg_mitsuru/Hamburg_mitsuru30_resize/00120.png
../../dataset/RakutenDS/triplet/Hamburg_mitsuru/Hamburg_mitsuru30_resize/00120.png
../../dataset/RakutenDS/triplet/Hamburg_mitsuru/Hamburg_mitsuru30_resize/00120.png
../../dataset/RakutenDS/triplet/Hamburg_mitsuru/Hamburg_mitsuru30_resize/00120.png
../../dataset/RakutenDS/triplet/Hamburg_mitsuru/Hamburg_mitsuru30_resize/00120.png
../../dataset/RakutenDS/triplet/Hamburg_mitsuru/Hamburg_mitsuru30_resize/00120.png
../../dataset/RakutenDS/triplet/Hamburg_mitsuru/Hamburg_mitsuru30_resize/00120.png
../../dataset/RakutenDS/triplet/Hamburg_mitsuru/Hamburg_mitsuru30_resize/00120.png
../../dataset/RakutenDS/triplet/Hamburg_mitsuru/Hamburg_mitsuru30_resize/00120.png
../../dataset/RakutenDS/triplet/Hamburg_mitsuru/Hamburg_mitsuru30_resize/00120.png
../../dataset/RakutenDS/triplet/Hamburg_mitsuru/Hamburg_mitsuru30_resize/00120.png
../../dataset/RakutenDS/triplet/Hamburg_mitsuru/Hamburg_mitsuru30_resize/00120.png
../../dataset/RakutenDS/triplet/Hamburg_mitsuru/Hamburg_mitsuru30_resize/00120.png
../../dataset/RakutenDS/triplet/Hamburg_mitsuru/Hamburg_mitsuru30_resize/00120.png
../../dataset/RakutenDS/triplet/Hamburg_mitsuru/Hamburg_mitsuru30_resize/00120.png
../../dataset/RakutenDS/triplet/Hamburg_mitsuru/Hamburg_mitsuru30_resize/00120.png
../../dataset/RakutenDS/triplet/Hamburg_mitsuru/Hamburg_mitsuru30_resize/00120.png
../../dataset/RakutenDS/triplet/Hamburg_mitsuru/Hamburg_mitsuru30_resize/00120.png
../../dataset/RakutenDS/triplet/Hamburg_mitsuru/Hamburg_mitsuru30_resize/00120.png
../../dataset/RakutenDS/triplet/Hamburg_mitsuru/Hamburg_mitsuru30_resize/00810.png
../../dataset/RakutenDS/triplet/Hamburg_mitsuru/Hamburg_mitsuru30_resize/00810.png
../../dataset/RakutenDS/triplet/Hamburg_mitsuru/Hamburg_mitsuru30_resize/00810.png
../../dataset/RakutenDS/triplet/Hamburg_mitsuru/Hamburg_mitsuru30_resize/00810.png
../../dataset/RakutenDS/triplet/Hamburg_mitsuru/Hamburg_mitsuru30_resize/00810.png
../../dataset/RakutenDS/triplet/Hamburg_mitsuru/Hamburg_mitsuru30_resize/00810.png
../../dataset/RakutenDS/triplet/Hamburg_mitsuru/Hamburg_mitsuru30_resize/00810.png
../../dataset/RakutenDS/triplet/Hamburg_mitsuru/Hamburg_mitsuru30_resize/00810.png
../../dataset/RakutenDS/triplet/Hamburg_mitsuru/Hamburg_mitsuru30_resize/00810.png
../../dataset/RakutenDS/triplet/Hamburg_mitsuru/Hamburg_mitsuru30_resize/00810.png
../../dataset/RakutenDS/triplet/Hamburg_mitsuru/Hamburg_mitsuru30_resize/00810.png
../../dataset/RakutenDS/triplet/Hamburg_mitsuru/Hamburg_mitsuru30_resize/00810.png
../../dataset/RakutenDS/triplet/Hamburg_mitsuru/Hamburg_mitsuru30_resize/00810.png
../../dataset/RakutenDS/triplet/Hamburg_mitsuru/Hamburg_mitsuru30_resize/00810.png
../../dataset/RakutenDS/triplet/Hamburg_mitsuru/Hamburg_mitsuru30_resize/00810.png
../../dataset/RakutenDS/triplet/Hamburg_mitsuru/Hamburg_mitsuru30_resize/00810.png
../../dataset/RakutenDS/triplet/Hamburg_mitsuru/Hamburg_mitsuru30_resize/01290.png
../../dataset/RakutenDS/triplet/Hamburg_mitsuru/Hamburg_mitsuru30_resize/01290.png
../../dataset/RakutenDS/triplet/Hamburg_mitsuru/Hamburg_mitsuru30_resize/01290.png
../../dataset/RakutenDS/triplet/Hamburg_mitsuru/Hamburg_mitsuru30_resize/01290.png
../../dataset/RakutenDS/triplet/Hamburg_mitsuru/Hamburg_mitsuru30_resize/01410.png
../../dataset/RakutenDS/triplet/Hamburg_mitsuru/Hamburg_mitsuru30_resize/01440.png
../../dataset/RakutenDS/triplet/Hamburg_mitsuru/Hamburg_mitsuru30_resize/01440.png
../../dataset/RakutenDS/triplet/Hamburg_mitsuru/Hamburg_mitsuru30_resize/01440.png
../../dataset/RakutenDS/triplet/Hamburg_mitsuru/Hamburg_mitsuru30_resize/01440.png
../../dataset/RakutenDS/triplet/Hamburg_mitsuru/Hamburg_mitsuru30_resize/01440.png
../../dataset/RakutenDS/triplet/Hamburg_mitsuru/Hamburg_mitsuru30_resize/01440.png
../../dataset/RakutenDS/triplet/Hamburg_mitsuru/Hamburg_mitsuru30_resize/01440.png
../../dataset/RakutenDS/triplet/Hamburg_mitsuru/Hamburg_mitsuru30_resize/01440.png
../../dataset/RakutenDS/triplet/Hamburg_mitsuru/Hamburg_mitsuru30_resize/01440.png
../../dataset/RakutenDS/triplet/Hamburg_mitsuru/Hamburg_mitsuru30_resize/01710.png
../../dataset/RakutenDS/triplet/Hamburg_mitsuru/Hamburg_mitsuru30_resize/01710.png
../../dataset/RakutenDS/triplet/Hamburg_mitsuru/Hamburg_mitsuru30_resize/01770.png
../../dataset/RakutenDS/triplet/Hamburg_mitsuru/Hamburg_mitsuru30_resize/01770.png
../../dataset/RakutenDS/triplet/Hamburg_mitsuru/Hamburg_mitsuru30_resize/01770.png
../../dataset/RakutenDS/triplet/Hamburg_mitsuru/Hamburg_mitsuru30_resize/01770.png
../../dataset/RakutenDS/triplet/Hamburg_mitsuru/Hamburg_mitsuru30_resize/01770.png
../../dataset/RakutenDS/triplet/Hamburg_mitsuru/Hamburg_mitsuru30_resize/01770.png
../../dataset/RakutenDS/triplet/Hamburg_mitsuru/Hamburg_mitsuru30_resize/01770.png
../../dataset/RakutenDS/triplet/Hamburg_mitsuru/Hamburg_mitsuru30_resize/01770.png
../../dataset/RakutenDS/triplet/Hamburg_mitsuru/Hamburg_mitsuru30_resize/01770.png
../../dataset/RakutenDS/triplet/Hamburg_mitsuru/Hamburg_mitsuru30_resize/01770.png
../../dataset/RakutenDS/triplet/Hamburg_mitsuru/Hamburg_mitsuru30_resize/01770.png
../../dataset/RakutenDS/triplet/Hamburg_mitsuru/Hamburg_mitsuru30_resize/01770.png
../../dataset/RakutenDS/triplet/Hamburg_mitsuru/Hamburg_mitsuru30_resize/01770.png
../../dataset/RakutenDS/triplet/Hamburg_mitsuru/Hamburg_mitsuru30_resize/01770.png
../../dataset/RakutenDS/triplet/Hamburg_mitsuru/Hamburg_mitsuru30_resize/01770.png
../../dataset/RakutenDS/triplet/Hamburg_mitsuru/Hamburg_mitsuru30_resize/01770.png
../../dataset/RakutenDS/triplet/Hamburg_mitsuru/Hamburg_mitsuru30_resize/01770.png
../../dataset/RakutenDS/triplet/Hamburg_mitsuru/Hamburg_mitsuru30_resize/01770.png
../../dataset/RakutenDS/triplet/Hamburg_mitsuru/Hamburg_mitsuru30_resize/01770.png
../../dataset/RakutenDS/triplet/Hamburg_mitsuru/Hamburg_mitsuru30_resize/01770.png
../../dataset/RakutenDS/triplet/Hamburg_mitsuru/Hamburg_mitsuru30_resize/01770.png
../../dataset/RakutenDS/triplet/Hamburg_mitsuru/Hamburg_mitsuru30_resize/01770.png
../../dataset/RakutenDS/triplet/Hamburg_mitsuru/Hamburg_mitsuru30_resize/01770.png
../../dataset/RakutenDS/triplet/Hamburg_mitsuru/Hamburg_mitsuru30_resize/01770.png
../../dataset/RakutenDS/triplet/Hamburg_mitsuru/Hamburg_mitsuru30_resize/01770.png
../../dataset/RakutenDS/triplet/Hamburg_mitsuru/Hamburg_mitsuru30_resize/01770.png
../../dataset/RakutenDS/triplet/Hamburg_mitsuru/Hamburg_mitsuru30_resize/01770.png
../../dataset/RakutenDS/triplet/Hamburg_mitsuru/Hamburg_mitsuru30_resize/01770.png
../../dataset/RakutenDS/triplet/Hamburg_mitsuru/Hamburg_mitsuru30_resize/01770.png
../../dataset/RakutenDS/triplet/Hamburg_mitsuru/Hamburg_mitsuru30_resize/01770.png
../../dataset/RakutenDS/triplet/Hamburg_mitsuru/Hamburg_mitsuru30_resize/01770.png
../../dataset/RakutenDS/triplet/Hamburg_mitsuru/Hamburg_mitsuru30_resize/01770.png
../../dataset/RakutenDS/triplet/Hamburg_mitsuru/Hamburg_mitsuru30_resize/01770.png
../../dataset/RakutenDS/triplet/Hamburg_mitsuru/Hamburg_mitsuru30_resize/01770.png
../../dataset/RakutenDS/triplet/Hamburg_mitsuru/Hamburg_mitsuru30_resize/01770.png
../../dataset/RakutenDS/triplet/Hamburg_mitsuru/Hamburg_mitsuru30_resize/01770.png
../../dataset/RakutenDS/triplet/Hamburg_mitsuru/Hamburg_mitsuru30_resize/01770.png
../../dataset/RakutenDS/triplet/Hamburg_mitsuru/Hamburg_mitsuru30_resize/01770.png
../../dataset/RakutenDS/triplet/Hamburg_mitsuru/Hamburg_mitsuru30_resize/01770.png
../../dataset/RakutenDS/triplet/Hamburg_mitsuru/Hamburg_mitsuru30_resize/01770.png
../../dataset/RakutenDS/triplet/Hamburg_mitsuru/Hamburg_mitsuru30_resize/01770.png
../../dataset/RakutenDS/triplet/Hamburg_mitsuru/Hamburg_mitsuru30_resize/01770.png
../../dataset/RakutenDS/triplet/Hamburg_mitsuru/Hamburg_mitsuru30_resize/01770.png
../../dataset/RakutenDS/triplet/Hamburg_mitsuru/Hamburg_mitsuru30_resize/01770.png
../../dataset/RakutenDS/triplet/Hamburg_mitsuru/Hamburg_mitsuru30_resize/01770.png
../../dataset/RakutenDS/triplet/Hamburg_mitsuru/Hamburg_mitsuru30_resize/01770.png
../../dataset/RakutenDS/triplet/Hamburg_mitsuru/Hamburg_mitsuru30_resize/01770.png
../../dataset/RakutenDS/triplet/Hamburg_mitsuru/Hamburg_mitsuru30_resize/01770.png
../../dataset/RakutenDS/triplet/Hamburg_mitsuru/Hamburg_mitsuru30_resize/01770.png
../../dataset/RakutenDS/triplet/Hamburg_mitsuru/Hamburg_mitsuru30_resize/01770.png
../../dataset/RakutenDS/triplet/Hamburg_mitsuru/Hamburg_mitsuru30_resize/01770.png
../../dataset/RakutenDS/triplet/Hamburg_mitsuru/Hamburg_mitsuru30_resize/01770.png
../../dataset/RakutenDS/triplet/Hamburg_mitsuru/Hamburg_mitsuru30_resize/01770.png
../../dataset/RakutenDS/triplet/Hamburg_mitsuru/Hamburg_mitsuru30_resize/01770.png
../../dataset/RakutenDS/triplet/Hamburg_mitsuru/Hamburg_mitsuru30_resize/01770.png
../../dataset/RakutenDS/triplet/Hamburg_mitsuru/Hamburg_mitsuru30_resize/01770.png
../../dataset/RakutenDS/triplet/Hamburg_mitsuru/Hamburg_mitsuru30_resize/01770.png
../../dataset/RakutenDS/triplet/Hamburg_mitsuru/Hamburg_mitsuru30_resize/01770.png
../../dataset/RakutenDS/triplet/Hamburg_mitsuru/Hamburg_mitsuru30_resize/01770.png
../../dataset/RakutenDS/triplet/Hamburg_mitsuru/Hamburg_mitsuru30_resize/01770.png
../../dataset/RakutenDS/triplet/Hamburg_mitsuru/Hamburg_mitsuru30_resize/01770.png
../../dataset/RakutenDS/triplet/Hamburg_mitsuru/Hamburg_mitsuru30_resize/01770.png
../../dataset/RakutenDS/triplet/Hamburg_mitsuru/Hamburg_mitsuru30_resize/01770.png
../../dataset/RakutenDS/triplet/Hamburg_mitsuru/Hamburg_mitsuru30_resize/01770.png
../../dataset/RakutenDS/triplet/Hamburg_mitsuru/Hamburg_mitsuru30_resize/01770.png
../../dataset/RakutenDS/triplet/Hamburg_mitsuru/Hamburg_mitsuru30_resize/01770.png
../../dataset/RakutenDS/triplet/Hamburg_mitsuru/Hamburg_mitsuru30_resize/01770.png
../../dataset/RakutenDS/triplet/Hamburg_mitsuru/Hamburg_mitsuru30_resize/01770.png
../../dataset/RakutenDS/triplet/Hamburg_mitsuru/Hamburg_mitsuru30_resize/01770.png
../../dataset/RakutenDS/triplet/Hamburg_mitsuru/Hamburg_mitsuru30_resize/01770.png
../../dataset/RakutenDS/triplet/Hamburg_mitsuru/Hamburg_mitsuru30_resize/03870.png
../../dataset/RakutenDS/triplet/Hamburg_mitsuru/Hamburg_mitsuru30_resize/03870.png
../../dataset/RakutenDS/triplet/Hamburg_mitsuru/Hamburg_mitsuru30_resize/03870.png
../../dataset/RakutenDS/triplet/Hamburg_mitsuru/Hamburg_mitsuru30_resize/03870.png
../../dataset/RakutenDS/triplet/Hamburg_mitsuru/Hamburg_mitsuru30_resize/03870.png
../../dataset/RakutenDS/triplet/Hamburg_mitsuru/Hamburg_mitsuru30_resize/03870.png
../../dataset/RakutenDS/triplet/Hamburg_mitsuru/Hamburg_mitsuru30_resize/03870.png
../../dataset/RakutenDS/triplet/Hamburg_mitsuru/Hamburg_mitsuru30_resize/03870.png
../../dataset/RakutenDS/triplet/Hamburg_mitsuru/Hamburg_mitsuru30_resize/03870.png
../../dataset/RakutenDS/triplet/Hamburg_mitsuru/Hamburg_mitsuru30_resize/03870.png
../../dataset/RakutenDS/triplet/Hamburg_mitsuru/Hamburg_mitsuru30_resize/03870.png
../../dataset/RakutenDS/triplet/Hamburg_mitsuru/Hamburg_mitsuru30_resize/03870.png
../../dataset/RakutenDS/triplet/Hamburg_mitsuru/Hamburg_mitsuru30_resize/03870.png
../../dataset/RakutenDS/triplet/Hamburg_mitsuru/Hamburg_mitsuru30_resize/03870.png
../../dataset/RakutenDS/triplet/Hamburg_mitsuru/Hamburg_mitsuru30_resize/03870.png
../../dataset/RakutenDS/triplet/Hamburg_mitsuru/Hamburg_mitsuru30_resize/03870.png
../../dataset/RakutenDS/triplet/Hamburg_mitsuru/Hamburg_mitsuru30_resize/03870.png
../../dataset/RakutenDS/triplet/Hamburg_mitsuru/Hamburg_mitsuru30_resize/03870.png
../../dataset/RakutenDS/triplet/Hamburg_mitsuru/Hamburg_mitsuru30_resize/03870.png
../../dataset/RakutenDS/triplet/Hamburg_mitsuru/Hamburg_mitsuru30_resize/03870.png
../../dataset/RakutenDS/triplet/Hamburg_mitsuru/Hamburg_mitsuru30_resize/03870.png
../../dataset/RakutenDS/triplet/Hamburg_mitsuru/Hamburg_mitsuru30_resize/03870.png
_________________________________________________________________
Layer (type)                 Output Shape              Param #   
=================================================================
input_2 (InputLayer)         (None, 224, 224, 3)       0         
_________________________________________________________________
model_1 (Model)              (None, 128)               6057312   
=================================================================
Total params: 6,057,312
Trainable params: 6,045,792
Non-trainable params: 11,520
_________________________________________________________________
['../../dataset/RakutenDS/triplet/input/test_anchor/1860001109/'] ['../../dataset/RakutenDS/triplet/Hamburg_mitsuru/Hamburg_mitsuru30_resize/']
('../../dataset/RakutenDS/triplet/input/test_anchor/1860001109/', '../../dataset/RakutenDS/triplet/Hamburg_mitsuru/Hamburg_mitsuru30_resize/')
Traceback (most recent call last):
  File "tcn_tripletloss_value2.py", line 323, in <module>
    test()
  File "tcn_tripletloss_value2.py", line 275, in test
    rank_dist, rank_index, top5_filename = top5(rank_dist, rank_index, dist, j, flist_v2[j], top5_filename)
  File "tcn_tripletloss_value2.py", line 61, in top5
    logger.log(30, filename)
NameError: name 'logger' is not defined
